#
# There is insufficient memory for the Java Runtime Environment to continue.
# Native memory allocation (mmap) failed to map 7340032 bytes. Error detail: G1 virtual space
# Possible reasons:
#   The system is out of physical RAM or swap space
#   This process is running with CompressedOops enabled, and the Java Heap may be blocking the growth of the native heap
# Possible solutions:
#   Reduce memory load on the system
#   Increase physical memory or swap space
#   Check if swap backing store is full
#   Decrease Java heap size (-Xmx/-Xms)
#   Decrease number of Java threads
#   Decrease Java thread stack sizes (-Xss)
#   Set larger code cache with -XX:ReservedCodeCacheSize=
#   JVM is running with Unscaled Compressed Oops mode in which the Java heap is
#     placed in the first 4GB address space. The Java Heap base address is the
#     maximum limit for the native heap growth. Please use -XX:HeapBaseMinAddress
#     to set the Java Heap base and to place the Java Heap above 4GB virtual address.
# This output file may be truncated or incomplete.
#
#  Out of Memory Error (os_windows.cpp:3707), pid=24160, tid=24928
#
# JRE version: Java(TM) SE Runtime Environment (23.0.2+7) (build 23.0.2+7-58)
# Java VM: Java HotSpot(TM) 64-Bit Server VM (23.0.2+7-58, mixed mode, sharing, tiered, compressed oops, compressed class ptrs, g1 gc, windows-amd64)
# No core dump will be written. Minidumps are not enabled by default on client versions of Windows
#

---------------  S U M M A R Y ------------

Command Line: -XX:MaxMetaspaceSize=512m --add-opens=java.base/java.util=ALL-UNNAMED --add-opens=java.base/java.lang=ALL-UNNAMED --add-opens=java.base/java.lang.invoke=ALL-UNNAMED --add-opens=java.prefs/java.util.prefs=ALL-UNNAMED --add-exports=jdk.compiler/com.sun.tools.javac.api=ALL-UNNAMED --add-exports=jdk.compiler/com.sun.tools.javac.util=ALL-UNNAMED --add-opens=java.base/java.nio.charset=ALL-UNNAMED --add-opens=java.base/java.net=ALL-UNNAMED --add-opens=java.base/java.util.concurrent.atomic=ALL-UNNAMED -Xmx2048m -Dfile.encoding=utf8 -Duser.country=US -Duser.language=en -Duser.variant -javaagent:C:\Users\Ayush Kumar\.gradle\wrapper\dists\gradle-8.10.2-all\7iv73wktx1xtkvlq19urqw1wm\gradle-8.10.2\lib\agents\gradle-instrumentation-agent-8.10.2.jar org.gradle.launcher.daemon.bootstrap.GradleDaemon 8.10.2

Host: 11th Gen Intel(R) Core(TM) i5-1155G7 @ 2.50GHz, 8 cores, 7G,  Windows 11 , 64 bit Build 22621 (10.0.22621.5124)
Time: Mon May 12 12:53:52 2025 India Standard Time elapsed time: 112.966716 seconds (0d 0h 1m 52s)

---------------  T H R E A D  ---------------

Current thread (0x000002146c456e00):  VMThread "VM Thread"          [id=24928, stack(0x0000008d1d300000,0x0000008d1d400000) (1024K)]

Stack: [0x0000008d1d300000,0x0000008d1d400000]
Native frames: (J=compiled Java code, j=interpreted, Vv=VM code, C=native code)
V  [jvm.dll+0x6e0b99]  (no source info available)
V  [jvm.dll+0x87e2b3]  (no source info available)
V  [jvm.dll+0x88073e]  (no source info available)
V  [jvm.dll+0x880e13]  (no source info available)
V  [jvm.dll+0x27b006]  (no source info available)
V  [jvm.dll+0x6dd485]  (no source info available)
V  [jvm.dll+0x6d127a]  (no source info available)
V  [jvm.dll+0x35b50a]  (no source info available)
V  [jvm.dll+0x363916]  (no source info available)
V  [jvm.dll+0x34fe7e]  (no source info available)
V  [jvm.dll+0x350118]  (no source info available)
V  [jvm.dll+0x328aec]  (no source info available)
V  [jvm.dll+0x32b4d9]  (no source info available)
V  [jvm.dll+0x336094]  (no source info available)
V  [jvm.dll+0x372e75]  (no source info available)
V  [jvm.dll+0x886d50]  (no source info available)
V  [jvm.dll+0x888077]  (no source info available)
V  [jvm.dll+0x8885a8]  (no source info available)
V  [jvm.dll+0x888843]  (no source info available)
V  [jvm.dll+0x8254cb]  (no source info available)
V  [jvm.dll+0x6df345]  (no source info available)
C  [ucrtbase.dll+0x29333]  (no source info available)
C  [KERNEL32.DLL+0x1259d]  (no source info available)
C  [ntdll.dll+0x5af38]  (no source info available)

VM_Operation (0x0000008d1ceff3c0): G1PauseRemark, mode: safepoint, requested by thread 0x000002144f72f400


---------------  P R O C E S S  ---------------

Threads class SMR info:
_java_thread_list=0x000002142482eb00, length=141, elements={
0x000002144f6c18b0, 0x000002146c470b50, 0x000002146c472d20, 0x000002146c4769f0,
0x000002146c477540, 0x000002146c478090, 0x000002146c478be0, 0x000002146c479a60,
0x000002146c47d4a0, 0x000002141f081be0, 0x000002141f219070, 0x0000021420c61700,
0x00000214209a90d0, 0x000002142084e710, 0x0000021420d3a120, 0x0000021420ce5e70,
0x0000021420838090, 0x00000214208677c0, 0x0000021420867130, 0x0000021420865d80,
0x0000021420866410, 0x0000021420866aa0, 0x0000021420867e50, 0x00000214208684e0,
0x000002142296c280, 0x0000021422970ab0, 0x000002142296a840, 0x0000021422970420,
0x000002142296c910, 0x00000214229717d0, 0x000002142296b560, 0x000002142296fd90,
0x0000021422971e60, 0x000002142296cfa0, 0x000002142296e9e0, 0x000002142296f070,
0x0000021423696b40, 0x0000021423698c10, 0x00000214236992a0, 0x0000021423697860,
0x0000021423695e20, 0x00000214211da5b0, 0x00000214211db960, 0x00000214211dc680,
0x00000214211d8b70, 0x00000214211d9890, 0x00000214211de0c0, 0x00000214211dac40,
0x00000214211dcd10, 0x00000214211d9f20, 0x00000214211dd3a0, 0x00000214211dda30,
0x00000214211df470, 0x00000214211dfb00, 0x00000214211db2d0, 0x00000214211e0190,
0x00000214211d9200, 0x000002141f139af0, 0x000002141f13c250, 0x000002141f139460,
0x000002141f13a180, 0x000002141f137a20, 0x000002141f1380b0, 0x000002141f138740,
0x000002141f13cf70, 0x000002141f13a810, 0x00000214250130d0, 0x00000214250102e0,
0x0000021425013df0, 0x000002142500ef30, 0x000002142500e210, 0x000002142500f5c0,
0x0000021425014480, 0x0000021425011690, 0x000002142500e8a0, 0x000002142500d4f0,
0x0000021425014b10, 0x000002142500db80, 0x0000021425012a40, 0x000002142500fc50,
0x0000021425010970, 0x0000021425011000, 0x0000021425011d20, 0x0000021425392fd0,
0x0000021425395730, 0x0000021425397e90, 0x0000021425391590, 0x0000021425396450,
0x0000021425398520, 0x0000021425392940, 0x0000021425397170, 0x0000021425393660,
0x0000021425393cf0, 0x0000021425394a10, 0x0000021425391c20, 0x00000214253922b0,
0x00000214253950a0, 0x0000021425395dc0, 0x0000021425394380, 0x0000021425396ae0,
0x0000021425397800, 0x0000021425398bb0, 0x0000021422541f40, 0x000002142253d710,
0x00000214225425d0, 0x00000214225418b0, 0x000002142253eac0, 0x0000021422543980,
0x0000021422542c60, 0x000002142253dda0, 0x00000214225432f0, 0x000002142253c9f0,
0x000002142253f7e0, 0x0000021422544010, 0x0000021422540500, 0x000002142253d080,
0x000002142253e430, 0x000002142253f150, 0x000002142253fe70, 0x0000021422540b90,
0x0000021422541220, 0x0000021424dab7d0, 0x0000021424dad210, 0x0000021424da9d90,
0x0000021424dabe60, 0x0000021424da9700, 0x0000021424daa420, 0x0000021424dacb80,
0x0000021424da8350, 0x0000021424dad8a0, 0x0000021424da7cc0, 0x0000021424da89e0,
0x0000021424dadf30, 0x0000021424da9070, 0x0000021424dae5c0, 0x0000021424daec50,
0x0000021424daf2e0, 0x000002141f13bbc0, 0x000002141f137390, 0x00000214250ef5f0,
0x00000214250ece90
}

Java Threads: ( => current thread )
  0x000002144f6c18b0 JavaThread "main"                              [_thread_blocked, id=20592, stack(0x0000008d1cc00000,0x0000008d1cd00000) (1024K)]
  0x000002146c470b50 JavaThread "Reference Handler"          daemon [_thread_blocked, id=7420, stack(0x0000008d1d400000,0x0000008d1d500000) (1024K)]
  0x000002146c472d20 JavaThread "Finalizer"                  daemon [_thread_blocked, id=19464, stack(0x0000008d1d500000,0x0000008d1d600000) (1024K)]
  0x000002146c4769f0 JavaThread "Signal Dispatcher"          daemon [_thread_blocked, id=11128, stack(0x0000008d1d600000,0x0000008d1d700000) (1024K)]
  0x000002146c477540 JavaThread "Attach Listener"            daemon [_thread_blocked, id=19496, stack(0x0000008d1d700000,0x0000008d1d800000) (1024K)]
  0x000002146c478090 JavaThread "Service Thread"             daemon [_thread_blocked, id=20944, stack(0x0000008d1d800000,0x0000008d1d900000) (1024K)]
  0x000002146c478be0 JavaThread "Monitor Deflation Thread"   daemon [_thread_blocked, id=14816, stack(0x0000008d1d900000,0x0000008d1da00000) (1024K)]
  0x000002146c479a60 JavaThread "C2 CompilerThread0"         daemon [_thread_blocked, id=12176, stack(0x0000008d1da00000,0x0000008d1db00000) (1024K)]
  0x000002146c47d4a0 JavaThread "C1 CompilerThread0"         daemon [_thread_blocked, id=15828, stack(0x0000008d1db00000,0x0000008d1dc00000) (1024K)]
  0x000002141f081be0 JavaThread "Common-Cleaner"             daemon [_thread_blocked, id=12564, stack(0x0000008d1dc00000,0x0000008d1dd00000) (1024K)]
  0x000002141f219070 JavaThread "Notification Thread"        daemon [_thread_blocked, id=7116, stack(0x0000008d1dd00000,0x0000008d1de00000) (1024K)]
  0x0000021420c61700 JavaThread "Daemon health stats"               [_thread_blocked, id=25776, stack(0x0000008d1e300000,0x0000008d1e400000) (1024K)]
  0x00000214209a90d0 JavaThread "Incoming local TCP Connector on port 64612"        [_thread_in_native, id=25864, stack(0x0000008d1e400000,0x0000008d1e500000) (1024K)]
  0x000002142084e710 JavaThread "Daemon periodic checks"            [_thread_blocked, id=25936, stack(0x0000008d1e500000,0x0000008d1e600000) (1024K)]
  0x0000021420d3a120 JavaThread "Daemon"                            [_thread_blocked, id=26004, stack(0x0000008d1e600000,0x0000008d1e700000) (1024K)]
  0x0000021420ce5e70 JavaThread "Handler for socket connection from /127.0.0.1:64612 to /127.0.0.1:64616"        [_thread_in_native, id=26024, stack(0x0000008d1e700000,0x0000008d1e800000) (1024K)]
  0x0000021420838090 JavaThread "Cancel handler"                    [_thread_blocked, id=26080, stack(0x0000008d1e800000,0x0000008d1e900000) (1024K)]
  0x00000214208677c0 JavaThread "Daemon worker"                     [_thread_blocked, id=26096, stack(0x0000008d1e900000,0x0000008d1ea00000) (1024K)]
  0x0000021420867130 JavaThread "Asynchronous log dispatcher for DefaultDaemonConnection: socket connection from /127.0.0.1:64612 to /127.0.0.1:64616"        [_thread_blocked, id=26128, stack(0x0000008d1ea00000,0x0000008d1eb00000) (1024K)]
  0x0000021420865d80 JavaThread "Stdin handler"                     [_thread_blocked, id=26136, stack(0x0000008d1eb00000,0x0000008d1ec00000) (1024K)]
  0x0000021420866410 JavaThread "Daemon client event forwarder"        [_thread_blocked, id=26144, stack(0x0000008d1ec00000,0x0000008d1ed00000) (1024K)]
  0x0000021420866aa0 JavaThread "Cache worker for journal cache (C:\Users\Ayush Kumar\.gradle\caches\journal-1)"        [_thread_blocked, id=26356, stack(0x0000008d1ef00000,0x0000008d1f000000) (1024K)]
  0x0000021420867e50 JavaThread "File lock request listener"        [_thread_in_native, id=26360, stack(0x0000008d1f000000,0x0000008d1f100000) (1024K)]
  0x00000214208684e0 JavaThread "Cache worker for file hash cache (C:\Users\Ayush Kumar\.gradle\caches\8.10.2\fileHashes)"        [_thread_blocked, id=26400, stack(0x0000008d1f100000,0x0000008d1f200000) (1024K)]
  0x000002142296c280 JavaThread "Cache worker for file hash cache (E:\JavaLearn\ExpenseTracker\android\.gradle\8.10.2\fileHashes)"        [_thread_blocked, id=6352, stack(0x0000008d1f400000,0x0000008d1f500000) (1024K)]
  0x0000021422970ab0 JavaThread "Cache worker for Build Output Cleanup Cache (E:\JavaLearn\ExpenseTracker\android\.gradle\buildOutputCleanup)"        [_thread_blocked, id=9592, stack(0x0000008d1f500000,0x0000008d1f600000) (1024K)]
  0x000002142296a840 JavaThread "File watcher server"        daemon [_thread_in_native, id=23944, stack(0x0000008d1f600000,0x0000008d1f700000) (1024K)]
  0x0000021422970420 JavaThread "File watcher consumer"      daemon [_thread_blocked, id=5396, stack(0x0000008d1f700000,0x0000008d1f800000) (1024K)]
  0x000002142296c910 JavaThread "Cache worker for checksums cache (E:\JavaLearn\ExpenseTracker\android\.gradle\8.10.2\checksums)"        [_thread_blocked, id=12352, stack(0x0000008d1f800000,0x0000008d1f900000) (1024K)]
  0x00000214229717d0 JavaThread "Cache worker for file content cache (C:\Users\Ayush Kumar\.gradle\caches\8.10.2\fileContent)"        [_thread_blocked, id=11548, stack(0x0000008d1f900000,0x0000008d1fa00000) (1024K)]
  0x000002142296b560 JavaThread "Cache worker for cache directory md-rule (C:\Users\Ayush Kumar\.gradle\caches\8.10.2\md-rule)"        [_thread_blocked, id=8948, stack(0x0000008d1fa00000,0x0000008d1fb00000) (1024K)]
  0x000002142296fd90 JavaThread "Cache worker for cache directory md-supplier (C:\Users\Ayush Kumar\.gradle\caches\8.10.2\md-supplier)"        [_thread_blocked, id=26120, stack(0x0000008d1fb00000,0x0000008d1fc00000) (1024K)]
  0x0000021422971e60 JavaThread "jar transforms"                    [_thread_blocked, id=24964, stack(0x0000008d1fc00000,0x0000008d1fd00000) (1024K)]
  0x000002142296cfa0 JavaThread "jar transforms Thread 2"           [_thread_blocked, id=25948, stack(0x0000008d1fd00000,0x0000008d1fe00000) (1024K)]
  0x000002142296e9e0 JavaThread "jar transforms Thread 3"           [_thread_blocked, id=26552, stack(0x0000008d1fe00000,0x0000008d1ff00000) (1024K)]
  0x000002142296f070 JavaThread "Cache worker for Build Output Cleanup Cache (E:\JavaLearn\ExpenseTracker\node_modules\@react-native\gradle-plugin\.gradle\buildOutputCleanup)"        [_thread_blocked, id=26576, stack(0x0000008d1ff00000,0x0000008d20000000) (1024K)]
  0x0000021423696b40 JavaThread "File lock release action executor Thread 2"        [_thread_blocked, id=16240, stack(0x0000008d20000000,0x0000008d20100000) (1024K)]
  0x0000021423698c10 JavaThread "Unconstrained build operations"        [_thread_blocked, id=25124, stack(0x0000008d20100000,0x0000008d20200000) (1024K)]
  0x00000214236992a0 JavaThread "Unconstrained build operations Thread 2"        [_thread_blocked, id=9580, stack(0x0000008d20200000,0x0000008d20300000) (1024K)]
  0x0000021423697860 JavaThread "Unconstrained build operations Thread 3"        [_thread_blocked, id=3824, stack(0x0000008d20300000,0x0000008d20400000) (1024K)]
  0x0000021423695e20 JavaThread "Unconstrained build operations Thread 4"        [_thread_blocked, id=17104, stack(0x0000008d20400000,0x0000008d20500000) (1024K)]
  0x00000214211da5b0 JavaThread "Unconstrained build operations Thread 5"        [_thread_blocked, id=23788, stack(0x0000008d20500000,0x0000008d20600000) (1024K)]
  0x00000214211db960 JavaThread "Unconstrained build operations Thread 6"        [_thread_blocked, id=19176, stack(0x0000008d20600000,0x0000008d20700000) (1024K)]
  0x00000214211dc680 JavaThread "Unconstrained build operations Thread 7"        [_thread_blocked, id=13620, stack(0x0000008d1c900000,0x0000008d1ca00000) (1024K)]
  0x00000214211d8b70 JavaThread "Unconstrained build operations Thread 8"        [_thread_blocked, id=20552, stack(0x0000008d1ca00000,0x0000008d1cb00000) (1024K)]
  0x00000214211d9890 JavaThread "Unconstrained build operations Thread 9"        [_thread_blocked, id=22392, stack(0x0000008d1cb00000,0x0000008d1cc00000) (1024K)]
  0x00000214211de0c0 JavaThread "Unconstrained build operations Thread 10"        [_thread_blocked, id=19520, stack(0x0000008d20700000,0x0000008d20800000) (1024K)]
  0x00000214211dac40 JavaThread "Unconstrained build operations Thread 11"        [_thread_blocked, id=22852, stack(0x0000008d20800000,0x0000008d20900000) (1024K)]
  0x00000214211dcd10 JavaThread "Unconstrained build operations Thread 12"        [_thread_blocked, id=14596, stack(0x0000008d20900000,0x0000008d20a00000) (1024K)]
  0x00000214211d9f20 JavaThread "Unconstrained build operations Thread 13"        [_thread_blocked, id=9188, stack(0x0000008d20a00000,0x0000008d20b00000) (1024K)]
  0x00000214211dd3a0 JavaThread "Unconstrained build operations Thread 14"        [_thread_blocked, id=17764, stack(0x0000008d20b00000,0x0000008d20c00000) (1024K)]
  0x00000214211dda30 JavaThread "Unconstrained build operations Thread 15"        [_thread_blocked, id=21664, stack(0x0000008d20c00000,0x0000008d20d00000) (1024K)]
  0x00000214211df470 JavaThread "Unconstrained build operations Thread 16"        [_thread_blocked, id=4580, stack(0x0000008d20d00000,0x0000008d20e00000) (1024K)]
  0x00000214211dfb00 JavaThread "Unconstrained build operations Thread 17"        [_thread_blocked, id=9680, stack(0x0000008d20e00000,0x0000008d20f00000) (1024K)]
  0x00000214211db2d0 JavaThread "Unconstrained build operations Thread 18"        [_thread_blocked, id=24388, stack(0x0000008d20f00000,0x0000008d21000000) (1024K)]
  0x00000214211e0190 JavaThread "Unconstrained build operations Thread 19"        [_thread_blocked, id=18724, stack(0x0000008d21000000,0x0000008d21100000) (1024K)]
  0x00000214211d9200 JavaThread "Unconstrained build operations Thread 20"        [_thread_blocked, id=23960, stack(0x0000008d21100000,0x0000008d21200000) (1024K)]
  0x000002141f139af0 JavaThread "Unconstrained build operations Thread 21"        [_thread_blocked, id=16544, stack(0x0000008d21200000,0x0000008d21300000) (1024K)]
  0x000002141f13c250 JavaThread "Unconstrained build operations Thread 22"        [_thread_blocked, id=5172, stack(0x0000008d21300000,0x0000008d21400000) (1024K)]
  0x000002141f139460 JavaThread "Unconstrained build operations Thread 23"        [_thread_blocked, id=13700, stack(0x0000008d21400000,0x0000008d21500000) (1024K)]
  0x000002141f13a180 JavaThread "Unconstrained build operations Thread 24"        [_thread_blocked, id=13556, stack(0x0000008d21500000,0x0000008d21600000) (1024K)]
  0x000002141f137a20 JavaThread "Unconstrained build operations Thread 25"        [_thread_blocked, id=25000, stack(0x0000008d21600000,0x0000008d21700000) (1024K)]
  0x000002141f1380b0 JavaThread "Unconstrained build operations Thread 26"        [_thread_blocked, id=9776, stack(0x0000008d21700000,0x0000008d21800000) (1024K)]
  0x000002141f138740 JavaThread "Unconstrained build operations Thread 27"        [_thread_blocked, id=14484, stack(0x0000008d21800000,0x0000008d21900000) (1024K)]
  0x000002141f13cf70 JavaThread "Memory manager"                    [_thread_blocked, id=5232, stack(0x0000008d21900000,0x0000008d21a00000) (1024K)]
  0x000002141f13a810 JavaThread "build event listener"              [_thread_blocked, id=9236, stack(0x0000008d21a00000,0x0000008d21b00000) (1024K)]
  0x00000214250130d0 JavaThread "ForkJoinPool.commonPool-worker-1" daemon [_thread_blocked, id=6516, stack(0x0000008d21c00000,0x0000008d21d00000) (1024K)]
  0x00000214250102e0 JavaThread "ForkJoinPool.commonPool-worker-2" daemon [_thread_blocked, id=12516, stack(0x0000008d21d00000,0x0000008d21e00000) (1024K)]
  0x0000021425013df0 JavaThread "ForkJoinPool.commonPool-worker-3" daemon [_thread_blocked, id=21252, stack(0x0000008d21e00000,0x0000008d21f00000) (1024K)]
  0x000002142500ef30 JavaThread "ForkJoinPool.commonPool-worker-4" daemon [_thread_blocked, id=24068, stack(0x0000008d21f00000,0x0000008d22000000) (1024K)]
  0x000002142500e210 JavaThread "ForkJoinPool.commonPool-worker-5" daemon [_thread_blocked, id=24980, stack(0x0000008d22000000,0x0000008d22100000) (1024K)]
  0x000002142500f5c0 JavaThread "ForkJoinPool.commonPool-worker-6" daemon [_thread_blocked, id=23556, stack(0x0000008d22100000,0x0000008d22200000) (1024K)]
  0x0000021425014480 JavaThread "ForkJoinPool.commonPool-worker-7" daemon [_thread_blocked, id=26064, stack(0x0000008d22200000,0x0000008d22300000) (1024K)]
  0x0000021425011690 JavaThread "Exec process"               daemon [_thread_blocked, id=4408, stack(0x0000008d22300000,0x0000008d22400000) (1024K)]
  0x000002142500e8a0 JavaThread "Exec process Thread 2"      daemon [_thread_blocked, id=5348, stack(0x0000008d22400000,0x0000008d22500000) (1024K)]
  0x000002142500d4f0 JavaThread "Exec process Thread 3"      daemon [_thread_blocked, id=11216, stack(0x0000008d22500000,0x0000008d22600000) (1024K)]
  0x0000021425014b10 JavaThread "included builds"                   [_thread_blocked, id=22788, stack(0x0000008d22600000,0x0000008d22700000) (1024K)]
  0x000002142500db80 JavaThread "Execution worker"                  [_thread_blocked, id=13268, stack(0x0000008d22700000,0x0000008d22800000) (1024K)]
  0x0000021425012a40 JavaThread "Execution worker Thread 2"         [_thread_blocked, id=21004, stack(0x0000008d22800000,0x0000008d22900000) (1024K)]
  0x000002142500fc50 JavaThread "Execution worker Thread 3"         [_thread_blocked, id=2528, stack(0x0000008d22900000,0x0000008d22a00000) (1024K)]
  0x0000021425010970 JavaThread "Execution worker Thread 4"         [_thread_blocked, id=3704, stack(0x0000008d22a00000,0x0000008d22b00000) (1024K)]
  0x0000021425011000 JavaThread "Execution worker Thread 5"         [_thread_blocked, id=26312, stack(0x0000008d22b00000,0x0000008d22c00000) (1024K)]
  0x0000021425011d20 JavaThread "Execution worker Thread 6"         [_thread_blocked, id=26316, stack(0x0000008d22c00000,0x0000008d22d00000) (1024K)]
  0x0000021425392fd0 JavaThread "Execution worker Thread 7"         [_thread_blocked, id=19272, stack(0x0000008d22d00000,0x0000008d22e00000) (1024K)]
  0x0000021425395730 JavaThread "Cache worker for execution history cache (E:\JavaLearn\ExpenseTracker\node_modules\@react-native\gradle-plugin\.gradle\8.10.2\executionHistory)"        [_thread_blocked, id=3728, stack(0x0000008d22e00000,0x0000008d22f00000) (1024K)]
  0x0000021425397e90 JavaThread "Unconstrained build operations Thread 28"        [_thread_blocked, id=16956, stack(0x0000008d22f00000,0x0000008d23000000) (1024K)]
  0x0000021425391590 JavaThread "Unconstrained build operations Thread 29"        [_thread_blocked, id=13500, stack(0x0000008d23000000,0x0000008d23100000) (1024K)]
  0x0000021425396450 JavaThread "Unconstrained build operations Thread 30"        [_thread_blocked, id=24544, stack(0x0000008d23100000,0x0000008d23200000) (1024K)]
  0x0000021425398520 JavaThread "Unconstrained build operations Thread 31"        [_thread_blocked, id=2512, stack(0x0000008d23200000,0x0000008d23300000) (1024K)]
  0x0000021425392940 JavaThread "Unconstrained build operations Thread 32"        [_thread_blocked, id=19504, stack(0x0000008d23300000,0x0000008d23400000) (1024K)]
  0x0000021425397170 JavaThread "Unconstrained build operations Thread 33"        [_thread_blocked, id=26020, stack(0x0000008d23400000,0x0000008d23500000) (1024K)]
  0x0000021425393660 JavaThread "Unconstrained build operations Thread 34"        [_thread_blocked, id=21688, stack(0x0000008d23500000,0x0000008d23600000) (1024K)]
  0x0000021425393cf0 JavaThread "Unconstrained build operations Thread 35"        [_thread_blocked, id=16264, stack(0x0000008d23600000,0x0000008d23700000) (1024K)]
  0x0000021425394a10 JavaThread "Unconstrained build operations Thread 36"        [_thread_blocked, id=3764, stack(0x0000008d23700000,0x0000008d23800000) (1024K)]
  0x0000021425391c20 JavaThread "Unconstrained build operations Thread 37"        [_thread_blocked, id=25640, stack(0x0000008d23800000,0x0000008d23900000) (1024K)]
  0x00000214253922b0 JavaThread "Unconstrained build operations Thread 38"        [_thread_blocked, id=21524, stack(0x0000008d23900000,0x0000008d23a00000) (1024K)]
  0x00000214253950a0 JavaThread "Unconstrained build operations Thread 39"        [_thread_blocked, id=8576, stack(0x0000008d23a00000,0x0000008d23b00000) (1024K)]
  0x0000021425395dc0 JavaThread "Unconstrained build operations Thread 40"        [_thread_blocked, id=24368, stack(0x0000008d23b00000,0x0000008d23c00000) (1024K)]
  0x0000021425394380 JavaThread "Unconstrained build operations Thread 41"        [_thread_blocked, id=13420, stack(0x0000008d23c00000,0x0000008d23d00000) (1024K)]
  0x0000021425396ae0 JavaThread "Unconstrained build operations Thread 42"        [_thread_blocked, id=23280, stack(0x0000008d23d00000,0x0000008d23e00000) (1024K)]
  0x0000021425397800 JavaThread "Unconstrained build operations Thread 43"        [_thread_blocked, id=6040, stack(0x0000008d23e00000,0x0000008d23f00000) (1024K)]
  0x0000021425398bb0 JavaThread "Unconstrained build operations Thread 44"        [_thread_blocked, id=10588, stack(0x0000008d23f00000,0x0000008d24000000) (1024K)]
  0x0000021422541f40 JavaThread "Unconstrained build operations Thread 45"        [_thread_blocked, id=22536, stack(0x0000008d24000000,0x0000008d24100000) (1024K)]
  0x000002142253d710 JavaThread "Unconstrained build operations Thread 46"        [_thread_blocked, id=7900, stack(0x0000008d24100000,0x0000008d24200000) (1024K)]
  0x00000214225425d0 JavaThread "Unconstrained build operations Thread 47"        [_thread_blocked, id=25088, stack(0x0000008d24200000,0x0000008d24300000) (1024K)]
  0x00000214225418b0 JavaThread "Unconstrained build operations Thread 48"        [_thread_blocked, id=25976, stack(0x0000008d24300000,0x0000008d24400000) (1024K)]
  0x000002142253eac0 JavaThread "Unconstrained build operations Thread 49"        [_thread_blocked, id=4300, stack(0x0000008d24400000,0x0000008d24500000) (1024K)]
  0x0000021422543980 JavaThread "Unconstrained build operations Thread 50"        [_thread_blocked, id=11176, stack(0x0000008d24500000,0x0000008d24600000) (1024K)]
  0x0000021422542c60 JavaThread "Unconstrained build operations Thread 51"        [_thread_blocked, id=24880, stack(0x0000008d24600000,0x0000008d24700000) (1024K)]
  0x000002142253dda0 JavaThread "Unconstrained build operations Thread 52"        [_thread_blocked, id=25592, stack(0x0000008d24700000,0x0000008d24800000) (1024K)]
  0x00000214225432f0 JavaThread "Unconstrained build operations Thread 53"        [_thread_blocked, id=16612, stack(0x0000008d24800000,0x0000008d24900000) (1024K)]
  0x000002142253c9f0 JavaThread "Unconstrained build operations Thread 54"        [_thread_blocked, id=25516, stack(0x0000008d24900000,0x0000008d24a00000) (1024K)]
  0x000002142253f7e0 JavaThread "Unconstrained build operations Thread 55"        [_thread_blocked, id=21528, stack(0x0000008d24a00000,0x0000008d24b00000) (1024K)]
  0x0000021422544010 JavaThread "Unconstrained build operations Thread 56"        [_thread_blocked, id=23784, stack(0x0000008d24b00000,0x0000008d24c00000) (1024K)]
  0x0000021422540500 JavaThread "Unconstrained build operations Thread 57"        [_thread_blocked, id=15108, stack(0x0000008d24c00000,0x0000008d24d00000) (1024K)]
  0x000002142253d080 JavaThread "Unconstrained build operations Thread 58"        [_thread_blocked, id=13256, stack(0x0000008d24d00000,0x0000008d24e00000) (1024K)]
  0x000002142253e430 JavaThread "Unconstrained build operations Thread 59"        [_thread_blocked, id=22396, stack(0x0000008d24e00000,0x0000008d24f00000) (1024K)]
  0x000002142253f150 JavaThread "Unconstrained build operations Thread 60"        [_thread_blocked, id=10788, stack(0x0000008d24f00000,0x0000008d25000000) (1024K)]
  0x000002142253fe70 JavaThread "Unconstrained build operations Thread 61"        [_thread_blocked, id=11668, stack(0x0000008d25000000,0x0000008d25100000) (1024K)]
  0x0000021422540b90 JavaThread "Unconstrained build operations Thread 62"        [_thread_blocked, id=11692, stack(0x0000008d25100000,0x0000008d25200000) (1024K)]
  0x0000021422541220 JavaThread "Unconstrained build operations Thread 63"        [_thread_blocked, id=24976, stack(0x0000008d25200000,0x0000008d25300000) (1024K)]
  0x0000021424dab7d0 JavaThread "Unconstrained build operations Thread 64"        [_thread_blocked, id=17348, stack(0x0000008d25300000,0x0000008d25400000) (1024K)]
  0x0000021424dad210 JavaThread "Unconstrained build operations Thread 65"        [_thread_blocked, id=22576, stack(0x0000008d25400000,0x0000008d25500000) (1024K)]
  0x0000021424da9d90 JavaThread "Unconstrained build operations Thread 66"        [_thread_blocked, id=23964, stack(0x0000008d25500000,0x0000008d25600000) (1024K)]
  0x0000021424dabe60 JavaThread "Unconstrained build operations Thread 67"        [_thread_blocked, id=25744, stack(0x0000008d25600000,0x0000008d25700000) (1024K)]
  0x0000021424da9700 JavaThread "Unconstrained build operations Thread 68"        [_thread_blocked, id=23532, stack(0x0000008d25700000,0x0000008d25800000) (1024K)]
  0x0000021424daa420 JavaThread "Unconstrained build operations Thread 69"        [_thread_blocked, id=18968, stack(0x0000008d25800000,0x0000008d25900000) (1024K)]
  0x0000021424dacb80 JavaThread "Unconstrained build operations Thread 70"        [_thread_blocked, id=24572, stack(0x0000008d25900000,0x0000008d25a00000) (1024K)]
  0x0000021424da8350 JavaThread "Unconstrained build operations Thread 71"        [_thread_blocked, id=1040, stack(0x0000008d25a00000,0x0000008d25b00000) (1024K)]
  0x0000021424dad8a0 JavaThread "Unconstrained build operations Thread 72"        [_thread_blocked, id=20608, stack(0x0000008d25b00000,0x0000008d25c00000) (1024K)]
  0x0000021424da7cc0 JavaThread "jar transforms Thread 4"           [_thread_blocked, id=24432, stack(0x0000008d25c00000,0x0000008d25d00000) (1024K)]
  0x0000021424da89e0 JavaThread "jar transforms Thread 5"           [_thread_blocked, id=20452, stack(0x0000008d1f200000,0x0000008d1f300000) (1024K)]
  0x0000021424dadf30 JavaThread "Unconstrained build operations Thread 73"        [_thread_blocked, id=25392, stack(0x0000008d25d00000,0x0000008d25e00000) (1024K)]
  0x0000021424da9070 JavaThread "Unconstrained build operations Thread 74"        [_thread_blocked, id=15344, stack(0x0000008d25e00000,0x0000008d25f00000) (1024K)]
  0x0000021424dae5c0 JavaThread "Unconstrained build operations Thread 75"        [_thread_blocked, id=26448, stack(0x0000008d25f00000,0x0000008d26000000) (1024K)]
  0x0000021424daec50 JavaThread "Unconstrained build operations Thread 76"        [_thread_blocked, id=18752, stack(0x0000008d26000000,0x0000008d26100000) (1024K)]
  0x0000021424daf2e0 JavaThread "Unconstrained build operations Thread 77"        [_thread_blocked, id=17060, stack(0x0000008d26100000,0x0000008d26200000) (1024K)]
  0x000002141f13bbc0 JavaThread "Unconstrained build operations Thread 78"        [_thread_blocked, id=18912, stack(0x0000008d26200000,0x0000008d26300000) (1024K)]
  0x000002141f137390 JavaThread "Unconstrained build operations Thread 79"        [_thread_blocked, id=24992, stack(0x0000008d26300000,0x0000008d26400000) (1024K)]
  0x00000214250ef5f0 JavaThread "Unconstrained build operations Thread 80"        [_thread_blocked, id=20784, stack(0x0000008d26400000,0x0000008d26500000) (1024K)]
  0x00000214250ece90 JavaThread "jar transforms Thread 6"           [_thread_blocked, id=6520, stack(0x0000008d26500000,0x0000008d26600000) (1024K)]
Total: 141

Other Threads:
=>0x000002146c456e00 VMThread "VM Thread"                           [id=24928, stack(0x0000008d1d300000,0x0000008d1d400000) (1024K)]
  0x000002146c446d60 WatcherThread "VM Periodic Task Thread"        [id=23624, stack(0x0000008d1d200000,0x0000008d1d300000) (1024K)]
  0x000002144f71a3b0 WorkerThread "GC Thread#0"                     [id=24092, stack(0x0000008d1cd00000,0x0000008d1ce00000) (1024K)]
  0x000002141f712f00 WorkerThread "GC Thread#1"                     [id=14368, stack(0x0000008d1de00000,0x0000008d1df00000) (1024K)]
  0x000002141f6826b0 WorkerThread "GC Thread#2"                     [id=2792, stack(0x0000008d1df00000,0x0000008d1e000000) (1024K)]
  0x000002141f9a8b00 WorkerThread "GC Thread#3"                     [id=7644, stack(0x0000008d1e000000,0x0000008d1e100000) (1024K)]
  0x0000021420006400 WorkerThread "GC Thread#4"                     [id=24492, stack(0x0000008d1e100000,0x0000008d1e200000) (1024K)]
  0x00000214200e6750 WorkerThread "GC Thread#5"                     [id=18104, stack(0x0000008d1e200000,0x0000008d1e300000) (1024K)]
  0x00000214200baaa0 WorkerThread "GC Thread#6"                     [id=26300, stack(0x0000008d1ed00000,0x0000008d1ee00000) (1024K)]
  0x00000214200bae50 WorkerThread "GC Thread#7"                     [id=26304, stack(0x0000008d1ee00000,0x0000008d1ef00000) (1024K)]
  0x000002144f72f400 ConcurrentGCThread "G1 Main Marker"            [id=7728, stack(0x0000008d1ce00000,0x0000008d1cf00000) (1024K)]
  0x000002144f72ff10 WorkerThread "G1 Conc#0"                       [id=22944, stack(0x0000008d1cf00000,0x0000008d1d000000) (1024K)]
  0x00000214225187f0 WorkerThread "G1 Conc#1"                       [id=6128, stack(0x0000008d1f300000,0x0000008d1f400000) (1024K)]
  0x000002146c31b140 ConcurrentGCThread "G1 Refine#0"               [id=22636, stack(0x0000008d1d000000,0x0000008d1d100000) (1024K)]
  0x000002146c31bb20 ConcurrentGCThread "G1 Service"                [id=6192, stack(0x0000008d1d100000,0x0000008d1d200000) (1024K)]
Total: 15

Threads with active compile tasks:
C2 CompilerThread0  113179 12523   !   4       jdk.internal.loader.URLClassPath$JarLoader::ensureOpen (36 bytes)
Total: 1

VM state: at safepoint (normal execution)

VM Mutex/Monitor currently owned by a thread:  ([mutex/lock_event])
[0x00007ffb2abe4888] Threads_lock - owner thread: 0x000002146c456e00
[0x00007ffb2abe4988] Heap_lock - owner thread: 0x000002144f72f400

Heap address: 0x0000000080000000, size: 2048 MB, Compressed Oops mode: 32-bit

CDS archive(s) mapped at: [0x0000021400000000-0x0000021400d70000-0x0000021400d70000), size 14090240, SharedBaseAddress: 0x0000021400000000, ArchiveRelocationMode: 1.
Compressed class space mapped at: 0x0000021401000000-0x000002141b000000, reserved size: 436207616
Narrow klass base: 0x0000021400000000, Narrow klass shift: 0, Narrow klass range: 0x1b000000

GC Precious Log:
 CardTable entry size: 512
 Card Set container configuration: InlinePtr #cards 5 size 8 Array Of Cards #cards 10 size 36 Howl #buckets 4 coarsen threshold 1843 Howl Bitmap #cards 512 size 80 coarsen threshold 460 Card regions per heap region 1 cards per card region 2048
 CPUs: 8 total, 8 available
 Memory: 7941M
 Large Page Support: Disabled
 NUMA Support: Disabled
 Compressed Oops: Enabled (32-bit)
 Heap Region Size: 1M
 Heap Min Capacity: 8M
 Heap Initial Capacity: 126M
 Heap Max Capacity: 2G
 Pre-touch: Disabled
 Parallel Workers: 8
 Concurrent Workers: 2
 Concurrent Refinement Workers: 8
 Periodic GC: Disabled

Heap:
 garbage-first heap   total reserved 2097152K, committed 150528K, used 94456K [0x0000000080000000, 0x0000000100000000)
  region size 1024K, 8 young (8192K), 5 survivors (5120K)
 Metaspace       used 76898K, committed 79168K, reserved 557056K
  class space    used 11246K, committed 12288K, reserved 425984K

Heap Regions: E=young(eden), S=young(survivor), O=old, HS=humongous(starts), HC=humongous(continues), CS=collection set, F=free, TAMS=top-at-mark-start, PB=parsable bottom
|   0|0x0000000080000000, 0x0000000080100000, 0x0000000080100000|100%|HS|  |TAMS 0x0000000080100000| PB 0x0000000080000000| Complete |  0
|   1|0x0000000080100000, 0x0000000080200000, 0x0000000080200000|100%|HC|  |TAMS 0x0000000080200000| PB 0x0000000080100000| Complete |  0
|   2|0x0000000080200000, 0x0000000080300000, 0x0000000080300000|100%|HC|  |TAMS 0x0000000080300000| PB 0x0000000080200000| Complete |  0
|   3|0x0000000080300000, 0x0000000080400000, 0x0000000080400000|100%|HC|  |TAMS 0x0000000080400000| PB 0x0000000080300000| Complete |  0
|   4|0x0000000080400000, 0x0000000080500000, 0x0000000080500000|100%| O|  |TAMS 0x0000000080500000| PB 0x0000000080500000| Untracked |  0
|   5|0x0000000080500000, 0x0000000080600000, 0x0000000080600000|100%| O|  |TAMS 0x0000000080600000| PB 0x0000000080600000| Untracked |  0
|   6|0x0000000080600000, 0x0000000080700000, 0x0000000080700000|100%| O|  |TAMS 0x0000000080700000| PB 0x0000000080700000| Untracked |  0
|   7|0x0000000080700000, 0x0000000080800000, 0x0000000080800000|100%| O|  |TAMS 0x0000000080800000| PB 0x0000000080800000| Untracked |  0
|   8|0x0000000080800000, 0x0000000080900000, 0x0000000080900000|100%| O|  |TAMS 0x0000000080900000| PB 0x0000000080900000| Untracked |  0
|   9|0x0000000080900000, 0x0000000080a00000, 0x0000000080a00000|100%| O|  |TAMS 0x0000000080a00000| PB 0x0000000080a00000| Untracked |  0
|  10|0x0000000080a00000, 0x0000000080b00000, 0x0000000080b00000|100%|HS|  |TAMS 0x0000000080b00000| PB 0x0000000080a00000| Complete |  0
|  11|0x0000000080b00000, 0x0000000080c00000, 0x0000000080c00000|100%| O|  |TAMS 0x0000000080c00000| PB 0x0000000080c00000| Untracked |  0
|  12|0x0000000080c00000, 0x0000000080d00000, 0x0000000080d00000|100%| O|  |TAMS 0x0000000080d00000| PB 0x0000000080d00000| Untracked |  0
|  13|0x0000000080d00000, 0x0000000080e00000, 0x0000000080e00000|100%| O|  |TAMS 0x0000000080e00000| PB 0x0000000080e00000| Untracked |  0
|  14|0x0000000080e00000, 0x0000000080f00000, 0x0000000080f00000|100%| O|  |TAMS 0x0000000080f00000| PB 0x0000000080f00000| Untracked |  0
|  15|0x0000000080f00000, 0x0000000081000000, 0x0000000081000000|100%| O|  |TAMS 0x0000000081000000| PB 0x0000000081000000| Untracked |  0
|  16|0x0000000081000000, 0x0000000081100000, 0x0000000081100000|100%| O|  |TAMS 0x0000000081100000| PB 0x0000000081100000| Untracked |  0
|  17|0x0000000081100000, 0x0000000081200000, 0x0000000081200000|100%| O|  |TAMS 0x0000000081200000| PB 0x0000000081200000| Untracked |  0
|  18|0x0000000081200000, 0x0000000081300000, 0x0000000081300000|100%| O|  |TAMS 0x0000000081300000| PB 0x0000000081300000| Untracked |  0
|  19|0x0000000081300000, 0x0000000081400000, 0x0000000081400000|100%| O|  |TAMS 0x0000000081400000| PB 0x0000000081400000| Untracked |  0
|  20|0x0000000081400000, 0x0000000081500000, 0x0000000081500000|100%| O|  |TAMS 0x0000000081500000| PB 0x0000000081500000| Untracked |  0
|  21|0x0000000081500000, 0x0000000081600000, 0x0000000081600000|100%| O|  |TAMS 0x0000000081600000| PB 0x0000000081600000| Untracked |  0
|  22|0x0000000081600000, 0x0000000081700000, 0x0000000081700000|100%| O|  |TAMS 0x0000000081700000| PB 0x0000000081700000| Untracked |  0
|  23|0x0000000081700000, 0x0000000081800000, 0x0000000081800000|100%| O|  |TAMS 0x0000000081800000| PB 0x0000000081800000| Untracked |  0
|  24|0x0000000081800000, 0x0000000081900000, 0x0000000081900000|100%| O|  |TAMS 0x0000000081900000| PB 0x0000000081900000| Untracked |  0
|  25|0x0000000081900000, 0x0000000081a00000, 0x0000000081a00000|100%| O|  |TAMS 0x0000000081a00000| PB 0x0000000081a00000| Untracked |  0
|  26|0x0000000081a00000, 0x0000000081b00000, 0x0000000081b00000|100%| O|  |TAMS 0x0000000081b00000| PB 0x0000000081b00000| Untracked |  0
|  27|0x0000000081b00000, 0x0000000081c00000, 0x0000000081c00000|100%| O|  |TAMS 0x0000000081c00000| PB 0x0000000081c00000| Untracked |  0
|  28|0x0000000081c00000, 0x0000000081d00000, 0x0000000081d00000|100%| O|  |TAMS 0x0000000081d00000| PB 0x0000000081d00000| Untracked |  0
|  29|0x0000000081d00000, 0x0000000081e00000, 0x0000000081e00000|100%| O|  |TAMS 0x0000000081e00000| PB 0x0000000081e00000| Untracked |  0
|  30|0x0000000081e00000, 0x0000000081f00000, 0x0000000081f00000|100%| O|  |TAMS 0x0000000081f00000| PB 0x0000000081f00000| Untracked |  0
|  31|0x0000000081f00000, 0x0000000082000000, 0x0000000082000000|100%| O|  |TAMS 0x0000000082000000| PB 0x0000000082000000| Untracked |  0
|  32|0x0000000082000000, 0x0000000082100000, 0x0000000082100000|100%| O|  |TAMS 0x0000000082100000| PB 0x0000000082100000| Untracked |  0
|  33|0x0000000082100000, 0x0000000082200000, 0x0000000082200000|100%| O|  |TAMS 0x0000000082200000| PB 0x0000000082200000| Untracked |  0
|  34|0x0000000082200000, 0x0000000082300000, 0x0000000082300000|100%| O|  |TAMS 0x0000000082300000| PB 0x0000000082300000| Untracked |  0
|  35|0x0000000082300000, 0x0000000082400000, 0x0000000082400000|100%| O|  |TAMS 0x0000000082400000| PB 0x0000000082400000| Untracked |  0
|  36|0x0000000082400000, 0x0000000082500000, 0x0000000082500000|100%| O|  |TAMS 0x0000000082500000| PB 0x0000000082500000| Untracked |  0
|  37|0x0000000082500000, 0x0000000082600000, 0x0000000082600000|100%| O|  |TAMS 0x0000000082600000| PB 0x0000000082600000| Untracked |  0
|  38|0x0000000082600000, 0x0000000082700000, 0x0000000082700000|100%| O|  |TAMS 0x0000000082700000| PB 0x0000000082700000| Untracked |  0
|  39|0x0000000082700000, 0x0000000082800000, 0x0000000082800000|100%| O|  |TAMS 0x0000000082800000| PB 0x0000000082800000| Untracked |  0
|  40|0x0000000082800000, 0x0000000082900000, 0x0000000082900000|100%| O|  |TAMS 0x0000000082900000| PB 0x0000000082900000| Untracked |  0
|  41|0x0000000082900000, 0x0000000082a00000, 0x0000000082a00000|100%| O|  |TAMS 0x0000000082a00000| PB 0x0000000082a00000| Untracked |  0
|  42|0x0000000082a00000, 0x0000000082b00000, 0x0000000082b00000|100%| O|  |TAMS 0x0000000082b00000| PB 0x0000000082b00000| Untracked |  0
|  43|0x0000000082b00000, 0x0000000082c00000, 0x0000000082c00000|100%| O|  |TAMS 0x0000000082c00000| PB 0x0000000082c00000| Untracked |  0
|  44|0x0000000082c00000, 0x0000000082d00000, 0x0000000082d00000|100%| O|  |TAMS 0x0000000082d00000| PB 0x0000000082d00000| Untracked |  0
|  45|0x0000000082d00000, 0x0000000082e00000, 0x0000000082e00000|100%| O|Cm|TAMS 0x0000000082e00000| PB 0x0000000082e00000| Updating |  0
|  46|0x0000000082e00000, 0x0000000082f00000, 0x0000000082f00000|100%|HS|  |TAMS 0x0000000082f00000| PB 0x0000000082e00000| Complete |  0
|  47|0x0000000082f00000, 0x0000000083000000, 0x0000000083000000|100%|HC|  |TAMS 0x0000000083000000| PB 0x0000000082f00000| Complete |  0
|  48|0x0000000083000000, 0x0000000083100000, 0x0000000083100000|100%|HS|  |TAMS 0x0000000083100000| PB 0x0000000083000000| Complete |  0
|  49|0x0000000083100000, 0x0000000083200000, 0x0000000083200000|100%|HC|  |TAMS 0x0000000083200000| PB 0x0000000083100000| Complete |  0
|  50|0x0000000083200000, 0x0000000083300000, 0x0000000083300000|100%| O|  |TAMS 0x0000000083300000| PB 0x0000000083300000| Untracked |  0
|  51|0x0000000083300000, 0x0000000083400000, 0x0000000083400000|100%| O|  |TAMS 0x0000000083400000| PB 0x0000000083400000| Untracked |  0
|  52|0x0000000083400000, 0x0000000083500000, 0x0000000083500000|100%| O|  |TAMS 0x0000000083500000| PB 0x0000000083500000| Untracked |  0
|  53|0x0000000083500000, 0x0000000083600000, 0x0000000083600000|100%| O|  |TAMS 0x0000000083600000| PB 0x0000000083600000| Untracked |  0
|  54|0x0000000083600000, 0x0000000083700000, 0x0000000083700000|100%|HS|  |TAMS 0x0000000083700000| PB 0x0000000083600000| Complete |  0
|  55|0x0000000083700000, 0x0000000083800000, 0x0000000083800000|100%|HC|  |TAMS 0x0000000083800000| PB 0x0000000083700000| Complete |  0
|  56|0x0000000083800000, 0x0000000083900000, 0x0000000083900000|100%|HC|  |TAMS 0x0000000083900000| PB 0x0000000083800000| Complete |  0
|  57|0x0000000083900000, 0x0000000083a00000, 0x0000000083a00000|100%|HC|  |TAMS 0x0000000083a00000| PB 0x0000000083900000| Complete |  0
|  58|0x0000000083a00000, 0x0000000083b00000, 0x0000000083b00000|100%|HS|  |TAMS 0x0000000083b00000| PB 0x0000000083a00000| Complete |  0
|  59|0x0000000083b00000, 0x0000000083c00000, 0x0000000083c00000|100%|HC|  |TAMS 0x0000000083c00000| PB 0x0000000083b00000| Complete |  0
|  60|0x0000000083c00000, 0x0000000083d00000, 0x0000000083d00000|100%|HC|  |TAMS 0x0000000083d00000| PB 0x0000000083c00000| Complete |  0
|  61|0x0000000083d00000, 0x0000000083e00000, 0x0000000083e00000|100%|HC|  |TAMS 0x0000000083e00000| PB 0x0000000083d00000| Complete |  0
|  62|0x0000000083e00000, 0x0000000083f00000, 0x0000000083f00000|100%| O|  |TAMS 0x0000000083f00000| PB 0x0000000083f00000| Untracked |  0
|  63|0x0000000083f00000, 0x0000000084000000, 0x0000000084000000|100%| O|  |TAMS 0x0000000084000000| PB 0x0000000084000000| Untracked |  0
|  64|0x0000000084000000, 0x0000000084100000, 0x0000000084100000|100%| O|  |TAMS 0x0000000084100000| PB 0x0000000084100000| Untracked |  0
|  65|0x0000000084100000, 0x000000008415ec40, 0x0000000084200000| 37%| O|  |TAMS 0x0000000084100000| PB 0x0000000084100000| Untracked |  0
|  66|0x0000000084200000, 0x0000000084300000, 0x0000000084300000|100%|HS|  |TAMS 0x0000000084200000| PB 0x0000000084200000| Complete |  0
|  67|0x0000000084300000, 0x0000000084400000, 0x0000000084400000|100%|HS|  |TAMS 0x0000000084300000| PB 0x0000000084300000| Complete |  0
|  68|0x0000000084400000, 0x0000000084500000, 0x0000000084500000|100%| O|  |TAMS 0x0000000084500000| PB 0x0000000084500000| Untracked |  0
|  69|0x0000000084500000, 0x0000000084600000, 0x0000000084600000|100%| O|  |TAMS 0x0000000084600000| PB 0x0000000084600000| Untracked |  0
|  70|0x0000000084600000, 0x0000000084700000, 0x0000000084700000|100%| O|  |TAMS 0x0000000084700000| PB 0x0000000084700000| Untracked |  0
|  71|0x0000000084700000, 0x0000000084800000, 0x0000000084800000|100%| O|  |TAMS 0x0000000084800000| PB 0x0000000084800000| Untracked |  0
|  72|0x0000000084800000, 0x0000000084900000, 0x0000000084900000|100%| O|  |TAMS 0x0000000084900000| PB 0x0000000084900000| Untracked |  0
|  73|0x0000000084900000, 0x0000000084a00000, 0x0000000084a00000|100%| O|  |TAMS 0x0000000084a00000| PB 0x0000000084a00000| Untracked |  0
|  74|0x0000000084a00000, 0x0000000084b00000, 0x0000000084b00000|100%| O|Cm|TAMS 0x0000000084b00000| PB 0x0000000084b00000| Updating |  0
|  75|0x0000000084b00000, 0x0000000084c00000, 0x0000000084c00000|100%| O|  |TAMS 0x0000000084c00000| PB 0x0000000084c00000| Untracked |  0
|  76|0x0000000084c00000, 0x0000000084d00000, 0x0000000084d00000|100%| O|  |TAMS 0x0000000084d00000| PB 0x0000000084d00000| Untracked |  0
|  77|0x0000000084d00000, 0x0000000084e00000, 0x0000000084e00000|100%| O|  |TAMS 0x0000000084e00000| PB 0x0000000084e00000| Untracked |  0
|  78|0x0000000084e00000, 0x0000000084f00000, 0x0000000084f00000|100%| O|  |TAMS 0x0000000084f00000| PB 0x0000000084f00000| Untracked |  0
|  79|0x0000000084f00000, 0x0000000085000000, 0x0000000085000000|100%| O|Cm|TAMS 0x0000000085000000| PB 0x0000000085000000| Updating |  0
|  80|0x0000000085000000, 0x0000000085100000, 0x0000000085100000|100%| O|  |TAMS 0x0000000085100000| PB 0x0000000085100000| Untracked |  0
|  81|0x0000000085100000, 0x0000000085200000, 0x0000000085200000|100%| O|Cm|TAMS 0x0000000085200000| PB 0x0000000085200000| Updating |  0
|  82|0x0000000085200000, 0x0000000085300000, 0x0000000085300000|100%| O|  |TAMS 0x0000000085279db0| PB 0x0000000085279db0| Untracked |  0
|  83|0x0000000085300000, 0x0000000085400000, 0x0000000085400000|100%|HS|  |TAMS 0x0000000085300000| PB 0x0000000085300000| Complete |  0
|  84|0x0000000085400000, 0x0000000085400000, 0x0000000085500000|  0%| F|  |TAMS 0x0000000085400000| PB 0x0000000085400000| Untracked |  0
|  85|0x0000000085500000, 0x0000000085500000, 0x0000000085600000|  0%| F|  |TAMS 0x0000000085500000| PB 0x0000000085500000| Untracked |  0
|  86|0x0000000085600000, 0x0000000085600000, 0x0000000085700000|  0%| F|  |TAMS 0x0000000085600000| PB 0x0000000085600000| Untracked |  0
|  87|0x0000000085700000, 0x0000000085700000, 0x0000000085800000|  0%| F|  |TAMS 0x0000000085700000| PB 0x0000000085700000| Untracked |  0
|  88|0x0000000085800000, 0x0000000085800000, 0x0000000085900000|  0%| F|  |TAMS 0x0000000085800000| PB 0x0000000085800000| Untracked |  0
|  89|0x0000000085900000, 0x0000000085900000, 0x0000000085a00000|  0%| F|  |TAMS 0x0000000085900000| PB 0x0000000085900000| Untracked |  0
|  90|0x0000000085a00000, 0x0000000085a00000, 0x0000000085b00000|  0%| F|  |TAMS 0x0000000085a00000| PB 0x0000000085a00000| Untracked |  0
|  91|0x0000000085b00000, 0x0000000085b00000, 0x0000000085c00000|  0%| F|  |TAMS 0x0000000085b00000| PB 0x0000000085b00000| Untracked |  0
|  92|0x0000000085c00000, 0x0000000085c00000, 0x0000000085d00000|  0%| F|  |TAMS 0x0000000085c00000| PB 0x0000000085c00000| Untracked |  0
|  93|0x0000000085d00000, 0x0000000085d00000, 0x0000000085e00000|  0%| F|  |TAMS 0x0000000085d00000| PB 0x0000000085d00000| Untracked |  0
|  94|0x0000000085e00000, 0x0000000085e00000, 0x0000000085f00000|  0%| F|  |TAMS 0x0000000085e00000| PB 0x0000000085e00000| Untracked |  0
|  95|0x0000000085f00000, 0x0000000085f00000, 0x0000000086000000|  0%| F|  |TAMS 0x0000000085f00000| PB 0x0000000085f00000| Untracked |  0
|  96|0x0000000086000000, 0x0000000086000000, 0x0000000086100000|  0%| F|  |TAMS 0x0000000086000000| PB 0x0000000086000000| Untracked |  0
|  97|0x0000000086100000, 0x0000000086100000, 0x0000000086200000|  0%| F|  |TAMS 0x0000000086100000| PB 0x0000000086100000| Untracked |  0
|  98|0x0000000086200000, 0x0000000086200000, 0x0000000086300000|  0%| F|  |TAMS 0x0000000086200000| PB 0x0000000086200000| Untracked |  0
|  99|0x0000000086300000, 0x0000000086300000, 0x0000000086400000|  0%| F|  |TAMS 0x0000000086300000| PB 0x0000000086300000| Untracked |  0
| 100|0x0000000086400000, 0x0000000086400000, 0x0000000086500000|  0%| F|  |TAMS 0x0000000086400000| PB 0x0000000086400000| Untracked |  0
| 101|0x0000000086500000, 0x0000000086500000, 0x0000000086600000|  0%| F|  |TAMS 0x0000000086500000| PB 0x0000000086500000| Untracked |  0
| 102|0x0000000086600000, 0x0000000086600000, 0x0000000086700000|  0%| F|  |TAMS 0x0000000086600000| PB 0x0000000086600000| Untracked |  0
| 103|0x0000000086700000, 0x0000000086700000, 0x0000000086800000|  0%| F|  |TAMS 0x0000000086700000| PB 0x0000000086700000| Untracked |  0
| 104|0x0000000086800000, 0x0000000086800000, 0x0000000086900000|  0%| F|  |TAMS 0x0000000086800000| PB 0x0000000086800000| Untracked |  0
| 105|0x0000000086900000, 0x0000000086900000, 0x0000000086a00000|  0%| F|  |TAMS 0x0000000086900000| PB 0x0000000086900000| Untracked |  0
| 106|0x0000000086a00000, 0x0000000086a00000, 0x0000000086b00000|  0%| F|  |TAMS 0x0000000086a00000| PB 0x0000000086a00000| Untracked |  0
| 107|0x0000000086b00000, 0x0000000086b00000, 0x0000000086c00000|  0%| F|  |TAMS 0x0000000086b00000| PB 0x0000000086b00000| Untracked |  0
| 108|0x0000000086c00000, 0x0000000086c00000, 0x0000000086d00000|  0%| F|  |TAMS 0x0000000086c00000| PB 0x0000000086c00000| Untracked |  0
| 109|0x0000000086d00000, 0x0000000086d00000, 0x0000000086e00000|  0%| F|  |TAMS 0x0000000086d00000| PB 0x0000000086d00000| Untracked |  0
| 110|0x0000000086e00000, 0x0000000086e00000, 0x0000000086f00000|  0%| F|  |TAMS 0x0000000086e00000| PB 0x0000000086e00000| Untracked |  0
| 111|0x0000000086f00000, 0x0000000086f00000, 0x0000000087000000|  0%| F|  |TAMS 0x0000000086f00000| PB 0x0000000086f00000| Untracked |  0
| 112|0x0000000087000000, 0x0000000087000000, 0x0000000087100000|  0%| F|  |TAMS 0x0000000087000000| PB 0x0000000087000000| Untracked |  0
| 113|0x0000000087100000, 0x0000000087100000, 0x0000000087200000|  0%| F|  |TAMS 0x0000000087100000| PB 0x0000000087100000| Untracked |  0
| 114|0x0000000087200000, 0x0000000087200000, 0x0000000087300000|  0%| F|  |TAMS 0x0000000087200000| PB 0x0000000087200000| Untracked |  0
| 115|0x0000000087300000, 0x0000000087300000, 0x0000000087400000|  0%| F|  |TAMS 0x0000000087300000| PB 0x0000000087300000| Untracked |  0
| 116|0x0000000087400000, 0x00000000874df470, 0x0000000087500000| 87%| S|CS|TAMS 0x0000000087400000| PB 0x0000000087400000| Complete |  0
| 117|0x0000000087500000, 0x0000000087600000, 0x0000000087600000|100%| S|CS|TAMS 0x0000000087500000| PB 0x0000000087500000| Complete |  0
| 118|0x0000000087600000, 0x0000000087700000, 0x0000000087700000|100%| S|CS|TAMS 0x0000000087600000| PB 0x0000000087600000| Complete |  0
| 119|0x0000000087700000, 0x0000000087800000, 0x0000000087800000|100%| S|CS|TAMS 0x0000000087700000| PB 0x0000000087700000| Complete |  0
| 120|0x0000000087800000, 0x0000000087900000, 0x0000000087900000|100%| S|CS|TAMS 0x0000000087800000| PB 0x0000000087800000| Complete |  0
| 121|0x0000000087900000, 0x0000000087900000, 0x0000000087a00000|  0%| F|  |TAMS 0x0000000087900000| PB 0x0000000087900000| Untracked |  0
| 122|0x0000000087a00000, 0x0000000087a00000, 0x0000000087b00000|  0%| F|  |TAMS 0x0000000087a00000| PB 0x0000000087a00000| Untracked |  0
| 123|0x0000000087b00000, 0x0000000087b00000, 0x0000000087c00000|  0%| F|  |TAMS 0x0000000087b00000| PB 0x0000000087b00000| Untracked |  0
| 124|0x0000000087c00000, 0x0000000087c00000, 0x0000000087d00000|  0%| F|  |TAMS 0x0000000087c00000| PB 0x0000000087c00000| Untracked |  0
| 125|0x0000000087d00000, 0x0000000087d00000, 0x0000000087e00000|  0%| F|  |TAMS 0x0000000087d00000| PB 0x0000000087d00000| Untracked |  0
| 126|0x0000000087e00000, 0x0000000087e00000, 0x0000000087f00000|  0%| F|  |TAMS 0x0000000087e00000| PB 0x0000000087e00000| Untracked |  0
| 127|0x0000000087f00000, 0x0000000087f00000, 0x0000000088000000|  0%| F|  |TAMS 0x0000000087f00000| PB 0x0000000087f00000| Untracked |  0
| 128|0x0000000088000000, 0x0000000088000000, 0x0000000088100000|  0%| F|  |TAMS 0x0000000088000000| PB 0x0000000088000000| Untracked |  0
| 129|0x0000000088100000, 0x0000000088100000, 0x0000000088200000|  0%| F|  |TAMS 0x0000000088100000| PB 0x0000000088100000| Untracked |  0
| 130|0x0000000088200000, 0x0000000088200000, 0x0000000088300000|  0%| F|  |TAMS 0x0000000088200000| PB 0x0000000088200000| Untracked |  0
| 131|0x0000000088300000, 0x0000000088300000, 0x0000000088400000|  0%| F|  |TAMS 0x0000000088300000| PB 0x0000000088300000| Untracked |  0
| 132|0x0000000088400000, 0x0000000088400000, 0x0000000088500000|  0%| F|  |TAMS 0x0000000088400000| PB 0x0000000088400000| Untracked |  0
| 133|0x0000000088500000, 0x0000000088500000, 0x0000000088600000|  0%| F|  |TAMS 0x0000000088500000| PB 0x0000000088500000| Untracked |  0
| 134|0x0000000088600000, 0x0000000088600000, 0x0000000088700000|  0%| F|  |TAMS 0x0000000088600000| PB 0x0000000088600000| Untracked |  0
| 135|0x0000000088700000, 0x0000000088700000, 0x0000000088800000|  0%| F|  |TAMS 0x0000000088700000| PB 0x0000000088700000| Untracked |  0
| 136|0x0000000088800000, 0x0000000088800000, 0x0000000088900000|  0%| F|  |TAMS 0x0000000088800000| PB 0x0000000088800000| Untracked |  0
| 137|0x0000000088900000, 0x0000000088900000, 0x0000000088a00000|  0%| F|  |TAMS 0x0000000088900000| PB 0x0000000088900000| Untracked |  0
| 138|0x0000000088a00000, 0x0000000088a00000, 0x0000000088b00000|  0%| F|  |TAMS 0x0000000088a00000| PB 0x0000000088a00000| Untracked |  0
| 139|0x0000000088b00000, 0x0000000088b00000, 0x0000000088c00000|  0%| F|  |TAMS 0x0000000088b00000| PB 0x0000000088b00000| Untracked |  0
| 140|0x0000000088c00000, 0x0000000088c00000, 0x0000000088d00000|  0%| F|  |TAMS 0x0000000088c00000| PB 0x0000000088c00000| Untracked |  0
| 141|0x0000000088d00000, 0x0000000088dba858, 0x0000000088e00000| 72%| E|  |TAMS 0x0000000088d00000| PB 0x0000000088d00000| Complete |  0
| 142|0x0000000088e00000, 0x0000000088f00000, 0x0000000088f00000|100%| E|  |TAMS 0x0000000088e00000| PB 0x0000000088e00000| Complete |  0
|2044|0x00000000ffc00000, 0x00000000ffd00000, 0x00000000ffd00000|100%| E|CS|TAMS 0x00000000ffc00000| PB 0x00000000ffc00000| Complete |  0
|2045|0x00000000ffd00000, 0x00000000ffe00000, 0x00000000ffe00000|100%| O|  |TAMS 0x00000000ffe00000| PB 0x00000000ffe00000| Untracked |  0
|2046|0x00000000ffe00000, 0x00000000fff00000, 0x00000000fff00000|100%| O|  |TAMS 0x00000000fff00000| PB 0x00000000fff00000| Untracked |  0
|2047|0x00000000fff00000, 0x0000000100000000, 0x0000000100000000|100%| O|  |TAMS 0x0000000100000000| PB 0x0000000100000000| Untracked |  0

Card table byte_map: [0x0000021467640000,0x0000021467a40000] _byte_map_base: 0x0000021467240000

Marking Bits: (CMBitMap*) 0x000002144f71aac0
 Bits: [0x0000021467a40000, 0x0000021469a40000)

Polling page: 0x000002144d520000

Metaspace:

Usage:
  Non-class:     64.11 MB used.
      Class:     10.98 MB used.
       Both:     75.10 MB used.

Virtual space:
  Non-class space:      128.00 MB reserved,      65.31 MB ( 51%) committed,  2 nodes.
      Class space:      416.00 MB reserved,      12.00 MB (  3%) committed,  1 nodes.
             Both:      544.00 MB reserved,      77.31 MB ( 14%) committed. 

Chunk freelists:
   Non-Class:  13.99 MB
       Class:  4.00 MB
        Both:  18.00 MB

MaxMetaspaceSize: 512.00 MB
CompressedClassSpaceSize: 416.00 MB
Initial GC threshold: 21.00 MB
Current GC threshold: 128.75 MB
CDS: on
 - commit_granule_bytes: 65536.
 - commit_granule_words: 8192.
 - virtual_space_node_default_size: 8388608.
 - enlarge_chunks_in_place: 1.
 - use_allocation_guard: 0.


Internal statistics:

num_allocs_failed_limit: 9.
num_arena_births: 3816.
num_arena_deaths: 0.
num_vsnodes_births: 3.
num_vsnodes_deaths: 0.
num_space_committed: 1237.
num_space_uncommitted: 0.
num_chunks_returned_to_freelist: 9.
num_chunks_taken_from_freelist: 7284.
num_chunk_merges: 6.
num_chunk_splits: 4720.
num_chunks_enlarged: 2989.
num_inconsistent_stats: 0.

CodeHeap 'non-profiled nmethods': size=120064Kb used=4836Kb max_used=4883Kb free=115227Kb
 bounds [0x000002145f8c0000, 0x000002145fd90000, 0x0000021466e00000]
CodeHeap 'profiled nmethods': size=120000Kb used=14867Kb max_used=15707Kb free=105132Kb
 bounds [0x0000021457e00000, 0x0000021458d60000, 0x000002145f330000]
CodeHeap 'non-nmethods': size=5696Kb used=3050Kb max_used=3108Kb free=2645Kb
 bounds [0x000002145f330000, 0x000002145f650000, 0x000002145f8c0000]
CodeCache: size=245760Kb, used=22753Kb, max_used=23698Kb, free=223004Kb
 total_blobs=11502, nmethods=10541, adapters=866, full_count=0
Compilation: enabled, stopped_count=0, restarted_count=0

Compilation events (20 events):
Event: 112.859 Thread 0x000002146c479a60 nmethod 12517 0x000002145fc72388 code [0x000002145fc724a0, 0x000002145fc72700]
Event: 112.859 Thread 0x000002146c479a60 12518       4       java.io.WinNTFileSystem::isSlash (18 bytes)
Event: 112.860 Thread 0x000002146c479a60 nmethod 12518 0x000002145fc04088 code [0x000002145fc04180, 0x000002145fc04210]
Event: 112.860 Thread 0x000002146c479a60 12512       4       java.util.stream.AbstractSpinedBuffer::count (31 bytes)
Event: 112.861 Thread 0x000002146c479a60 nmethod 12512 0x000002145fc03d88 code [0x000002145fc03e80, 0x000002145fc03f48]
Event: 112.861 Thread 0x000002146c479a60 12480       4       com.esotericsoftware.kryo.io.Output::writeUtf8Length (405 bytes)
Event: 112.888 Thread 0x000002146c479a60 nmethod 12480 0x000002145f959988 code [0x000002145f959b00, 0x000002145f95a678]
Event: 112.888 Thread 0x000002146c479a60 12519       4       java.nio.Buffer::hasRemaining (17 bytes)
Event: 112.889 Thread 0x000002146c479a60 nmethod 12519 0x000002145fc03a88 code [0x000002145fc03b80, 0x000002145fc03c08]
Event: 112.889 Thread 0x000002146c479a60 12479       4       java.nio.ByteBuffer::order (48 bytes)
Event: 112.890 Thread 0x000002146c479a60 nmethod 12479 0x000002145fc03508 code [0x000002145fc03600, 0x000002145fc036a8]
Event: 112.890 Thread 0x000002146c479a60 12477   !   4       org.gradle.cache.internal.ExclusiveCacheAccessingWorker::addToQueue (37 bytes)
Event: 112.898 Thread 0x000002146c47d4a0 12520       3       java.util.jar.Manifest::<init> (38 bytes)
Event: 112.899 Thread 0x000002146c47d4a0 nmethod 12520 0x0000021458537208 code [0x0000021458537380, 0x0000021458537a08]
Event: 112.908 Thread 0x000002146c479a60 nmethod 12477 0x000002145fc4e488 code [0x000002145fc4e640, 0x000002145fc4f100]
Event: 112.908 Thread 0x000002146c479a60 12521       4       java.nio.charset.CoderResult::isOverflow (14 bytes)
Event: 112.908 Thread 0x000002146c479a60 nmethod 12521 0x000002145f959688 code [0x000002145f959780, 0x000002145f959808]
Event: 112.929 Thread 0x000002146c479a60 12522       4       java.lang.String::toLowerCase (29 bytes)
Event: 112.950 Thread 0x000002146c479a60 nmethod 12522 0x000002145fcd1888 code [0x000002145fcd19e0, 0x000002145fcd2140]
Event: 112.950 Thread 0x000002146c479a60 12523   !   4       jdk.internal.loader.URLClassPath$JarLoader::ensureOpen (36 bytes)

GC Heap History (20 events):
Event: 96.585 GC heap before
{Heap before GC invocations=24 (full 0):
 garbage-first heap   total reserved 2097152K, committed 111616K, used 98684K [0x0000000080000000, 0x0000000100000000)
  region size 1024K, 34 young (34816K), 5 survivors (5120K)
 Metaspace       used 69285K, committed 71360K, reserved 491520K
  class space    used 10132K, committed 11136K, reserved 425984K
}
Event: 96.600 GC heap after
{Heap after GC invocations=25 (full 0):
 garbage-first heap   total reserved 2097152K, committed 111616K, used 72798K [0x0000000080000000, 0x0000000100000000)
  region size 1024K, 4 young (4096K), 4 survivors (4096K)
 Metaspace       used 69285K, committed 71360K, reserved 491520K
  class space    used 10132K, committed 11136K, reserved 425984K
}
Event: 99.859 GC heap before
{Heap before GC invocations=26 (full 0):
 garbage-first heap   total reserved 2097152K, committed 122880K, used 100446K [0x0000000080000000, 0x0000000100000000)
  region size 1024K, 31 young (31744K), 4 survivors (4096K)
 Metaspace       used 70633K, committed 72832K, reserved 491520K
  class space    used 10348K, committed 11392K, reserved 425984K
}
Event: 99.869 GC heap after
{Heap after GC invocations=27 (full 0):
 garbage-first heap   total reserved 2097152K, committed 122880K, used 72433K [0x0000000080000000, 0x0000000100000000)
  region size 1024K, 2 young (2048K), 2 survivors (2048K)
 Metaspace       used 70633K, committed 72832K, reserved 491520K
  class space    used 10348K, committed 11392K, reserved 425984K
}
Event: 102.743 GC heap before
{Heap before GC invocations=27 (full 0):
 garbage-first heap   total reserved 2097152K, committed 122880K, used 111345K [0x0000000080000000, 0x0000000100000000)
  region size 1024K, 41 young (41984K), 2 survivors (2048K)
 Metaspace       used 74042K, committed 76160K, reserved 491520K
  class space    used 10896K, committed 11904K, reserved 425984K
}
Event: 102.755 GC heap after
{Heap after GC invocations=28 (full 0):
 garbage-first heap   total reserved 2097152K, committed 122880K, used 73976K [0x0000000080000000, 0x0000000100000000)
  region size 1024K, 5 young (5120K), 5 survivors (5120K)
 Metaspace       used 74042K, committed 76160K, reserved 491520K
  class space    used 10896K, committed 11904K, reserved 425984K
}
Event: 103.751 GC heap before
{Heap before GC invocations=28 (full 0):
 garbage-first heap   total reserved 2097152K, committed 122880K, used 109816K [0x0000000080000000, 0x0000000100000000)
  region size 1024K, 41 young (41984K), 5 survivors (5120K)
 Metaspace       used 75160K, committed 77376K, reserved 557056K
  class space    used 11075K, committed 12160K, reserved 425984K
}
Event: 103.761 GC heap after
{Heap after GC invocations=29 (full 0):
 garbage-first heap   total reserved 2097152K, committed 122880K, used 79857K [0x0000000080000000, 0x0000000100000000)
  region size 1024K, 6 young (6144K), 6 survivors (6144K)
 Metaspace       used 75160K, committed 77376K, reserved 557056K
  class space    used 11075K, committed 12160K, reserved 425984K
}
Event: 107.530 GC heap before
{Heap before GC invocations=30 (full 0):
 garbage-first heap   total reserved 2097152K, committed 133120K, used 109553K [0x0000000080000000, 0x0000000100000000)
  region size 1024K, 35 young (35840K), 6 survivors (6144K)
 Metaspace       used 76381K, committed 78592K, reserved 557056K
  class space    used 11236K, committed 12288K, reserved 425984K
}
Event: 107.544 GC heap after
{Heap after GC invocations=31 (full 0):
 garbage-first heap   total reserved 2097152K, committed 133120K, used 82944K [0x0000000080000000, 0x0000000100000000)
  region size 1024K, 5 young (5120K), 5 survivors (5120K)
 Metaspace       used 76381K, committed 78592K, reserved 557056K
  class space    used 11236K, committed 12288K, reserved 425984K
}
Event: 111.211 GC heap before
{Heap before GC invocations=31 (full 0):
 garbage-first heap   total reserved 2097152K, committed 133120K, used 116736K [0x0000000080000000, 0x0000000100000000)
  region size 1024K, 39 young (39936K), 5 survivors (5120K)
 Metaspace       used 76790K, committed 79040K, reserved 557056K
  class space    used 11243K, committed 12288K, reserved 425984K
}
Event: 111.225 GC heap after
{Heap after GC invocations=32 (full 0):
 garbage-first heap   total reserved 2097152K, committed 133120K, used 87040K [0x0000000080000000, 0x0000000100000000)
  region size 1024K, 5 young (5120K), 5 survivors (5120K)
 Metaspace       used 76790K, committed 79040K, reserved 557056K
  class space    used 11243K, committed 12288K, reserved 425984K
}
Event: 111.829 GC heap before
{Heap before GC invocations=32 (full 0):
 garbage-first heap   total reserved 2097152K, committed 133120K, used 118784K [0x0000000080000000, 0x0000000100000000)
  region size 1024K, 37 young (37888K), 5 survivors (5120K)
 Metaspace       used 76862K, committed 79104K, reserved 557056K
  class space    used 11243K, committed 12288K, reserved 425984K
}
Event: 111.840 GC heap after
{Heap after GC invocations=33 (full 0):
 garbage-first heap   total reserved 2097152K, committed 133120K, used 89214K [0x0000000080000000, 0x0000000100000000)
  region size 1024K, 4 young (4096K), 4 survivors (4096K)
 Metaspace       used 76862K, committed 79104K, reserved 557056K
  class space    used 11243K, committed 12288K, reserved 425984K
}
Event: 112.131 GC heap before
{Heap before GC invocations=34 (full 0):
 garbage-first heap   total reserved 2097152K, committed 150528K, used 118910K [0x0000000080000000, 0x0000000100000000)
  region size 1024K, 34 young (34816K), 4 survivors (4096K)
 Metaspace       used 76870K, committed 79104K, reserved 557056K
  class space    used 11243K, committed 12288K, reserved 425984K
}
Event: 112.137 GC heap after
{Heap after GC invocations=35 (full 0):
 garbage-first heap   total reserved 2097152K, committed 150528K, used 90414K [0x0000000080000000, 0x0000000100000000)
  region size 1024K, 4 young (4096K), 4 survivors (4096K)
 Metaspace       used 76870K, committed 79104K, reserved 557056K
  class space    used 11243K, committed 12288K, reserved 425984K
}
Event: 112.561 GC heap before
{Heap before GC invocations=35 (full 0):
 garbage-first heap   total reserved 2097152K, committed 150528K, used 133422K [0x0000000080000000, 0x0000000100000000)
  region size 1024K, 47 young (48128K), 4 survivors (4096K)
 Metaspace       used 76872K, committed 79104K, reserved 557056K
  class space    used 11243K, committed 12288K, reserved 425984K
}
Event: 112.568 GC heap after
{Heap after GC invocations=36 (full 0):
 garbage-first heap   total reserved 2097152K, committed 150528K, used 89124K [0x0000000080000000, 0x0000000100000000)
  region size 1024K, 5 young (5120K), 5 survivors (5120K)
 Metaspace       used 76872K, committed 79104K, reserved 557056K
  class space    used 11243K, committed 12288K, reserved 425984K
}
Event: 112.839 GC heap before
{Heap before GC invocations=36 (full 0):
 garbage-first heap   total reserved 2097152K, committed 150528K, used 110628K [0x0000000080000000, 0x0000000100000000)
  region size 1024K, 28 young (28672K), 5 survivors (5120K)
 Metaspace       used 76898K, committed 79168K, reserved 557056K
  class space    used 11246K, committed 12288K, reserved 425984K
}
Event: 112.846 GC heap after
{Heap after GC invocations=37 (full 0):
 garbage-first heap   total reserved 2097152K, committed 150528K, used 90360K [0x0000000080000000, 0x0000000100000000)
  region size 1024K, 5 young (5120K), 5 survivors (5120K)
 Metaspace       used 76898K, committed 79168K, reserved 557056K
  class space    used 11246K, committed 12288K, reserved 425984K
}

Dll operation events (15 events):
Event: 0.390 Loaded shared library C:\Program Files\Java\jdk-23\bin\java.dll
Event: 0.700 Loaded shared library C:\Program Files\Java\jdk-23\bin\jsvml.dll
Event: 0.940 Loaded shared library C:\Program Files\Java\jdk-23\bin\zip.dll
Event: 0.960 Loaded shared library C:\Program Files\Java\jdk-23\bin\instrument.dll
Event: 1.060 Loaded shared library C:\Program Files\Java\jdk-23\bin\net.dll
Event: 1.087 Loaded shared library C:\Program Files\Java\jdk-23\bin\nio.dll
Event: 1.114 Loaded shared library C:\Program Files\Java\jdk-23\bin\zip.dll
Event: 2.495 Loaded shared library C:\Program Files\Java\jdk-23\bin\jimage.dll
Event: 3.454 Loaded shared library C:\Program Files\Java\jdk-23\bin\verify.dll
Event: 4.240 Loaded shared library C:\Users\Ayush Kumar\.gradle\native\c067742578af261105cb4f569cf0c3c89f3d7b1fecec35dd04571415982c5e48\windows-amd64\native-platform.dll
Event: 4.251 Loaded shared library C:\Users\Ayush Kumar\.gradle\native\100fb08df4bc3b14c8652ba06237920a3bd2aa13389f12d3474272988ae205f9\windows-amd64\native-platform-file-events.dll
Event: 9.423 Loaded shared library C:\Program Files\Java\jdk-23\bin\management.dll
Event: 9.458 Loaded shared library C:\Program Files\Java\jdk-23\bin\management_ext.dll
Event: 10.381 Loaded shared library C:\Program Files\Java\jdk-23\bin\extnet.dll
Event: 11.114 Loaded shared library C:\Program Files\Java\jdk-23\bin\sunmscapi.dll

Deoptimization events (20 events):
Event: 112.902 Thread 0x00000214208677c0 Uncommon trap: trap_request=0xffffffec fr.pc=0x000002145f90c570 relative=0x00000000000001f0
Event: 112.902 Thread 0x00000214208677c0 Uncommon trap: reason=null_assert_or_unreached0 action=make_not_entrant pc=0x000002145f90c570 method=java.security.AccessController.doPrivileged(Ljava/security/PrivilegedExceptionAction;Ljava/security/AccessControlContext;)Ljava/lang/Object; @ 25 c2
Event: 112.902 Thread 0x00000214208677c0 DEOPT PACKING pc=0x000002145f90c570 sp=0x0000008d1e9f8140
Event: 112.902 Thread 0x00000214208677c0 DEOPT UNPACKING pc=0x000002145f387982 sp=0x0000008d1e9f8058 mode 2
Event: 112.902 Thread 0x00000214208677c0 Uncommon trap: trap_request=0xffffff9d fr.pc=0x000002145fa0d1f0 relative=0x0000000000000130
Event: 112.902 Thread 0x00000214208677c0 Uncommon trap: reason=unreached action=reinterpret pc=0x000002145fa0d1f0 method=java.security.AccessController.doPrivileged(Ljava/security/PrivilegedExceptionAction;Ljava/security/AccessControlContext;)Ljava/lang/Object; @ 20 c2
Event: 112.902 Thread 0x00000214208677c0 DEOPT PACKING pc=0x000002145fa0d1f0 sp=0x0000008d1e9f8350
Event: 112.902 Thread 0x00000214208677c0 DEOPT UNPACKING pc=0x000002145f387982 sp=0x0000008d1e9f82d0 mode 2
Event: 112.902 Thread 0x00000214208677c0 Uncommon trap: trap_request=0xffffffde fr.pc=0x000002145fb397bc relative=0x00000000000005dc
Event: 112.902 Thread 0x00000214208677c0 Uncommon trap: reason=class_check action=maybe_recompile pc=0x000002145fb397bc method=java.lang.Throwable.<init>(Ljava/lang/String;Ljava/lang/Throwable;)V @ 24 c2
Event: 112.902 Thread 0x00000214208677c0 DEOPT PACKING pc=0x000002145fb397bc sp=0x0000008d1e9f8170
Event: 112.902 Thread 0x00000214208677c0 DEOPT UNPACKING pc=0x000002145f387982 sp=0x0000008d1e9f8138 mode 2
Event: 112.902 Thread 0x00000214208677c0 Uncommon trap: trap_request=0xffffffad fr.pc=0x000002145faa5a10 relative=0x0000000000001530
Event: 112.902 Thread 0x00000214208677c0 Uncommon trap: reason=uninitialized action=reinterpret pc=0x000002145faa5a10 method=jdk.internal.loader.URLClassPath.getLoader(Ljava/net/URL;)Ljdk/internal/loader/URLClassPath$Loader; @ 22 c2
Event: 112.903 Thread 0x00000214208677c0 DEOPT PACKING pc=0x000002145faa5a10 sp=0x0000008d1e9f8380
Event: 112.903 Thread 0x00000214208677c0 DEOPT UNPACKING pc=0x000002145f387982 sp=0x0000008d1e9f8300 mode 2
Event: 112.903 Thread 0x00000214208677c0 Uncommon trap: trap_request=0xffffffde fr.pc=0x000002145fb397bc relative=0x00000000000005dc
Event: 112.903 Thread 0x00000214208677c0 Uncommon trap: reason=class_check action=maybe_recompile pc=0x000002145fb397bc method=java.lang.Throwable.<init>(Ljava/lang/String;Ljava/lang/Throwable;)V @ 24 c2
Event: 112.903 Thread 0x00000214208677c0 DEOPT PACKING pc=0x000002145fb397bc sp=0x0000008d1e9f7dd0
Event: 112.903 Thread 0x00000214208677c0 DEOPT UNPACKING pc=0x000002145f387982 sp=0x0000008d1e9f7d98 mode 2

Classes loaded (20 events):
Event: 103.864 Loading class java/util/Formatter$FormatSpecifierParser
Event: 103.865 Loading class java/util/Formatter$FormatSpecifierParser done
Event: 103.970 Loading class java/util/concurrent/atomic/AtomicIntegerArray
Event: 103.970 Loading class java/util/concurrent/atomic/AtomicIntegerArray done
Event: 103.974 Loading class java/util/Currency
Event: 103.974 Loading class java/util/Currency done
Event: 103.980 Loading class java/util/concurrent/atomic/AtomicLongArray
Event: 103.980 Loading class java/util/concurrent/atomic/AtomicLongArray done
Event: 104.031 Loading class sun/reflect/generics/repository/FieldRepository
Event: 104.031 Loading class sun/reflect/generics/repository/FieldRepository done
Event: 104.043 Loading class jdk/internal/vm/annotation/ForceInline
Event: 104.043 Loading class jdk/internal/vm/annotation/ForceInline done
Event: 104.060 Loading class java/util/AbstractMap$2
Event: 104.060 Loading class java/util/AbstractMap$2 done
Event: 104.060 Loading class java/util/AbstractMap$ValueIterator
Event: 104.061 Loading class java/util/AbstractMap$ValueIterator done
Event: 107.667 Loading class java/util/Collections$ReverseComparator
Event: 107.667 Loading class java/util/Collections$ReverseComparator done
Event: 107.667 Loading class java/util/Collections$ReverseComparator2
Event: 107.667 Loading class java/util/Collections$ReverseComparator2 done

Classes unloaded (0 events):
No events

Classes redefined (0 events):
No events

Internal exceptions (20 events):
Event: 106.917 Thread 0x00000214208677c0 Exception <a 'java/lang/ClassNotFoundException'{0x0000000086cbac60}: org/gradle/api/internal/artifacts/dsl/DefaultRepositoryHandlerBeanInfo> (0x0000000086cbac60) 
thrown [s\open\src\hotspot\share\classfile\systemDictionary.cpp, line 313]
Event: 106.919 Thread 0x00000214208677c0 Exception <a 'java/lang/ClassNotFoundException'{0x0000000086cd0920}: org/gradle/api/internal/artifacts/DefaultArtifactRepositoryContainerBeanInfo> (0x0000000086cd0920) 
thrown [s\open\src\hotspot\share\classfile\systemDictionary.cpp, line 313]
Event: 106.920 Thread 0x00000214208677c0 Exception <a 'java/lang/ClassNotFoundException'{0x0000000086ce3f78}: org/gradle/api/internal/DefaultNamedDomainObjectListBeanInfo> (0x0000000086ce3f78) 
thrown [s\open\src\hotspot\share\classfile\systemDictionary.cpp, line 313]
Event: 106.921 Thread 0x00000214208677c0 Exception <a 'java/lang/ClassNotFoundException'{0x0000000086cf8250}: org/gradle/api/internal/DefaultNamedDomainObjectCollectionBeanInfo> (0x0000000086cf8250) 
thrown [s\open\src\hotspot\share\classfile\systemDictionary.cpp, line 313]
Event: 106.922 Thread 0x00000214208677c0 Exception <a 'java/lang/ClassNotFoundException'{0x0000000086b0bfa8}: org/gradle/api/internal/DefaultNamedDomainObjectCollectionCustomizer> (0x0000000086b0bfa8) 
thrown [s\open\src\hotspot\share\classfile\systemDictionary.cpp, line 313]
Event: 106.925 Thread 0x00000214208677c0 Exception <a 'java/lang/ClassNotFoundException'{0x0000000086b54c30}: org/gradle/api/internal/DefaultNamedDomainObjectListCustomizer> (0x0000000086b54c30) 
thrown [s\open\src\hotspot\share\classfile\systemDictionary.cpp, line 313]
Event: 106.928 Thread 0x00000214208677c0 Exception <a 'java/lang/ClassNotFoundException'{0x0000000086b9fec8}: org/gradle/api/internal/artifacts/DefaultArtifactRepositoryContainerCustomizer> (0x0000000086b9fec8) 
thrown [s\open\src\hotspot\share\classfile\systemDictionary.cpp, line 313]
Event: 106.930 Thread 0x00000214208677c0 Exception <a 'java/lang/ClassNotFoundException'{0x0000000086be67d8}: org/gradle/api/internal/artifacts/dsl/DefaultRepositoryHandlerCustomizer> (0x0000000086be67d8) 
thrown [s\open\src\hotspot\share\classfile\systemDictionary.cpp, line 313]
Event: 106.935 Thread 0x00000214208677c0 Exception <a 'java/lang/ClassNotFoundException'{0x0000000086a3ba60}: org/gradle/api/internal/artifacts/dsl/DefaultRepositoryHandler_DecoratedCustomizer> (0x0000000086a3ba60) 
thrown [s\open\src\hotspot\share\classfile\systemDictionary.cpp, line 313]
Event: 106.948 Thread 0x00000214208677c0 Exception <a 'java/lang/ClassNotFoundException'{0x0000000086ae21b8}: org/gradle/api/internal/artifacts/dsl/dependencies/DefaultDependencyHandler_DecoratedBeanInfo> (0x0000000086ae21b8) 
thrown [s\open\src\hotspot\share\classfile\systemDictionary.cpp, line 313]
Event: 106.949 Thread 0x00000214208677c0 Exception <a 'java/lang/ClassNotFoundException'{0x0000000086af7478}: org/gradle/api/internal/artifacts/dsl/dependencies/DefaultDependencyHandlerBeanInfo> (0x0000000086af7478) 
thrown [s\open\src\hotspot\share\classfile\systemDictionary.cpp, line 313]
Event: 106.950 Thread 0x00000214208677c0 Exception <a 'java/lang/ClassNotFoundException'{0x000000008690c958}: org/gradle/api/internal/artifacts/dsl/dependencies/DefaultDependencyHandlerCustomizer> (0x000000008690c958) 
thrown [s\open\src\hotspot\share\classfile\systemDictionary.cpp, line 313]
Event: 106.953 Thread 0x00000214208677c0 Exception <a 'java/lang/ClassNotFoundException'{0x0000000086954ad8}: org/gradle/api/internal/artifacts/dsl/dependencies/DefaultDependencyHandler_DecoratedCustomizer> (0x0000000086954ad8) 
thrown [s\open\src\hotspot\share\classfile\systemDictionary.cpp, line 313]
Event: 110.528 Thread 0x0000021425392fd0 Exception <a 'sun/nio/fs/WindowsException'{0x0000000086df93f0}> (0x0000000086df93f0) 
thrown [s\open\src\hotspot\share\prims\jni.cpp, line 520]
Event: 110.529 Thread 0x0000021425392fd0 Exception <a 'sun/nio/fs/WindowsException'{0x0000000086dfba60}> (0x0000000086dfba60) 
thrown [s\open\src\hotspot\share\prims\jni.cpp, line 520]
Event: 110.529 Thread 0x0000021425392fd0 Exception <a 'sun/nio/fs/WindowsException'{0x0000000086dfde90}> (0x0000000086dfde90) 
thrown [s\open\src\hotspot\share\prims\jni.cpp, line 520]
Event: 110.529 Thread 0x0000021425392fd0 Exception <a 'sun/nio/fs/WindowsException'{0x0000000086c16a60}> (0x0000000086c16a60) 
thrown [s\open\src\hotspot\share\prims\jni.cpp, line 520]
Event: 112.359 Thread 0x00000214208684e0 Implicit null exception at 0x000002145fc8a53d to 0x000002145fc8a5b1
Event: 112.826 Thread 0x00000214208677c0 Exception <a 'java/lang/ClassNotFoundException'{0x0000000087aeead0}: build_cwq7ba9l4rsxuan8hllq9eurgBeanInfo> (0x0000000087aeead0) 
thrown [s\open\src\hotspot\share\classfile\systemDictionary.cpp, line 313]
Event: 112.826 Thread 0x00000214208677c0 Exception <a 'java/lang/ClassNotFoundException'{0x0000000087af53f0}: build_cwq7ba9l4rsxuan8hllq9eurgCustomizer> (0x0000000087af53f0) 
thrown [s\open\src\hotspot\share\classfile\systemDictionary.cpp, line 313]

VM Operations (20 events):
Event: 107.006 Executing VM operation: HandshakeAllThreads (Deoptimize) done
Event: 107.530 Executing VM operation: G1CollectForAllocation (G1 Evacuation Pause)
Event: 107.544 Executing VM operation: G1CollectForAllocation (G1 Evacuation Pause) done
Event: 111.210 Executing VM operation: G1CollectForAllocation (G1 Evacuation Pause)
Event: 111.225 Executing VM operation: G1CollectForAllocation (G1 Evacuation Pause) done
Event: 111.829 Executing VM operation: G1CollectForAllocation (G1 Evacuation Pause)
Event: 111.840 Executing VM operation: G1CollectForAllocation (G1 Evacuation Pause) done
Event: 111.951 Executing VM operation: G1PauseRemark
Event: 111.961 Executing VM operation: G1PauseRemark done
Event: 112.003 Executing VM operation: G1PauseCleanup
Event: 112.003 Executing VM operation: G1PauseCleanup done
Event: 112.131 Executing VM operation: G1CollectForAllocation (G1 Evacuation Pause)
Event: 112.137 Executing VM operation: G1CollectForAllocation (G1 Evacuation Pause) done
Event: 112.548 Executing VM operation: G1CollectForAllocation (G1 Evacuation Pause)
Event: 112.568 Executing VM operation: G1CollectForAllocation (G1 Evacuation Pause) done
Event: 112.838 Executing VM operation: G1TryInitiateConcMark (G1 Humongous Allocation)
Event: 112.846 Executing VM operation: G1TryInitiateConcMark (G1 Humongous Allocation) done
Event: 112.901 Executing VM operation: HandshakeAllThreads (Deoptimize)
Event: 112.902 Executing VM operation: HandshakeAllThreads (Deoptimize) done
Event: 112.954 Executing VM operation: G1PauseRemark

Memory protections (0 events):
No events

Nmethod flushes (20 events):
Event: 112.961 Thread 0x000002146c456e00 flushing  nmethod 0x00000214587c0c88
Event: 112.961 Thread 0x000002146c456e00 flushing  nmethod 0x0000021458802b88
Event: 112.961 Thread 0x000002146c456e00 flushing  nmethod 0x0000021458a39588
Event: 112.961 Thread 0x000002146c456e00 flushing  nmethod 0x0000021458ac3d08
Event: 112.961 Thread 0x000002146c456e00 flushing  nmethod 0x0000021458ac4d08
Event: 112.961 Thread 0x000002146c456e00 flushing  nmethod 0x0000021458ac5588
Event: 112.961 Thread 0x000002146c456e00 flushing  nmethod 0x0000021458765388
Event: 112.961 Thread 0x000002146c456e00 flushing  nmethod 0x0000021458786588
Event: 112.961 Thread 0x000002146c456e00 flushing  nmethod 0x00000214587ff708
Event: 112.961 Thread 0x000002146c456e00 flushing  nmethod 0x00000214589f4808
Event: 112.961 Thread 0x000002146c456e00 flushing  nmethod 0x0000021458a6f508
Event: 112.961 Thread 0x000002146c456e00 flushing  nmethod 0x00000214587e2708
Event: 112.961 Thread 0x000002146c456e00 flushing  nmethod 0x00000214587e3288
Event: 112.961 Thread 0x000002146c456e00 flushing  nmethod 0x00000214587e4788
Event: 112.961 Thread 0x000002146c456e00 flushing  nmethod 0x00000214587e5208
Event: 112.961 Thread 0x000002146c456e00 flushing  nmethod 0x00000214588af308
Event: 112.961 Thread 0x000002146c456e00 flushing  nmethod 0x0000021458b30c88
Event: 112.961 Thread 0x000002146c456e00 flushing  nmethod 0x0000021458b33308
Event: 112.961 Thread 0x000002146c456e00 flushing  nmethod 0x0000021458b81708
Event: 112.961 Thread 0x000002146c456e00 flushing  nmethod 0x0000021458c36988

Events (20 events):
Event: 103.555 Thread 0x00000214208677c0 Thread added: 0x0000021424dad210
Event: 103.593 Thread 0x00000214208677c0 Thread added: 0x0000021424da9d90
Event: 103.593 Thread 0x00000214208677c0 Thread added: 0x0000021424dabe60
Event: 103.594 Thread 0x00000214208677c0 Thread added: 0x0000021424da9700
Event: 103.595 Thread 0x00000214208677c0 Thread added: 0x0000021424daa420
Event: 103.596 Thread 0x00000214208677c0 Thread added: 0x0000021424dacb80
Event: 103.598 Thread 0x00000214208677c0 Thread added: 0x0000021424da8350
Event: 103.598 Thread 0x00000214208677c0 Thread added: 0x0000021424dad8a0
Event: 103.740 Thread 0x00000214208677c0 Thread added: 0x0000021424da7cc0
Event: 106.590 Thread 0x0000021423f4d960 Thread exited: 0x0000021423f4d960
Event: 106.825 Thread 0x00000214208677c0 Thread added: 0x0000021424da89e0
Event: 108.866 Thread 0x0000021425392fd0 Thread added: 0x0000021424dadf30
Event: 108.867 Thread 0x0000021425392fd0 Thread added: 0x0000021424da9070
Event: 108.867 Thread 0x0000021425392fd0 Thread added: 0x0000021424dae5c0
Event: 108.867 Thread 0x0000021425392fd0 Thread added: 0x0000021424daec50
Event: 108.868 Thread 0x0000021425392fd0 Thread added: 0x0000021424daf2e0
Event: 108.868 Thread 0x0000021425392fd0 Thread added: 0x000002141f13bbc0
Event: 108.869 Thread 0x0000021425392fd0 Thread added: 0x000002141f137390
Event: 109.680 Thread 0x0000021425392fd0 Thread added: 0x00000214250ef5f0
Event: 112.804 Thread 0x00000214208677c0 Thread added: 0x00000214250ece90


Dynamic libraries:
0x00007ff6cda20000 - 0x00007ff6cda30000 	C:\Program Files\Java\jdk-23\bin\java.exe
0x00007ffb8b730000 - 0x00007ffb8b947000 	C:\WINDOWS\SYSTEM32\ntdll.dll
0x00007ffb8a7b0000 - 0x00007ffb8a874000 	C:\WINDOWS\System32\KERNEL32.DLL
0x00007ffb88bb0000 - 0x00007ffb88f83000 	C:\WINDOWS\System32\KERNELBASE.dll
0x00007ffb88a10000 - 0x00007ffb88b21000 	C:\WINDOWS\System32\ucrtbase.dll
0x00007ffb4ce60000 - 0x00007ffb4ce77000 	C:\Program Files\Java\jdk-23\bin\jli.dll
0x00007ffb8b220000 - 0x00007ffb8b3d1000 	C:\WINDOWS\System32\USER32.dll
0x00007ffb88870000 - 0x00007ffb88896000 	C:\WINDOWS\System32\win32u.dll
0x00007ffb89c00000 - 0x00007ffb89c29000 	C:\WINDOWS\System32\GDI32.dll
0x00007ffb892b0000 - 0x00007ffb893cb000 	C:\WINDOWS\System32\gdi32full.dll
0x00007ffb88f90000 - 0x00007ffb8902a000 	C:\WINDOWS\System32\msvcp_win.dll
0x00007ffb60190000 - 0x00007ffb601ab000 	C:\Program Files\Java\jdk-23\bin\VCRUNTIME140.dll
0x00007ffb677b0000 - 0x00007ffb67a48000 	C:\WINDOWS\WinSxS\amd64_microsoft.windows.common-controls_6595b64144ccf1df_6.0.22621.5124_none_270e8f4f7386d69d\COMCTL32.dll
0x00007ffb8a4c0000 - 0x00007ffb8a567000 	C:\WINDOWS\System32\msvcrt.dll
0x00007ffb893d0000 - 0x00007ffb89401000 	C:\WINDOWS\System32\IMM32.DLL
0x00007ffb58aa0000 - 0x00007ffb58aac000 	C:\Program Files\Java\jdk-23\bin\vcruntime140_1.dll
0x00007ffb3c5a0000 - 0x00007ffb3c62e000 	C:\Program Files\Java\jdk-23\bin\msvcp140.dll
0x00007ffb29f70000 - 0x00007ffb2acc0000 	C:\Program Files\Java\jdk-23\bin\server\jvm.dll
0x00007ffb89c30000 - 0x00007ffb89ce1000 	C:\WINDOWS\System32\ADVAPI32.dll
0x00007ffb8a2f0000 - 0x00007ffb8a398000 	C:\WINDOWS\System32\sechost.dll
0x00007ffb88840000 - 0x00007ffb88868000 	C:\WINDOWS\System32\bcrypt.dll
0x00007ffb8a3a0000 - 0x00007ffb8a4b4000 	C:\WINDOWS\System32\RPCRT4.dll
0x00007ffb8b490000 - 0x00007ffb8b501000 	C:\WINDOWS\System32\WS2_32.dll
0x00007ffb88660000 - 0x00007ffb886ad000 	C:\WINDOWS\SYSTEM32\POWRPROF.dll
0x00007ffb83d30000 - 0x00007ffb83d3a000 	C:\WINDOWS\SYSTEM32\VERSION.dll
0x00007ffb831c0000 - 0x00007ffb831f4000 	C:\WINDOWS\SYSTEM32\WINMM.dll
0x00007ffb88640000 - 0x00007ffb88653000 	C:\WINDOWS\SYSTEM32\UMPDC.dll
0x00007ffb87870000 - 0x00007ffb87888000 	C:\WINDOWS\SYSTEM32\kernel.appcore.dll
0x00007ffb51ae0000 - 0x00007ffb51aea000 	C:\Program Files\Java\jdk-23\bin\jimage.dll
0x00007ffb86150000 - 0x00007ffb86382000 	C:\WINDOWS\SYSTEM32\DBGHELP.DLL
0x00007ffb89d40000 - 0x00007ffb8a0d2000 	C:\WINDOWS\System32\combase.dll
0x00007ffb8a210000 - 0x00007ffb8a2e7000 	C:\WINDOWS\System32\OLEAUT32.dll
0x00007ffb66b20000 - 0x00007ffb66b52000 	C:\WINDOWS\SYSTEM32\dbgcore.DLL
0x00007ffb88b30000 - 0x00007ffb88bab000 	C:\WINDOWS\System32\bcryptPrimitives.dll
0x00007ffb50e70000 - 0x00007ffb50e7f000 	C:\Program Files\Java\jdk-23\bin\instrument.dll
0x00007ffb4c6d0000 - 0x00007ffb4c6ee000 	C:\Program Files\Java\jdk-23\bin\java.dll
0x00007ffb8a570000 - 0x00007ffb8a711000 	C:\WINDOWS\System32\ole32.dll
0x00007ffb8a880000 - 0x00007ffb8b116000 	C:\WINDOWS\System32\SHELL32.dll
0x00007ffb890b0000 - 0x00007ffb891ef000 	C:\WINDOWS\System32\wintypes.dll
0x00007ffb86720000 - 0x00007ffb8703a000 	C:\WINDOWS\SYSTEM32\windows.storage.dll
0x00007ffb8a100000 - 0x00007ffb8a20a000 	C:\WINDOWS\System32\SHCORE.dll
0x00007ffb8b130000 - 0x00007ffb8b193000 	C:\WINDOWS\System32\shlwapi.dll
0x00007ffb88770000 - 0x00007ffb8879b000 	C:\WINDOWS\SYSTEM32\profapi.dll
0x00007ffb3c4c0000 - 0x00007ffb3c597000 	C:\Program Files\Java\jdk-23\bin\jsvml.dll
0x00007ffb4c5e0000 - 0x00007ffb4c5f7000 	C:\Program Files\Java\jdk-23\bin\zip.dll
0x00007ffb4e200000 - 0x00007ffb4e210000 	C:\Program Files\Java\jdk-23\bin\net.dll
0x00007ffb87cf0000 - 0x00007ffb87d5a000 	C:\WINDOWS\system32\mswsock.dll
0x00007ffb44a00000 - 0x00007ffb44a16000 	C:\Program Files\Java\jdk-23\bin\nio.dll
0x00007ffb4dcf0000 - 0x00007ffb4dd00000 	C:\Program Files\Java\jdk-23\bin\verify.dll
0x00007ffb4b3c0000 - 0x00007ffb4b3e7000 	C:\Users\Ayush Kumar\.gradle\native\c067742578af261105cb4f569cf0c3c89f3d7b1fecec35dd04571415982c5e48\windows-amd64\native-platform.dll
0x00007ffb39970000 - 0x00007ffb39ab4000 	C:\Users\Ayush Kumar\.gradle\native\100fb08df4bc3b14c8652ba06237920a3bd2aa13389f12d3474272988ae205f9\windows-amd64\native-platform-file-events.dll
0x00007ffb4cbe0000 - 0x00007ffb4cbea000 	C:\Program Files\Java\jdk-23\bin\management.dll
0x00007ffb4b3a0000 - 0x00007ffb4b3ab000 	C:\Program Files\Java\jdk-23\bin\management_ext.dll
0x00007ffb8b1a0000 - 0x00007ffb8b1a8000 	C:\WINDOWS\System32\PSAPI.DLL
0x00007ffb87f40000 - 0x00007ffb87f5b000 	C:\WINDOWS\SYSTEM32\CRYPTSP.dll
0x00007ffb877d0000 - 0x00007ffb87807000 	C:\WINDOWS\system32\rsaenh.dll
0x00007ffb87de0000 - 0x00007ffb87e08000 	C:\WINDOWS\SYSTEM32\USERENV.dll
0x00007ffb87f60000 - 0x00007ffb87f6c000 	C:\WINDOWS\SYSTEM32\CRYPTBASE.dll
0x00007ffb872a0000 - 0x00007ffb872cd000 	C:\WINDOWS\SYSTEM32\IPHLPAPI.DLL
0x00007ffb89bf0000 - 0x00007ffb89bf9000 	C:\WINDOWS\System32\NSI.dll
0x00007ffb4a4e0000 - 0x00007ffb4a4e9000 	C:\Program Files\Java\jdk-23\bin\extnet.dll
0x00007ffb4a480000 - 0x00007ffb4a48e000 	C:\Program Files\Java\jdk-23\bin\sunmscapi.dll
0x00007ffb888a0000 - 0x00007ffb88a07000 	C:\WINDOWS\System32\CRYPT32.dll
0x00007ffb88100000 - 0x00007ffb8812d000 	C:\WINDOWS\SYSTEM32\ncrypt.dll
0x00007ffb880c0000 - 0x00007ffb880f7000 	C:\WINDOWS\SYSTEM32\NTASN1.dll
0x00007ffaf73d0000 - 0x00007ffaf73d8000 	C:\WINDOWS\system32\wshunix.dll
0x00007ffb61b50000 - 0x00007ffb61b67000 	C:\WINDOWS\system32\napinsp.dll
0x00007ffb60df0000 - 0x00007ffb60e0b000 	C:\WINDOWS\system32\pnrpnsp.dll
0x00007ffb87310000 - 0x00007ffb87412000 	C:\WINDOWS\SYSTEM32\DNSAPI.dll
0x00007ffb60d90000 - 0x00007ffb60da1000 	C:\WINDOWS\System32\winrnr.dll
0x00007ffb60d70000 - 0x00007ffb60d85000 	C:\WINDOWS\system32\wshbth.dll
0x00007ffb60d40000 - 0x00007ffb60d67000 	C:\WINDOWS\system32\nlansp_c.dll
0x00007ffb81b90000 - 0x00007ffb81b9a000 	C:\Windows\System32\rasadhlp.dll
0x00007ffb83d40000 - 0x00007ffb83dc3000 	C:\WINDOWS\System32\fwpuclnt.dll

dbghelp: loaded successfully - version: 4.0.5 - missing functions: none
symbol engine: initialized successfully - sym options: 0x614 - pdb path: .;C:\Program Files\Java\jdk-23\bin;C:\WINDOWS\SYSTEM32;C:\WINDOWS\WinSxS\amd64_microsoft.windows.common-controls_6595b64144ccf1df_6.0.22621.5124_none_270e8f4f7386d69d;C:\Program Files\Java\jdk-23\bin\server;C:\Users\Ayush Kumar\.gradle\native\c067742578af261105cb4f569cf0c3c89f3d7b1fecec35dd04571415982c5e48\windows-amd64;C:\Users\Ayush Kumar\.gradle\native\100fb08df4bc3b14c8652ba06237920a3bd2aa13389f12d3474272988ae205f9\windows-amd64

VM Arguments:
jvm_args: -XX:MaxMetaspaceSize=512m --add-opens=java.base/java.util=ALL-UNNAMED --add-opens=java.base/java.lang=ALL-UNNAMED --add-opens=java.base/java.lang.invoke=ALL-UNNAMED --add-opens=java.prefs/java.util.prefs=ALL-UNNAMED --add-exports=jdk.compiler/com.sun.tools.javac.api=ALL-UNNAMED --add-exports=jdk.compiler/com.sun.tools.javac.util=ALL-UNNAMED --add-opens=java.base/java.nio.charset=ALL-UNNAMED --add-opens=java.base/java.net=ALL-UNNAMED --add-opens=java.base/java.util.concurrent.atomic=ALL-UNNAMED -Xmx2048m -Dfile.encoding=utf8 -Duser.country=US -Duser.language=en -Duser.variant -javaagent:C:\Users\Ayush Kumar\.gradle\wrapper\dists\gradle-8.10.2-all\7iv73wktx1xtkvlq19urqw1wm\gradle-8.10.2\lib\agents\gradle-instrumentation-agent-8.10.2.jar 
java_command: org.gradle.launcher.daemon.bootstrap.GradleDaemon 8.10.2
java_class_path (initial): C:\Users\Ayush Kumar\.gradle\wrapper\dists\gradle-8.10.2-all\7iv73wktx1xtkvlq19urqw1wm\gradle-8.10.2\lib\gradle-daemon-main-8.10.2.jar
Launcher Type: SUN_STANDARD

[Global flags]
     intx CICompilerCount                          = 4                                         {product} {ergonomic}
   size_t CompressedClassSpaceSize                 = 436207616                                 {product} {ergonomic}
     uint ConcGCThreads                            = 2                                         {product} {ergonomic}
     uint G1ConcRefinementThreads                  = 8                                         {product} {ergonomic}
   size_t G1HeapRegionSize                         = 1048576                                   {product} {ergonomic}
   size_t InitialHeapSize                          = 132120576                                 {product} {ergonomic}
   size_t MarkStackSize                            = 4194304                                   {product} {ergonomic}
   size_t MarkStackSizeMax                         = 536870912                                 {product} {ergonomic}
   size_t MaxHeapSize                              = 2147483648                                {product} {command line}
   size_t MaxMetaspaceSize                         = 536870912                                 {product} {command line}
   size_t MaxNewSize                               = 1287651328                                {product} {ergonomic}
   size_t MinHeapDeltaBytes                        = 1048576                                   {product} {ergonomic}
   size_t MinHeapSize                              = 8388608                                   {product} {ergonomic}
    uintx NonNMethodCodeHeapSize                   = 5832704                                {pd product} {ergonomic}
    uintx NonProfiledCodeHeapSize                  = 122945536                              {pd product} {ergonomic}
    uintx ProfiledCodeHeapSize                     = 122880000                              {pd product} {ergonomic}
    uintx ReservedCodeCacheSize                    = 251658240                              {pd product} {ergonomic}
     bool SegmentedCodeCache                       = true                                      {product} {ergonomic}
   size_t SoftMaxHeapSize                          = 2147483648                             {manageable} {ergonomic}
     bool UseCompressedOops                        = true                           {product lp64_product} {ergonomic}
     bool UseG1GC                                  = true                                      {product} {ergonomic}
     bool UseLargePagesIndividualAllocation        = false                                  {pd product} {ergonomic}

Logging:
Log output configuration:
 #0: stdout all=warning uptime,level,tags foldmultilines=false
 #1: stderr all=off uptime,level,tags foldmultilines=false

Environment Variables:
PATH=C:\Python312\Scripts\;C:\Python312\;C:\Program Files\Common Files\Oracle\Java\javapath;C:\WINDOWS\system32;C:\WINDOWS;C:\WINDOWS\System32\Wbem;C:\WINDOWS\System32\WindowsPowerShell\v1.0\;C:\WINDOWS\System32\OpenSSH\;C:\MinGW\bin;C:\TDM-GCC-64\bin;C:\Program Files\Microsoft SQL Server\120\Tools\Binn\;C:\Program Files\HP\HP One Agent;C:\Program Files\Git\cmd;C:\Program Files\nodejs\;C:\ProgramData\chocolatey\bin;C:\Program Files\Amazon\AWSCLIV2\;C:\Program Files\Java\jdk-23\bin;C:\Gradle\gradle-8.12.1\bin;C:\Program Files\Maven\apache-maven-3.9.9\bin;C:\Program Files\MySQL\MySQL Server 9.2\bin;C:\Program Files\PuTTY\;C:\Program Files\MySQL\MySQL Server 8.0\bin;C:\Program Files\Docker\Docker\resources\bin;C:\Users\Ayush Kumar\AppData\Local\Android\Sdk;C:\Users\Ayush Kumar\AppData\Local\Android\Sdk\platform-tools;C:\Users\Ayush Kumar\AppData\Local\Android\Sdk\tools;C:\Users\Ayush Kumar\AppData\Local\Android\Sdk\tools\bin;C:\Users\Ayush Kumar\AppData\Local\Android\Sdk\cmake\3.22.1\bin;C:\Program Files\MySQL\MySQL Shell 8.0\bin\;C:\Users\Ayush Kumar\AppData\Local\Programs\Python\Python310\Scripts\;C:\Users\Ayush Kumar\AppData\Local\Programs\Python\Python310\;C:\Users\Ayush Kumar\AppData\Local\Microsoft\WindowsApps;C:\Users\Ayush Kumar\AppData\Local\Programs\Microsoft VS Code\bin;C:\Users\Ayush Kumar\AppData\Roaming\npm;E:\Other Book\node-v20.15.0-x64.msi;E:\Program Files\mongosh-2.2.12-win32-x64\bin;C:\Users\Ayush Kumar\AppData\Local\Android\Sdk\cmake\3.22.1\bin;
USERNAME=Ayush Kumar
OS=Windows_NT
PROCESSOR_IDENTIFIER=Intel64 Family 6 Model 140 Stepping 2, GenuineIntel
TMP=C:\Users\AYUSHK~1\AppData\Local\Temp
TEMP=C:\Users\AYUSHK~1\AppData\Local\Temp




Periodic native trim disabled

---------------  S Y S T E M  ---------------

OS:
 Windows 11 , 64 bit Build 22621 (10.0.22621.5124)
OS uptime: 0 days 0:19 hours
Hyper-V role detected

CPU: total 8 (initial active 8) (4 cores per cpu, 2 threads per core) family 6 model 140 stepping 2 microcode 0x2c, cx8, cmov, fxsr, ht, mmx, 3dnowpref, sse, sse2, sse3, ssse3, sse4.1, sse4.2, popcnt, lzcnt, tsc, tscinvbit, avx, avx2, aes, erms, clmul, bmi1, bmi2, adx, avx512f, avx512dq, avx512cd, avx512bw, avx512vl, sha, fma, vzeroupper, avx512_vpopcntdq, avx512_vpclmulqdq, avx512_vaes, avx512_vnni, clflush, clflushopt, clwb, avx512_vbmi2, avx512_vbmi, hv, rdtscp, rdpid, fsrm, gfni, avx512_bitalg, f16c, cet_ibt, cet_ss, avx512_ifma
Processor Information for processor 0
  Max Mhz: 2496, Current Mhz: 2496, Mhz Limit: 2496
Processor Information for processor 1
  Max Mhz: 2496, Current Mhz: 1497, Mhz Limit: 2496
Processor Information for processor 2
  Max Mhz: 2496, Current Mhz: 2496, Mhz Limit: 2496
Processor Information for processor 3
  Max Mhz: 2496, Current Mhz: 1497, Mhz Limit: 2496
Processor Information for processor 4
  Max Mhz: 2496, Current Mhz: 2496, Mhz Limit: 2496
Processor Information for processor 5
  Max Mhz: 2496, Current Mhz: 2496, Mhz Limit: 2496
Processor Information for processor 6
  Max Mhz: 2496, Current Mhz: 1497, Mhz Limit: 2496
Processor Information for processor 7
  Max Mhz: 2496, Current Mhz: 2496, Mhz Limit: 2496

Memory: 4k page, system-wide physical 7941M (280M free)
TotalPageFile size 24325M (AvailPageFile size 53M)
current process WorkingSet (physical memory assigned to process): 318M, peak: 319M
current process commit charge ("private bytes"): 428M, peak: 434M

vm_info: Java HotSpot(TM) 64-Bit Server VM (23.0.2+7-58) for windows-amd64 JRE (23.0.2+7-58), built on 2024-11-29T09:34:55Z with MS VC++ 17.6 (VS2022)

END.
