#
# There is insufficient memory for the Java Runtime Environment to continue.
# Native memory allocation (malloc) failed to allocate 1706096 bytes. Error detail: Chunk::new
# Possible reasons:
#   The system is out of physical RAM or swap space
#   This process is running with CompressedOops enabled, and the Java Heap may be blocking the growth of the native heap
# Possible solutions:
#   Reduce memory load on the system
#   Increase physical memory or swap space
#   Check if swap backing store is full
#   Decrease Java heap size (-Xmx/-Xms)
#   Decrease number of Java threads
#   Decrease Java thread stack sizes (-Xss)
#   Set larger code cache with -XX:ReservedCodeCacheSize=
#   JVM is running with Unscaled Compressed Oops mode in which the Java heap is
#     placed in the first 4GB address space. The Java Heap base address is the
#     maximum limit for the native heap growth. Please use -XX:HeapBaseMinAddress
#     to set the Java Heap base and to place the Java Heap above 4GB virtual address.
# This output file may be truncated or incomplete.
#
#  Out of Memory Error (arena.cpp:149), pid=18256, tid=7444
#
# JRE version: Java(TM) SE Runtime Environment (23.0.2+7) (build 23.0.2+7-58)
# Java VM: Java HotSpot(TM) 64-Bit Server VM (23.0.2+7-58, mixed mode, sharing, tiered, compressed oops, compressed class ptrs, g1 gc, windows-amd64)
# No core dump will be written. Minidumps are not enabled by default on client versions of Windows
#

---------------  S U M M A R Y ------------

Command Line: org.jetbrains.kotlin.cli.jvm.K2JVMCompiler @E:\JavaLearn\ExpenseTracker\node_modules\react-native-safe-area-context\android\build\20250511_10776179540992772089.compiler.options

Host: 11th Gen Intel(R) Core(TM) i5-1155G7 @ 2.50GHz, 8 cores, 7G,  Windows 11 , 64 bit Build 22621 (10.0.22621.5124)
Time: Sun May 11 21:42:37 2025 India Standard Time elapsed time: 3.515509 seconds (0d 0h 0m 3s)

---------------  T H R E A D  ---------------

Current thread (0x0000025bcd633710):  JavaThread "C2 CompilerThread0" daemon [_thread_in_native, id=7444, stack(0x00000071c9b00000,0x00000071c9c00000) (1024K)]


Current CompileTask:
C2:3515 1482   !   4       jdk.internal.loader.BuiltinClassLoader::loadClassOrNull (143 bytes)

Stack: [0x00000071c9b00000,0x00000071c9c00000]
Native frames: (J=compiled Java code, j=interpreted, Vv=VM code, C=native code)
V  [jvm.dll+0x6e0b99]  (no source info available)
V  [jvm.dll+0x87e2b3]  (no source info available)
V  [jvm.dll+0x88073e]  (no source info available)
V  [jvm.dll+0x880e13]  (no source info available)
V  [jvm.dll+0x27b006]  (no source info available)
V  [jvm.dll+0xbc06f]  (no source info available)
V  [jvm.dll+0xbc2cb]  (no source info available)
V  [jvm.dll+0x3b3c22]  (no source info available)
V  [jvm.dll+0x1dc2ac]  (no source info available)
V  [jvm.dll+0x244ce5]  (no source info available)
V  [jvm.dll+0x243eff]  (no source info available)
V  [jvm.dll+0x1c34b0]  (no source info available)
V  [jvm.dll+0x253df1]  (no source info available)
V  [jvm.dll+0x2520aa]  (no source info available)
V  [jvm.dll+0x3ee226]  (no source info available)
V  [jvm.dll+0x8254cb]  (no source info available)
V  [jvm.dll+0x6df345]  (no source info available)
C  [ucrtbase.dll+0x29333]  (no source info available)
C  [KERNEL32.DLL+0x1259d]  (no source info available)
C  [ntdll.dll+0x5af38]  (no source info available)

Lock stack of current Java thread (top to bottom):


---------------  P R O C E S S  ---------------

Threads class SMR info:
_java_thread_list=0x0000025bcd780550, length=11, elements={
0x0000025bae7e8640, 0x0000025bcd624a50, 0x0000025bcd625a60, 0x0000025bcd629ed0,
0x0000025bcd62aa20, 0x0000025bcd62d580, 0x0000025bcd62e0d0, 0x0000025bcd633710,
0x0000025bcd6551b0, 0x0000025bcd7aa2c0, 0x0000025bcd7af380
}

Java Threads: ( => current thread )
  0x0000025bae7e8640 JavaThread "main"                              [_thread_in_vm, id=8464, stack(0x00000071c8d00000,0x00000071c8e00000) (1024K)]
  0x0000025bcd624a50 JavaThread "Reference Handler"          daemon [_thread_blocked, id=33436, stack(0x00000071c9500000,0x00000071c9600000) (1024K)]
  0x0000025bcd625a60 JavaThread "Finalizer"                  daemon [_thread_blocked, id=21904, stack(0x00000071c9600000,0x00000071c9700000) (1024K)]
  0x0000025bcd629ed0 JavaThread "Signal Dispatcher"          daemon [_thread_blocked, id=14600, stack(0x00000071c9700000,0x00000071c9800000) (1024K)]
  0x0000025bcd62aa20 JavaThread "Attach Listener"            daemon [_thread_blocked, id=23596, stack(0x00000071c9800000,0x00000071c9900000) (1024K)]
  0x0000025bcd62d580 JavaThread "Service Thread"             daemon [_thread_blocked, id=26684, stack(0x00000071c9900000,0x00000071c9a00000) (1024K)]
  0x0000025bcd62e0d0 JavaThread "Monitor Deflation Thread"   daemon [_thread_blocked, id=30084, stack(0x00000071c9a00000,0x00000071c9b00000) (1024K)]
=>0x0000025bcd633710 JavaThread "C2 CompilerThread0"         daemon [_thread_in_native, id=7444, stack(0x00000071c9b00000,0x00000071c9c00000) (1024K)]
  0x0000025bcd6551b0 JavaThread "C1 CompilerThread0"         daemon [_thread_blocked, id=18892, stack(0x00000071c9c00000,0x00000071c9d00000) (1024K)]
  0x0000025bcd7aa2c0 JavaThread "Notification Thread"        daemon [_thread_blocked, id=31056, stack(0x00000071c9d00000,0x00000071c9e00000) (1024K)]
  0x0000025bcd7af380 JavaThread "Common-Cleaner"             daemon [_thread_blocked, id=9520, stack(0x00000071c9e00000,0x00000071c9f00000) (1024K)]
Total: 11

Other Threads:
  0x0000025bcd607d20 VMThread "VM Thread"                           [id=24056, stack(0x00000071c9400000,0x00000071c9500000) (1024K)]
  0x0000025bcd5f6020 WatcherThread "VM Periodic Task Thread"        [id=1988, stack(0x00000071c9300000,0x00000071c9400000) (1024K)]
  0x0000025bb0ae7da0 WorkerThread "GC Thread#0"                     [id=9748, stack(0x00000071c8e00000,0x00000071c8f00000) (1024K)]
  0x0000025c133f4c60 WorkerThread "GC Thread#1"                     [id=34372, stack(0x00000071c9f00000,0x00000071ca000000) (1024K)]
  0x0000025c133f56a0 WorkerThread "GC Thread#2"                     [id=16032, stack(0x00000071ca000000,0x00000071ca100000) (1024K)]
  0x0000025c13437370 WorkerThread "GC Thread#3"                     [id=1036, stack(0x00000071ca100000,0x00000071ca200000) (1024K)]
  0x0000025c13437720 WorkerThread "GC Thread#4"                     [id=30592, stack(0x00000071ca200000,0x00000071ca300000) (1024K)]
  0x0000025c1343bae0 WorkerThread "GC Thread#5"                     [id=21824, stack(0x00000071ca300000,0x00000071ca400000) (1024K)]
  0x0000025c1343be90 WorkerThread "GC Thread#6"                     [id=4944, stack(0x00000071ca400000,0x00000071ca500000) (1024K)]
  0x0000025c1347aa40 WorkerThread "GC Thread#7"                     [id=29688, stack(0x00000071ca500000,0x00000071ca600000) (1024K)]
  0x0000025bb0afc5f0 ConcurrentGCThread "G1 Main Marker"            [id=29152, stack(0x00000071c8f00000,0x00000071c9000000) (1024K)]
  0x0000025bb0afd100 WorkerThread "G1 Conc#0"                       [id=14720, stack(0x00000071c9000000,0x00000071c9100000) (1024K)]
  0x0000025bcd4c9530 ConcurrentGCThread "G1 Refine#0"               [id=32352, stack(0x00000071c9100000,0x00000071c9200000) (1024K)]
  0x0000025bb0b4e5b0 ConcurrentGCThread "G1 Service"                [id=25284, stack(0x00000071c9200000,0x00000071c9300000) (1024K)]
Total: 14

Threads with active compile tasks:
C2 CompilerThread0  3617 1482   !   4       jdk.internal.loader.BuiltinClassLoader::loadClassOrNull (143 bytes)
Total: 1

VM state: not at safepoint (normal execution)

VM Mutex/Monitor currently owned by a thread: None

Heap address: 0x0000000083e00000, size: 1986 MB, Compressed Oops mode: 32-bit

CDS archive(s) mapped at: [0x0000025bce000000-0x0000025bced70000-0x0000025bced70000), size 14090240, SharedBaseAddress: 0x0000025bce000000, ArchiveRelocationMode: 1.
Compressed class space mapped at: 0x0000025bcf000000-0x0000025c0f000000, reserved size: 1073741824
Narrow klass base: 0x0000025bce000000, Narrow klass shift: 0, Narrow klass range: 0x41000000

GC Precious Log:
 CardTable entry size: 512
 Card Set container configuration: InlinePtr #cards 5 size 8 Array Of Cards #cards 10 size 36 Howl #buckets 4 coarsen threshold 1843 Howl Bitmap #cards 512 size 80 coarsen threshold 460 Card regions per heap region 1 cards per card region 2048
 CPUs: 8 total, 8 available
 Memory: 7941M
 Large Page Support: Disabled
 NUMA Support: Disabled
 Compressed Oops: Enabled (32-bit)
 Heap Region Size: 1M
 Heap Min Capacity: 8M
 Heap Initial Capacity: 126M
 Heap Max Capacity: 1986M
 Pre-touch: Disabled
 Parallel Workers: 8
 Concurrent Workers: 2
 Concurrent Refinement Workers: 8
 Periodic GC: Disabled

Heap:
 garbage-first heap   total reserved 2033664K, committed 129024K, used 41347K [0x0000000083e00000, 0x0000000100000000)
  region size 1024K, 34 young (34816K), 2 survivors (2048K)
 Metaspace       used 20780K, committed 20992K, reserved 1114112K
  class space    used 2880K, committed 3008K, reserved 1048576K

Heap Regions: E=young(eden), S=young(survivor), O=old, HS=humongous(starts), HC=humongous(continues), CS=collection set, F=free, TAMS=top-at-mark-start, PB=parsable bottom
|   0|0x0000000083e00000, 0x0000000083f00000, 0x0000000083f00000|100%|HS|  |TAMS 0x0000000083e00000| PB 0x0000000083e00000| Complete |  0
|   1|0x0000000083f00000, 0x0000000084000000, 0x0000000084000000|100%|HC|  |TAMS 0x0000000083f00000| PB 0x0000000083f00000| Complete |  0
|   2|0x0000000084000000, 0x0000000084100000, 0x0000000084100000|100%|HC|  |TAMS 0x0000000084000000| PB 0x0000000084000000| Complete |  0
|   3|0x0000000084100000, 0x0000000084200000, 0x0000000084200000|100%|HC|  |TAMS 0x0000000084100000| PB 0x0000000084100000| Complete |  0
|   4|0x0000000084200000, 0x0000000084300000, 0x0000000084300000|100%| O|  |TAMS 0x0000000084200000| PB 0x0000000084200000| Untracked |  0
|   5|0x0000000084300000, 0x0000000084400000, 0x0000000084400000|100%| O|  |TAMS 0x0000000084300000| PB 0x0000000084300000| Untracked |  0
|   6|0x0000000084400000, 0x00000000844e1c00, 0x0000000084500000| 88%| O|  |TAMS 0x0000000084400000| PB 0x0000000084400000| Untracked |  0
|   7|0x0000000084500000, 0x0000000084600000, 0x0000000084600000|100%|HS|  |TAMS 0x0000000084500000| PB 0x0000000084500000| Complete |  0
|   8|0x0000000084600000, 0x0000000084700000, 0x0000000084700000|100%|HC|  |TAMS 0x0000000084600000| PB 0x0000000084600000| Complete |  0
|   9|0x0000000084700000, 0x0000000084700000, 0x0000000084800000|  0%| F|  |TAMS 0x0000000084700000| PB 0x0000000084700000| Untracked |  0
|  10|0x0000000084800000, 0x0000000084800000, 0x0000000084900000|  0%| F|  |TAMS 0x0000000084800000| PB 0x0000000084800000| Untracked |  0
|  11|0x0000000084900000, 0x0000000084900000, 0x0000000084a00000|  0%| F|  |TAMS 0x0000000084900000| PB 0x0000000084900000| Untracked |  0
|  12|0x0000000084a00000, 0x0000000084a00000, 0x0000000084b00000|  0%| F|  |TAMS 0x0000000084a00000| PB 0x0000000084a00000| Untracked |  0
|  13|0x0000000084b00000, 0x0000000084b00000, 0x0000000084c00000|  0%| F|  |TAMS 0x0000000084b00000| PB 0x0000000084b00000| Untracked |  0
|  14|0x0000000084c00000, 0x0000000084c00000, 0x0000000084d00000|  0%| F|  |TAMS 0x0000000084c00000| PB 0x0000000084c00000| Untracked |  0
|  15|0x0000000084d00000, 0x0000000084d00000, 0x0000000084e00000|  0%| F|  |TAMS 0x0000000084d00000| PB 0x0000000084d00000| Untracked |  0
|  16|0x0000000084e00000, 0x0000000084e00000, 0x0000000084f00000|  0%| F|  |TAMS 0x0000000084e00000| PB 0x0000000084e00000| Untracked |  0
|  17|0x0000000084f00000, 0x0000000084f00000, 0x0000000085000000|  0%| F|  |TAMS 0x0000000084f00000| PB 0x0000000084f00000| Untracked |  0
|  18|0x0000000085000000, 0x0000000085000000, 0x0000000085100000|  0%| F|  |TAMS 0x0000000085000000| PB 0x0000000085000000| Untracked |  0
|  19|0x0000000085100000, 0x0000000085100000, 0x0000000085200000|  0%| F|  |TAMS 0x0000000085100000| PB 0x0000000085100000| Untracked |  0
|  20|0x0000000085200000, 0x0000000085200000, 0x0000000085300000|  0%| F|  |TAMS 0x0000000085200000| PB 0x0000000085200000| Untracked |  0
|  21|0x0000000085300000, 0x0000000085300000, 0x0000000085400000|  0%| F|  |TAMS 0x0000000085300000| PB 0x0000000085300000| Untracked |  0
|  22|0x0000000085400000, 0x0000000085400000, 0x0000000085500000|  0%| F|  |TAMS 0x0000000085400000| PB 0x0000000085400000| Untracked |  0
|  23|0x0000000085500000, 0x0000000085500000, 0x0000000085600000|  0%| F|  |TAMS 0x0000000085500000| PB 0x0000000085500000| Untracked |  0
|  24|0x0000000085600000, 0x0000000085600000, 0x0000000085700000|  0%| F|  |TAMS 0x0000000085600000| PB 0x0000000085600000| Untracked |  0
|  25|0x0000000085700000, 0x0000000085700000, 0x0000000085800000|  0%| F|  |TAMS 0x0000000085700000| PB 0x0000000085700000| Untracked |  0
|  26|0x0000000085800000, 0x0000000085800000, 0x0000000085900000|  0%| F|  |TAMS 0x0000000085800000| PB 0x0000000085800000| Untracked |  0
|  27|0x0000000085900000, 0x0000000085900000, 0x0000000085a00000|  0%| F|  |TAMS 0x0000000085900000| PB 0x0000000085900000| Untracked |  0
|  28|0x0000000085a00000, 0x0000000085a00000, 0x0000000085b00000|  0%| F|  |TAMS 0x0000000085a00000| PB 0x0000000085a00000| Untracked |  0
|  29|0x0000000085b00000, 0x0000000085b00000, 0x0000000085c00000|  0%| F|  |TAMS 0x0000000085b00000| PB 0x0000000085b00000| Untracked |  0
|  30|0x0000000085c00000, 0x0000000085c00000, 0x0000000085d00000|  0%| F|  |TAMS 0x0000000085c00000| PB 0x0000000085c00000| Untracked |  0
|  31|0x0000000085d00000, 0x0000000085d00000, 0x0000000085e00000|  0%| F|  |TAMS 0x0000000085d00000| PB 0x0000000085d00000| Untracked |  0
|  32|0x0000000085e00000, 0x0000000085e00000, 0x0000000085f00000|  0%| F|  |TAMS 0x0000000085e00000| PB 0x0000000085e00000| Untracked |  0
|  33|0x0000000085f00000, 0x0000000085f00000, 0x0000000086000000|  0%| F|  |TAMS 0x0000000085f00000| PB 0x0000000085f00000| Untracked |  0
|  34|0x0000000086000000, 0x0000000086000000, 0x0000000086100000|  0%| F|  |TAMS 0x0000000086000000| PB 0x0000000086000000| Untracked |  0
|  35|0x0000000086100000, 0x0000000086100000, 0x0000000086200000|  0%| F|  |TAMS 0x0000000086100000| PB 0x0000000086100000| Untracked |  0
|  36|0x0000000086200000, 0x0000000086200000, 0x0000000086300000|  0%| F|  |TAMS 0x0000000086200000| PB 0x0000000086200000| Untracked |  0
|  37|0x0000000086300000, 0x0000000086300000, 0x0000000086400000|  0%| F|  |TAMS 0x0000000086300000| PB 0x0000000086300000| Untracked |  0
|  38|0x0000000086400000, 0x0000000086400000, 0x0000000086500000|  0%| F|  |TAMS 0x0000000086400000| PB 0x0000000086400000| Untracked |  0
|  39|0x0000000086500000, 0x0000000086500000, 0x0000000086600000|  0%| F|  |TAMS 0x0000000086500000| PB 0x0000000086500000| Untracked |  0
|  40|0x0000000086600000, 0x0000000086600000, 0x0000000086700000|  0%| F|  |TAMS 0x0000000086600000| PB 0x0000000086600000| Untracked |  0
|  41|0x0000000086700000, 0x0000000086700000, 0x0000000086800000|  0%| F|  |TAMS 0x0000000086700000| PB 0x0000000086700000| Untracked |  0
|  42|0x0000000086800000, 0x0000000086800000, 0x0000000086900000|  0%| F|  |TAMS 0x0000000086800000| PB 0x0000000086800000| Untracked |  0
|  43|0x0000000086900000, 0x0000000086900000, 0x0000000086a00000|  0%| F|  |TAMS 0x0000000086900000| PB 0x0000000086900000| Untracked |  0
|  44|0x0000000086a00000, 0x0000000086a00000, 0x0000000086b00000|  0%| F|  |TAMS 0x0000000086a00000| PB 0x0000000086a00000| Untracked |  0
|  45|0x0000000086b00000, 0x0000000086b00000, 0x0000000086c00000|  0%| F|  |TAMS 0x0000000086b00000| PB 0x0000000086b00000| Untracked |  0
|  46|0x0000000086c00000, 0x0000000086c00000, 0x0000000086d00000|  0%| F|  |TAMS 0x0000000086c00000| PB 0x0000000086c00000| Untracked |  0
|  47|0x0000000086d00000, 0x0000000086d00000, 0x0000000086e00000|  0%| F|  |TAMS 0x0000000086d00000| PB 0x0000000086d00000| Untracked |  0
|  48|0x0000000086e00000, 0x0000000086e00000, 0x0000000086f00000|  0%| F|  |TAMS 0x0000000086e00000| PB 0x0000000086e00000| Untracked |  0
|  49|0x0000000086f00000, 0x0000000086f00000, 0x0000000087000000|  0%| F|  |TAMS 0x0000000086f00000| PB 0x0000000086f00000| Untracked |  0
|  50|0x0000000087000000, 0x0000000087000000, 0x0000000087100000|  0%| F|  |TAMS 0x0000000087000000| PB 0x0000000087000000| Untracked |  0
|  51|0x0000000087100000, 0x0000000087100000, 0x0000000087200000|  0%| F|  |TAMS 0x0000000087100000| PB 0x0000000087100000| Untracked |  0
|  52|0x0000000087200000, 0x0000000087200000, 0x0000000087300000|  0%| F|  |TAMS 0x0000000087200000| PB 0x0000000087200000| Untracked |  0
|  53|0x0000000087300000, 0x0000000087300000, 0x0000000087400000|  0%| F|  |TAMS 0x0000000087300000| PB 0x0000000087300000| Untracked |  0
|  54|0x0000000087400000, 0x0000000087400000, 0x0000000087500000|  0%| F|  |TAMS 0x0000000087400000| PB 0x0000000087400000| Untracked |  0
|  55|0x0000000087500000, 0x0000000087500000, 0x0000000087600000|  0%| F|  |TAMS 0x0000000087500000| PB 0x0000000087500000| Untracked |  0
|  56|0x0000000087600000, 0x0000000087600000, 0x0000000087700000|  0%| F|  |TAMS 0x0000000087600000| PB 0x0000000087600000| Untracked |  0
|  57|0x0000000087700000, 0x0000000087700000, 0x0000000087800000|  0%| F|  |TAMS 0x0000000087700000| PB 0x0000000087700000| Untracked |  0
|  58|0x0000000087800000, 0x0000000087800000, 0x0000000087900000|  0%| F|  |TAMS 0x0000000087800000| PB 0x0000000087800000| Untracked |  0
|  59|0x0000000087900000, 0x0000000087900000, 0x0000000087a00000|  0%| F|  |TAMS 0x0000000087900000| PB 0x0000000087900000| Untracked |  0
|  60|0x0000000087a00000, 0x0000000087a00000, 0x0000000087b00000|  0%| F|  |TAMS 0x0000000087a00000| PB 0x0000000087a00000| Untracked |  0
|  61|0x0000000087b00000, 0x0000000087b00000, 0x0000000087c00000|  0%| F|  |TAMS 0x0000000087b00000| PB 0x0000000087b00000| Untracked |  0
|  62|0x0000000087c00000, 0x0000000087c00000, 0x0000000087d00000|  0%| F|  |TAMS 0x0000000087c00000| PB 0x0000000087c00000| Untracked |  0
|  63|0x0000000087d00000, 0x0000000087d00000, 0x0000000087e00000|  0%| F|  |TAMS 0x0000000087d00000| PB 0x0000000087d00000| Untracked |  0
|  64|0x0000000087e00000, 0x0000000087e00000, 0x0000000087f00000|  0%| F|  |TAMS 0x0000000087e00000| PB 0x0000000087e00000| Untracked |  0
|  65|0x0000000087f00000, 0x0000000087f00000, 0x0000000088000000|  0%| F|  |TAMS 0x0000000087f00000| PB 0x0000000087f00000| Untracked |  0
|  66|0x0000000088000000, 0x0000000088000000, 0x0000000088100000|  0%| F|  |TAMS 0x0000000088000000| PB 0x0000000088000000| Untracked |  0
|  67|0x0000000088100000, 0x0000000088100000, 0x0000000088200000|  0%| F|  |TAMS 0x0000000088100000| PB 0x0000000088100000| Untracked |  0
|  68|0x0000000088200000, 0x0000000088200000, 0x0000000088300000|  0%| F|  |TAMS 0x0000000088200000| PB 0x0000000088200000| Untracked |  0
|  69|0x0000000088300000, 0x0000000088300000, 0x0000000088400000|  0%| F|  |TAMS 0x0000000088300000| PB 0x0000000088300000| Untracked |  0
|  70|0x0000000088400000, 0x0000000088400000, 0x0000000088500000|  0%| F|  |TAMS 0x0000000088400000| PB 0x0000000088400000| Untracked |  0
|  71|0x0000000088500000, 0x0000000088500000, 0x0000000088600000|  0%| F|  |TAMS 0x0000000088500000| PB 0x0000000088500000| Untracked |  0
|  72|0x0000000088600000, 0x0000000088600000, 0x0000000088700000|  0%| F|  |TAMS 0x0000000088600000| PB 0x0000000088600000| Untracked |  0
|  73|0x0000000088700000, 0x0000000088700000, 0x0000000088800000|  0%| F|  |TAMS 0x0000000088700000| PB 0x0000000088700000| Untracked |  0
|  74|0x0000000088800000, 0x0000000088800000, 0x0000000088900000|  0%| F|  |TAMS 0x0000000088800000| PB 0x0000000088800000| Untracked |  0
|  75|0x0000000088900000, 0x0000000088900000, 0x0000000088a00000|  0%| F|  |TAMS 0x0000000088900000| PB 0x0000000088900000| Untracked |  0
|  76|0x0000000088a00000, 0x0000000088a00000, 0x0000000088b00000|  0%| F|  |TAMS 0x0000000088a00000| PB 0x0000000088a00000| Untracked |  0
|  77|0x0000000088b00000, 0x0000000088b00000, 0x0000000088c00000|  0%| F|  |TAMS 0x0000000088b00000| PB 0x0000000088b00000| Untracked |  0
|  78|0x0000000088c00000, 0x0000000088c00000, 0x0000000088d00000|  0%| F|  |TAMS 0x0000000088c00000| PB 0x0000000088c00000| Untracked |  0
|  79|0x0000000088d00000, 0x0000000088d00000, 0x0000000088e00000|  0%| F|  |TAMS 0x0000000088d00000| PB 0x0000000088d00000| Untracked |  0
|  80|0x0000000088e00000, 0x0000000088e00000, 0x0000000088f00000|  0%| F|  |TAMS 0x0000000088e00000| PB 0x0000000088e00000| Untracked |  0
|  81|0x0000000088f00000, 0x0000000088f00000, 0x0000000089000000|  0%| F|  |TAMS 0x0000000088f00000| PB 0x0000000088f00000| Untracked |  0
|  82|0x0000000089000000, 0x0000000089000000, 0x0000000089100000|  0%| F|  |TAMS 0x0000000089000000| PB 0x0000000089000000| Untracked |  0
|  83|0x0000000089100000, 0x0000000089100000, 0x0000000089200000|  0%| F|  |TAMS 0x0000000089100000| PB 0x0000000089100000| Untracked |  0
|  84|0x0000000089200000, 0x0000000089200000, 0x0000000089300000|  0%| F|  |TAMS 0x0000000089200000| PB 0x0000000089200000| Untracked |  0
|  85|0x0000000089300000, 0x0000000089300000, 0x0000000089400000|  0%| F|  |TAMS 0x0000000089300000| PB 0x0000000089300000| Untracked |  0
|  86|0x0000000089400000, 0x0000000089400000, 0x0000000089500000|  0%| F|  |TAMS 0x0000000089400000| PB 0x0000000089400000| Untracked |  0
|  87|0x0000000089500000, 0x0000000089500000, 0x0000000089600000|  0%| F|  |TAMS 0x0000000089500000| PB 0x0000000089500000| Untracked |  0
|  88|0x0000000089600000, 0x0000000089600000, 0x0000000089700000|  0%| F|  |TAMS 0x0000000089600000| PB 0x0000000089600000| Untracked |  0
|  89|0x0000000089700000, 0x0000000089700000, 0x0000000089800000|  0%| F|  |TAMS 0x0000000089700000| PB 0x0000000089700000| Untracked |  0
|  90|0x0000000089800000, 0x0000000089800000, 0x0000000089900000|  0%| F|  |TAMS 0x0000000089800000| PB 0x0000000089800000| Untracked |  0
|  91|0x0000000089900000, 0x0000000089900000, 0x0000000089a00000|  0%| F|  |TAMS 0x0000000089900000| PB 0x0000000089900000| Untracked |  0
|  92|0x0000000089a00000, 0x0000000089b00000, 0x0000000089b00000|100%| E|  |TAMS 0x0000000089a00000| PB 0x0000000089a00000| Complete |  0
|  93|0x0000000089b00000, 0x0000000089c00000, 0x0000000089c00000|100%| E|CS|TAMS 0x0000000089b00000| PB 0x0000000089b00000| Complete |  0
|  94|0x0000000089c00000, 0x0000000089d00000, 0x0000000089d00000|100%| E|CS|TAMS 0x0000000089c00000| PB 0x0000000089c00000| Complete |  0
|  95|0x0000000089d00000, 0x0000000089e00000, 0x0000000089e00000|100%| E|CS|TAMS 0x0000000089d00000| PB 0x0000000089d00000| Complete |  0
|  96|0x0000000089e00000, 0x0000000089f00000, 0x0000000089f00000|100%| E|  |TAMS 0x0000000089e00000| PB 0x0000000089e00000| Complete |  0
|  97|0x0000000089f00000, 0x000000008a000000, 0x000000008a000000|100%| E|CS|TAMS 0x0000000089f00000| PB 0x0000000089f00000| Complete |  0
|  98|0x000000008a000000, 0x000000008a07f2a0, 0x000000008a100000| 49%| S|CS|TAMS 0x000000008a000000| PB 0x000000008a000000| Complete |  0
|  99|0x000000008a100000, 0x000000008a200000, 0x000000008a200000|100%| E|CS|TAMS 0x000000008a100000| PB 0x000000008a100000| Complete |  0
| 100|0x000000008a200000, 0x000000008a300000, 0x000000008a300000|100%| E|CS|TAMS 0x000000008a200000| PB 0x000000008a200000| Complete |  0
| 101|0x000000008a300000, 0x000000008a400000, 0x000000008a400000|100%| E|CS|TAMS 0x000000008a300000| PB 0x000000008a300000| Complete |  0
| 102|0x000000008a400000, 0x000000008a500000, 0x000000008a500000|100%| S|CS|TAMS 0x000000008a400000| PB 0x000000008a400000| Complete |  0
| 103|0x000000008a500000, 0x000000008a600000, 0x000000008a600000|100%| E|CS|TAMS 0x000000008a500000| PB 0x000000008a500000| Complete |  0
| 104|0x000000008a600000, 0x000000008a700000, 0x000000008a700000|100%| E|CS|TAMS 0x000000008a600000| PB 0x000000008a600000| Complete |  0
| 105|0x000000008a700000, 0x000000008a800000, 0x000000008a800000|100%| E|CS|TAMS 0x000000008a700000| PB 0x000000008a700000| Complete |  0
| 106|0x000000008a800000, 0x000000008a900000, 0x000000008a900000|100%| E|CS|TAMS 0x000000008a800000| PB 0x000000008a800000| Complete |  0
| 107|0x000000008a900000, 0x000000008aa00000, 0x000000008aa00000|100%| E|CS|TAMS 0x000000008a900000| PB 0x000000008a900000| Complete |  0
| 108|0x000000008aa00000, 0x000000008ab00000, 0x000000008ab00000|100%| E|CS|TAMS 0x000000008aa00000| PB 0x000000008aa00000| Complete |  0
| 109|0x000000008ab00000, 0x000000008ac00000, 0x000000008ac00000|100%| E|CS|TAMS 0x000000008ab00000| PB 0x000000008ab00000| Complete |  0
| 110|0x000000008ac00000, 0x000000008ad00000, 0x000000008ad00000|100%| E|CS|TAMS 0x000000008ac00000| PB 0x000000008ac00000| Complete |  0
| 111|0x000000008ad00000, 0x000000008ae00000, 0x000000008ae00000|100%| E|CS|TAMS 0x000000008ad00000| PB 0x000000008ad00000| Complete |  0
| 112|0x000000008ae00000, 0x000000008af00000, 0x000000008af00000|100%| E|CS|TAMS 0x000000008ae00000| PB 0x000000008ae00000| Complete |  0
| 113|0x000000008af00000, 0x000000008b000000, 0x000000008b000000|100%| E|CS|TAMS 0x000000008af00000| PB 0x000000008af00000| Complete |  0
| 114|0x000000008b000000, 0x000000008b100000, 0x000000008b100000|100%| E|CS|TAMS 0x000000008b000000| PB 0x000000008b000000| Complete |  0
| 115|0x000000008b100000, 0x000000008b200000, 0x000000008b200000|100%| E|CS|TAMS 0x000000008b100000| PB 0x000000008b100000| Complete |  0
| 116|0x000000008b200000, 0x000000008b300000, 0x000000008b300000|100%| E|CS|TAMS 0x000000008b200000| PB 0x000000008b200000| Complete |  0
| 117|0x000000008b300000, 0x000000008b400000, 0x000000008b400000|100%| E|CS|TAMS 0x000000008b300000| PB 0x000000008b300000| Complete |  0
| 118|0x000000008b400000, 0x000000008b500000, 0x000000008b500000|100%| E|CS|TAMS 0x000000008b400000| PB 0x000000008b400000| Complete |  0
| 119|0x000000008b500000, 0x000000008b600000, 0x000000008b600000|100%| E|CS|TAMS 0x000000008b500000| PB 0x000000008b500000| Complete |  0
| 120|0x000000008b600000, 0x000000008b700000, 0x000000008b700000|100%| E|CS|TAMS 0x000000008b600000| PB 0x000000008b600000| Complete |  0
| 121|0x000000008b700000, 0x000000008b800000, 0x000000008b800000|100%| E|CS|TAMS 0x000000008b700000| PB 0x000000008b700000| Complete |  0
| 122|0x000000008b800000, 0x000000008b900000, 0x000000008b900000|100%| E|CS|TAMS 0x000000008b800000| PB 0x000000008b800000| Complete |  0
| 123|0x000000008b900000, 0x000000008ba00000, 0x000000008ba00000|100%| E|CS|TAMS 0x000000008b900000| PB 0x000000008b900000| Complete |  0
| 124|0x000000008ba00000, 0x000000008bb00000, 0x000000008bb00000|100%| E|CS|TAMS 0x000000008ba00000| PB 0x000000008ba00000| Complete |  0
| 125|0x000000008bb00000, 0x000000008bc00000, 0x000000008bc00000|100%| E|CS|TAMS 0x000000008bb00000| PB 0x000000008bb00000| Complete |  0

Card table byte_map: [0x0000025bc88f0000,0x0000025bc8ce0000] _byte_map_base: 0x0000025bc84d1000

Marking Bits: (CMBitMap*) 0x0000025bb0ae84b0
 Bits: [0x0000025bc8ce0000, 0x0000025bcabe8000)

Polling page: 0x0000025bae8f0000

Metaspace:

Usage:
  Non-class:     17.51 MB used.
      Class:      2.82 MB used.
       Both:     20.33 MB used.

Virtual space:
  Non-class space:       64.00 MB reserved,      17.62 MB ( 28%) committed,  1 nodes.
      Class space:        1.00 GB reserved,       2.94 MB ( <1%) committed,  1 nodes.
             Both:        1.06 GB reserved,      20.56 MB (  2%) committed. 

Chunk freelists:
   Non-Class:  12.55 MB
       Class:  13.10 MB
        Both:  25.65 MB

MaxMetaspaceSize: unlimited
CompressedClassSpaceSize: 1.00 GB
Initial GC threshold: 21.00 MB
Current GC threshold: 21.00 MB
CDS: on
 - commit_granule_bytes: 65536.
 - commit_granule_words: 8192.
 - virtual_space_node_default_size: 8388608.
 - enlarge_chunks_in_place: 1.
 - use_allocation_guard: 0.


Internal statistics:

num_allocs_failed_limit: 0.
num_arena_births: 144.
num_arena_deaths: 0.
num_vsnodes_births: 2.
num_vsnodes_deaths: 0.
num_space_committed: 328.
num_space_uncommitted: 0.
num_chunks_returned_to_freelist: 0.
num_chunks_taken_from_freelist: 829.
num_chunk_merges: 0.
num_chunk_splits: 668.
num_chunks_enlarged: 599.
num_inconsistent_stats: 0.

CodeHeap 'non-profiled nmethods': size=120064Kb used=548Kb max_used=548Kb free=119515Kb
 bounds [0x0000025bc0c90000, 0x0000025bc0f00000, 0x0000025bc81d0000]
CodeHeap 'profiled nmethods': size=120000Kb used=2179Kb max_used=2179Kb free=117820Kb
 bounds [0x0000025bb91d0000, 0x0000025bb9440000, 0x0000025bc0700000]
CodeHeap 'non-nmethods': size=5696Kb used=1570Kb max_used=1570Kb free=4125Kb
 bounds [0x0000025bc0700000, 0x0000025bc0970000, 0x0000025bc0c90000]
CodeCache: size=245760Kb, used=4297Kb, max_used=4297Kb, free=241460Kb
 total_blobs=2287, nmethods=1744, adapters=449, full_count=0
Compilation: enabled, stopped_count=0, restarted_count=0

Compilation events (20 events):
Event: 3.477 Thread 0x0000025bcd6551b0 nmethod 1667 0x0000025bb93d8008 code [0x0000025bb93d8140, 0x0000025bb93d8338]
Event: 3.477 Thread 0x0000025bcd6551b0 1671       3       java.nio.Buffer::limit (65 bytes)
Event: 3.477 Thread 0x0000025bcd6551b0 nmethod 1671 0x0000025bb93d8388 code [0x0000025bb93d84c0, 0x0000025bb93d8738]
Event: 3.477 Thread 0x0000025bcd6551b0 1668       3       java.lang.CharacterDataLatin1::isJavaIdentifierPart (20 bytes)
Event: 3.478 Thread 0x0000025bcd6551b0 nmethod 1668 0x0000025bb93d8788 code [0x0000025bb93d88a0, 0x0000025bb93d8aa0]
Event: 3.478 Thread 0x0000025bcd6551b0 1669       1       java.nio.Buffer::capacity (5 bytes)
Event: 3.478 Thread 0x0000025bcd6551b0 nmethod 1669 0x0000025bc0d16b88 code [0x0000025bc0d16ca0, 0x0000025bc0d16d68]
Event: 3.484 Thread 0x0000025bcd6551b0 1672       3       java.lang.Package::<init> (47 bytes)
Event: 3.485 Thread 0x0000025bcd6551b0 nmethod 1672 0x0000025bb93d8b08 code [0x0000025bb93d8c80, 0x0000025bb93d90d8]
Event: 3.485 Thread 0x0000025bcd6551b0 1673       3       java.lang.Package$VersionInfo::getInstance (53 bytes)
Event: 3.485 Thread 0x0000025bcd6551b0 nmethod 1673 0x0000025bb93d9108 code [0x0000025bb93d9240, 0x0000025bb93d95b0]
Event: 3.498 Thread 0x0000025bcd6551b0 1674       1       java.util.Collections$EmptyIterator::hasNext (2 bytes)
Event: 3.498 Thread 0x0000025bcd6551b0 nmethod 1674 0x0000025bc0d16e88 code [0x0000025bc0d16fa0, 0x0000025bc0d17068]
Event: 3.498 Thread 0x0000025bcd6551b0 1675       3       org.jetbrains.kotlin.protobuf.CodedOutputStream::writeRawByte (7 bytes)
Event: 3.498 Thread 0x0000025bcd6551b0 nmethod 1675 0x0000025bb93d9608 code [0x0000025bb93d9720, 0x0000025bb93d9860]
Event: 3.498 Thread 0x0000025bcd6551b0 1676       3       org.jetbrains.kotlin.protobuf.CodedOutputStream::writeRawByte (43 bytes)
Event: 3.498 Thread 0x0000025bcd6551b0 nmethod 1676 0x0000025bb93d9908 code [0x0000025bb93d9a40, 0x0000025bb93d9c00]
Event: 3.498 Thread 0x0000025bcd6551b0 1677       3       org.jetbrains.kotlin.protobuf.CodedOutputStream::computeRawVarint32Size (41 bytes)
Event: 3.499 Thread 0x0000025bcd6551b0 nmethod 1677 0x0000025bb93d9c88 code [0x0000025bb93d9dc0, 0x0000025bb93da030]
Event: 3.512 Thread 0x0000025bcd6551b0 1678       3       org.jetbrains.kotlin.config.LanguageFeature::<init> (62 bytes)

GC Heap History (4 events):
Event: 1.751 GC heap before
{Heap before GC invocations=0 (full 0):
 garbage-first heap   total reserved 2033664K, committed 129024K, used 28672K [0x0000000083e00000, 0x0000000100000000)
  region size 1024K, 24 young (24576K), 0 survivors (0K)
 Metaspace       used 7738K, committed 7936K, reserved 1114112K
  class space    used 851K, committed 960K, reserved 1048576K
}
Event: 1.758 GC heap after
{Heap after GC invocations=1 (full 0):
 garbage-first heap   total reserved 2033664K, committed 129024K, used 7189K [0x0000000083e00000, 0x0000000100000000)
  region size 1024K, 3 young (3072K), 3 survivors (3072K)
 Metaspace       used 7738K, committed 7936K, reserved 1114112K
  class space    used 851K, committed 960K, reserved 1048576K
}
Event: 2.631 GC heap before
{Heap before GC invocations=1 (full 0):
 garbage-first heap   total reserved 2033664K, committed 129024K, used 29717K [0x0000000083e00000, 0x0000000100000000)
  region size 1024K, 26 young (26624K), 3 survivors (3072K)
 Metaspace       used 15463K, committed 15680K, reserved 1114112K
  class space    used 2096K, committed 2176K, reserved 1048576K
}
Event: 2.638 GC heap after
{Heap after GC invocations=2 (full 0):
 garbage-first heap   total reserved 2033664K, committed 129024K, used 8579K [0x0000000083e00000, 0x0000000100000000)
  region size 1024K, 2 young (2048K), 2 survivors (2048K)
 Metaspace       used 15463K, committed 15680K, reserved 1114112K
  class space    used 2096K, committed 2176K, reserved 1048576K
}

Dll operation events (7 events):
Event: 0.058 Loaded shared library C:\Program Files\Java\jdk-23\bin\java.dll
Event: 0.252 Loaded shared library C:\Program Files\Java\jdk-23\bin\jsvml.dll
Event: 0.355 Loaded shared library C:\Program Files\Java\jdk-23\bin\net.dll
Event: 0.360 Loaded shared library C:\Program Files\Java\jdk-23\bin\nio.dll
Event: 0.425 Loaded shared library C:\Program Files\Java\jdk-23\bin\zip.dll
Event: 0.497 Loaded shared library C:\Program Files\Java\jdk-23\bin\jimage.dll
Event: 2.221 Loaded shared library C:\Program Files\Java\jdk-23\bin\verify.dll

Deoptimization events (20 events):
Event: 3.178 Thread 0x0000025bae7e8640 Uncommon trap: trap_request=0xffffff45 fr.pc=0x0000025bc0cc6524 relative=0x0000000000000644
Event: 3.178 Thread 0x0000025bae7e8640 Uncommon trap: reason=unstable_if action=reinterpret pc=0x0000025bc0cc6524 method=java.lang.AbstractStringBuilder.append(Ljava/lang/String;)Ljava/lang/AbstractStringBuilder; @ 1 c2
Event: 3.178 Thread 0x0000025bae7e8640 DEOPT PACKING pc=0x0000025bc0cc6524 sp=0x00000071c8dfdaf0
Event: 3.178 Thread 0x0000025bae7e8640 DEOPT UNPACKING pc=0x0000025bc0757982 sp=0x00000071c8dfda80 mode 2
Event: 3.354 Thread 0x0000025bae7e8640 Uncommon trap: trap_request=0xffffffde fr.pc=0x0000025bc0cf0868 relative=0x00000000000002a8
Event: 3.354 Thread 0x0000025bae7e8640 Uncommon trap: reason=class_check action=maybe_recompile pc=0x0000025bc0cf0868 method=java.util.HashMap.getNode(Ljava/lang/Object;)Ljava/util/HashMap$Node; @ 128 c2
Event: 3.354 Thread 0x0000025bae7e8640 DEOPT PACKING pc=0x0000025bc0cf0868 sp=0x00000071c8dfd010
Event: 3.354 Thread 0x0000025bae7e8640 DEOPT UNPACKING pc=0x0000025bc0757982 sp=0x00000071c8dfcf18 mode 2
Event: 3.361 Thread 0x0000025bae7e8640 Uncommon trap: trap_request=0xffffffde fr.pc=0x0000025bc0cf0868 relative=0x00000000000002a8
Event: 3.361 Thread 0x0000025bae7e8640 Uncommon trap: reason=class_check action=maybe_recompile pc=0x0000025bc0cf0868 method=java.util.HashMap.getNode(Ljava/lang/Object;)Ljava/util/HashMap$Node; @ 128 c2
Event: 3.361 Thread 0x0000025bae7e8640 DEOPT PACKING pc=0x0000025bc0cf0868 sp=0x00000071c8dfd010
Event: 3.361 Thread 0x0000025bae7e8640 DEOPT UNPACKING pc=0x0000025bc0757982 sp=0x00000071c8dfcf18 mode 2
Event: 3.361 Thread 0x0000025bae7e8640 Uncommon trap: trap_request=0xffffffde fr.pc=0x0000025bc0ce0444 relative=0x0000000000000284
Event: 3.361 Thread 0x0000025bae7e8640 Uncommon trap: reason=class_check action=maybe_recompile pc=0x0000025bc0ce0444 method=java.util.HashMap.getNode(Ljava/lang/Object;)Ljava/util/HashMap$Node; @ 128 c2
Event: 3.361 Thread 0x0000025bae7e8640 DEOPT PACKING pc=0x0000025bc0ce0444 sp=0x00000071c8dfcfa0
Event: 3.361 Thread 0x0000025bae7e8640 DEOPT UNPACKING pc=0x0000025bc0757982 sp=0x00000071c8dfcf18 mode 2
Event: 3.401 Thread 0x0000025bae7e8640 Uncommon trap: trap_request=0xffffff45 fr.pc=0x0000025bc0ccb014 relative=0x0000000000000634
Event: 3.401 Thread 0x0000025bae7e8640 Uncommon trap: reason=unstable_if action=reinterpret pc=0x0000025bc0ccb014 method=java.lang.AbstractStringBuilder.append(Ljava/lang/String;)Ljava/lang/AbstractStringBuilder; @ 1 c2
Event: 3.401 Thread 0x0000025bae7e8640 DEOPT PACKING pc=0x0000025bc0ccb014 sp=0x00000071c8dfdaa0
Event: 3.401 Thread 0x0000025bae7e8640 DEOPT UNPACKING pc=0x0000025bc0757982 sp=0x00000071c8dfda88 mode 2

Classes loaded (20 events):
Event: 3.129 Loading class sun/net/www/URLConnection done
Event: 3.129 Loading class sun/net/www/protocol/file/FileURLConnection done
Event: 3.129 Loading class sun/net/www/MessageHeader
Event: 3.129 Loading class sun/net/www/MessageHeader done
Event: 3.129 Loading class sun/net/www/protocol/jar/URLJarFile
Event: 3.130 Loading class sun/net/www/protocol/jar/URLJarFile done
Event: 3.131 Loading class sun/net/www/protocol/jar/URLJarFile$URLJarFileEntry
Event: 3.131 Loading class sun/net/www/protocol/jar/URLJarFile$URLJarFileEntry done
Event: 3.132 Loading class sun/net/www/protocol/jar/JarURLConnection$JarURLInputStream
Event: 3.132 Loading class sun/net/www/protocol/jar/JarURLConnection$JarURLInputStream done
Event: 3.217 Loading class java/util/Formatter$FixedString
Event: 3.218 Loading class java/util/Formatter$FixedString done
Event: 3.406 Loading class java/util/LinkedList
Event: 3.407 Loading class java/util/AbstractSequentialList
Event: 3.407 Loading class java/util/AbstractSequentialList done
Event: 3.408 Loading class java/util/LinkedList done
Event: 3.410 Loading class java/util/LinkedList$Node
Event: 3.411 Loading class java/util/LinkedList$Node done
Event: 3.411 Loading class java/util/LinkedList$ListItr
Event: 3.412 Loading class java/util/LinkedList$ListItr done

Classes unloaded (0 events):
No events

Classes redefined (0 events):
No events

Internal exceptions (20 events):
Event: 1.689 Thread 0x0000025bae7e8640 Exception <a 'java/lang/NoSuchMethodError'{0x000000008a5d2df8}: 'long java.lang.invoke.DirectMethodHandle$Holder.invokeStaticInit(java.lang.Object)'> (0x000000008a5d2df8) 
thrown [s\open\src\hotspot\share\interpreter\linkResolver.cpp, line 796]
Event: 1.780 Thread 0x0000025bae7e8640 Exception <a 'java/lang/NoSuchMethodError'{0x000000008ba12550}: 'int java.lang.invoke.DirectMethodHandle$Holder.invokeStaticInit(java.lang.Object, java.lang.Object, java.lang.Object, java.lang.Object)'> (0x000000008ba12550) 
thrown [s\open\src\hotspot\share\interpreter\linkResolver.cpp, line 796]
Event: 1.826 Thread 0x0000025bae7e8640 Exception <a 'java/lang/NoSuchMethodError'{0x000000008b9d2248}: 'long java.lang.invoke.Invokers$Holder.invoke_MT(java.lang.Object, java.lang.Object, java.lang.Object, java.lang.Object)'> (0x000000008b9d2248) 
thrown [s\open\src\hotspot\share\interpreter\linkResolver.cpp, line 796]
Event: 1.828 Thread 0x0000025bae7e8640 Exception <a 'java/lang/NoSuchMethodError'{0x000000008b9da7e0}: 'int java.lang.invoke.DirectMethodHandle$Holder.invokeSpecial(java.lang.Object, java.lang.Object, java.lang.Object, java.lang.Object)'> (0x000000008b9da7e0) 
thrown [s\open\src\hotspot\share\interpreter\linkResolver.cpp, line 796]
Event: 1.828 Thread 0x0000025bae7e8640 Exception <a 'java/lang/NoSuchMethodError'{0x000000008b9ddbf0}: 'int java.lang.invoke.Invokers$Holder.invoke_MT(java.lang.Object, java.lang.Object, java.lang.Object, java.lang.Object)'> (0x000000008b9ddbf0) 
thrown [s\open\src\hotspot\share\interpreter\linkResolver.cpp, line 796]
Event: 1.831 Thread 0x0000025bae7e8640 Exception <a 'java/lang/NoSuchMethodError'{0x000000008b9eca90}: 'void java.lang.invoke.DelegatingMethodHandle$Holder.reinvoke_L(java.lang.Object, java.lang.Object, java.lang.Object, long, java.lang.Object)'> (0x000000008b9eca90) 
thrown [s\open\src\hotspot\share\interpreter\linkResolver.cpp, line 796]
Event: 1.832 Thread 0x0000025bae7e8640 Exception <a 'java/lang/NoSuchMethodError'{0x000000008b9f4398}: 'java.lang.Object java.lang.invoke.DirectMethodHandle$Holder.invokeSpecial(java.lang.Object, java.lang.Object, java.lang.Object, java.lang.Object, long)'> (0x000000008b9f4398) 
thrown [s\open\src\hotspot\share\interpreter\linkResolver.cpp, line 796]
Event: 1.835 Thread 0x0000025bae7e8640 Exception <a 'java/lang/NoSuchMethodError'{0x000000008b803388}: 'int java.lang.invoke.DelegatingMethodHandle$Holder.reinvoke_L(java.lang.Object, java.lang.Object, java.lang.Object, long, java.lang.Object, java.lang.Object)'> (0x000000008b803388) 
thrown [s\open\src\hotspot\share\interpreter\linkResolver.cpp, line 796]
Event: 1.841 Thread 0x0000025bae7e8640 Exception <a 'java/lang/NoSuchMethodError'{0x000000008b8117a0}: 'int java.lang.invoke.DelegatingMethodHandle$Holder.reinvoke_L(java.lang.Object, java.lang.Object, java.lang.Object, long, int, int)'> (0x000000008b8117a0) 
thrown [s\open\src\hotspot\share\interpreter\linkResolver.cpp, line 796]
Event: 1.843 Thread 0x0000025bae7e8640 Exception <a 'java/lang/NoSuchMethodError'{0x000000008b81f968}: 'int java.lang.invoke.DelegatingMethodHandle$Holder.reinvoke_L(java.lang.Object, java.lang.Object, java.lang.Object, long, long, long)'> (0x000000008b81f968) 
thrown [s\open\src\hotspot\share\interpreter\linkResolver.cpp, line 796]
Event: 1.845 Thread 0x0000025bae7e8640 Exception <a 'java/lang/NoSuchMethodError'{0x000000008b82d7b0}: 'int java.lang.invoke.DelegatingMethodHandle$Holder.reinvoke_L(java.lang.Object, java.lang.Object, java.lang.Object, long, int)'> (0x000000008b82d7b0) 
thrown [s\open\src\hotspot\share\interpreter\linkResolver.cpp, line 796]
Event: 1.873 Thread 0x0000025bae7e8640 Exception <a 'java/lang/NoSuchMethodError'{0x000000008b8d76b8}: 'int java.lang.invoke.DirectMethodHandle$Holder.invokeStaticInit(java.lang.Object, java.lang.Object, java.lang.Object)'> (0x000000008b8d76b8) 
thrown [s\open\src\hotspot\share\interpreter\linkResolver.cpp, line 796]
Event: 1.880 Thread 0x0000025bae7e8640 Exception <a 'java/lang/NoSuchMethodError'{0x000000008b8fd2a0}: 'int java.lang.invoke.DirectMethodHandle$Holder.invokeStaticInit(java.lang.Object, java.lang.Object)'> (0x000000008b8fd2a0) 
thrown [s\open\src\hotspot\share\interpreter\linkResolver.cpp, line 796]
Event: 2.061 Thread 0x0000025bae7e8640 Exception <a 'java/lang/NoSuchMethodError'{0x000000008b4da348}: 'void java.lang.invoke.DirectMethodHandle$Holder.invokeStatic(java.lang.Object, java.lang.Object, java.lang.Object, java.lang.Object)'> (0x000000008b4da348) 
thrown [s\open\src\hotspot\share\interpreter\linkResolver.cpp, line 796]
Event: 2.170 Thread 0x0000025bae7e8640 Exception <a 'java/lang/NoSuchMethodError'{0x000000008b086d28}: 'void java.lang.invoke.DirectMethodHandle$Holder.invokeStaticInit(java.lang.Object, java.lang.Object)'> (0x000000008b086d28) 
thrown [s\open\src\hotspot\share\interpreter\linkResolver.cpp, line 796]
Event: 2.299 Thread 0x0000025bae7e8640 Exception <a 'java/lang/NoSuchMethodError'{0x000000008adca7f0}: 'void java.lang.invoke.Invokers$Holder.invokeExact_MT(java.lang.Object, int, java.lang.Object)'> (0x000000008adca7f0) 
thrown [s\open\src\hotspot\share\interpreter\linkResolver.cpp, line 796]
Event: 2.362 Thread 0x0000025bae7e8640 Exception <a 'java/lang/NoSuchMethodError'{0x000000008ab19ba8}: 'void java.lang.invoke.DirectMethodHandle$Holder.invokeVirtual(java.lang.Object, java.lang.Object)'> (0x000000008ab19ba8) 
thrown [s\open\src\hotspot\share\interpreter\linkResolver.cpp, line 796]
Event: 2.379 Thread 0x0000025bae7e8640 Exception <a 'java/lang/NoSuchMethodError'{0x000000008ab8f670}: 'int java.lang.invoke.DirectMethodHandle$Holder.invokeVirtual(java.lang.Object, java.lang.Object)'> (0x000000008ab8f670) 
thrown [s\open\src\hotspot\share\interpreter\linkResolver.cpp, line 796]
Event: 3.178 Thread 0x0000025bae7e8640 Implicit null exception at 0x0000025bc0cc5f14 to 0x0000025bc0cc650c
Event: 3.401 Thread 0x0000025bae7e8640 Implicit null exception at 0x0000025bc0ccaa10 to 0x0000025bc0ccaffc

VM Operations (16 events):
Event: 0.427 Executing VM operation: HandshakeAllThreads (Deoptimize)
Event: 0.427 Executing VM operation: HandshakeAllThreads (Deoptimize) done
Event: 1.175 Executing VM operation: HandshakeAllThreads (Deoptimize)
Event: 1.176 Executing VM operation: HandshakeAllThreads (Deoptimize) done
Event: 1.751 Executing VM operation: G1CollectForAllocation (G1 Evacuation Pause)
Event: 1.758 Executing VM operation: G1CollectForAllocation (G1 Evacuation Pause) done
Event: 2.631 Executing VM operation: G1CollectForAllocation (G1 Evacuation Pause)
Event: 2.638 Executing VM operation: G1CollectForAllocation (G1 Evacuation Pause) done
Event: 2.895 Executing VM operation: HandshakeAllThreads (Deoptimize)
Event: 2.895 Executing VM operation: HandshakeAllThreads (Deoptimize) done
Event: 3.130 Executing VM operation: HandshakeAllThreads (Deoptimize)
Event: 3.130 Executing VM operation: HandshakeAllThreads (Deoptimize) done
Event: 3.130 Executing VM operation: HandshakeAllThreads (Deoptimize)
Event: 3.130 Executing VM operation: HandshakeAllThreads (Deoptimize) done
Event: 3.408 Executing VM operation: HandshakeAllThreads (Deoptimize)
Event: 3.408 Executing VM operation: HandshakeAllThreads (Deoptimize) done

Memory protections (0 events):
No events

Nmethod flushes (0 events):
No events

Events (11 events):
Event: 0.203 Thread 0x0000025bae7e8640 Thread added: 0x0000025bae7e8640
Event: 0.244 Thread 0x0000025bae7e8640 Thread added: 0x0000025bcd624a50
Event: 0.244 Thread 0x0000025bae7e8640 Thread added: 0x0000025bcd625a60
Event: 0.244 Thread 0x0000025bae7e8640 Thread added: 0x0000025bcd629ed0
Event: 0.245 Thread 0x0000025bae7e8640 Thread added: 0x0000025bcd62aa20
Event: 0.245 Thread 0x0000025bae7e8640 Thread added: 0x0000025bcd62d580
Event: 0.245 Thread 0x0000025bae7e8640 Thread added: 0x0000025bcd62e0d0
Event: 0.245 Thread 0x0000025bae7e8640 Thread added: 0x0000025bcd633710
Event: 0.246 Thread 0x0000025bae7e8640 Thread added: 0x0000025bcd6551b0
Event: 0.343 Thread 0x0000025bae7e8640 Thread added: 0x0000025bcd7aa2c0
Event: 0.347 Thread 0x0000025bae7e8640 Thread added: 0x0000025bcd7af380


Dynamic libraries:
0x00007ff7a3130000 - 0x00007ff7a3140000 	C:\Program Files\Java\jdk-23\bin\java.exe
0x00007ff8463f0000 - 0x00007ff846607000 	C:\WINDOWS\SYSTEM32\ntdll.dll
0x00007ff844eb0000 - 0x00007ff844f74000 	C:\WINDOWS\System32\KERNEL32.DLL
0x00007ff843950000 - 0x00007ff843d23000 	C:\WINDOWS\System32\KERNELBASE.dll
0x00007ff843650000 - 0x00007ff843761000 	C:\WINDOWS\System32\ucrtbase.dll
0x00007ff837b00000 - 0x00007ff837b17000 	C:\Program Files\Java\jdk-23\bin\jli.dll
0x00007ff837a20000 - 0x00007ff837a3b000 	C:\Program Files\Java\jdk-23\bin\VCRUNTIME140.dll
0x00007ff8461f0000 - 0x00007ff8463a1000 	C:\WINDOWS\System32\USER32.dll
0x00007ff843620000 - 0x00007ff843646000 	C:\WINDOWS\System32\win32u.dll
0x00007ff822240000 - 0x00007ff8224d8000 	C:\WINDOWS\WinSxS\amd64_microsoft.windows.common-controls_6595b64144ccf1df_6.0.22621.5124_none_270e8f4f7386d69d\COMCTL32.dll
0x00007ff846090000 - 0x00007ff8460b9000 	C:\WINDOWS\System32\GDI32.dll
0x00007ff843500000 - 0x00007ff84361b000 	C:\WINDOWS\System32\gdi32full.dll
0x00007ff845620000 - 0x00007ff8456c7000 	C:\WINDOWS\System32\msvcrt.dll
0x00007ff8437f0000 - 0x00007ff84388a000 	C:\WINDOWS\System32\msvcp_win.dll
0x00007ff844dc0000 - 0x00007ff844df1000 	C:\WINDOWS\System32\IMM32.DLL
0x00007ff82d4e0000 - 0x00007ff82d4ec000 	C:\Program Files\Java\jdk-23\bin\vcruntime140_1.dll
0x00007ffff74a0000 - 0x00007ffff752e000 	C:\Program Files\Java\jdk-23\bin\msvcp140.dll
0x00007fffb6ef0000 - 0x00007fffb7c40000 	C:\Program Files\Java\jdk-23\bin\server\jvm.dll
0x00007ff844ff0000 - 0x00007ff8450a1000 	C:\WINDOWS\System32\ADVAPI32.dll
0x00007ff844e00000 - 0x00007ff844ea8000 	C:\WINDOWS\System32\sechost.dll
0x00007ff843db0000 - 0x00007ff843dd8000 	C:\WINDOWS\System32\bcrypt.dll
0x00007ff844430000 - 0x00007ff844544000 	C:\WINDOWS\System32\RPCRT4.dll
0x00007ff846170000 - 0x00007ff8461e1000 	C:\WINDOWS\System32\WS2_32.dll
0x00007ff8433d0000 - 0x00007ff84341d000 	C:\WINDOWS\SYSTEM32\POWRPROF.dll
0x00007ff83ebd0000 - 0x00007ff83ec04000 	C:\WINDOWS\SYSTEM32\WINMM.dll
0x00007ff83ee90000 - 0x00007ff83ee9a000 	C:\WINDOWS\SYSTEM32\VERSION.dll
0x00007ff8433b0000 - 0x00007ff8433c3000 	C:\WINDOWS\SYSTEM32\UMPDC.dll
0x00007ff842530000 - 0x00007ff842548000 	C:\WINDOWS\SYSTEM32\kernel.appcore.dll
0x00007ff8247a0000 - 0x00007ff8247aa000 	C:\Program Files\Java\jdk-23\bin\jimage.dll
0x00007ff8409a0000 - 0x00007ff840bd2000 	C:\WINDOWS\SYSTEM32\DBGHELP.DLL
0x00007ff845280000 - 0x00007ff845612000 	C:\WINDOWS\System32\combase.dll
0x00007ff8449f0000 - 0x00007ff844ac7000 	C:\WINDOWS\System32\OLEAUT32.dll
0x00007ff821ba0000 - 0x00007ff821bd2000 	C:\WINDOWS\SYSTEM32\dbgcore.DLL
0x00007ff843770000 - 0x00007ff8437eb000 	C:\WINDOWS\System32\bcryptPrimitives.dll
0x00007ff823ce0000 - 0x00007ff823cfe000 	C:\Program Files\Java\jdk-23\bin\java.dll
0x00007ff844090000 - 0x00007ff844231000 	C:\WINDOWS\System32\ole32.dll
0x00007ff8456e0000 - 0x00007ff845f76000 	C:\WINDOWS\System32\SHELL32.dll
0x00007ff843f50000 - 0x00007ff84408f000 	C:\WINDOWS\System32\wintypes.dll
0x00007ff8413d0000 - 0x00007ff841cea000 	C:\WINDOWS\SYSTEM32\windows.storage.dll
0x00007ff844b30000 - 0x00007ff844c3a000 	C:\WINDOWS\System32\SHCORE.dll
0x00007ff844c60000 - 0x00007ff844cc3000 	C:\WINDOWS\System32\shlwapi.dll
0x00007ff843430000 - 0x00007ff84345b000 	C:\WINDOWS\SYSTEM32\profapi.dll
0x00007ffff3090000 - 0x00007ffff3167000 	C:\Program Files\Java\jdk-23\bin\jsvml.dll
0x00007ff824580000 - 0x00007ff824590000 	C:\Program Files\Java\jdk-23\bin\net.dll
0x00007ff8429b0000 - 0x00007ff842a1a000 	C:\WINDOWS\system32\mswsock.dll
0x00007ff823cc0000 - 0x00007ff823cd6000 	C:\Program Files\Java\jdk-23\bin\nio.dll
0x00007ff8234f0000 - 0x00007ff823507000 	C:\Program Files\Java\jdk-23\bin\zip.dll
0x00007ff823b80000 - 0x00007ff823b90000 	C:\Program Files\Java\jdk-23\bin\verify.dll

dbghelp: loaded successfully - version: 4.0.5 - missing functions: none
symbol engine: initialized successfully - sym options: 0x614 - pdb path: .;C:\Program Files\Java\jdk-23\bin;C:\WINDOWS\SYSTEM32;C:\WINDOWS\WinSxS\amd64_microsoft.windows.common-controls_6595b64144ccf1df_6.0.22621.5124_none_270e8f4f7386d69d;C:\Program Files\Java\jdk-23\bin\server

VM Arguments:
java_command: org.jetbrains.kotlin.cli.jvm.K2JVMCompiler @E:\JavaLearn\ExpenseTracker\node_modules\react-native-safe-area-context\android\build\20250511_10776179540992772089.compiler.options
java_class_path (initial): C:\Users\Ayush Kumar\.gradle\caches\modules-2\files-2.1\org.jetbrains.kotlin\kotlin-compiler-embeddable\1.9.25\6e698f23ca1f74d6672827f61e92c2fe015d1b88\kotlin-compiler-embeddable-1.9.25.jar;C:\Users\Ayush Kumar\.gradle\caches\modules-2\files-2.1\org.jetbrains.kotlin\kotlin-stdlib\1.9.25\f700a2f2b8f0d6d0fde48f56d894dc722fb029d7\kotlin-stdlib-1.9.25.jar;C:\Users\Ayush Kumar\.gradle\caches\modules-2\files-2.1\org.jetbrains.kotlin\kotlin-script-runtime\1.9.25\43cdc99e4582c67c2b60f609d0e4c015d33a8e89\kotlin-script-runtime-1.9.25.jar;C:\Users\Ayush Kumar\.gradle\caches\modules-2\files-2.1\org.jetbrains.kotlin\kotlin-reflect\1.6.10\1cbe9c92c12a94eea200d23c2bbaedaf3daf5132\kotlin-reflect-1.6.10.jar;C:\Users\Ayush Kumar\.gradle\caches\modules-2\files-2.1\org.jetbrains.kotlin\kotlin-daemon-embeddable\1.9.25\3a1ebb4f98ed480e4774f45e3be215626eb3ae02\kotlin-daemon-embeddable-1.9.25.jar;C:\Users\Ayush Kumar\.gradle\caches\modules-2\files-2.1\org.jetbrains.intellij.deps\trove4j\1.0.20200330\3afb14d5f9ceb459d724e907a21145e8ff394f02\trove4j-1.0.20200330.jar;C:\Users\Ayush Kumar\.gradle\caches\modules-2\files-2.1\org.jetbrains\annotations\13.0\919f0dfe192fb4e063e7dacadee7f8bb9a2672a9\annotations-13.0.jar
Launcher Type: SUN_STANDARD

[Global flags]
     intx CICompilerCount                          = 4                                         {product} {ergonomic}
     uint ConcGCThreads                            = 2                                         {product} {ergonomic}
     uint G1ConcRefinementThreads                  = 8                                         {product} {ergonomic}
   size_t G1HeapRegionSize                         = 1048576                                   {product} {ergonomic}
   size_t InitialHeapSize                          = 132120576                                 {product} {ergonomic}
   size_t MarkStackSize                            = 4194304                                   {product} {ergonomic}
   size_t MarkStackSizeMax                         = 536870912                                 {product} {ergonomic}
   size_t MaxHeapSize                              = 2082471936                                {product} {ergonomic}
   size_t MaxNewSize                               = 1248854016                                {product} {ergonomic}
   size_t MinHeapDeltaBytes                        = 1048576                                   {product} {ergonomic}
   size_t MinHeapSize                              = 8388608                                   {product} {ergonomic}
    uintx NonNMethodCodeHeapSize                   = 5832704                                {pd product} {ergonomic}
    uintx NonProfiledCodeHeapSize                  = 122945536                              {pd product} {ergonomic}
    uintx ProfiledCodeHeapSize                     = 122880000                              {pd product} {ergonomic}
    uintx ReservedCodeCacheSize                    = 251658240                              {pd product} {ergonomic}
     bool SegmentedCodeCache                       = true                                      {product} {ergonomic}
   size_t SoftMaxHeapSize                          = 2082471936                             {manageable} {ergonomic}
     bool UseCompressedOops                        = true                           {product lp64_product} {ergonomic}
     bool UseG1GC                                  = true                                      {product} {ergonomic}
     bool UseLargePagesIndividualAllocation        = false                                  {pd product} {ergonomic}

Logging:
Log output configuration:
 #0: stdout all=warning uptime,level,tags foldmultilines=false
 #1: stderr all=off uptime,level,tags foldmultilines=false

Environment Variables:
CLASSPATH=E:\JavaLearn\ExpenseTracker\android\\gradle\wrapper\gradle-wrapper.jar
PATH=E:\JavaLearn\ExpenseTracker\node_modules\.bin;E:\JavaLearn\ExpenseTracker\node_modules\.bin;E:\JavaLearn\node_modules\.bin;E:\node_modules\.bin;C:\Program Files\nodejs\node_modules\npm\node_modules\@npmcli\run-script\lib\node-gyp-bin;C:\Python312\Scripts\;C:\Python312\;C:\Program Files\Common Files\Oracle\Java\javapath;C:\WINDOWS\system32;C:\WINDOWS;C:\WINDOWS\System32\Wbem;C:\WINDOWS\System32\WindowsPowerShell\v1.0\;C:\WINDOWS\System32\OpenSSH\;C:\MinGW\bin;C:\TDM-GCC-64\bin;C:\Program Files\Microsoft SQL Server\120\Tools\Binn\;C:\Program Files\HP\HP One Agent;C:\Program Files\Git\cmd;C:\Program Files\nodejs\;C:\ProgramData\chocolatey\bin;C:\Program Files\Amazon\AWSCLIV2\;C:\Program Files\Java\jdk-23\bin;C:\Gradle\gradle-8.12.1\bin;C:\Program Files\Maven\apache-maven-3.9.9\bin;C:\Program Files\MySQL\MySQL Server 9.2\bin;C:\Program Files\PuTTY\;C:\Program Files\MySQL\MySQL Server 8.0\bin;C:\Program Files\Docker\Docker\resources\bin;C:\Users\Ayush Kumar\AppData\Local\Android\Sdk;C:\Users\Ayush Kumar\AppData\Local\Android\Sdk\platform-tools;C:\Users\Ayush Kumar\AppData\Local\Android\Sdk\tools;C:\Users\Ayush Kumar\AppData\Local\Android\Sdk\tools\bin;C:\Users\Ayush Kumar\AppData\Local\Android\Sdk\cmake\3.22.1\bin;C:\Program Files\MySQL\MySQL Shell 8.0\bin\;C:\Users\Ayush Kumar\AppData\Local\Programs\Python\Python310\Scripts\;C:\Users\Ayush Kumar\AppData\Local\Programs\Python\Python310\;C:\Users\Ayush Kumar\AppData\Local\Microsoft\WindowsApps;C:\Users\Ayush Kumar\AppData\Local\Programs\Microsoft VS Code\bin;C:\Users\Ayush Kumar\AppData\Roaming\npm;E:\Other Book\node-v20.15.0-x64.msi;E:\Program Files\mongosh-2.2.12-win32-x64\bin;C:\Users\Ayush Kumar\AppData\Local\Android\Sdk\cmake\3.22.1\bin;
USERNAME=Ayush Kumar
LANG=en_US.UTF-8
OS=Windows_NT
PROCESSOR_IDENTIFIER=Intel64 Family 6 Model 140 Stepping 2, GenuineIntel
TMP=C:\Users\AYUSHK~1\AppData\Local\Temp
TEMP=C:\Users\AYUSHK~1\AppData\Local\Temp




Periodic native trim disabled

---------------  S Y S T E M  ---------------

OS:
 Windows 11 , 64 bit Build 22621 (10.0.22621.5124)
OS uptime: 7 days 9:20 hours
Hyper-V role detected

CPU: total 8 (initial active 8) (4 cores per cpu, 2 threads per core) family 6 model 140 stepping 2 microcode 0x2c, cx8, cmov, fxsr, ht, mmx, 3dnowpref, sse, sse2, sse3, ssse3, sse4.1, sse4.2, popcnt, lzcnt, tsc, tscinvbit, avx, avx2, aes, erms, clmul, bmi1, bmi2, adx, avx512f, avx512dq, avx512cd, avx512bw, avx512vl, sha, fma, vzeroupper, avx512_vpopcntdq, avx512_vpclmulqdq, avx512_vaes, avx512_vnni, clflush, clflushopt, clwb, avx512_vbmi2, avx512_vbmi, hv, rdtscp, rdpid, fsrm, gfni, avx512_bitalg, f16c, cet_ibt, cet_ss, avx512_ifma
Processor Information for the first 8 processors :
  Max Mhz: 2496, Current Mhz: 2496, Mhz Limit: 2496

Memory: 4k page, system-wide physical 7941M (68M free)
TotalPageFile size 24325M (AvailPageFile size 2M)
current process WorkingSet (physical memory assigned to process): 135M, peak: 135M
current process commit charge ("private bytes"): 262M, peak: 264M

vm_info: Java HotSpot(TM) 64-Bit Server VM (23.0.2+7-58) for windows-amd64 JRE (23.0.2+7-58), built on 2024-11-29T09:34:55Z with MS VC++ 17.6 (VS2022)

END.
