#
# There is insufficient memory for the Java Runtime Environment to continue.
# Native memory allocation (mmap) failed to map 132120576 bytes. Error detail: G1 virtual space
# Possible reasons:
#   The system is out of physical RAM or swap space
#   This process is running with CompressedOops enabled, and the Java Heap may be blocking the growth of the native heap
# Possible solutions:
#   Reduce memory load on the system
#   Increase physical memory or swap space
#   Check if swap backing store is full
#   Decrease Java heap size (-Xmx/-Xms)
#   Decrease number of Java threads
#   Decrease Java thread stack sizes (-Xss)
#   Set larger code cache with -XX:ReservedCodeCacheSize=
#   JVM is running with Unscaled Compressed Oops mode in which the Java heap is
#     placed in the first 4GB address space. The Java Heap base address is the
#     maximum limit for the native heap growth. Please use -XX:HeapBaseMinAddress
#     to set the Java Heap base and to place the Java Heap above 4GB virtual address.
# This output file may be truncated or incomplete.
#
#  Out of Memory Error (os_windows.cpp:3707), pid=14676, tid=7444
#
# JRE version:  (23.0.2+7) (build )
# Java VM: Java HotSpot(TM) 64-Bit Server VM (23.0.2+7-58, mixed mode, sharing, tiered, compressed oops, compressed class ptrs, g1 gc, windows-amd64)
# No core dump will be written. Minidumps are not enabled by default on client versions of Windows
#

---------------  S U M M A R Y ------------

Command Line: 

Host: 11th Gen Intel(R) Core(TM) i5-1155G7 @ 2.50GHz, 8 cores, 7G,  Windows 11 , 64 bit Build 22621 (10.0.22621.5124)
Time: Sun May 11 21:30:09 2025 India Standard Time elapsed time: 0.024299 seconds (0d 0h 0m 0s)

---------------  T H R E A D  ---------------

Current thread (0x00000189a905f6a0):  JavaThread "Unknown thread" [_thread_in_vm, id=7444, stack(0x00000041a3900000,0x00000041a3a00000) (1024K)]

Stack: [0x00000041a3900000,0x00000041a3a00000]
Native frames: (J=compiled Java code, j=interpreted, Vv=VM code, C=native code)
V  [jvm.dll+0x6e0b99]  (no source info available)
V  [jvm.dll+0x87e2b3]  (no source info available)
V  [jvm.dll+0x88073e]  (no source info available)
V  [jvm.dll+0x880e13]  (no source info available)
V  [jvm.dll+0x27b006]  (no source info available)
V  [jvm.dll+0x6dd485]  (no source info available)
V  [jvm.dll+0x6d127a]  (no source info available)
V  [jvm.dll+0x35b50a]  (no source info available)
V  [jvm.dll+0x363916]  (no source info available)
V  [jvm.dll+0x34fe7e]  (no source info available)
V  [jvm.dll+0x350118]  (no source info available)
V  [jvm.dll+0x328aec]  (no source info available)
V  [jvm.dll+0x32978e]  (no source info available)
V  [jvm.dll+0x8449a5]  (no source info available)
V  [jvm.dll+0x3b9a08]  (no source info available)
V  [jvm.dll+0x82d68c]  (no source info available)
V  [jvm.dll+0x454f2e]  (no source info available)
V  [jvm.dll+0x456db1]  (no source info available)
C  [jli.dll+0x52a3]  (no source info available)
C  [ucrtbase.dll+0x29333]  (no source info available)
C  [KERNEL32.DLL+0x1259d]  (no source info available)
C  [ntdll.dll+0x5af38]  (no source info available)

Lock stack of current Java thread (top to bottom):


---------------  P R O C E S S  ---------------

Threads class SMR info:
_java_thread_list=0x00007fffb7ae4618, length=0, elements={
}

Java Threads: ( => current thread )
Total: 0

Other Threads:
  0x00000189a90b5b60 WorkerThread "GC Thread#0"                     [id=15648, stack(0x00000041a3a00000,0x00000041a3b00000) (1024K)]
  0x00000189a90ca200 ConcurrentGCThread "G1 Main Marker"            [id=22536, stack(0x00000041a3b00000,0x00000041a3c00000) (1024K)]
  0x00000189a90caec0 WorkerThread "G1 Conc#0"                       [id=20288, stack(0x00000041a3c00000,0x00000041a3d00000) (1024K)]

[error occurred during error reporting (printing all threads), id 0xc0000005, EXCEPTION_ACCESS_VIOLATION (0xc0000005) at pc=0x00007fffb722c0da]
VM state: not at safepoint (not fully initialized)

VM Mutex/Monitor currently owned by a thread:  ([mutex/lock_event])
[0x00007fffb7b64988] Heap_lock - owner thread: 0x00000189a905f6a0

Heap address: 0x0000000083e00000, size: 1986 MB, Compressed Oops mode: 32-bit

CDS archive(s) mapped at: [0x0000000000000000-0x0000000000000000-0x0000000000000000), size 0, SharedBaseAddress: 0x0000000800000000, ArchiveRelocationMode: 1.
Narrow klass base: 0x0000000000000000, Narrow klass shift: 0, Narrow klass range: 0x0

GC Precious Log:
 CardTable entry size: 512
 Card Set container configuration: InlinePtr #cards 5 size 8 Array Of Cards #cards 10 size 36 Howl #buckets 4 coarsen threshold 1843 Howl Bitmap #cards 512 size 80 coarsen threshold 460 Card regions per heap region 1 cards per card region 2048

Heap:
 garbage-first heap   total reserved 2033664K, committed 0K, used 0K [0x0000000083e00000, 0x0000000100000000)
  region size 1024K, 0 young (0K), 0 survivors (0K)

[error occurred during error reporting (printing heap information), id 0xc0000005, EXCEPTION_ACCESS_VIOLATION (0xc0000005) at pc=0x00007fffb762c6a9]
GC Heap History (0 events):
No events

Dll operation events (1 events):
Event: 0.018 Loaded shared library C:\Program Files\Java\jdk-23\bin\java.dll

Deoptimization events (0 events):
No events

Classes loaded (0 events):
No events

Classes unloaded (0 events):
No events

Classes redefined (0 events):
No events

Internal exceptions (0 events):
No events

VM Operations (0 events):
No events

Memory protections (0 events):
No events

Nmethod flushes (0 events):
No events

Events (0 events):
No events


Dynamic libraries:
0x00007ff7a3130000 - 0x00007ff7a3140000 	C:\Program Files\Java\jdk-23\bin\java.exe
0x00007ff8463f0000 - 0x00007ff846607000 	C:\WINDOWS\SYSTEM32\ntdll.dll
0x00007ff844eb0000 - 0x00007ff844f74000 	C:\WINDOWS\System32\KERNEL32.DLL
0x00007ff843950000 - 0x00007ff843d23000 	C:\WINDOWS\System32\KERNELBASE.dll
0x00007ff843650000 - 0x00007ff843761000 	C:\WINDOWS\System32\ucrtbase.dll
0x00007ff837b00000 - 0x00007ff837b17000 	C:\Program Files\Java\jdk-23\bin\jli.dll
0x00007ff837a20000 - 0x00007ff837a3b000 	C:\Program Files\Java\jdk-23\bin\VCRUNTIME140.dll
0x00007ff8461f0000 - 0x00007ff8463a1000 	C:\WINDOWS\System32\USER32.dll
0x00007ff843620000 - 0x00007ff843646000 	C:\WINDOWS\System32\win32u.dll
0x00007ff822240000 - 0x00007ff8224d8000 	C:\WINDOWS\WinSxS\amd64_microsoft.windows.common-controls_6595b64144ccf1df_6.0.22621.5124_none_270e8f4f7386d69d\COMCTL32.dll
0x00007ff846090000 - 0x00007ff8460b9000 	C:\WINDOWS\System32\GDI32.dll
0x00007ff845620000 - 0x00007ff8456c7000 	C:\WINDOWS\System32\msvcrt.dll
0x00007ff843500000 - 0x00007ff84361b000 	C:\WINDOWS\System32\gdi32full.dll
0x00007ff8437f0000 - 0x00007ff84388a000 	C:\WINDOWS\System32\msvcp_win.dll
0x00007ff844dc0000 - 0x00007ff844df1000 	C:\WINDOWS\System32\IMM32.DLL
0x00007ff82d4e0000 - 0x00007ff82d4ec000 	C:\Program Files\Java\jdk-23\bin\vcruntime140_1.dll
0x00007ffff74a0000 - 0x00007ffff752e000 	C:\Program Files\Java\jdk-23\bin\msvcp140.dll
0x00007fffb6ef0000 - 0x00007fffb7c40000 	C:\Program Files\Java\jdk-23\bin\server\jvm.dll
0x00007ff844ff0000 - 0x00007ff8450a1000 	C:\WINDOWS\System32\ADVAPI32.dll
0x00007ff844e00000 - 0x00007ff844ea8000 	C:\WINDOWS\System32\sechost.dll
0x00007ff843db0000 - 0x00007ff843dd8000 	C:\WINDOWS\System32\bcrypt.dll
0x00007ff844430000 - 0x00007ff844544000 	C:\WINDOWS\System32\RPCRT4.dll
0x00007ff846170000 - 0x00007ff8461e1000 	C:\WINDOWS\System32\WS2_32.dll
0x00007ff8433d0000 - 0x00007ff84341d000 	C:\WINDOWS\SYSTEM32\POWRPROF.dll
0x00007ff83ebd0000 - 0x00007ff83ec04000 	C:\WINDOWS\SYSTEM32\WINMM.dll
0x00007ff83ee90000 - 0x00007ff83ee9a000 	C:\WINDOWS\SYSTEM32\VERSION.dll
0x00007ff8433b0000 - 0x00007ff8433c3000 	C:\WINDOWS\SYSTEM32\UMPDC.dll
0x00007ff842530000 - 0x00007ff842548000 	C:\WINDOWS\SYSTEM32\kernel.appcore.dll
0x00007ff8247a0000 - 0x00007ff8247aa000 	C:\Program Files\Java\jdk-23\bin\jimage.dll
0x00007ff8409a0000 - 0x00007ff840bd2000 	C:\WINDOWS\SYSTEM32\DBGHELP.DLL
0x00007ff845280000 - 0x00007ff845612000 	C:\WINDOWS\System32\combase.dll
0x00007ff8449f0000 - 0x00007ff844ac7000 	C:\WINDOWS\System32\OLEAUT32.dll
0x00007ff821ba0000 - 0x00007ff821bd2000 	C:\WINDOWS\SYSTEM32\dbgcore.DLL
0x00007ff843770000 - 0x00007ff8437eb000 	C:\WINDOWS\System32\bcryptPrimitives.dll
0x00007ff823ce0000 - 0x00007ff823cfe000 	C:\Program Files\Java\jdk-23\bin\java.dll
0x00007ff844090000 - 0x00007ff844231000 	C:\WINDOWS\System32\ole32.dll
0x00007ff8456e0000 - 0x00007ff845f76000 	C:\WINDOWS\System32\SHELL32.dll
0x00007ff843f50000 - 0x00007ff84408f000 	C:\WINDOWS\System32\wintypes.dll

dbghelp: loaded successfully - version: 4.0.5 - missing functions: none
symbol engine: initialized successfully - sym options: 0x614 - pdb path: .;C:\Program Files\Java\jdk-23\bin;C:\WINDOWS\SYSTEM32;C:\WINDOWS\WinSxS\amd64_microsoft.windows.common-controls_6595b64144ccf1df_6.0.22621.5124_none_270e8f4f7386d69d;C:\Program Files\Java\jdk-23\bin\server

VM Arguments:
java_command: <unknown>
java_class_path (initial): <not set>
Launcher Type: SUN_STANDARD

[Global flags]
     intx CICompilerCount                          = 4                                         {product} {ergonomic}
     uint ConcGCThreads                            = 2                                         {product} {ergonomic}
     uint G1ConcRefinementThreads                  = 8                                         {product} {ergonomic}
   size_t G1HeapRegionSize                         = 1048576                                   {product} {ergonomic}
   size_t InitialHeapSize                          = 132120576                                 {product} {ergonomic}
   size_t MarkStackSize                            = 4194304                                   {product} {ergonomic}
   size_t MarkStackSizeMax                         = 536870912                                 {product} {ergonomic}
   size_t MaxHeapSize                              = 2082471936                                {product} {ergonomic}
   size_t MinHeapDeltaBytes                        = 1048576                                   {product} {ergonomic}
   size_t MinHeapSize                              = 8388608                                   {product} {ergonomic}
    uintx NonNMethodCodeHeapSize                   = 5832704                                {pd product} {ergonomic}
    uintx NonProfiledCodeHeapSize                  = 122945536                              {pd product} {ergonomic}
    uintx ProfiledCodeHeapSize                     = 122880000                              {pd product} {ergonomic}
    uintx ReservedCodeCacheSize                    = 251658240                              {pd product} {ergonomic}
     bool SegmentedCodeCache                       = true                                      {product} {ergonomic}
   size_t SoftMaxHeapSize                          = 2082471936                             {manageable} {ergonomic}
     bool UseCompressedOops                        = true                           {product lp64_product} {ergonomic}
     bool UseG1GC                                  = true                                      {product} {ergonomic}
     bool UseLargePagesIndividualAllocation        = false                                  {pd product} {ergonomic}

Logging:
Log output configuration:
 #0: stdout all=warning uptime,level,tags foldmultilines=false
 #1: stderr all=off uptime,level,tags foldmultilines=false

Environment Variables:
PATH=E:\JavaLearn\ExpenseTracker\node_modules\.bin;E:\JavaLearn\ExpenseTracker\node_modules\.bin;E:\JavaLearn\node_modules\.bin;E:\node_modules\.bin;C:\Program Files\nodejs\node_modules\npm\node_modules\@npmcli\run-script\lib\node-gyp-bin;E:\JavaLearn\ExpenseTracker\node_modules\.bin;E:\JavaLearn\ExpenseTracker\node_modules\.bin;E:\JavaLearn\node_modules\.bin;E:\node_modules\.bin;C:\Program Files\nodejs\node_modules\npm\node_modules\@npmcli\run-script\lib\node-gyp-bin;C:\Python312\Scripts\;C:\Python312\;C:\Program Files\Common Files\Oracle\Java\javapath;C:\WINDOWS\system32;C:\WINDOWS;C:\WINDOWS\System32\Wbem;C:\WINDOWS\System32\WindowsPowerShell\v1.0\;C:\WINDOWS\System32\OpenSSH\;C:\MinGW\bin;C:\TDM-GCC-64\bin;C:\Program Files\Microsoft SQL Server\120\Tools\Binn\;C:\Program Files\HP\HP One Agent;C:\Program Files\Git\cmd;C:\Program Files\nodejs\;C:\ProgramData\chocolatey\bin;C:\Program Files\Amazon\AWSCLIV2\;C:\Program Files\Java\jdk-23\bin;C:\Gradle\gradle-8.12.1\bin;C:\Program Files\Maven\apache-maven-3.9.9\bin;C:\Program Files\MySQL\MySQL Server 9.2\bin;C:\Program Files\PuTTY\;C:\Program Files\MySQL\MySQL Server 8.0\bin;C:\Program Files\Docker\Docker\resources\bin;C:\Users\Ayush Kumar\AppData\Local\Android\Sdk;C:\Users\Ayush Kumar\AppData\Local\Android\Sdk\platform-tools;C:\Users\Ayush Kumar\AppData\Local\Android\Sdk\tools;C:\Users\Ayush Kumar\AppData\Local\Android\Sdk\tools\bin;C:\Users\Ayush Kumar\AppData\Local\Android\Sdk\cmake\3.22.1\bin;C:\Program Files\MySQL\MySQL Shell 8.0\bin\;C:\Users\Ayush Kumar\AppData\Local\Programs\Python\Python310\Scripts\;C:\Users\Ayush Kumar\AppData\Local\Programs\Python\Python310\;C:\Users\Ayush Kumar\AppData\Local\Microsoft\WindowsApps;C:\Users\Ayush Kumar\AppData\Local\Programs\Microsoft VS Code\bin;C:\Users\Ayush Kumar\AppData\Roaming\npm;E:\Other Book\node-v20.15.0-x64.msi;E:\Program Files\mongosh-2.2.12-win32-x64\bin;C:\Users\Ayush Kumar\AppData\Local\Android\Sdk\cmake\3.22.1\bin;
USERNAME=Ayush Kumar
LANG=en_US.UTF-8
OS=Windows_NT
PROCESSOR_IDENTIFIER=Intel64 Family 6 Model 140 Stepping 2, GenuineIntel
TMP=C:\Users\AYUSHK~1\AppData\Local\Temp
TEMP=C:\Users\AYUSHK~1\AppData\Local\Temp




Periodic native trim disabled

---------------  S Y S T E M  ---------------

OS:
 Windows 11 , 64 bit Build 22621 (10.0.22621.5124)
OS uptime: 7 days 9:08 hours
Hyper-V role detected

CPU: total 8 (initial active 8) (4 cores per cpu, 2 threads per core) family 6 model 140 stepping 2 microcode 0x2c, cx8, cmov, fxsr, ht, mmx, 3dnowpref, sse, sse2, sse3, ssse3, sse4.1, sse4.2, popcnt, lzcnt, tsc, tscinvbit, avx, avx2, aes, erms, clmul, bmi1, bmi2, adx, avx512f, avx512dq, avx512cd, avx512bw, avx512vl, sha, fma, vzeroupper, avx512_vpopcntdq, avx512_vpclmulqdq, avx512_vaes, avx512_vnni, clflush, clflushopt, clwb, avx512_vbmi2, avx512_vbmi, hv, rdtscp, rdpid, fsrm, gfni, avx512_bitalg, f16c, cet_ibt, cet_ss, avx512_ifma
Processor Information for the first 8 processors :
  Max Mhz: 2496, Current Mhz: 2496, Mhz Limit: 2496

Memory: 4k page, system-wide physical 7941M (218M free)
TotalPageFile size 24325M (AvailPageFile size 62M)
current process WorkingSet (physical memory assigned to process): 12M, peak: 12M
current process commit charge ("private bytes"): 60M, peak: 186M

vm_info: Java HotSpot(TM) 64-Bit Server VM (23.0.2+7-58) for windows-amd64 JRE (23.0.2+7-58), built on 2024-11-29T09:34:55Z with MS VC++ 17.6 (VS2022)

END.
