#
# There is insufficient memory for the Java Runtime Environment to continue.
# Native memory allocation (mmap) failed to map 9437184 bytes. Error detail: G1 virtual space
# Possible reasons:
#   The system is out of physical RAM or swap space
#   This process is running with CompressedOops enabled, and the Java Heap may be blocking the growth of the native heap
# Possible solutions:
#   Reduce memory load on the system
#   Increase physical memory or swap space
#   Check if swap backing store is full
#   Decrease Java heap size (-Xmx/-Xms)
#   Decrease number of Java threads
#   Decrease Java thread stack sizes (-Xss)
#   Set larger code cache with -XX:ReservedCodeCacheSize=
#   JVM is running with Unscaled Compressed Oops mode in which the Java heap is
#     placed in the first 4GB address space. The Java Heap base address is the
#     maximum limit for the native heap growth. Please use -XX:HeapBaseMinAddress
#     to set the Java Heap base and to place the Java Heap above 4GB virtual address.
# This output file may be truncated or incomplete.
#
#  Out of Memory Error (os_windows.cpp:3707), pid=2408, tid=32660
#
# JRE version: Java(TM) SE Runtime Environment (23.0.2+7) (build 23.0.2+7-58)
# Java VM: Java HotSpot(TM) 64-Bit Server VM (23.0.2+7-58, mixed mode, sharing, tiered, compressed oops, compressed class ptrs, g1 gc, windows-amd64)
# No core dump will be written. Minidumps are not enabled by default on client versions of Windows
#

---------------  S U M M A R Y ------------

Command Line: -XX:MaxMetaspaceSize=512m --add-opens=java.base/java.util=ALL-UNNAMED --add-opens=java.base/java.lang=ALL-UNNAMED --add-opens=java.base/java.lang.invoke=ALL-UNNAMED --add-opens=java.prefs/java.util.prefs=ALL-UNNAMED --add-exports=jdk.compiler/com.sun.tools.javac.api=ALL-UNNAMED --add-exports=jdk.compiler/com.sun.tools.javac.util=ALL-UNNAMED --add-opens=java.base/java.nio.charset=ALL-UNNAMED --add-opens=java.base/java.net=ALL-UNNAMED --add-opens=java.base/java.util.concurrent.atomic=ALL-UNNAMED -Xmx2048m -Dfile.encoding=UTF-8 -Duser.country=US -Duser.language=en -Duser.variant -javaagent:C:\Users\Ayush Kumar\.gradle\wrapper\dists\gradle-8.10.2-all\7iv73wktx1xtkvlq19urqw1wm\gradle-8.10.2\lib\agents\gradle-instrumentation-agent-8.10.2.jar org.gradle.launcher.daemon.bootstrap.GradleDaemon 8.10.2

Host: 11th Gen Intel(R) Core(TM) i5-1155G7 @ 2.50GHz, 8 cores, 7G,  Windows 11 , 64 bit Build 22621 (10.0.22621.5124)
Time: Sun May 11 21:40:37 2025 India Standard Time elapsed time: 27.587566 seconds (0d 0h 0m 27s)

---------------  T H R E A D  ---------------

Current thread (0x0000029171c1cba0):  VMThread "VM Thread"          [id=32660, stack(0x000000a1c9a00000,0x000000a1c9b00000) (1024K)]

Stack: [0x000000a1c9a00000,0x000000a1c9b00000]
Native frames: (J=compiled Java code, j=interpreted, Vv=VM code, C=native code)
V  [jvm.dll+0x6e0b99]  (no source info available)
V  [jvm.dll+0x87e2b3]  (no source info available)
V  [jvm.dll+0x88073e]  (no source info available)
V  [jvm.dll+0x880e13]  (no source info available)
V  [jvm.dll+0x27b006]  (no source info available)
V  [jvm.dll+0x6dd485]  (no source info available)
V  [jvm.dll+0x6d127a]  (no source info available)
V  [jvm.dll+0x35b50a]  (no source info available)
V  [jvm.dll+0x363916]  (no source info available)
V  [jvm.dll+0x34fe7e]  (no source info available)
V  [jvm.dll+0x350118]  (no source info available)
V  [jvm.dll+0x328aec]  (no source info available)
V  [jvm.dll+0x32b4d9]  (no source info available)
V  [jvm.dll+0x336094]  (no source info available)
V  [jvm.dll+0x372e75]  (no source info available)
V  [jvm.dll+0x886d50]  (no source info available)
V  [jvm.dll+0x888077]  (no source info available)
V  [jvm.dll+0x8885a8]  (no source info available)
V  [jvm.dll+0x888843]  (no source info available)
V  [jvm.dll+0x8254cb]  (no source info available)
V  [jvm.dll+0x6df345]  (no source info available)
C  [ucrtbase.dll+0x29333]  (no source info available)
C  [KERNEL32.DLL+0x1259d]  (no source info available)
C  [ntdll.dll+0x5af38]  (no source info available)

VM_Operation (0x000000a1c95ff7c0): G1PauseRemark, mode: safepoint, requested by thread 0x0000029154e71010


---------------  P R O C E S S  ---------------

Threads class SMR info:
_java_thread_list=0x0000029124a0d210, length=140, elements={
0x0000029152b2b480, 0x0000029171c39d80, 0x0000029171c3ad90, 0x0000029171c3f050,
0x0000029171c41e30, 0x0000029171c42ab0, 0x0000029171c43600, 0x0000029171c51ad0,
0x0000029171c528d0, 0x000002911f0f7ed0, 0x000002911f2cb050, 0x0000029120ae39d0,
0x0000029120a9e280, 0x0000029120ccd790, 0x0000029120c11180, 0x0000029120c117f0,
0x0000029120c70900, 0x0000029120c74f10, 0x0000029120c734d0, 0x0000029120c755a0,
0x0000029120c73b60, 0x0000029120c741f0, 0x0000029120c762c0, 0x0000029120c76950,
0x0000029120c74880, 0x0000029122f99a40, 0x0000029122f9d550, 0x0000029122f9a760,
0x0000029122f9adf0, 0x0000029122f9ef90, 0x0000029122f9bb10, 0x0000029122f9fcb0,
0x0000029122f9cec0, 0x0000029122f9f620, 0x0000029122f9a0d0, 0x00000291201282e0,
0x000002912012d1a0, 0x000002912012a3b0, 0x000002912012aa40, 0x0000029120129000,
0x000002912012c480, 0x000002912012b0d0, 0x0000029120128970, 0x000002912012b760,
0x00000291201268a0, 0x0000029120129690, 0x000002912012bdf0, 0x0000029120129d20,
0x0000029120126210, 0x000002912012d830, 0x0000029125017ac0, 0x0000029125018e70,
0x0000029125019b90, 0x000002912501af40, 0x0000029125016080, 0x0000029125018150,
0x0000029125016710, 0x0000029125013fb0, 0x0000029125016da0, 0x00000291250159f0,
0x000002912501b5d0, 0x0000029125017430, 0x00000291250187e0, 0x0000029125014cd0,
0x000002912001d440, 0x000002912001ba00, 0x000002912001c090, 0x000002912001ee80,
0x000002912001c720, 0x00000291216d77e0, 0x00000291216d7e70, 0x00000291216d6430,
0x00000291216d5710, 0x00000291216d8500, 0x00000291216d7150, 0x00000291216d5080,
0x00000291216d5da0, 0x00000291216d6ac0, 0x0000029121719bc0, 0x0000029121714670,
0x0000029121718180, 0x0000029121715a20, 0x0000029121713fe0, 0x0000029121713950,
0x000002912171a250, 0x000002912171a8e0, 0x00000291217160b0, 0x0000029121716740,
0x0000029121714d00, 0x0000029121716dd0, 0x0000029121717460, 0x0000029121718ea0,
0x0000029121717af0, 0x0000029121715390, 0x000002912171af70, 0x0000029121718810,
0x0000029123a27b50, 0x0000029123a2bcf0, 0x0000029123a28f00, 0x0000029123a2afd0,
0x0000029123a281e0, 0x0000029123a29c20, 0x0000029123a2a2b0, 0x0000029123a28870,
0x0000029123a24d60, 0x0000029123a2c380, 0x0000029123a25a80, 0x0000029123a29590,
0x00000291259832a0, 0x0000029123a267a0, 0x0000029123a253f0, 0x0000029123a26110,
0x0000029123a26e30, 0x0000029123a2b660, 0x0000029123a274c0, 0x0000029125019500,
0x0000029120022300, 0x0000029123a49550, 0x0000029123a460d0, 0x0000029123a46df0,
0x0000029123a47480, 0x0000029123a49be0, 0x0000029123a44d20, 0x0000029123a481a0,
0x0000029123a47b10, 0x0000029123a48830, 0x0000029123a46760, 0x0000029123a48ec0,
0x0000029123a4a900, 0x0000029123a4a270, 0x0000029123a4af90, 0x0000029123a453b0,
0x0000029123a4bcb0, 0x0000029123a45a40, 0x00000291226b6ff0, 0x00000291226b83a0,
0x00000291226bab00, 0x00000291226b8a30, 0x00000291226bb190, 0x00000291226b62d0
}

Java Threads: ( => current thread )
  0x0000029152b2b480 JavaThread "main"                              [_thread_blocked, id=23764, stack(0x000000a1c9300000,0x000000a1c9400000) (1024K)]
  0x0000029171c39d80 JavaThread "Reference Handler"          daemon [_thread_blocked, id=13028, stack(0x000000a1c9b00000,0x000000a1c9c00000) (1024K)]
  0x0000029171c3ad90 JavaThread "Finalizer"                  daemon [_thread_blocked, id=13068, stack(0x000000a1c9c00000,0x000000a1c9d00000) (1024K)]
  0x0000029171c3f050 JavaThread "Signal Dispatcher"          daemon [_thread_blocked, id=20580, stack(0x000000a1c9d00000,0x000000a1c9e00000) (1024K)]
  0x0000029171c41e30 JavaThread "Attach Listener"            daemon [_thread_blocked, id=5436, stack(0x000000a1c9e00000,0x000000a1c9f00000) (1024K)]
  0x0000029171c42ab0 JavaThread "Service Thread"             daemon [_thread_blocked, id=22868, stack(0x000000a1c9f00000,0x000000a1ca000000) (1024K)]
  0x0000029171c43600 JavaThread "Monitor Deflation Thread"   daemon [_thread_blocked, id=2548, stack(0x000000a1ca000000,0x000000a1ca100000) (1024K)]
  0x0000029171c51ad0 JavaThread "C2 CompilerThread0"         daemon [_thread_blocked, id=28228, stack(0x000000a1ca100000,0x000000a1ca200000) (1024K)]
  0x0000029171c528d0 JavaThread "C1 CompilerThread0"         daemon [_thread_blocked, id=17784, stack(0x000000a1ca200000,0x000000a1ca300000) (1024K)]
  0x000002911f0f7ed0 JavaThread "Common-Cleaner"             daemon [_thread_blocked, id=20500, stack(0x000000a1ca300000,0x000000a1ca400000) (1024K)]
  0x000002911f2cb050 JavaThread "Notification Thread"        daemon [_thread_blocked, id=18052, stack(0x000000a1ca500000,0x000000a1ca600000) (1024K)]
  0x0000029120ae39d0 JavaThread "Daemon health stats"               [_thread_blocked, id=32516, stack(0x000000a1cab00000,0x000000a1cac00000) (1024K)]
  0x0000029120a9e280 JavaThread "Incoming local TCP Connector on port 53840"        [_thread_in_native, id=7396, stack(0x000000a1cac00000,0x000000a1cad00000) (1024K)]
  0x0000029120ccd790 JavaThread "Daemon periodic checks"            [_thread_blocked, id=31164, stack(0x000000a1cad00000,0x000000a1cae00000) (1024K)]
  0x0000029120c11180 JavaThread "Daemon"                            [_thread_blocked, id=16624, stack(0x000000a1cae00000,0x000000a1caf00000) (1024K)]
  0x0000029120c117f0 JavaThread "Handler for socket connection from /127.0.0.1:53840 to /127.0.0.1:53841"        [_thread_in_native, id=19920, stack(0x000000a1caf00000,0x000000a1cb000000) (1024K)]
  0x0000029120c70900 JavaThread "Cancel handler"                    [_thread_blocked, id=2684, stack(0x000000a1cb000000,0x000000a1cb100000) (1024K)]
  0x0000029120c74f10 JavaThread "Daemon worker"                     [_thread_blocked, id=27344, stack(0x000000a1cb100000,0x000000a1cb200000) (1024K)]
  0x0000029120c734d0 JavaThread "Asynchronous log dispatcher for DefaultDaemonConnection: socket connection from /127.0.0.1:53840 to /127.0.0.1:53841"        [_thread_blocked, id=1872, stack(0x000000a1cb200000,0x000000a1cb300000) (1024K)]
  0x0000029120c755a0 JavaThread "Stdin handler"                     [_thread_blocked, id=12124, stack(0x000000a1cb300000,0x000000a1cb400000) (1024K)]
  0x0000029120c73b60 JavaThread "Daemon client event forwarder"        [_thread_blocked, id=15308, stack(0x000000a1cb400000,0x000000a1cb500000) (1024K)]
  0x0000029120c741f0 JavaThread "Cache worker for journal cache (C:\Users\Ayush Kumar\.gradle\caches\journal-1)"        [_thread_blocked, id=3532, stack(0x000000a1cb600000,0x000000a1cb700000) (1024K)]
  0x0000029120c762c0 JavaThread "File lock request listener"        [_thread_in_native, id=14532, stack(0x000000a1cb700000,0x000000a1cb800000) (1024K)]
  0x0000029120c76950 JavaThread "Cache worker for file hash cache (C:\Users\Ayush Kumar\.gradle\caches\8.10.2\fileHashes)"        [_thread_blocked, id=20552, stack(0x000000a1cb800000,0x000000a1cb900000) (1024K)]
  0x0000029120c74880 JavaThread "File lock release action executor"        [_thread_blocked, id=16152, stack(0x000000a1cba00000,0x000000a1cbb00000) (1024K)]
  0x0000029122f99a40 JavaThread "Cache worker for file hash cache (E:\JavaLearn\ExpenseTracker\android\.gradle\8.10.2\fileHashes)"        [_thread_blocked, id=7424, stack(0x000000a1cbc00000,0x000000a1cbd00000) (1024K)]
  0x0000029122f9d550 JavaThread "Cache worker for Build Output Cleanup Cache (E:\JavaLearn\ExpenseTracker\android\.gradle\buildOutputCleanup)"        [_thread_blocked, id=27548, stack(0x000000a1cbd00000,0x000000a1cbe00000) (1024K)]
  0x0000029122f9a760 JavaThread "File watcher server"        daemon [_thread_blocked, id=10368, stack(0x000000a1cbe00000,0x000000a1cbf00000) (1024K)]
  0x0000029122f9adf0 JavaThread "File watcher consumer"      daemon [_thread_blocked, id=18380, stack(0x000000a1cbf00000,0x000000a1cc000000) (1024K)]
  0x0000029122f9ef90 JavaThread "Cache worker for checksums cache (E:\JavaLearn\ExpenseTracker\android\.gradle\8.10.2\checksums)"        [_thread_blocked, id=24356, stack(0x000000a1cb900000,0x000000a1cba00000) (1024K)]
  0x0000029122f9bb10 JavaThread "Cache worker for file content cache (C:\Users\Ayush Kumar\.gradle\caches\8.10.2\fileContent)"        [_thread_blocked, id=23644, stack(0x000000a1cc000000,0x000000a1cc100000) (1024K)]
  0x0000029122f9fcb0 JavaThread "Cache worker for cache directory md-rule (C:\Users\Ayush Kumar\.gradle\caches\8.10.2\md-rule)"        [_thread_blocked, id=23252, stack(0x000000a1cc100000,0x000000a1cc200000) (1024K)]
  0x0000029122f9cec0 JavaThread "Cache worker for cache directory md-supplier (C:\Users\Ayush Kumar\.gradle\caches\8.10.2\md-supplier)"        [_thread_blocked, id=29888, stack(0x000000a1cc200000,0x000000a1cc300000) (1024K)]
  0x0000029122f9f620 JavaThread "jar transforms"                    [_thread_blocked, id=28284, stack(0x000000a1cc400000,0x000000a1cc500000) (1024K)]
  0x0000029122f9a0d0 JavaThread "Cache worker for Build Output Cleanup Cache (E:\JavaLearn\ExpenseTracker\node_modules\@react-native\gradle-plugin\.gradle\buildOutputCleanup)"        [_thread_blocked, id=11612, stack(0x000000a1cc500000,0x000000a1cc600000) (1024K)]
  0x00000291201282e0 JavaThread "Unconstrained build operations"        [_thread_blocked, id=18868, stack(0x000000a1cc600000,0x000000a1cc700000) (1024K)]
  0x000002912012d1a0 JavaThread "Unconstrained build operations Thread 2"        [_thread_blocked, id=16352, stack(0x000000a1cc700000,0x000000a1cc800000) (1024K)]
  0x000002912012a3b0 JavaThread "Unconstrained build operations Thread 3"        [_thread_blocked, id=6416, stack(0x000000a1cc800000,0x000000a1cc900000) (1024K)]
  0x000002912012aa40 JavaThread "Unconstrained build operations Thread 4"        [_thread_blocked, id=7512, stack(0x000000a1cc900000,0x000000a1cca00000) (1024K)]
  0x0000029120129000 JavaThread "Unconstrained build operations Thread 5"        [_thread_blocked, id=15124, stack(0x000000a1cca00000,0x000000a1ccb00000) (1024K)]
  0x000002912012c480 JavaThread "Unconstrained build operations Thread 6"        [_thread_blocked, id=23508, stack(0x000000a1ccb00000,0x000000a1ccc00000) (1024K)]
  0x000002912012b0d0 JavaThread "Unconstrained build operations Thread 7"        [_thread_blocked, id=11436, stack(0x000000a1cc300000,0x000000a1cc400000) (1024K)]
  0x0000029120128970 JavaThread "Unconstrained build operations Thread 8"        [_thread_blocked, id=26480, stack(0x000000a1ccc00000,0x000000a1ccd00000) (1024K)]
  0x000002912012b760 JavaThread "Unconstrained build operations Thread 9"        [_thread_blocked, id=6040, stack(0x000000a1ccd00000,0x000000a1cce00000) (1024K)]
  0x00000291201268a0 JavaThread "Unconstrained build operations Thread 10"        [_thread_blocked, id=11520, stack(0x000000a1cce00000,0x000000a1ccf00000) (1024K)]
  0x0000029120129690 JavaThread "Unconstrained build operations Thread 11"        [_thread_blocked, id=26688, stack(0x000000a1ccf00000,0x000000a1cd000000) (1024K)]
  0x000002912012bdf0 JavaThread "Unconstrained build operations Thread 12"        [_thread_blocked, id=25984, stack(0x000000a1cd000000,0x000000a1cd100000) (1024K)]
  0x0000029120129d20 JavaThread "Unconstrained build operations Thread 13"        [_thread_blocked, id=28472, stack(0x000000a1cd100000,0x000000a1cd200000) (1024K)]
  0x0000029120126210 JavaThread "Unconstrained build operations Thread 14"        [_thread_blocked, id=12828, stack(0x000000a1cd200000,0x000000a1cd300000) (1024K)]
  0x000002912012d830 JavaThread "Unconstrained build operations Thread 15"        [_thread_blocked, id=32524, stack(0x000000a1cd300000,0x000000a1cd400000) (1024K)]
  0x0000029125017ac0 JavaThread "Unconstrained build operations Thread 16"        [_thread_blocked, id=26296, stack(0x000000a1cd400000,0x000000a1cd500000) (1024K)]
  0x0000029125018e70 JavaThread "Unconstrained build operations Thread 17"        [_thread_blocked, id=22540, stack(0x000000a1cd500000,0x000000a1cd600000) (1024K)]
  0x0000029125019b90 JavaThread "Unconstrained build operations Thread 18"        [_thread_blocked, id=18916, stack(0x000000a1cd600000,0x000000a1cd700000) (1024K)]
  0x000002912501af40 JavaThread "Unconstrained build operations Thread 19"        [_thread_blocked, id=11692, stack(0x000000a1cd700000,0x000000a1cd800000) (1024K)]
  0x0000029125016080 JavaThread "Unconstrained build operations Thread 20"        [_thread_blocked, id=31984, stack(0x000000a1cd800000,0x000000a1cd900000) (1024K)]
  0x0000029125018150 JavaThread "Unconstrained build operations Thread 21"        [_thread_blocked, id=7824, stack(0x000000a1cd900000,0x000000a1cda00000) (1024K)]
  0x0000029125016710 JavaThread "Unconstrained build operations Thread 22"        [_thread_blocked, id=32964, stack(0x000000a1cda00000,0x000000a1cdb00000) (1024K)]
  0x0000029125013fb0 JavaThread "Unconstrained build operations Thread 23"        [_thread_blocked, id=10900, stack(0x000000a1cdb00000,0x000000a1cdc00000) (1024K)]
  0x0000029125016da0 JavaThread "Unconstrained build operations Thread 24"        [_thread_blocked, id=16492, stack(0x000000a1cdc00000,0x000000a1cdd00000) (1024K)]
  0x00000291250159f0 JavaThread "Unconstrained build operations Thread 25"        [_thread_blocked, id=14524, stack(0x000000a1cdd00000,0x000000a1cde00000) (1024K)]
  0x000002912501b5d0 JavaThread "Unconstrained build operations Thread 26"        [_thread_blocked, id=3536, stack(0x000000a1cde00000,0x000000a1cdf00000) (1024K)]
  0x0000029125017430 JavaThread "Unconstrained build operations Thread 27"        [_thread_blocked, id=4060, stack(0x000000a1cdf00000,0x000000a1ce000000) (1024K)]
  0x00000291250187e0 JavaThread "Memory manager"                    [_thread_blocked, id=3064, stack(0x000000a1ce100000,0x000000a1ce200000) (1024K)]
  0x0000029125014cd0 JavaThread "build event listener"              [_thread_blocked, id=33040, stack(0x000000a1ce000000,0x000000a1ce100000) (1024K)]
  0x000002912001d440 JavaThread "ForkJoinPool.commonPool-worker-1" daemon [_thread_blocked, id=30852, stack(0x000000a1ce200000,0x000000a1ce300000) (1024K)]
  0x000002912001ba00 JavaThread "ForkJoinPool.commonPool-worker-2" daemon [_thread_blocked, id=27348, stack(0x000000a1ce300000,0x000000a1ce400000) (1024K)]
  0x000002912001c090 JavaThread "ForkJoinPool.commonPool-worker-3" daemon [_thread_blocked, id=7308, stack(0x000000a1ce400000,0x000000a1ce500000) (1024K)]
  0x000002912001ee80 JavaThread "ForkJoinPool.commonPool-worker-4" daemon [_thread_blocked, id=20180, stack(0x000000a1ce500000,0x000000a1ce600000) (1024K)]
  0x000002912001c720 JavaThread "ForkJoinPool.commonPool-worker-5" daemon [_thread_blocked, id=14540, stack(0x000000a1ce600000,0x000000a1ce700000) (1024K)]
  0x00000291216d77e0 JavaThread "ForkJoinPool.commonPool-worker-6" daemon [_thread_blocked, id=33820, stack(0x000000a1ce700000,0x000000a1ce800000) (1024K)]
  0x00000291216d7e70 JavaThread "ForkJoinPool.commonPool-worker-7" daemon [_thread_blocked, id=3292, stack(0x000000a1ce800000,0x000000a1ce900000) (1024K)]
  0x00000291216d6430 JavaThread "Exec process"               daemon [_thread_blocked, id=26376, stack(0x000000a1ce900000,0x000000a1cea00000) (1024K)]
  0x00000291216d5710 JavaThread "Exec process Thread 2"      daemon [_thread_blocked, id=16468, stack(0x000000a1cea00000,0x000000a1ceb00000) (1024K)]
  0x00000291216d8500 JavaThread "Exec process Thread 3"      daemon [_thread_blocked, id=12024, stack(0x000000a1ceb00000,0x000000a1cec00000) (1024K)]
  0x00000291216d7150 JavaThread "included builds"                   [_thread_blocked, id=16240, stack(0x000000a1cec00000,0x000000a1ced00000) (1024K)]
  0x00000291216d5080 JavaThread "Execution worker"                  [_thread_blocked, id=31280, stack(0x000000a1ced00000,0x000000a1cee00000) (1024K)]
  0x00000291216d5da0 JavaThread "Execution worker Thread 2"         [_thread_blocked, id=6724, stack(0x000000a1cee00000,0x000000a1cef00000) (1024K)]
  0x00000291216d6ac0 JavaThread "Execution worker Thread 3"         [_thread_blocked, id=18516, stack(0x000000a1cef00000,0x000000a1cf000000) (1024K)]
  0x0000029121719bc0 JavaThread "Execution worker Thread 4"         [_thread_blocked, id=13844, stack(0x000000a1cf000000,0x000000a1cf100000) (1024K)]
  0x0000029121714670 JavaThread "Execution worker Thread 5"         [_thread_blocked, id=17080, stack(0x000000a1cf100000,0x000000a1cf200000) (1024K)]
  0x0000029121718180 JavaThread "Execution worker Thread 6"         [_thread_blocked, id=12420, stack(0x000000a1cf200000,0x000000a1cf300000) (1024K)]
  0x0000029121715a20 JavaThread "Execution worker Thread 7"         [_thread_blocked, id=24536, stack(0x000000a1cf300000,0x000000a1cf400000) (1024K)]
  0x0000029121713fe0 JavaThread "Cache worker for execution history cache (E:\JavaLearn\ExpenseTracker\node_modules\@react-native\gradle-plugin\.gradle\8.10.2\executionHistory)"        [_thread_blocked, id=31968, stack(0x000000a1cf400000,0x000000a1cf500000) (1024K)]
  0x0000029121713950 JavaThread "Unconstrained build operations Thread 28"        [_thread_blocked, id=14624, stack(0x000000a1cf600000,0x000000a1cf700000) (1024K)]
  0x000002912171a250 JavaThread "Unconstrained build operations Thread 29"        [_thread_blocked, id=20488, stack(0x000000a1cf700000,0x000000a1cf800000) (1024K)]
  0x000002912171a8e0 JavaThread "Unconstrained build operations Thread 30"        [_thread_blocked, id=20292, stack(0x000000a1cf800000,0x000000a1cf900000) (1024K)]
  0x00000291217160b0 JavaThread "Unconstrained build operations Thread 31"        [_thread_blocked, id=22092, stack(0x000000a1cf900000,0x000000a1cfa00000) (1024K)]
  0x0000029121716740 JavaThread "Unconstrained build operations Thread 32"        [_thread_blocked, id=34520, stack(0x000000a1cfa00000,0x000000a1cfb00000) (1024K)]
  0x0000029121714d00 JavaThread "Unconstrained build operations Thread 33"        [_thread_blocked, id=17968, stack(0x000000a1cfb00000,0x000000a1cfc00000) (1024K)]
  0x0000029121716dd0 JavaThread "Unconstrained build operations Thread 34"        [_thread_blocked, id=5132, stack(0x000000a1cfc00000,0x000000a1cfd00000) (1024K)]
  0x0000029121717460 JavaThread "Unconstrained build operations Thread 35"        [_thread_blocked, id=13928, stack(0x000000a1cfd00000,0x000000a1cfe00000) (1024K)]
  0x0000029121718ea0 JavaThread "Unconstrained build operations Thread 36"        [_thread_blocked, id=19048, stack(0x000000a1cfe00000,0x000000a1cff00000) (1024K)]
  0x0000029121717af0 JavaThread "Unconstrained build operations Thread 37"        [_thread_blocked, id=32884, stack(0x000000a1cff00000,0x000000a1d0000000) (1024K)]
  0x0000029121715390 JavaThread "Unconstrained build operations Thread 38"        [_thread_blocked, id=20132, stack(0x000000a1d0000000,0x000000a1d0100000) (1024K)]
  0x000002912171af70 JavaThread "Unconstrained build operations Thread 39"        [_thread_blocked, id=29000, stack(0x000000a1d0100000,0x000000a1d0200000) (1024K)]
  0x0000029121718810 JavaThread "Unconstrained build operations Thread 40"        [_thread_blocked, id=16972, stack(0x000000a1d0200000,0x000000a1d0300000) (1024K)]
  0x0000029123a27b50 JavaThread "Unconstrained build operations Thread 41"        [_thread_blocked, id=32760, stack(0x000000a1d0300000,0x000000a1d0400000) (1024K)]
  0x0000029123a2bcf0 JavaThread "File lock release action executor Thread 2"        [_thread_blocked, id=16920, stack(0x000000a1d0400000,0x000000a1d0500000) (1024K)]
  0x0000029123a28f00 JavaThread "Unconstrained build operations Thread 42"        [_thread_blocked, id=30076, stack(0x000000a1d0500000,0x000000a1d0600000) (1024K)]
  0x0000029123a2afd0 JavaThread "Unconstrained build operations Thread 43"        [_thread_blocked, id=17036, stack(0x000000a1d0600000,0x000000a1d0700000) (1024K)]
  0x0000029123a281e0 JavaThread "Unconstrained build operations Thread 44"        [_thread_blocked, id=30540, stack(0x000000a1cf500000,0x000000a1cf600000) (1024K)]
  0x0000029123a29c20 JavaThread "Unconstrained build operations Thread 45"        [_thread_blocked, id=33684, stack(0x000000a1d0700000,0x000000a1d0800000) (1024K)]
  0x0000029123a2a2b0 JavaThread "Unconstrained build operations Thread 46"        [_thread_blocked, id=30312, stack(0x000000a1d0800000,0x000000a1d0900000) (1024K)]
  0x0000029123a28870 JavaThread "Unconstrained build operations Thread 47"        [_thread_blocked, id=24728, stack(0x000000a1d0900000,0x000000a1d0a00000) (1024K)]
  0x0000029123a24d60 JavaThread "Unconstrained build operations Thread 48"        [_thread_blocked, id=34360, stack(0x000000a1d0a00000,0x000000a1d0b00000) (1024K)]
  0x0000029123a2c380 JavaThread "Unconstrained build operations Thread 49"        [_thread_blocked, id=26540, stack(0x000000a1d0b00000,0x000000a1d0c00000) (1024K)]
  0x0000029123a25a80 JavaThread "Unconstrained build operations Thread 50"        [_thread_blocked, id=9156, stack(0x000000a1d0c00000,0x000000a1d0d00000) (1024K)]
  0x0000029123a29590 JavaThread "Unconstrained build operations Thread 51"        [_thread_blocked, id=8160, stack(0x000000a1d0d00000,0x000000a1d0e00000) (1024K)]
  0x00000291259832a0 JavaThread "C2 CompilerThread1"         daemon [_thread_blocked, id=28232, stack(0x000000a1d0e00000,0x000000a1d0f00000) (1024K)]
  0x0000029123a267a0 JavaThread "Unconstrained build operations Thread 52"        [_thread_blocked, id=31172, stack(0x000000a1d1000000,0x000000a1d1100000) (1024K)]
  0x0000029123a253f0 JavaThread "Unconstrained build operations Thread 53"        [_thread_blocked, id=25664, stack(0x000000a1d1100000,0x000000a1d1200000) (1024K)]
  0x0000029123a26110 JavaThread "Unconstrained build operations Thread 54"        [_thread_blocked, id=33652, stack(0x000000a1d1200000,0x000000a1d1300000) (1024K)]
  0x0000029123a26e30 JavaThread "Unconstrained build operations Thread 55"        [_thread_blocked, id=10492, stack(0x000000a1d1300000,0x000000a1d1400000) (1024K)]
  0x0000029123a2b660 JavaThread "Unconstrained build operations Thread 56"        [_thread_blocked, id=11972, stack(0x000000a1d1400000,0x000000a1d1500000) (1024K)]
  0x0000029123a274c0 JavaThread "Unconstrained build operations Thread 57"        [_thread_blocked, id=4164, stack(0x000000a1d1500000,0x000000a1d1600000) (1024K)]
  0x0000029125019500 JavaThread "Unconstrained build operations Thread 58"        [_thread_blocked, id=31168, stack(0x000000a1d1600000,0x000000a1d1700000) (1024K)]
  0x0000029120022300 JavaThread "Unconstrained build operations Thread 59"        [_thread_blocked, id=34140, stack(0x000000a1d1700000,0x000000a1d1800000) (1024K)]
  0x0000029123a49550 JavaThread "Unconstrained build operations Thread 60"        [_thread_blocked, id=17600, stack(0x000000a1d1800000,0x000000a1d1900000) (1024K)]
  0x0000029123a460d0 JavaThread "Unconstrained build operations Thread 61"        [_thread_blocked, id=18364, stack(0x000000a1d1900000,0x000000a1d1a00000) (1024K)]
  0x0000029123a46df0 JavaThread "Unconstrained build operations Thread 62"        [_thread_blocked, id=32012, stack(0x000000a1d1a00000,0x000000a1d1b00000) (1024K)]
  0x0000029123a47480 JavaThread "Unconstrained build operations Thread 63"        [_thread_blocked, id=3920, stack(0x000000a1d1b00000,0x000000a1d1c00000) (1024K)]
  0x0000029123a49be0 JavaThread "Unconstrained build operations Thread 64"        [_thread_blocked, id=30132, stack(0x000000a1d1c00000,0x000000a1d1d00000) (1024K)]
  0x0000029123a44d20 JavaThread "Unconstrained build operations Thread 65"        [_thread_blocked, id=33188, stack(0x000000a1d1d00000,0x000000a1d1e00000) (1024K)]
  0x0000029123a481a0 JavaThread "Unconstrained build operations Thread 66"        [_thread_blocked, id=31160, stack(0x000000a1d1e00000,0x000000a1d1f00000) (1024K)]
  0x0000029123a47b10 JavaThread "Unconstrained build operations Thread 67"        [_thread_blocked, id=34748, stack(0x000000a1d1f00000,0x000000a1d2000000) (1024K)]
  0x0000029123a48830 JavaThread "Unconstrained build operations Thread 68"        [_thread_blocked, id=27680, stack(0x000000a1d2000000,0x000000a1d2100000) (1024K)]
  0x0000029123a46760 JavaThread "Unconstrained build operations Thread 69"        [_thread_blocked, id=31728, stack(0x000000a1d2100000,0x000000a1d2200000) (1024K)]
  0x0000029123a48ec0 JavaThread "Unconstrained build operations Thread 70"        [_thread_blocked, id=7280, stack(0x000000a1d2200000,0x000000a1d2300000) (1024K)]
  0x0000029123a4a900 JavaThread "Unconstrained build operations Thread 71"        [_thread_blocked, id=11104, stack(0x000000a1d2300000,0x000000a1d2400000) (1024K)]
  0x0000029123a4a270 JavaThread "Unconstrained build operations Thread 72"        [_thread_blocked, id=7976, stack(0x000000a1d2400000,0x000000a1d2500000) (1024K)]
  0x0000029123a4af90 JavaThread "jar transforms Thread 2"           [_thread_blocked, id=9992, stack(0x000000a1d2500000,0x000000a1d2600000) (1024K)]
  0x0000029123a453b0 JavaThread "jar transforms Thread 3"           [_thread_blocked, id=12500, stack(0x000000a1d2600000,0x000000a1d2700000) (1024K)]
  0x0000029123a4bcb0 JavaThread "Unconstrained build operations Thread 73"        [_thread_blocked, id=14792, stack(0x000000a1d0f00000,0x000000a1d1000000) (1024K)]
  0x0000029123a45a40 JavaThread "Unconstrained build operations Thread 74"        [_thread_blocked, id=34004, stack(0x000000a1d2700000,0x000000a1d2800000) (1024K)]
  0x00000291226b6ff0 JavaThread "Unconstrained build operations Thread 75"        [_thread_blocked, id=2988, stack(0x000000a1d2800000,0x000000a1d2900000) (1024K)]
  0x00000291226b83a0 JavaThread "Unconstrained build operations Thread 76"        [_thread_blocked, id=8556, stack(0x000000a1d2900000,0x000000a1d2a00000) (1024K)]
  0x00000291226bab00 JavaThread "Unconstrained build operations Thread 77"        [_thread_blocked, id=9016, stack(0x000000a1d2a00000,0x000000a1d2b00000) (1024K)]
  0x00000291226b8a30 JavaThread "Unconstrained build operations Thread 78"        [_thread_blocked, id=6880, stack(0x000000a1d2b00000,0x000000a1d2c00000) (1024K)]
  0x00000291226bb190 JavaThread "Unconstrained build operations Thread 79"        [_thread_blocked, id=21588, stack(0x000000a1d2c00000,0x000000a1d2d00000) (1024K)]
  0x00000291226b62d0 JavaThread "Unconstrained build operations Thread 80"        [_thread_blocked, id=31716, stack(0x000000a1d2d00000,0x000000a1d2e00000) (1024K)]
Total: 140

Other Threads:
=>0x0000029171c1cba0 VMThread "VM Thread"                           [id=32660, stack(0x000000a1c9a00000,0x000000a1c9b00000) (1024K)]
  0x0000029171c0c450 WatcherThread "VM Periodic Task Thread"        [id=18384, stack(0x000000a1c9900000,0x000000a1c9a00000) (1024K)]
  0x0000029154e1e680 WorkerThread "GC Thread#0"                     [id=9744, stack(0x000000a1c9400000,0x000000a1c9500000) (1024K)]
  0x000002911f687650 WorkerThread "GC Thread#1"                     [id=27856, stack(0x000000a1ca600000,0x000000a1ca700000) (1024K)]
  0x000002911f541f50 WorkerThread "GC Thread#2"                     [id=32180, stack(0x000000a1ca700000,0x000000a1ca800000) (1024K)]
  0x000002911f679c90 WorkerThread "GC Thread#3"                     [id=7356, stack(0x000000a1ca800000,0x000000a1ca900000) (1024K)]
  0x0000029120273c80 WorkerThread "GC Thread#4"                     [id=34652, stack(0x000000a1ca900000,0x000000a1caa00000) (1024K)]
  0x000002912004f160 WorkerThread "GC Thread#5"                     [id=4812, stack(0x000000a1caa00000,0x000000a1cab00000) (1024K)]
  0x000002912034f490 WorkerThread "GC Thread#6"                     [id=27956, stack(0x000000a1ca400000,0x000000a1ca500000) (1024K)]
  0x000002912034f840 WorkerThread "GC Thread#7"                     [id=13688, stack(0x000000a1cb500000,0x000000a1cb600000) (1024K)]
  0x0000029154e71010 ConcurrentGCThread "G1 Main Marker"            [id=3984, stack(0x000000a1c9500000,0x000000a1c9600000) (1024K)]
  0x0000029154e722c0 WorkerThread "G1 Conc#0"                       [id=32004, stack(0x000000a1c9600000,0x000000a1c9700000) (1024K)]
  0x000002912205f2b0 WorkerThread "G1 Conc#1"                       [id=9956, stack(0x000000a1cbb00000,0x000000a1cbc00000) (1024K)]
  0x0000029154e7eb80 ConcurrentGCThread "G1 Refine#0"               [id=21828, stack(0x000000a1c9700000,0x000000a1c9800000) (1024K)]
  0x0000029171ae1230 ConcurrentGCThread "G1 Service"                [id=11672, stack(0x000000a1c9800000,0x000000a1c9900000) (1024K)]
Total: 15

Threads with active compile tasks:
C2 CompilerThread0  27695 11914       4       org.gradle.cache.internal.btree.KeyHasher$MessageDigestStream::getChecksum (41 bytes)
C2 CompilerThread1  27695 11915       4       org.gradle.internal.file.FileHierarchySet$Node::contains (101 bytes)
Total: 2

VM state: at safepoint (normal execution)

VM Mutex/Monitor currently owned by a thread:  ([mutex/lock_event])
[0x00007fffb7b64888] Threads_lock - owner thread: 0x0000029171c1cba0
[0x00007fffb7b64988] Heap_lock - owner thread: 0x0000029154e71010

Heap address: 0x0000000080000000, size: 2048 MB, Compressed Oops mode: 32-bit

CDS archive(s) mapped at: [0x0000029100000000-0x0000029100d70000-0x0000029100d70000), size 14090240, SharedBaseAddress: 0x0000029100000000, ArchiveRelocationMode: 1.
Compressed class space mapped at: 0x0000029101000000-0x000002911b000000, reserved size: 436207616
Narrow klass base: 0x0000029100000000, Narrow klass shift: 0, Narrow klass range: 0x1b000000

GC Precious Log:
 CardTable entry size: 512
 Card Set container configuration: InlinePtr #cards 5 size 8 Array Of Cards #cards 10 size 36 Howl #buckets 4 coarsen threshold 1843 Howl Bitmap #cards 512 size 80 coarsen threshold 460 Card regions per heap region 1 cards per card region 2048
 CPUs: 8 total, 8 available
 Memory: 7941M
 Large Page Support: Disabled
 NUMA Support: Disabled
 Compressed Oops: Enabled (32-bit)
 Heap Region Size: 1M
 Heap Min Capacity: 8M
 Heap Initial Capacity: 126M
 Heap Max Capacity: 2G
 Pre-touch: Disabled
 Parallel Workers: 8
 Concurrent Workers: 2
 Concurrent Refinement Workers: 8
 Periodic GC: Disabled

Heap:
 garbage-first heap   total reserved 2097152K, committed 138240K, used 94816K [0x0000000080000000, 0x0000000100000000)
  region size 1024K, 12 young (12288K), 4 survivors (4096K)
 Metaspace       used 76426K, committed 78720K, reserved 557056K
  class space    used 11197K, committed 12288K, reserved 425984K

Heap Regions: E=young(eden), S=young(survivor), O=old, HS=humongous(starts), HC=humongous(continues), CS=collection set, F=free, TAMS=top-at-mark-start, PB=parsable bottom
|   0|0x0000000080000000, 0x0000000080100000, 0x0000000080100000|100%|HS|  |TAMS 0x0000000080100000| PB 0x0000000080000000| Complete |  0
|   1|0x0000000080100000, 0x0000000080200000, 0x0000000080200000|100%|HC|  |TAMS 0x0000000080200000| PB 0x0000000080100000| Complete |  0
|   2|0x0000000080200000, 0x0000000080300000, 0x0000000080300000|100%|HC|  |TAMS 0x0000000080300000| PB 0x0000000080200000| Complete |  0
|   3|0x0000000080300000, 0x0000000080400000, 0x0000000080400000|100%|HC|  |TAMS 0x0000000080400000| PB 0x0000000080300000| Complete |  0
|   4|0x0000000080400000, 0x0000000080500000, 0x0000000080500000|100%| O|  |TAMS 0x0000000080500000| PB 0x0000000080500000| Untracked |  0
|   5|0x0000000080500000, 0x0000000080600000, 0x0000000080600000|100%| O|  |TAMS 0x0000000080600000| PB 0x0000000080600000| Untracked |  0
|   6|0x0000000080600000, 0x0000000080700000, 0x0000000080700000|100%| O|  |TAMS 0x0000000080700000| PB 0x0000000080700000| Untracked |  0
|   7|0x0000000080700000, 0x0000000080800000, 0x0000000080800000|100%| O|  |TAMS 0x0000000080800000| PB 0x0000000080800000| Untracked |  0
|   8|0x0000000080800000, 0x0000000080900000, 0x0000000080900000|100%| O|  |TAMS 0x0000000080900000| PB 0x0000000080900000| Untracked |  0
|   9|0x0000000080900000, 0x0000000080a00000, 0x0000000080a00000|100%| O|  |TAMS 0x0000000080a00000| PB 0x0000000080a00000| Untracked |  0
|  10|0x0000000080a00000, 0x0000000080b00000, 0x0000000080b00000|100%|HS|  |TAMS 0x0000000080b00000| PB 0x0000000080a00000| Complete |  0
|  11|0x0000000080b00000, 0x0000000080bffff8, 0x0000000080c00000| 99%| O|  |TAMS 0x0000000080bffff8| PB 0x0000000080bffff8| Untracked |  0
|  12|0x0000000080c00000, 0x0000000080d00000, 0x0000000080d00000|100%| O|  |TAMS 0x0000000080d00000| PB 0x0000000080d00000| Untracked |  0
|  13|0x0000000080d00000, 0x0000000080e00000, 0x0000000080e00000|100%| O|  |TAMS 0x0000000080e00000| PB 0x0000000080e00000| Untracked |  0
|  14|0x0000000080e00000, 0x0000000080f00000, 0x0000000080f00000|100%| O|  |TAMS 0x0000000080f00000| PB 0x0000000080f00000| Untracked |  0
|  15|0x0000000080f00000, 0x0000000081000000, 0x0000000081000000|100%| O|  |TAMS 0x0000000081000000| PB 0x0000000081000000| Untracked |  0
|  16|0x0000000081000000, 0x0000000081100000, 0x0000000081100000|100%| O|  |TAMS 0x0000000081100000| PB 0x0000000081100000| Untracked |  0
|  17|0x0000000081100000, 0x0000000081200000, 0x0000000081200000|100%| O|  |TAMS 0x0000000081200000| PB 0x0000000081200000| Untracked |  0
|  18|0x0000000081200000, 0x0000000081300000, 0x0000000081300000|100%| O|  |TAMS 0x0000000081300000| PB 0x0000000081300000| Untracked |  0
|  19|0x0000000081300000, 0x0000000081400000, 0x0000000081400000|100%| O|  |TAMS 0x0000000081400000| PB 0x0000000081400000| Untracked |  0
|  20|0x0000000081400000, 0x0000000081500000, 0x0000000081500000|100%| O|  |TAMS 0x0000000081500000| PB 0x0000000081500000| Untracked |  0
|  21|0x0000000081500000, 0x0000000081600000, 0x0000000081600000|100%| O|  |TAMS 0x0000000081600000| PB 0x0000000081600000| Untracked |  0
|  22|0x0000000081600000, 0x0000000081700000, 0x0000000081700000|100%| O|  |TAMS 0x0000000081700000| PB 0x0000000081700000| Untracked |  0
|  23|0x0000000081700000, 0x0000000081800000, 0x0000000081800000|100%| O|  |TAMS 0x0000000081800000| PB 0x0000000081800000| Untracked |  0
|  24|0x0000000081800000, 0x0000000081900000, 0x0000000081900000|100%| O|  |TAMS 0x0000000081900000| PB 0x0000000081900000| Untracked |  0
|  25|0x0000000081900000, 0x0000000081a00000, 0x0000000081a00000|100%| O|  |TAMS 0x0000000081a00000| PB 0x0000000081a00000| Untracked |  0
|  26|0x0000000081a00000, 0x0000000081b00000, 0x0000000081b00000|100%| O|  |TAMS 0x0000000081b00000| PB 0x0000000081b00000| Untracked |  0
|  27|0x0000000081b00000, 0x0000000081c00000, 0x0000000081c00000|100%| O|  |TAMS 0x0000000081c00000| PB 0x0000000081c00000| Untracked |  0
|  28|0x0000000081c00000, 0x0000000081d00000, 0x0000000081d00000|100%| O|  |TAMS 0x0000000081d00000| PB 0x0000000081d00000| Untracked |  0
|  29|0x0000000081d00000, 0x0000000081e00000, 0x0000000081e00000|100%| O|  |TAMS 0x0000000081e00000| PB 0x0000000081e00000| Untracked |  0
|  30|0x0000000081e00000, 0x0000000081f00000, 0x0000000081f00000|100%| O|  |TAMS 0x0000000081f00000| PB 0x0000000081f00000| Untracked |  0
|  31|0x0000000081f00000, 0x0000000082000000, 0x0000000082000000|100%| O|  |TAMS 0x0000000082000000| PB 0x0000000082000000| Untracked |  0
|  32|0x0000000082000000, 0x0000000082100000, 0x0000000082100000|100%| O|  |TAMS 0x0000000082100000| PB 0x0000000082100000| Untracked |  0
|  33|0x0000000082100000, 0x0000000082200000, 0x0000000082200000|100%| O|  |TAMS 0x0000000082200000| PB 0x0000000082200000| Untracked |  0
|  34|0x0000000082200000, 0x0000000082300000, 0x0000000082300000|100%| O|  |TAMS 0x0000000082300000| PB 0x0000000082300000| Untracked |  0
|  35|0x0000000082300000, 0x0000000082400000, 0x0000000082400000|100%| O|  |TAMS 0x0000000082400000| PB 0x0000000082400000| Untracked |  0
|  36|0x0000000082400000, 0x0000000082500000, 0x0000000082500000|100%| O|  |TAMS 0x0000000082500000| PB 0x0000000082500000| Untracked |  0
|  37|0x0000000082500000, 0x0000000082600000, 0x0000000082600000|100%| O|  |TAMS 0x0000000082600000| PB 0x0000000082600000| Untracked |  0
|  38|0x0000000082600000, 0x0000000082700000, 0x0000000082700000|100%| O|  |TAMS 0x0000000082700000| PB 0x0000000082700000| Untracked |  0
|  39|0x0000000082700000, 0x0000000082800000, 0x0000000082800000|100%| O|  |TAMS 0x0000000082800000| PB 0x0000000082800000| Untracked |  0
|  40|0x0000000082800000, 0x0000000082900000, 0x0000000082900000|100%| O|  |TAMS 0x0000000082900000| PB 0x0000000082900000| Untracked |  0
|  41|0x0000000082900000, 0x0000000082a00000, 0x0000000082a00000|100%| O|  |TAMS 0x0000000082a00000| PB 0x0000000082a00000| Untracked |  0
|  42|0x0000000082a00000, 0x0000000082b00000, 0x0000000082b00000|100%| O|  |TAMS 0x0000000082b00000| PB 0x0000000082b00000| Untracked |  0
|  43|0x0000000082b00000, 0x0000000082c00000, 0x0000000082c00000|100%|HS|  |TAMS 0x0000000082c00000| PB 0x0000000082b00000| Complete |  0
|  44|0x0000000082c00000, 0x0000000082d00000, 0x0000000082d00000|100%|HC|  |TAMS 0x0000000082d00000| PB 0x0000000082c00000| Complete |  0
|  45|0x0000000082d00000, 0x0000000082e00000, 0x0000000082e00000|100%| O|  |TAMS 0x0000000082e00000| PB 0x0000000082e00000| Untracked |  0
|  46|0x0000000082e00000, 0x0000000082f00000, 0x0000000082f00000|100%| O|Cm|TAMS 0x0000000082f00000| PB 0x0000000082f00000| Updating |  0
|  47|0x0000000082f00000, 0x0000000083000000, 0x0000000083000000|100%|HS|  |TAMS 0x0000000083000000| PB 0x0000000082f00000| Complete |  0
|  48|0x0000000083000000, 0x0000000083100000, 0x0000000083100000|100%|HC|  |TAMS 0x0000000083100000| PB 0x0000000083000000| Complete |  0
|  49|0x0000000083100000, 0x0000000083200000, 0x0000000083200000|100%| O|  |TAMS 0x0000000083200000| PB 0x0000000083200000| Untracked |  0
|  50|0x0000000083200000, 0x0000000083300000, 0x0000000083300000|100%| O|  |TAMS 0x0000000083300000| PB 0x0000000083300000| Untracked |  0
|  51|0x0000000083300000, 0x0000000083400000, 0x0000000083400000|100%| O|  |TAMS 0x0000000083400000| PB 0x0000000083400000| Untracked |  0
|  52|0x0000000083400000, 0x0000000083500000, 0x0000000083500000|100%| O|  |TAMS 0x0000000083500000| PB 0x0000000083500000| Untracked |  0
|  53|0x0000000083500000, 0x0000000083600000, 0x0000000083600000|100%| O|  |TAMS 0x0000000083600000| PB 0x0000000083600000| Untracked |  0
|  54|0x0000000083600000, 0x0000000083700000, 0x0000000083700000|100%|HS|  |TAMS 0x0000000083700000| PB 0x0000000083600000| Complete |  0
|  55|0x0000000083700000, 0x0000000083800000, 0x0000000083800000|100%|HC|  |TAMS 0x0000000083800000| PB 0x0000000083700000| Complete |  0
|  56|0x0000000083800000, 0x0000000083900000, 0x0000000083900000|100%|HC|  |TAMS 0x0000000083900000| PB 0x0000000083800000| Complete |  0
|  57|0x0000000083900000, 0x0000000083a00000, 0x0000000083a00000|100%|HC|  |TAMS 0x0000000083a00000| PB 0x0000000083900000| Complete |  0
|  58|0x0000000083a00000, 0x0000000083b00000, 0x0000000083b00000|100%|HS|  |TAMS 0x0000000083b00000| PB 0x0000000083a00000| Complete |  0
|  59|0x0000000083b00000, 0x0000000083c00000, 0x0000000083c00000|100%|HC|  |TAMS 0x0000000083c00000| PB 0x0000000083b00000| Complete |  0
|  60|0x0000000083c00000, 0x0000000083d00000, 0x0000000083d00000|100%|HC|  |TAMS 0x0000000083d00000| PB 0x0000000083c00000| Complete |  0
|  61|0x0000000083d00000, 0x0000000083e00000, 0x0000000083e00000|100%|HC|  |TAMS 0x0000000083e00000| PB 0x0000000083d00000| Complete |  0
|  62|0x0000000083e00000, 0x0000000083f00000, 0x0000000083f00000|100%| O|  |TAMS 0x0000000083f00000| PB 0x0000000083f00000| Untracked |  0
|  63|0x0000000083f00000, 0x0000000084000000, 0x0000000084000000|100%| O|  |TAMS 0x0000000083f00000| PB 0x0000000083f00000| Untracked |  0
|  64|0x0000000084000000, 0x0000000084100000, 0x0000000084100000|100%| O|  |TAMS 0x0000000084000000| PB 0x0000000084000000| Untracked |  0
|  65|0x0000000084100000, 0x0000000084200000, 0x0000000084200000|100%| O|Cm|TAMS 0x0000000084200000| PB 0x0000000084200000| Updating |  0
|  66|0x0000000084200000, 0x0000000084300000, 0x0000000084300000|100%| O|  |TAMS 0x0000000084300000| PB 0x0000000084300000| Untracked |  0
|  67|0x0000000084300000, 0x0000000084400000, 0x0000000084400000|100%| O|Cm|TAMS 0x0000000084400000| PB 0x0000000084400000| Updating |  0
|  68|0x0000000084400000, 0x0000000084500000, 0x0000000084500000|100%| O|  |TAMS 0x0000000084400000| PB 0x0000000084400000| Untracked |  0
|  69|0x0000000084500000, 0x0000000084600000, 0x0000000084600000|100%| O|Cm|TAMS 0x0000000084600000| PB 0x0000000084600000| Updating |  0
|  70|0x0000000084600000, 0x0000000084700000, 0x0000000084700000|100%| O|  |TAMS 0x0000000084700000| PB 0x0000000084700000| Untracked |  0
|  71|0x0000000084700000, 0x0000000084800000, 0x0000000084800000|100%| O|  |TAMS 0x0000000084800000| PB 0x0000000084800000| Untracked |  0
|  72|0x0000000084800000, 0x0000000084900000, 0x0000000084900000|100%| O|  |TAMS 0x0000000084900000| PB 0x0000000084900000| Untracked |  0
|  73|0x0000000084900000, 0x0000000084a00000, 0x0000000084a00000|100%| O|  |TAMS 0x0000000084a00000| PB 0x0000000084a00000| Untracked |  0
|  74|0x0000000084a00000, 0x0000000084b00000, 0x0000000084b00000|100%| O|  |TAMS 0x0000000084b00000| PB 0x0000000084b00000| Untracked |  0
|  75|0x0000000084b00000, 0x0000000084c00000, 0x0000000084c00000|100%| O|  |TAMS 0x0000000084c00000| PB 0x0000000084c00000| Untracked |  0
|  76|0x0000000084c00000, 0x0000000084d00000, 0x0000000084d00000|100%| O|  |TAMS 0x0000000084d00000| PB 0x0000000084d00000| Untracked |  0
|  77|0x0000000084d00000, 0x0000000084e00000, 0x0000000084e00000|100%| O|  |TAMS 0x0000000084e00000| PB 0x0000000084e00000| Untracked |  0
|  78|0x0000000084e00000, 0x0000000084f00000, 0x0000000084f00000|100%| O|  |TAMS 0x0000000084ef9d20| PB 0x0000000084ef9d20| Untracked |  0
|  79|0x0000000084f00000, 0x0000000084fb1780, 0x0000000085000000| 69%| O|  |TAMS 0x0000000084f00000| PB 0x0000000084f00000| Untracked |  0
|  80|0x0000000085000000, 0x0000000085000000, 0x0000000085100000|  0%| F|  |TAMS 0x0000000085000000| PB 0x0000000085000000| Untracked |  0
|  81|0x0000000085100000, 0x0000000085100000, 0x0000000085200000|  0%| F|  |TAMS 0x0000000085100000| PB 0x0000000085100000| Untracked |  0
|  82|0x0000000085200000, 0x0000000085200000, 0x0000000085300000|  0%| F|  |TAMS 0x0000000085200000| PB 0x0000000085200000| Untracked |  0
|  83|0x0000000085300000, 0x0000000085300000, 0x0000000085400000|  0%| F|  |TAMS 0x0000000085300000| PB 0x0000000085300000| Untracked |  0
|  84|0x0000000085400000, 0x0000000085400000, 0x0000000085500000|  0%| F|  |TAMS 0x0000000085400000| PB 0x0000000085400000| Untracked |  0
|  85|0x0000000085500000, 0x0000000085500000, 0x0000000085600000|  0%| F|  |TAMS 0x0000000085500000| PB 0x0000000085500000| Untracked |  0
|  86|0x0000000085600000, 0x0000000085600000, 0x0000000085700000|  0%| F|  |TAMS 0x0000000085600000| PB 0x0000000085600000| Untracked |  0
|  87|0x0000000085700000, 0x0000000085700000, 0x0000000085800000|  0%| F|  |TAMS 0x0000000085700000| PB 0x0000000085700000| Untracked |  0
|  88|0x0000000085800000, 0x0000000085800000, 0x0000000085900000|  0%| F|  |TAMS 0x0000000085800000| PB 0x0000000085800000| Untracked |  0
|  89|0x0000000085900000, 0x0000000085900000, 0x0000000085a00000|  0%| F|  |TAMS 0x0000000085900000| PB 0x0000000085900000| Untracked |  0
|  90|0x0000000085a00000, 0x0000000085a00000, 0x0000000085b00000|  0%| F|  |TAMS 0x0000000085a00000| PB 0x0000000085a00000| Untracked |  0
|  91|0x0000000085b00000, 0x0000000085b00000, 0x0000000085c00000|  0%| F|  |TAMS 0x0000000085b00000| PB 0x0000000085b00000| Untracked |  0
|  92|0x0000000085c00000, 0x0000000085c00000, 0x0000000085d00000|  0%| F|  |TAMS 0x0000000085c00000| PB 0x0000000085c00000| Untracked |  0
|  93|0x0000000085d00000, 0x0000000085de6970, 0x0000000085e00000| 90%| S|CS|TAMS 0x0000000085d00000| PB 0x0000000085d00000| Complete |  0
|  94|0x0000000085e00000, 0x0000000085f00000, 0x0000000085f00000|100%| S|CS|TAMS 0x0000000085e00000| PB 0x0000000085e00000| Complete |  0
|  95|0x0000000085f00000, 0x0000000086000000, 0x0000000086000000|100%| S|CS|TAMS 0x0000000085f00000| PB 0x0000000085f00000| Complete |  0
|  96|0x0000000086000000, 0x0000000086100000, 0x0000000086100000|100%| S|CS|TAMS 0x0000000086000000| PB 0x0000000086000000| Complete |  0
|  97|0x0000000086100000, 0x0000000086100000, 0x0000000086200000|  0%| F|  |TAMS 0x0000000086100000| PB 0x0000000086100000| Untracked |  0
|  98|0x0000000086200000, 0x0000000086200000, 0x0000000086300000|  0%| F|  |TAMS 0x0000000086200000| PB 0x0000000086200000| Untracked |  0
|  99|0x0000000086300000, 0x0000000086300000, 0x0000000086400000|  0%| F|  |TAMS 0x0000000086300000| PB 0x0000000086300000| Untracked |  0
| 100|0x0000000086400000, 0x0000000086400000, 0x0000000086500000|  0%| F|  |TAMS 0x0000000086400000| PB 0x0000000086400000| Untracked |  0
| 101|0x0000000086500000, 0x0000000086500000, 0x0000000086600000|  0%| F|  |TAMS 0x0000000086500000| PB 0x0000000086500000| Untracked |  0
| 102|0x0000000086600000, 0x0000000086600000, 0x0000000086700000|  0%| F|  |TAMS 0x0000000086600000| PB 0x0000000086600000| Untracked |  0
| 103|0x0000000086700000, 0x0000000086700000, 0x0000000086800000|  0%| F|  |TAMS 0x0000000086700000| PB 0x0000000086700000| Untracked |  0
| 104|0x0000000086800000, 0x0000000086800000, 0x0000000086900000|  0%| F|  |TAMS 0x0000000086800000| PB 0x0000000086800000| Untracked |  0
| 105|0x0000000086900000, 0x0000000086900000, 0x0000000086a00000|  0%| F|  |TAMS 0x0000000086900000| PB 0x0000000086900000| Untracked |  0
| 106|0x0000000086a00000, 0x0000000086a00000, 0x0000000086b00000|  0%| F|  |TAMS 0x0000000086a00000| PB 0x0000000086a00000| Untracked |  0
| 107|0x0000000086b00000, 0x0000000086b00000, 0x0000000086c00000|  0%| F|  |TAMS 0x0000000086b00000| PB 0x0000000086b00000| Untracked |  0
| 108|0x0000000086c00000, 0x0000000086c00000, 0x0000000086d00000|  0%| F|  |TAMS 0x0000000086c00000| PB 0x0000000086c00000| Untracked |  0
| 109|0x0000000086d00000, 0x0000000086d00000, 0x0000000086e00000|  0%| F|  |TAMS 0x0000000086d00000| PB 0x0000000086d00000| Untracked |  0
| 110|0x0000000086e00000, 0x0000000086e00000, 0x0000000086f00000|  0%| F|  |TAMS 0x0000000086e00000| PB 0x0000000086e00000| Untracked |  0
| 111|0x0000000086f00000, 0x0000000086f00000, 0x0000000087000000|  0%| F|  |TAMS 0x0000000086f00000| PB 0x0000000086f00000| Untracked |  0
| 112|0x0000000087000000, 0x0000000087000000, 0x0000000087100000|  0%| F|  |TAMS 0x0000000087000000| PB 0x0000000087000000| Untracked |  0
| 113|0x0000000087100000, 0x0000000087100000, 0x0000000087200000|  0%| F|  |TAMS 0x0000000087100000| PB 0x0000000087100000| Untracked |  0
| 114|0x0000000087200000, 0x0000000087200000, 0x0000000087300000|  0%| F|  |TAMS 0x0000000087200000| PB 0x0000000087200000| Untracked |  0
| 115|0x0000000087300000, 0x0000000087300000, 0x0000000087400000|  0%| F|  |TAMS 0x0000000087300000| PB 0x0000000087300000| Untracked |  0
| 116|0x0000000087400000, 0x0000000087400000, 0x0000000087500000|  0%| F|  |TAMS 0x0000000087400000| PB 0x0000000087400000| Untracked |  0
| 117|0x0000000087500000, 0x0000000087500000, 0x0000000087600000|  0%| F|  |TAMS 0x0000000087500000| PB 0x0000000087500000| Untracked |  0
| 118|0x0000000087600000, 0x0000000087600000, 0x0000000087700000|  0%| F|  |TAMS 0x0000000087600000| PB 0x0000000087600000| Untracked |  0
| 119|0x0000000087700000, 0x0000000087700000, 0x0000000087800000|  0%| F|  |TAMS 0x0000000087700000| PB 0x0000000087700000| Untracked |  0
| 120|0x0000000087800000, 0x0000000087800000, 0x0000000087900000|  0%| F|  |TAMS 0x0000000087800000| PB 0x0000000087800000| Untracked |  0
| 121|0x0000000087900000, 0x0000000087900000, 0x0000000087a00000|  0%| F|  |TAMS 0x0000000087900000| PB 0x0000000087900000| Untracked |  0
| 122|0x0000000087a00000, 0x0000000087a00000, 0x0000000087b00000|  0%| F|  |TAMS 0x0000000087a00000| PB 0x0000000087a00000| Untracked |  0
| 123|0x0000000087b00000, 0x0000000087b00000, 0x0000000087c00000|  0%| F|  |TAMS 0x0000000087b00000| PB 0x0000000087b00000| Untracked |  0
| 124|0x0000000087c00000, 0x0000000087c00000, 0x0000000087d00000|  0%| F|  |TAMS 0x0000000087c00000| PB 0x0000000087c00000| Untracked |  0
| 125|0x0000000087d00000, 0x0000000087d32ec8, 0x0000000087e00000| 19%| E|  |TAMS 0x0000000087d00000| PB 0x0000000087d00000| Complete |  0
| 126|0x0000000087e00000, 0x0000000087f00000, 0x0000000087f00000|100%| E|CS|TAMS 0x0000000087e00000| PB 0x0000000087e00000| Complete |  0
| 127|0x0000000087f00000, 0x0000000088000000, 0x0000000088000000|100%| E|CS|TAMS 0x0000000087f00000| PB 0x0000000087f00000| Complete |  0
| 128|0x0000000088000000, 0x0000000088100000, 0x0000000088100000|100%| E|CS|TAMS 0x0000000088000000| PB 0x0000000088000000| Complete |  0
| 129|0x0000000088100000, 0x0000000088200000, 0x0000000088200000|100%| E|CS|TAMS 0x0000000088100000| PB 0x0000000088100000| Complete |  0
| 130|0x0000000088200000, 0x0000000088300000, 0x0000000088300000|100%| E|CS|TAMS 0x0000000088200000| PB 0x0000000088200000| Complete |  0
| 131|0x0000000088300000, 0x0000000088400000, 0x0000000088400000|100%| E|CS|TAMS 0x0000000088300000| PB 0x0000000088300000| Complete |  0
| 132|0x0000000088400000, 0x0000000088500000, 0x0000000088500000|100%| E|CS|TAMS 0x0000000088400000| PB 0x0000000088400000| Complete |  0
|2046|0x00000000ffe00000, 0x00000000fff00000, 0x00000000fff00000|100%| O|  |TAMS 0x00000000fff00000| PB 0x00000000fff00000| Untracked |  0
|2047|0x00000000fff00000, 0x0000000100000000, 0x0000000100000000|100%| O|  |TAMS 0x0000000100000000| PB 0x0000000100000000| Untracked |  0

Card table byte_map: [0x000002916cd50000,0x000002916d150000] _byte_map_base: 0x000002916c950000

Marking Bits: (CMBitMap*) 0x0000029154e1ed90
 Bits: [0x000002916d150000, 0x000002916f150000)

Polling page: 0x0000029154580000

Metaspace:

Usage:
  Non-class:     63.70 MB used.
      Class:     10.94 MB used.
       Both:     74.64 MB used.

Virtual space:
  Non-class space:      128.00 MB reserved,      64.88 MB ( 51%) committed,  2 nodes.
      Class space:      416.00 MB reserved,      12.00 MB (  3%) committed,  1 nodes.
             Both:      544.00 MB reserved,      76.88 MB ( 14%) committed. 

Chunk freelists:
   Non-Class:  14.23 MB
       Class:  3.91 MB
        Both:  18.15 MB

MaxMetaspaceSize: 512.00 MB
CompressedClassSpaceSize: 416.00 MB
Initial GC threshold: 21.00 MB
Current GC threshold: 125.88 MB
CDS: on
 - commit_granule_bytes: 65536.
 - commit_granule_words: 8192.
 - virtual_space_node_default_size: 8388608.
 - enlarge_chunks_in_place: 1.
 - use_allocation_guard: 0.


Internal statistics:

num_allocs_failed_limit: 9.
num_arena_births: 3822.
num_arena_deaths: 0.
num_vsnodes_births: 3.
num_vsnodes_deaths: 0.
num_space_committed: 1230.
num_space_uncommitted: 0.
num_chunks_returned_to_freelist: 9.
num_chunks_taken_from_freelist: 7218.
num_chunk_merges: 9.
num_chunk_splits: 4728.
num_chunks_enlarged: 3015.
num_inconsistent_stats: 0.

CodeHeap 'non-profiled nmethods': size=120064Kb used=4385Kb max_used=4488Kb free=115678Kb
 bounds [0x0000029164fc0000, 0x0000029165430000, 0x000002916c500000]
CodeHeap 'profiled nmethods': size=120000Kb used=14742Kb max_used=15220Kb free=105257Kb
 bounds [0x000002915d500000, 0x000002915e3e0000, 0x0000029164a30000]
CodeHeap 'non-nmethods': size=5696Kb used=3051Kb max_used=3094Kb free=2645Kb
 bounds [0x0000029164a30000, 0x0000029164d50000, 0x0000029164fc0000]
CodeCache: size=245760Kb, used=22178Kb, max_used=22802Kb, free=223580Kb
 total_blobs=11225, nmethods=10264, adapters=866, full_count=0
Compilation: enabled, stopped_count=0, restarted_count=0

Compilation events (20 events):
Event: 27.499 Thread 0x00000291259832a0 nmethod 11892 0x000002916541cb08 code [0x000002916541ce40, 0x000002916541e858]
Event: 27.503 Thread 0x0000029171c51ad0 nmethod 11907 0x000002916541ea08 code [0x000002916541eb40, 0x000002916541eec0]
Event: 27.503 Thread 0x00000291259832a0 11908       4       java.nio.ByteBuffer::order (48 bytes)
Event: 27.504 Thread 0x0000029171c51ad0 11909       4       org.gradle.internal.serialize.kryo.KryoBackedDecoder::<init> (26 bytes)
Event: 27.505 Thread 0x00000291259832a0 nmethod 11908 0x000002916541ef88 code [0x000002916541f080, 0x000002916541f128]
Event: 27.508 Thread 0x00000291259832a0 11910       4       java.math.BigInteger::longValue (32 bytes)
Event: 27.512 Thread 0x00000291259832a0 nmethod 11910 0x000002916541f288 code [0x000002916541f3a0, 0x000002916541f630]
Event: 27.513 Thread 0x00000291259832a0 11912       4       com.google.common.collect.MapMakerInternalMap$Segment::drainKeyReferenceQueue (42 bytes)
Event: 27.513 Thread 0x0000029171c528d0 11913       3       java.util.Collections$2::forEachRemaining (7 bytes)
Event: 27.513 Thread 0x0000029171c528d0 nmethod 11913 0x000002915e3dc888 code [0x000002915e3dc9a0, 0x000002915e3dcaf8]
Event: 27.514 Thread 0x0000029171c51ad0 nmethod 11909 0x000002916541f688 code [0x000002916541f7c0, 0x000002916541fee0]
Event: 27.514 Thread 0x0000029171c51ad0 11911       4       com.google.common.collect.MapMakerInternalMap$WeakKeyDummyValueSegment::maybeDrainReferenceQueues (9 bytes)
Event: 27.538 Thread 0x00000291259832a0 nmethod 11912 0x000002916541ff88 code [0x00000291654201a0, 0x0000029165420d60]
Event: 27.538 Thread 0x00000291259832a0 11915       4       org.gradle.internal.file.FileHierarchySet$Node::contains (101 bytes)
Event: 27.538 Thread 0x0000029171c51ad0 nmethod 11911 0x0000029165420e88 code [0x00000291654210a0, 0x0000029165421c78]
Event: 27.538 Thread 0x0000029171c51ad0 11916       4       jdk.internal.misc.Unsafe::checkSize (32 bytes)
Event: 27.539 Thread 0x0000029171c51ad0 nmethod 11916 0x0000029165421d88 code [0x0000029165421e80, 0x0000029165421f28]
Event: 27.539 Thread 0x0000029171c51ad0 11914       4       org.gradle.cache.internal.btree.KeyHasher$MessageDigestStream::getChecksum (41 bytes)
Event: 27.557 Thread 0x0000029171c528d0 11918       3       com.google.common.collect.SingletonImmutableList::spliterator (13 bytes)
Event: 27.558 Thread 0x0000029171c528d0 nmethod 11918 0x000002915e3dcb88 code [0x000002915e3dcd00, 0x000002915e3dd2e0]

GC Heap History (20 events):
Event: 17.882 GC heap before
{Heap before GC invocations=19 (full 0):
 garbage-first heap   total reserved 2097152K, committed 100352K, used 88319K [0x0000000080000000, 0x0000000100000000)
  region size 1024K, 30 young (30720K), 5 survivors (5120K)
 Metaspace       used 65876K, committed 67968K, reserved 491520K
  class space    used 9706K, committed 10688K, reserved 425984K
}
Event: 17.887 GC heap after
{Heap after GC invocations=20 (full 0):
 garbage-first heap   total reserved 2097152K, committed 100352K, used 64288K [0x0000000080000000, 0x0000000100000000)
  region size 1024K, 2 young (2048K), 2 survivors (2048K)
 Metaspace       used 65876K, committed 67968K, reserved 491520K
  class space    used 9706K, committed 10688K, reserved 425984K
}
Event: 18.588 GC heap before
{Heap before GC invocations=21 (full 0):
 garbage-first heap   total reserved 2097152K, committed 107520K, used 91936K [0x0000000080000000, 0x0000000100000000)
  region size 1024K, 29 young (29696K), 2 survivors (2048K)
 Metaspace       used 67359K, committed 69440K, reserved 491520K
  class space    used 9908K, committed 10880K, reserved 425984K
}
Event: 18.592 GC heap after
{Heap after GC invocations=22 (full 0):
 garbage-first heap   total reserved 2097152K, committed 107520K, used 65253K [0x0000000080000000, 0x0000000100000000)
  region size 1024K, 3 young (3072K), 3 survivors (3072K)
 Metaspace       used 67359K, committed 69440K, reserved 491520K
  class space    used 9908K, committed 10880K, reserved 425984K
}
Event: 19.580 GC heap before
{Heap before GC invocations=22 (full 0):
 garbage-first heap   total reserved 2097152K, committed 107520K, used 96997K [0x0000000080000000, 0x0000000100000000)
  region size 1024K, 35 young (35840K), 3 survivors (3072K)
 Metaspace       used 68609K, committed 70720K, reserved 491520K
  class space    used 10074K, committed 11072K, reserved 425984K
}
Event: 19.589 GC heap after
{Heap after GC invocations=23 (full 0):
 garbage-first heap   total reserved 2097152K, committed 107520K, used 68682K [0x0000000080000000, 0x0000000100000000)
  region size 1024K, 5 young (5120K), 5 survivors (5120K)
 Metaspace       used 68609K, committed 70720K, reserved 491520K
  class space    used 10074K, committed 11072K, reserved 425984K
}
Event: 20.663 GC heap before
{Heap before GC invocations=23 (full 0):
 garbage-first heap   total reserved 2097152K, committed 107520K, used 95306K [0x0000000080000000, 0x0000000100000000)
  region size 1024K, 31 young (31744K), 5 survivors (5120K)
 Metaspace       used 70169K, committed 72256K, reserved 491520K
  class space    used 10301K, committed 11264K, reserved 425984K
}
Event: 20.672 GC heap after
{Heap after GC invocations=24 (full 0):
 garbage-first heap   total reserved 2097152K, committed 107520K, used 71757K [0x0000000080000000, 0x0000000100000000)
  region size 1024K, 4 young (4096K), 4 survivors (4096K)
 Metaspace       used 70169K, committed 72256K, reserved 491520K
  class space    used 10301K, committed 11264K, reserved 425984K
}
Event: 22.017 GC heap before
{Heap before GC invocations=25 (full 0):
 garbage-first heap   total reserved 2097152K, committed 121856K, used 94285K [0x0000000080000000, 0x0000000100000000)
  region size 1024K, 27 young (27648K), 4 survivors (4096K)
 Metaspace       used 72105K, committed 74304K, reserved 491520K
  class space    used 10577K, committed 11648K, reserved 425984K
}
Event: 22.023 GC heap after
{Heap after GC invocations=26 (full 0):
 garbage-first heap   total reserved 2097152K, committed 121856K, used 73724K [0x0000000080000000, 0x0000000100000000)
  region size 1024K, 3 young (3072K), 3 survivors (3072K)
 Metaspace       used 72105K, committed 74304K, reserved 491520K
  class space    used 10577K, committed 11648K, reserved 425984K
}
Event: 25.897 GC heap before
{Heap before GC invocations=26 (full 0):
 garbage-first heap   total reserved 2097152K, committed 121856K, used 109564K [0x0000000080000000, 0x0000000100000000)
  region size 1024K, 38 young (38912K), 3 survivors (3072K)
 Metaspace       used 74412K, committed 76608K, reserved 491520K
  class space    used 11002K, committed 12032K, reserved 425984K
}
Event: 25.905 GC heap after
{Heap after GC invocations=27 (full 0):
 garbage-first heap   total reserved 2097152K, committed 121856K, used 76440K [0x0000000080000000, 0x0000000100000000)
  region size 1024K, 5 young (5120K), 5 survivors (5120K)
 Metaspace       used 74412K, committed 76608K, reserved 491520K
  class space    used 11002K, committed 12032K, reserved 425984K
}
Event: 26.234 GC heap before
{Heap before GC invocations=27 (full 0):
 garbage-first heap   total reserved 2097152K, committed 121856K, used 95896K [0x0000000080000000, 0x0000000100000000)
  region size 1024K, 26 young (26624K), 5 survivors (5120K)
 Metaspace       used 74844K, committed 77056K, reserved 491520K
  class space    used 11051K, committed 12096K, reserved 425984K
}
Event: 26.241 GC heap after
{Heap after GC invocations=28 (full 0):
 garbage-first heap   total reserved 2097152K, committed 121856K, used 81368K [0x0000000080000000, 0x0000000100000000)
  region size 1024K, 5 young (5120K), 5 survivors (5120K)
 Metaspace       used 74844K, committed 77056K, reserved 491520K
  class space    used 11051K, committed 12096K, reserved 425984K
}
Event: 26.852 GC heap before
{Heap before GC invocations=29 (full 0):
 garbage-first heap   total reserved 2097152K, committed 138240K, used 107992K [0x0000000080000000, 0x0000000100000000)
  region size 1024K, 31 young (31744K), 5 survivors (5120K)
 Metaspace       used 75999K, committed 78272K, reserved 557056K
  class space    used 11191K, committed 12288K, reserved 425984K
}
Event: 26.857 GC heap after
{Heap after GC invocations=30 (full 0):
 garbage-first heap   total reserved 2097152K, committed 138240K, used 82362K [0x0000000080000000, 0x0000000100000000)
  region size 1024K, 4 young (4096K), 4 survivors (4096K)
 Metaspace       used 75999K, committed 78272K, reserved 557056K
  class space    used 11191K, committed 12288K, reserved 425984K
}
Event: 27.264 GC heap before
{Heap before GC invocations=30 (full 0):
 garbage-first heap   total reserved 2097152K, committed 138240K, used 120250K [0x0000000080000000, 0x0000000100000000)
  region size 1024K, 42 young (43008K), 4 survivors (4096K)
 Metaspace       used 76376K, committed 78656K, reserved 557056K
  class space    used 11197K, committed 12288K, reserved 425984K
}
Event: 27.272 GC heap after
{Heap after GC invocations=31 (full 0):
 garbage-first heap   total reserved 2097152K, committed 138240K, used 85991K [0x0000000080000000, 0x0000000100000000)
  region size 1024K, 6 young (6144K), 6 survivors (6144K)
 Metaspace       used 76376K, committed 78656K, reserved 557056K
  class space    used 11197K, committed 12288K, reserved 425984K
}
Event: 27.471 GC heap before
{Heap before GC invocations=31 (full 0):
 garbage-first heap   total reserved 2097152K, committed 138240K, used 121831K [0x0000000080000000, 0x0000000100000000)
  region size 1024K, 42 young (43008K), 6 survivors (6144K)
 Metaspace       used 76424K, committed 78720K, reserved 557056K
  class space    used 11197K, committed 12288K, reserved 425984K
}
Event: 27.478 GC heap after
{Heap after GC invocations=32 (full 0):
 garbage-first heap   total reserved 2097152K, committed 138240K, used 87648K [0x0000000080000000, 0x0000000100000000)
  region size 1024K, 4 young (4096K), 4 survivors (4096K)
 Metaspace       used 76424K, committed 78720K, reserved 557056K
  class space    used 11197K, committed 12288K, reserved 425984K
}

Dll operation events (15 events):
Event: 0.021 Loaded shared library C:\Program Files\Java\jdk-23\bin\java.dll
Event: 0.085 Loaded shared library C:\Program Files\Java\jdk-23\bin\jsvml.dll
Event: 0.159 Loaded shared library C:\Program Files\Java\jdk-23\bin\zip.dll
Event: 0.167 Loaded shared library C:\Program Files\Java\jdk-23\bin\instrument.dll
Event: 0.174 Loaded shared library C:\Program Files\Java\jdk-23\bin\net.dll
Event: 0.178 Loaded shared library C:\Program Files\Java\jdk-23\bin\nio.dll
Event: 0.183 Loaded shared library C:\Program Files\Java\jdk-23\bin\zip.dll
Event: 0.629 Loaded shared library C:\Program Files\Java\jdk-23\bin\jimage.dll
Event: 0.848 Loaded shared library C:\Program Files\Java\jdk-23\bin\verify.dll
Event: 1.118 Loaded shared library C:\Users\Ayush Kumar\.gradle\native\c067742578af261105cb4f569cf0c3c89f3d7b1fecec35dd04571415982c5e48\windows-amd64\native-platform.dll
Event: 1.127 Loaded shared library C:\Users\Ayush Kumar\.gradle\native\100fb08df4bc3b14c8652ba06237920a3bd2aa13389f12d3474272988ae205f9\windows-amd64\native-platform-file-events.dll
Event: 2.675 Loaded shared library C:\Program Files\Java\jdk-23\bin\management.dll
Event: 2.679 Loaded shared library C:\Program Files\Java\jdk-23\bin\management_ext.dll
Event: 2.933 Loaded shared library C:\Program Files\Java\jdk-23\bin\extnet.dll
Event: 3.145 Loaded shared library C:\Program Files\Java\jdk-23\bin\sunmscapi.dll

Deoptimization events (20 events):
Event: 27.431 Thread 0x000002912501b5d0 Uncommon trap: trap_request=0xffffff45 fr.pc=0x0000029165364198 relative=0x0000000000000098
Event: 27.431 Thread 0x000002912501b5d0 Uncommon trap: reason=unstable_if action=reinterpret pc=0x0000029165364198 method=com.google.common.cache.LongAdder.add(J)V @ 24 c2
Event: 27.431 Thread 0x000002912501b5d0 DEOPT PACKING pc=0x0000029165364198 sp=0x000000a1cdefbaf0
Event: 27.432 Thread 0x000002912501b5d0 DEOPT UNPACKING pc=0x0000029164a87982 sp=0x000000a1cdefba30 mode 2
Event: 27.500 Thread 0x0000029120c74f10 Uncommon trap: trap_request=0xffffffbe fr.pc=0x000002916541dfb0 relative=0x0000000000001170
Event: 27.500 Thread 0x0000029120c74f10 Uncommon trap: reason=profile_predicate action=maybe_recompile pc=0x000002916541dfb0 method=org.gradle.internal.file.FileHierarchySet$Node.contains(Ljava/lang/String;I)Z @ 69 c2
Event: 27.500 Thread 0x0000029120c74f10 DEOPT PACKING pc=0x000002916541dfb0 sp=0x000000a1cb1f60a0
Event: 27.500 Thread 0x0000029120c74f10 DEOPT UNPACKING pc=0x0000029164a87982 sp=0x000000a1cb1f60a0 mode 2
Event: 27.501 Thread 0x0000029125016710 Uncommon trap: trap_request=0xffffffbe fr.pc=0x000002916541dfb0 relative=0x0000000000001170
Event: 27.501 Thread 0x0000029125016710 Uncommon trap: reason=profile_predicate action=maybe_recompile pc=0x000002916541dfb0 method=org.gradle.internal.file.FileHierarchySet$Node.contains(Ljava/lang/String;I)Z @ 69 c2
Event: 27.501 Thread 0x0000029125016710 DEOPT PACKING pc=0x000002916541dfb0 sp=0x000000a1cdafc200
Event: 27.501 Thread 0x0000029125016710 DEOPT UNPACKING pc=0x0000029164a87982 sp=0x000000a1cdafc200 mode 2
Event: 27.501 Thread 0x000002912501b5d0 Uncommon trap: trap_request=0xffffffbe fr.pc=0x000002916541dfb0 relative=0x0000000000001170
Event: 27.501 Thread 0x000002912501b5d0 Uncommon trap: reason=profile_predicate action=maybe_recompile pc=0x000002916541dfb0 method=org.gradle.internal.file.FileHierarchySet$Node.contains(Ljava/lang/String;I)Z @ 69 c2
Event: 27.501 Thread 0x000002912501b5d0 DEOPT PACKING pc=0x000002916541dfb0 sp=0x000000a1cdefc090
Event: 27.501 Thread 0x000002912501b5d0 DEOPT UNPACKING pc=0x0000029164a87982 sp=0x000000a1cdefc090 mode 2
Event: 27.502 Thread 0x000002912501b5d0 Uncommon trap: trap_request=0xffffffbe fr.pc=0x000002916541dfb0 relative=0x0000000000001170
Event: 27.502 Thread 0x000002912501b5d0 Uncommon trap: reason=profile_predicate action=maybe_recompile pc=0x000002916541dfb0 method=org.gradle.internal.file.FileHierarchySet$Node.contains(Ljava/lang/String;I)Z @ 69 c2
Event: 27.502 Thread 0x000002912501b5d0 DEOPT PACKING pc=0x000002916541dfb0 sp=0x000000a1cdefc090
Event: 27.502 Thread 0x000002912501b5d0 DEOPT UNPACKING pc=0x0000029164a87982 sp=0x000000a1cdefc090 mode 2

Classes loaded (20 events):
Event: 26.358 Loading class jdk/internal/vm/annotation/ForceInline
Event: 26.359 Loading class jdk/internal/vm/annotation/ForceInline done
Event: 26.369 Loading class java/util/AbstractMap$2
Event: 26.370 Loading class java/util/AbstractMap$2 done
Event: 26.370 Loading class java/util/AbstractMap$ValueIterator
Event: 26.370 Loading class java/util/AbstractMap$ValueIterator done
Event: 26.514 Loading class java/util/AbstractCollectionBeanInfo
Event: 26.514 Loading class java/util/AbstractCollectionBeanInfo done
Event: 26.514 Loading class java/util/AbstractCollectionBeanInfo
Event: 26.514 Loading class java/util/AbstractCollectionBeanInfo done
Event: 26.514 Loading class java/util/AbstractCollectionCustomizer
Event: 26.514 Loading class java/util/AbstractCollectionCustomizer done
Event: 26.514 Loading class java/util/AbstractCollectionCustomizer
Event: 26.514 Loading class java/util/AbstractCollectionCustomizer done
Event: 26.515 Loading class sun/reflect/generics/reflectiveObjects/GenericArrayTypeImpl
Event: 26.516 Loading class sun/reflect/generics/reflectiveObjects/GenericArrayTypeImpl done
Event: 26.828 Loading class java/util/Collections$ReverseComparator
Event: 26.841 Loading class java/util/Collections$ReverseComparator done
Event: 26.841 Loading class java/util/Collections$ReverseComparator2
Event: 26.842 Loading class java/util/Collections$ReverseComparator2 done

Classes unloaded (0 events):
No events

Classes redefined (0 events):
No events

Internal exceptions (20 events):
Event: 26.512 Thread 0x0000029120c74f10 Exception <a 'java/lang/ClassNotFoundException'{0x00000000877a38a8}: org/gradle/api/internal/DefaultNamedDomainObjectListBeanInfo> (0x00000000877a38a8) 
thrown [s\open\src\hotspot\share\classfile\systemDictionary.cpp, line 313]
Event: 26.513 Thread 0x0000029120c74f10 Exception <a 'java/lang/ClassNotFoundException'{0x00000000877b8020}: org/gradle/api/internal/DefaultNamedDomainObjectCollectionBeanInfo> (0x00000000877b8020) 
thrown [s\open\src\hotspot\share\classfile\systemDictionary.cpp, line 313]
Event: 26.514 Thread 0x0000029120c74f10 Exception <a 'java/lang/ClassNotFoundException'{0x00000000877cc350}: org/gradle/api/internal/DefaultDomainObjectCollectionBeanInfo> (0x00000000877cc350) 
thrown [s\open\src\hotspot\share\classfile\systemDictionary.cpp, line 313]
Event: 26.514 Thread 0x0000029120c74f10 Exception <a 'java/lang/ClassNotFoundException'{0x00000000877d4238}: java/util/AbstractCollectionBeanInfo> (0x00000000877d4238) 
thrown [s\open\src\hotspot\share\classfile\systemDictionary.cpp, line 313]
Event: 26.515 Thread 0x0000029120c74f10 Exception <a 'java/lang/ClassNotFoundException'{0x00000000877dc0e8}: java/util/AbstractCollectionCustomizer> (0x00000000877dc0e8) 
thrown [s\open\src\hotspot\share\classfile\systemDictionary.cpp, line 313]
Event: 26.519 Thread 0x0000029120c74f10 Exception <a 'java/lang/ClassNotFoundException'{0x00000000876014f8}: org/gradle/api/internal/DefaultDomainObjectCollectionCustomizer> (0x00000000876014f8) 
thrown [s\open\src\hotspot\share\classfile\systemDictionary.cpp, line 313]
Event: 26.523 Thread 0x0000029120c74f10 Exception <a 'java/lang/ClassNotFoundException'{0x000000008763c668}: org/gradle/api/internal/DefaultNamedDomainObjectCollectionCustomizer> (0x000000008763c668) 
thrown [s\open\src\hotspot\share\classfile\systemDictionary.cpp, line 313]
Event: 26.526 Thread 0x0000029120c74f10 Exception <a 'java/lang/ClassNotFoundException'{0x0000000087685780}: org/gradle/api/internal/DefaultNamedDomainObjectListCustomizer> (0x0000000087685780) 
thrown [s\open\src\hotspot\share\classfile\systemDictionary.cpp, line 313]
Event: 26.529 Thread 0x0000029120c74f10 Exception <a 'java/lang/ClassNotFoundException'{0x00000000876d0518}: org/gradle/api/internal/artifacts/DefaultArtifactRepositoryContainerCustomizer> (0x00000000876d0518) 
thrown [s\open\src\hotspot\share\classfile\systemDictionary.cpp, line 313]
Event: 26.532 Thread 0x0000029120c74f10 Exception <a 'java/lang/ClassNotFoundException'{0x0000000087516fb8}: org/gradle/api/internal/artifacts/dsl/DefaultRepositoryHandlerCustomizer> (0x0000000087516fb8) 
thrown [s\open\src\hotspot\share\classfile\systemDictionary.cpp, line 313]
Event: 26.537 Thread 0x0000029120c74f10 Exception <a 'java/lang/ClassNotFoundException'{0x000000008756c170}: org/gradle/api/internal/artifacts/dsl/DefaultRepositoryHandler_DecoratedCustomizer> (0x000000008756c170) 
thrown [s\open\src\hotspot\share\classfile\systemDictionary.cpp, line 313]
Event: 26.549 Thread 0x0000029120c74f10 Exception <a 'java/lang/ClassNotFoundException'{0x00000000874143f8}: org/gradle/api/internal/artifacts/dsl/dependencies/DefaultDependencyHandler_DecoratedBeanInfo> (0x00000000874143f8) 
thrown [s\open\src\hotspot\share\classfile\systemDictionary.cpp, line 313]
Event: 26.551 Thread 0x0000029120c74f10 Exception <a 'java/lang/ClassNotFoundException'{0x0000000087429610}: org/gradle/api/internal/artifacts/dsl/dependencies/DefaultDependencyHandlerBeanInfo> (0x0000000087429610) 
thrown [s\open\src\hotspot\share\classfile\systemDictionary.cpp, line 313]
Event: 26.552 Thread 0x0000029120c74f10 Exception <a 'java/lang/ClassNotFoundException'{0x000000008743e7e8}: org/gradle/api/internal/artifacts/dsl/dependencies/DefaultDependencyHandlerCustomizer> (0x000000008743e7e8) 
thrown [s\open\src\hotspot\share\classfile\systemDictionary.cpp, line 313]
Event: 26.555 Thread 0x0000029120c74f10 Exception <a 'java/lang/ClassNotFoundException'{0x0000000087486a40}: org/gradle/api/internal/artifacts/dsl/dependencies/DefaultDependencyHandler_DecoratedCustomizer> (0x0000000087486a40) 
thrown [s\open\src\hotspot\share\classfile\systemDictionary.cpp, line 313]
Event: 27.101 Thread 0x0000029121715a20 Exception <a 'sun/nio/fs/WindowsException'{0x00000000876d0e48}> (0x00000000876d0e48) 
thrown [s\open\src\hotspot\share\prims\jni.cpp, line 520]
Event: 27.102 Thread 0x0000029121715a20 Exception <a 'sun/nio/fs/WindowsException'{0x00000000876da300}> (0x00000000876da300) 
thrown [s\open\src\hotspot\share\prims\jni.cpp, line 520]
Event: 27.103 Thread 0x0000029121715a20 Exception <a 'sun/nio/fs/WindowsException'{0x00000000876dc980}> (0x00000000876dc980) 
thrown [s\open\src\hotspot\share\prims\jni.cpp, line 520]
Event: 27.103 Thread 0x0000029121715a20 Exception <a 'sun/nio/fs/WindowsException'{0x00000000876dec70}> (0x00000000876dec70) 
thrown [s\open\src\hotspot\share\prims\jni.cpp, line 520]
Event: 27.238 Thread 0x0000029125016080 Implicit null exception at 0x0000029165404af6 to 0x00000291654053ec

VM Operations (20 events):
Event: 23.712 Executing VM operation: HandshakeAllThreads (Deoptimize) done
Event: 25.038 Executing VM operation: HandshakeAllThreads (Deoptimize)
Event: 25.038 Executing VM operation: HandshakeAllThreads (Deoptimize) done
Event: 25.897 Executing VM operation: G1CollectForAllocation (G1 Evacuation Pause)
Event: 25.905 Executing VM operation: G1CollectForAllocation (G1 Evacuation Pause) done
Event: 26.234 Executing VM operation: G1TryInitiateConcMark (G1 Humongous Allocation)
Event: 26.241 Executing VM operation: G1TryInitiateConcMark (G1 Humongous Allocation) done
Event: 26.304 Executing VM operation: G1PauseRemark
Event: 26.307 Executing VM operation: G1PauseRemark done
Event: 26.330 Executing VM operation: G1PauseCleanup
Event: 26.330 Executing VM operation: G1PauseCleanup done
Event: 26.588 Executing VM operation: HandshakeAllThreads (Deoptimize)
Event: 26.588 Executing VM operation: HandshakeAllThreads (Deoptimize) done
Event: 26.852 Executing VM operation: G1CollectForAllocation (G1 Evacuation Pause)
Event: 26.857 Executing VM operation: G1CollectForAllocation (G1 Evacuation Pause) done
Event: 27.264 Executing VM operation: G1CollectForAllocation (G1 Evacuation Pause)
Event: 27.272 Executing VM operation: G1CollectForAllocation (G1 Evacuation Pause) done
Event: 27.471 Executing VM operation: G1CollectForAllocation (G1 Evacuation Pause)
Event: 27.479 Executing VM operation: G1CollectForAllocation (G1 Evacuation Pause) done
Event: 27.577 Executing VM operation: G1PauseRemark

Memory protections (0 events):
No events

Nmethod flushes (20 events):
Event: 27.583 Thread 0x0000029171c1cba0 flushing  nmethod 0x000002915db65688
Event: 27.583 Thread 0x0000029171c1cba0 flushing  nmethod 0x000002915db65988
Event: 27.583 Thread 0x0000029171c1cba0 flushing  nmethod 0x000002915db67788
Event: 27.583 Thread 0x0000029171c1cba0 flushing  nmethod 0x000002915db6a188
Event: 27.583 Thread 0x0000029171c1cba0 flushing  nmethod 0x000002915db6e408
Event: 27.583 Thread 0x0000029171c1cba0 flushing  nmethod 0x000002915dc2d408
Event: 27.583 Thread 0x0000029171c1cba0 flushing  nmethod 0x000002915dc31d08
Event: 27.583 Thread 0x0000029171c1cba0 flushing  nmethod 0x000002915dc32c08
Event: 27.583 Thread 0x0000029171c1cba0 flushing  nmethod 0x000002915dc53d88
Event: 27.583 Thread 0x0000029171c1cba0 flushing  nmethod 0x000002915dc54408
Event: 27.583 Thread 0x0000029171c1cba0 flushing  nmethod 0x000002915dc54988
Event: 27.583 Thread 0x0000029171c1cba0 flushing  nmethod 0x000002915dc59708
Event: 27.583 Thread 0x0000029171c1cba0 flushing  nmethod 0x000002915dc68988
Event: 27.583 Thread 0x0000029171c1cba0 flushing  nmethod 0x000002915dd47288
Event: 27.583 Thread 0x0000029171c1cba0 flushing  nmethod 0x000002915dd6f508
Event: 27.583 Thread 0x0000029171c1cba0 flushing  nmethod 0x000002915de12288
Event: 27.583 Thread 0x0000029171c1cba0 flushing  nmethod 0x000002915de7b708
Event: 27.583 Thread 0x0000029171c1cba0 flushing  nmethod 0x000002915e095b88
Event: 27.583 Thread 0x0000029171c1cba0 flushing  nmethod 0x000002915e095f08
Event: 27.583 Thread 0x0000029171c1cba0 flushing  nmethod 0x000002915e096788

Events (20 events):
Event: 26.031 Thread 0x0000029120c74f10 Thread added: 0x0000029123a49be0
Event: 26.031 Thread 0x0000029120c74f10 Thread added: 0x0000029123a44d20
Event: 26.064 Thread 0x0000029120c74f10 Thread added: 0x0000029123a481a0
Event: 26.065 Thread 0x0000029120c74f10 Thread added: 0x0000029123a47b10
Event: 26.065 Thread 0x0000029120c74f10 Thread added: 0x0000029123a48830
Event: 26.065 Thread 0x0000029120c74f10 Thread added: 0x0000029123a46760
Event: 26.066 Thread 0x0000029120c74f10 Thread added: 0x0000029123a48ec0
Event: 26.066 Thread 0x0000029120c74f10 Thread added: 0x0000029123a4a900
Event: 26.067 Thread 0x0000029120c74f10 Thread added: 0x0000029123a4a270
Event: 26.183 Thread 0x0000029120c74f10 Thread added: 0x0000029123a4af90
Event: 26.448 Thread 0x0000029120c74f10 Thread added: 0x0000029123a453b0
Event: 26.742 Thread 0x0000029125985b80 Thread exited: 0x0000029125985b80
Event: 27.052 Thread 0x0000029121715a20 Thread added: 0x0000029123a4bcb0
Event: 27.052 Thread 0x0000029121715a20 Thread added: 0x0000029123a45a40
Event: 27.052 Thread 0x0000029121715a20 Thread added: 0x00000291226b6ff0
Event: 27.052 Thread 0x0000029121715a20 Thread added: 0x00000291226b83a0
Event: 27.053 Thread 0x0000029121715a20 Thread added: 0x00000291226bab00
Event: 27.053 Thread 0x0000029121715a20 Thread added: 0x00000291226b8a30
Event: 27.053 Thread 0x0000029121715a20 Thread added: 0x00000291226bb190
Event: 27.065 Thread 0x0000029121715a20 Thread added: 0x00000291226b62d0


Dynamic libraries:
0x00007ff7a3130000 - 0x00007ff7a3140000 	C:\Program Files\Java\jdk-23\bin\java.exe
0x00007ff8463f0000 - 0x00007ff846607000 	C:\WINDOWS\SYSTEM32\ntdll.dll
0x00007ff844eb0000 - 0x00007ff844f74000 	C:\WINDOWS\System32\KERNEL32.DLL
0x00007ff843950000 - 0x00007ff843d23000 	C:\WINDOWS\System32\KERNELBASE.dll
0x00007ff843650000 - 0x00007ff843761000 	C:\WINDOWS\System32\ucrtbase.dll
0x00007ff837b00000 - 0x00007ff837b17000 	C:\Program Files\Java\jdk-23\bin\jli.dll
0x00007ff837a20000 - 0x00007ff837a3b000 	C:\Program Files\Java\jdk-23\bin\VCRUNTIME140.dll
0x00007ff8461f0000 - 0x00007ff8463a1000 	C:\WINDOWS\System32\USER32.dll
0x00007ff843620000 - 0x00007ff843646000 	C:\WINDOWS\System32\win32u.dll
0x00007ff846090000 - 0x00007ff8460b9000 	C:\WINDOWS\System32\GDI32.dll
0x00007ff843500000 - 0x00007ff84361b000 	C:\WINDOWS\System32\gdi32full.dll
0x00007ff8437f0000 - 0x00007ff84388a000 	C:\WINDOWS\System32\msvcp_win.dll
0x00007ff822240000 - 0x00007ff8224d8000 	C:\WINDOWS\WinSxS\amd64_microsoft.windows.common-controls_6595b64144ccf1df_6.0.22621.5124_none_270e8f4f7386d69d\COMCTL32.dll
0x00007ff845620000 - 0x00007ff8456c7000 	C:\WINDOWS\System32\msvcrt.dll
0x00007ff844dc0000 - 0x00007ff844df1000 	C:\WINDOWS\System32\IMM32.DLL
0x00007ff82d4e0000 - 0x00007ff82d4ec000 	C:\Program Files\Java\jdk-23\bin\vcruntime140_1.dll
0x00007ffff74a0000 - 0x00007ffff752e000 	C:\Program Files\Java\jdk-23\bin\msvcp140.dll
0x00007fffb6ef0000 - 0x00007fffb7c40000 	C:\Program Files\Java\jdk-23\bin\server\jvm.dll
0x00007ff844ff0000 - 0x00007ff8450a1000 	C:\WINDOWS\System32\ADVAPI32.dll
0x00007ff844e00000 - 0x00007ff844ea8000 	C:\WINDOWS\System32\sechost.dll
0x00007ff843db0000 - 0x00007ff843dd8000 	C:\WINDOWS\System32\bcrypt.dll
0x00007ff844430000 - 0x00007ff844544000 	C:\WINDOWS\System32\RPCRT4.dll
0x00007ff846170000 - 0x00007ff8461e1000 	C:\WINDOWS\System32\WS2_32.dll
0x00007ff8433d0000 - 0x00007ff84341d000 	C:\WINDOWS\SYSTEM32\POWRPROF.dll
0x00007ff83ee90000 - 0x00007ff83ee9a000 	C:\WINDOWS\SYSTEM32\VERSION.dll
0x00007ff83ebd0000 - 0x00007ff83ec04000 	C:\WINDOWS\SYSTEM32\WINMM.dll
0x00007ff8433b0000 - 0x00007ff8433c3000 	C:\WINDOWS\SYSTEM32\UMPDC.dll
0x00007ff842530000 - 0x00007ff842548000 	C:\WINDOWS\SYSTEM32\kernel.appcore.dll
0x00007ff8247a0000 - 0x00007ff8247aa000 	C:\Program Files\Java\jdk-23\bin\jimage.dll
0x00007ff8409a0000 - 0x00007ff840bd2000 	C:\WINDOWS\SYSTEM32\DBGHELP.DLL
0x00007ff845280000 - 0x00007ff845612000 	C:\WINDOWS\System32\combase.dll
0x00007ff8449f0000 - 0x00007ff844ac7000 	C:\WINDOWS\System32\OLEAUT32.dll
0x00007ff821ba0000 - 0x00007ff821bd2000 	C:\WINDOWS\SYSTEM32\dbgcore.DLL
0x00007ff843770000 - 0x00007ff8437eb000 	C:\WINDOWS\System32\bcryptPrimitives.dll
0x00007ff81de30000 - 0x00007ff81de3f000 	C:\Program Files\Java\jdk-23\bin\instrument.dll
0x00007ff823ce0000 - 0x00007ff823cfe000 	C:\Program Files\Java\jdk-23\bin\java.dll
0x00007ff844090000 - 0x00007ff844231000 	C:\WINDOWS\System32\ole32.dll
0x00007ff8456e0000 - 0x00007ff845f76000 	C:\WINDOWS\System32\SHELL32.dll
0x00007ff843f50000 - 0x00007ff84408f000 	C:\WINDOWS\System32\wintypes.dll
0x00007ff8413d0000 - 0x00007ff841cea000 	C:\WINDOWS\SYSTEM32\windows.storage.dll
0x00007ff844b30000 - 0x00007ff844c3a000 	C:\WINDOWS\System32\SHCORE.dll
0x00007ff844c60000 - 0x00007ff844cc3000 	C:\WINDOWS\System32\shlwapi.dll
0x00007ff843430000 - 0x00007ff84345b000 	C:\WINDOWS\SYSTEM32\profapi.dll
0x00007ffff3090000 - 0x00007ffff3167000 	C:\Program Files\Java\jdk-23\bin\jsvml.dll
0x00007ff8234f0000 - 0x00007ff823507000 	C:\Program Files\Java\jdk-23\bin\zip.dll
0x00007ff824580000 - 0x00007ff824590000 	C:\Program Files\Java\jdk-23\bin\net.dll
0x00007ff8429b0000 - 0x00007ff842a1a000 	C:\WINDOWS\system32\mswsock.dll
0x00007ff823cc0000 - 0x00007ff823cd6000 	C:\Program Files\Java\jdk-23\bin\nio.dll
0x00007ff823b80000 - 0x00007ff823b90000 	C:\Program Files\Java\jdk-23\bin\verify.dll
0x00007ff803570000 - 0x00007ff803597000 	C:\Users\Ayush Kumar\.gradle\native\c067742578af261105cb4f569cf0c3c89f3d7b1fecec35dd04571415982c5e48\windows-amd64\native-platform.dll
0x00007ffff9380000 - 0x00007ffff94c4000 	C:\Users\Ayush Kumar\.gradle\native\100fb08df4bc3b14c8652ba06237920a3bd2aa13389f12d3474272988ae205f9\windows-amd64\native-platform-file-events.dll
0x00007ff8230d0000 - 0x00007ff8230da000 	C:\Program Files\Java\jdk-23\bin\management.dll
0x00007ff823090000 - 0x00007ff82309b000 	C:\Program Files\Java\jdk-23\bin\management_ext.dll
0x00007ff8456d0000 - 0x00007ff8456d8000 	C:\WINDOWS\System32\PSAPI.DLL
0x00007ff842c00000 - 0x00007ff842c1b000 	C:\WINDOWS\SYSTEM32\CRYPTSP.dll
0x00007ff842490000 - 0x00007ff8424c7000 	C:\WINDOWS\system32\rsaenh.dll
0x00007ff842aa0000 - 0x00007ff842ac8000 	C:\WINDOWS\SYSTEM32\USERENV.dll
0x00007ff842c20000 - 0x00007ff842c2c000 	C:\WINDOWS\SYSTEM32\CRYPTBASE.dll
0x00007ff841fa0000 - 0x00007ff841fcd000 	C:\WINDOWS\SYSTEM32\IPHLPAPI.DLL
0x00007ff8449e0000 - 0x00007ff8449e9000 	C:\WINDOWS\System32\NSI.dll
0x00007ff81de40000 - 0x00007ff81de49000 	C:\Program Files\Java\jdk-23\bin\extnet.dll
0x00007ff81d970000 - 0x00007ff81d97e000 	C:\Program Files\Java\jdk-23\bin\sunmscapi.dll
0x00007ff843de0000 - 0x00007ff843f47000 	C:\WINDOWS\System32\CRYPT32.dll
0x00007ff842dc0000 - 0x00007ff842ded000 	C:\WINDOWS\SYSTEM32\ncrypt.dll
0x00007ff842d80000 - 0x00007ff842db7000 	C:\WINDOWS\SYSTEM32\NTASN1.dll
0x00007ff816110000 - 0x00007ff816118000 	C:\WINDOWS\system32\wshunix.dll
0x00007ff81de10000 - 0x00007ff81de27000 	C:\WINDOWS\system32\napinsp.dll
0x00007ff81cd90000 - 0x00007ff81cdab000 	C:\WINDOWS\system32\pnrpnsp.dll
0x00007ff841fd0000 - 0x00007ff8420d2000 	C:\WINDOWS\SYSTEM32\DNSAPI.dll
0x00007ff81ccf0000 - 0x00007ff81cd01000 	C:\WINDOWS\System32\winrnr.dll
0x00007ff81ccd0000 - 0x00007ff81cce5000 	C:\WINDOWS\system32\wshbth.dll
0x00007ff81cca0000 - 0x00007ff81ccc7000 	C:\WINDOWS\system32\nlansp_c.dll
0x00007ff83c060000 - 0x00007ff83c06a000 	C:\Windows\System32\rasadhlp.dll
0x00007ff83c610000 - 0x00007ff83c693000 	C:\WINDOWS\System32\fwpuclnt.dll

dbghelp: loaded successfully - version: 4.0.5 - missing functions: none
symbol engine: initialized successfully - sym options: 0x614 - pdb path: .;C:\Program Files\Java\jdk-23\bin;C:\WINDOWS\SYSTEM32;C:\WINDOWS\WinSxS\amd64_microsoft.windows.common-controls_6595b64144ccf1df_6.0.22621.5124_none_270e8f4f7386d69d;C:\Program Files\Java\jdk-23\bin\server;C:\Users\Ayush Kumar\.gradle\native\c067742578af261105cb4f569cf0c3c89f3d7b1fecec35dd04571415982c5e48\windows-amd64;C:\Users\Ayush Kumar\.gradle\native\100fb08df4bc3b14c8652ba06237920a3bd2aa13389f12d3474272988ae205f9\windows-amd64

VM Arguments:
jvm_args: -XX:MaxMetaspaceSize=512m --add-opens=java.base/java.util=ALL-UNNAMED --add-opens=java.base/java.lang=ALL-UNNAMED --add-opens=java.base/java.lang.invoke=ALL-UNNAMED --add-opens=java.prefs/java.util.prefs=ALL-UNNAMED --add-exports=jdk.compiler/com.sun.tools.javac.api=ALL-UNNAMED --add-exports=jdk.compiler/com.sun.tools.javac.util=ALL-UNNAMED --add-opens=java.base/java.nio.charset=ALL-UNNAMED --add-opens=java.base/java.net=ALL-UNNAMED --add-opens=java.base/java.util.concurrent.atomic=ALL-UNNAMED -Xmx2048m -Dfile.encoding=UTF-8 -Duser.country=US -Duser.language=en -Duser.variant -javaagent:C:\Users\Ayush Kumar\.gradle\wrapper\dists\gradle-8.10.2-all\7iv73wktx1xtkvlq19urqw1wm\gradle-8.10.2\lib\agents\gradle-instrumentation-agent-8.10.2.jar 
java_command: org.gradle.launcher.daemon.bootstrap.GradleDaemon 8.10.2
java_class_path (initial): C:\Users\Ayush Kumar\.gradle\wrapper\dists\gradle-8.10.2-all\7iv73wktx1xtkvlq19urqw1wm\gradle-8.10.2\lib\gradle-daemon-main-8.10.2.jar
Launcher Type: SUN_STANDARD

[Global flags]
     intx CICompilerCount                          = 4                                         {product} {ergonomic}
   size_t CompressedClassSpaceSize                 = 436207616                                 {product} {ergonomic}
     uint ConcGCThreads                            = 2                                         {product} {ergonomic}
     uint G1ConcRefinementThreads                  = 8                                         {product} {ergonomic}
   size_t G1HeapRegionSize                         = 1048576                                   {product} {ergonomic}
   size_t InitialHeapSize                          = 132120576                                 {product} {ergonomic}
   size_t MarkStackSize                            = 4194304                                   {product} {ergonomic}
   size_t MarkStackSizeMax                         = 536870912                                 {product} {ergonomic}
   size_t MaxHeapSize                              = 2147483648                                {product} {command line}
   size_t MaxMetaspaceSize                         = 536870912                                 {product} {command line}
   size_t MaxNewSize                               = 1287651328                                {product} {ergonomic}
   size_t MinHeapDeltaBytes                        = 1048576                                   {product} {ergonomic}
   size_t MinHeapSize                              = 8388608                                   {product} {ergonomic}
    uintx NonNMethodCodeHeapSize                   = 5832704                                {pd product} {ergonomic}
    uintx NonProfiledCodeHeapSize                  = 122945536                              {pd product} {ergonomic}
    uintx ProfiledCodeHeapSize                     = 122880000                              {pd product} {ergonomic}
    uintx ReservedCodeCacheSize                    = 251658240                              {pd product} {ergonomic}
     bool SegmentedCodeCache                       = true                                      {product} {ergonomic}
   size_t SoftMaxHeapSize                          = 2147483648                             {manageable} {ergonomic}
     bool UseCompressedOops                        = true                           {product lp64_product} {ergonomic}
     bool UseG1GC                                  = true                                      {product} {ergonomic}
     bool UseLargePagesIndividualAllocation        = false                                  {pd product} {ergonomic}

Logging:
Log output configuration:
 #0: stdout all=warning uptime,level,tags foldmultilines=false
 #1: stderr all=off uptime,level,tags foldmultilines=false

Environment Variables:
CLASSPATH=E:\JavaLearn\ExpenseTracker\android\\gradle\wrapper\gradle-wrapper.jar
PATH=E:\JavaLearn\ExpenseTracker\node_modules\.bin;E:\JavaLearn\ExpenseTracker\node_modules\.bin;E:\JavaLearn\node_modules\.bin;E:\node_modules\.bin;C:\Program Files\nodejs\node_modules\npm\node_modules\@npmcli\run-script\lib\node-gyp-bin;E:\JavaLearn\ExpenseTracker\node_modules\.bin;E:\JavaLearn\ExpenseTracker\node_modules\.bin;E:\JavaLearn\node_modules\.bin;E:\node_modules\.bin;C:\Program Files\nodejs\node_modules\npm\node_modules\@npmcli\run-script\lib\node-gyp-bin;C:\Python312\Scripts\;C:\Python312\;C:\Program Files\Common Files\Oracle\Java\javapath;C:\WINDOWS\system32;C:\WINDOWS;C:\WINDOWS\System32\Wbem;C:\WINDOWS\System32\WindowsPowerShell\v1.0\;C:\WINDOWS\System32\OpenSSH\;C:\MinGW\bin;C:\TDM-GCC-64\bin;C:\Program Files\Microsoft SQL Server\120\Tools\Binn\;C:\Program Files\HP\HP One Agent;C:\Program Files\Git\cmd;C:\Program Files\nodejs\;C:\ProgramData\chocolatey\bin;C:\Program Files\Amazon\AWSCLIV2\;C:\Program Files\Java\jdk-23\bin;C:\Gradle\gradle-8.12.1\bin;C:\Program Files\Maven\apache-maven-3.9.9\bin;C:\Program Files\MySQL\MySQL Server 9.2\bin;C:\Program Files\PuTTY\;C:\Program Files\MySQL\MySQL Server 8.0\bin;C:\Program Files\Docker\Docker\resources\bin;C:\Users\Ayush Kumar\AppData\Local\Android\Sdk;C:\Users\Ayush Kumar\AppData\Local\Android\Sdk\platform-tools;C:\Users\Ayush Kumar\AppData\Local\Android\Sdk\tools;C:\Users\Ayush Kumar\AppData\Local\Android\Sdk\tools\bin;C:\Users\Ayush Kumar\AppData\Local\Android\Sdk\cmake\3.22.1\bin;C:\Program Files\MySQL\MySQL Shell 8.0\bin\;C:\Users\Ayush Kumar\AppData\Local\Programs\Python\Python310\Scripts\;C:\Users\Ayush Kumar\AppData\Local\Programs\Python\Python310\;C:\Users\Ayush Kumar\AppData\Local\Microsoft\WindowsApps;C:\Users\Ayush Kumar\AppData\Local\Programs\Microsoft VS Code\bin;C:\Users\Ayush Kumar\AppData\Roaming\npm;E:\Other Book\node-v20.15.0-x64.msi;E:\Program Files\mongosh-2.2.12-win32-x64\bin;C:\Users\Ayush Kumar\AppData\Local\Android\Sdk\cmake\3.22.1\bin;
USERNAME=Ayush Kumar
LANG=en_US.UTF-8
OS=Windows_NT
PROCESSOR_IDENTIFIER=Intel64 Family 6 Model 140 Stepping 2, GenuineIntel
TMP=C:\Users\AYUSHK~1\AppData\Local\Temp
TEMP=C:\Users\AYUSHK~1\AppData\Local\Temp




Periodic native trim disabled

---------------  S Y S T E M  ---------------

OS:
 Windows 11 , 64 bit Build 22621 (10.0.22621.5124)
OS uptime: 7 days 9:18 hours
Hyper-V role detected

CPU: total 8 (initial active 8) (4 cores per cpu, 2 threads per core) family 6 model 140 stepping 2 microcode 0x2c, cx8, cmov, fxsr, ht, mmx, 3dnowpref, sse, sse2, sse3, ssse3, sse4.1, sse4.2, popcnt, lzcnt, tsc, tscinvbit, avx, avx2, aes, erms, clmul, bmi1, bmi2, adx, avx512f, avx512dq, avx512cd, avx512bw, avx512vl, sha, fma, vzeroupper, avx512_vpopcntdq, avx512_vpclmulqdq, avx512_vaes, avx512_vnni, clflush, clflushopt, clwb, avx512_vbmi2, avx512_vbmi, hv, rdtscp, rdpid, fsrm, gfni, avx512_bitalg, f16c, cet_ibt, cet_ss, avx512_ifma
Processor Information for the first 8 processors :
  Max Mhz: 2496, Current Mhz: 2496, Mhz Limit: 2496

Memory: 4k page, system-wide physical 7941M (566M free)
TotalPageFile size 24325M (AvailPageFile size 0M)
current process WorkingSet (physical memory assigned to process): 370M, peak: 370M
current process commit charge ("private bytes"): 411M, peak: 420M

vm_info: Java HotSpot(TM) 64-Bit Server VM (23.0.2+7-58) for windows-amd64 JRE (23.0.2+7-58), built on 2024-11-29T09:34:55Z with MS VC++ 17.6 (VS2022)

END.
