#
# There is insufficient memory for the Java Runtime Environment to continue.
# Native memory allocation (malloc) failed to allocate 355216 bytes. Error detail: Chunk::new
# Possible reasons:
#   The system is out of physical RAM or swap space
#   This process is running with CompressedOops enabled, and the Java Heap may be blocking the growth of the native heap
# Possible solutions:
#   Reduce memory load on the system
#   Increase physical memory or swap space
#   Check if swap backing store is full
#   Decrease Java heap size (-Xmx/-Xms)
#   Decrease number of Java threads
#   Decrease Java thread stack sizes (-Xss)
#   Set larger code cache with -XX:ReservedCodeCacheSize=
#   JVM is running with Unscaled Compressed Oops mode in which the Java heap is
#     placed in the first 4GB address space. The Java Heap base address is the
#     maximum limit for the native heap growth. Please use -XX:HeapBaseMinAddress
#     to set the Java Heap base and to place the Java Heap above 4GB virtual address.
# This output file may be truncated or incomplete.
#
#  Out of Memory Error (arena.cpp:149), pid=17168, tid=26688
#
# JRE version: Java(TM) SE Runtime Environment (23.0.2+7) (build 23.0.2+7-58)
# Java VM: Java HotSpot(TM) 64-Bit Server VM (23.0.2+7-58, mixed mode, sharing, tiered, compressed oops, compressed class ptrs, g1 gc, windows-amd64)
# No core dump will be written. Minidumps are not enabled by default on client versions of Windows
#

---------------  S U M M A R Y ------------

Command Line: org.jetbrains.kotlin.cli.jvm.K2JVMCompiler @E:\JavaLearn\ExpenseTracker\node_modules\react-native-screens\android\build\20250511_6032919796566014739.compiler.options

Host: 11th Gen Intel(R) Core(TM) i5-1155G7 @ 2.50GHz, 8 cores, 7G,  Windows 11 , 64 bit Build 22621 (10.0.22621.5124)
Time: Sun May 11 21:41:22 2025 India Standard Time elapsed time: 15.164087 seconds (0d 0h 0m 15s)

---------------  T H R E A D  ---------------

Current thread (0x00000253c5df4dc0):  JavaThread "C2 CompilerThread1" daemon [_thread_in_native, id=26688, stack(0x000000bb13900000,0x000000bb13a00000) (1024K)]


Current CompileTask:
C2:15164 8723       4       org.jetbrains.kotlin.load.java.typeEnhancement.SignatureEnhancement::enhanceSignature (1288 bytes)

Stack: [0x000000bb13900000,0x000000bb13a00000]
Native frames: (J=compiled Java code, j=interpreted, Vv=VM code, C=native code)
V  [jvm.dll+0x6e0b99]  (no source info available)
V  [jvm.dll+0x87e2b3]  (no source info available)
V  [jvm.dll+0x88073e]  (no source info available)
V  [jvm.dll+0x880e13]  (no source info available)
V  [jvm.dll+0x27b006]  (no source info available)
V  [jvm.dll+0xbc06f]  (no source info available)
V  [jvm.dll+0xbc2cb]  (no source info available)
V  [jvm.dll+0x5e7c49]  (no source info available)
V  [jvm.dll+0x38a58a]  (no source info available)
V  [jvm.dll+0x3899ca]  (no source info available)
V  [jvm.dll+0x244ba1]  (no source info available)
V  [jvm.dll+0x243eff]  (no source info available)
V  [jvm.dll+0x1c34b0]  (no source info available)
V  [jvm.dll+0x253df1]  (no source info available)
V  [jvm.dll+0x2520aa]  (no source info available)
V  [jvm.dll+0x3ee226]  (no source info available)
V  [jvm.dll+0x8254cb]  (no source info available)
V  [jvm.dll+0x6df345]  (no source info available)
C  [ucrtbase.dll+0x29333]  (no source info available)
C  [KERNEL32.DLL+0x1259d]  (no source info available)
C  [ntdll.dll+0x5af38]  (no source info available)

Lock stack of current Java thread (top to bottom):


---------------  P R O C E S S  ---------------

Threads class SMR info:
_java_thread_list=0x00000253c77da470, length=13, elements={
0x00000253cb5053b0, 0x00000253e80959b0, 0x00000253e80969c0, 0x00000253e809b130,
0x00000253e809c160, 0x00000253e809ccb0, 0x00000253e809d800, 0x00000253e809e680,
0x00000253e809f220, 0x00000253c511aa70, 0x00000253c511ff50, 0x00000253c5df4dc0,
0x00000253c6ff1860
}

Java Threads: ( => current thread )
  0x00000253cb5053b0 JavaThread "main"                              [_thread_in_Java, id=10996, stack(0x000000bb12100000,0x000000bb12200000) (1024K)]
  0x00000253e80959b0 JavaThread "Reference Handler"          daemon [_thread_blocked, id=21864, stack(0x000000bb12900000,0x000000bb12a00000) (1024K)]
  0x00000253e80969c0 JavaThread "Finalizer"                  daemon [_thread_blocked, id=9444, stack(0x000000bb12a00000,0x000000bb12b00000) (1024K)]
  0x00000253e809b130 JavaThread "Signal Dispatcher"          daemon [_thread_blocked, id=11176, stack(0x000000bb12b00000,0x000000bb12c00000) (1024K)]
  0x00000253e809c160 JavaThread "Attach Listener"            daemon [_thread_blocked, id=29416, stack(0x000000bb12c00000,0x000000bb12d00000) (1024K)]
  0x00000253e809ccb0 JavaThread "Service Thread"             daemon [_thread_blocked, id=7744, stack(0x000000bb12d00000,0x000000bb12e00000) (1024K)]
  0x00000253e809d800 JavaThread "Monitor Deflation Thread"   daemon [_thread_blocked, id=33348, stack(0x000000bb12e00000,0x000000bb12f00000) (1024K)]
  0x00000253e809e680 JavaThread "C2 CompilerThread0"         daemon [_thread_in_native, id=3060, stack(0x000000bb12f00000,0x000000bb13000000) (1024K)]
  0x00000253e809f220 JavaThread "C1 CompilerThread0"         daemon [_thread_blocked, id=7520, stack(0x000000bb13000000,0x000000bb13100000) (1024K)]
  0x00000253c511aa70 JavaThread "Notification Thread"        daemon [_thread_blocked, id=18736, stack(0x000000bb13100000,0x000000bb13200000) (1024K)]
  0x00000253c511ff50 JavaThread "Common-Cleaner"             daemon [_thread_blocked, id=30332, stack(0x000000bb13200000,0x000000bb13300000) (1024K)]
=>0x00000253c5df4dc0 JavaThread "C2 CompilerThread1"         daemon [_thread_in_native, id=26688, stack(0x000000bb13900000,0x000000bb13a00000) (1024K)]
  0x00000253c6ff1860 JavaThread "C2 CompilerThread2"         daemon [_thread_in_native, id=28232, stack(0x000000bb13c00000,0x000000bb13d00000) (1024K)]
Total: 13

Other Threads:
  0x00000253e8078f10 VMThread "VM Thread"                           [id=17160, stack(0x000000bb12800000,0x000000bb12900000) (1024K)]
  0x00000253e80668c0 WatcherThread "VM Periodic Task Thread"        [id=31912, stack(0x000000bb12700000,0x000000bb12800000) (1024K)]
  0x00000253cb556e10 WorkerThread "GC Thread#0"                     [id=24040, stack(0x000000bb12200000,0x000000bb12300000) (1024K)]
  0x00000253c5973710 WorkerThread "GC Thread#1"                     [id=18380, stack(0x000000bb13300000,0x000000bb13400000) (1024K)]
  0x00000253c5973ac0 WorkerThread "GC Thread#2"                     [id=23644, stack(0x000000bb13400000,0x000000bb13500000) (1024K)]
  0x00000253c596c470 WorkerThread "GC Thread#3"                     [id=11520, stack(0x000000bb13500000,0x000000bb13600000) (1024K)]
  0x00000253c59ab550 WorkerThread "GC Thread#4"                     [id=28284, stack(0x000000bb13600000,0x000000bb13700000) (1024K)]
  0x00000253c59ab900 WorkerThread "GC Thread#5"                     [id=11612, stack(0x000000bb13700000,0x000000bb13800000) (1024K)]
  0x00000253c59abcb0 WorkerThread "GC Thread#6"                     [id=7512, stack(0x000000bb13800000,0x000000bb13900000) (1024K)]
  0x00000253c5a0bba0 WorkerThread "GC Thread#7"                     [id=12828, stack(0x000000bb13a00000,0x000000bb13b00000) (1024K)]
  0x00000253cb56c4c0 ConcurrentGCThread "G1 Main Marker"            [id=31756, stack(0x000000bb12300000,0x000000bb12400000) (1024K)]
  0x00000253cb56cfd0 WorkerThread "G1 Conc#0"                       [id=11376, stack(0x000000bb12400000,0x000000bb12500000) (1024K)]
  0x00000253c63cc690 WorkerThread "G1 Conc#1"                       [id=11692, stack(0x000000bb13b00000,0x000000bb13c00000) (1024K)]
  0x00000253cb5be970 ConcurrentGCThread "G1 Refine#0"               [id=4584, stack(0x000000bb12500000,0x000000bb12600000) (1024K)]
  0x00000253e7f3a8c0 ConcurrentGCThread "G1 Service"                [id=33356, stack(0x000000bb12600000,0x000000bb12700000) (1024K)]
Total: 15

Threads with active compile tasks:
C2 CompilerThread0  15291 8766       4       org.jetbrains.kotlin.resolve.OverridingUtil::createAndBindFakeOverrides (119 bytes)
C2 CompilerThread1  15291 8723       4       org.jetbrains.kotlin.load.java.typeEnhancement.SignatureEnhancement::enhanceSignature (1288 bytes)
C2 CompilerThread2  15291 8736       4       org.jetbrains.kotlin.resolve.OverridingUtil::generateOverridesInFunctionGroup (123 bytes)
Total: 3

VM state: not at safepoint (normal execution)

VM Mutex/Monitor currently owned by a thread: None

Heap address: 0x0000000083e00000, size: 1986 MB, Compressed Oops mode: 32-bit

CDS archive(s) mapped at: [0x0000025380000000-0x0000025380d70000-0x0000025380d70000), size 14090240, SharedBaseAddress: 0x0000025380000000, ArchiveRelocationMode: 1.
Compressed class space mapped at: 0x0000025381000000-0x00000253c1000000, reserved size: 1073741824
Narrow klass base: 0x0000025380000000, Narrow klass shift: 0, Narrow klass range: 0x41000000

GC Precious Log:
 CardTable entry size: 512
 Card Set container configuration: InlinePtr #cards 5 size 8 Array Of Cards #cards 10 size 36 Howl #buckets 4 coarsen threshold 1843 Howl Bitmap #cards 512 size 80 coarsen threshold 460 Card regions per heap region 1 cards per card region 2048
 CPUs: 8 total, 8 available
 Memory: 7941M
 Large Page Support: Disabled
 NUMA Support: Disabled
 Compressed Oops: Enabled (32-bit)
 Heap Region Size: 1M
 Heap Min Capacity: 8M
 Heap Initial Capacity: 126M
 Heap Max Capacity: 1986M
 Pre-touch: Disabled
 Parallel Workers: 8
 Concurrent Workers: 2
 Concurrent Refinement Workers: 8
 Periodic GC: Disabled

Heap:
 garbage-first heap   total reserved 2033664K, committed 167936K, used 89037K [0x0000000083e00000, 0x0000000100000000)
  region size 1024K, 25 young (25600K), 4 survivors (4096K)
 Metaspace       used 49113K, committed 49920K, reserved 1114112K
  class space    used 6028K, committed 6400K, reserved 1048576K

Heap Regions: E=young(eden), S=young(survivor), O=old, HS=humongous(starts), HC=humongous(continues), CS=collection set, F=free, TAMS=top-at-mark-start, PB=parsable bottom
|   0|0x0000000083e00000, 0x0000000083f00000, 0x0000000083f00000|100%|HS|  |TAMS 0x0000000083e00000| PB 0x0000000083e00000| Complete |  0
|   1|0x0000000083f00000, 0x0000000084000000, 0x0000000084000000|100%|HC|  |TAMS 0x0000000083f00000| PB 0x0000000083f00000| Complete |  0
|   2|0x0000000084000000, 0x0000000084100000, 0x0000000084100000|100%|HC|  |TAMS 0x0000000084000000| PB 0x0000000084000000| Complete |  0
|   3|0x0000000084100000, 0x0000000084200000, 0x0000000084200000|100%|HC|  |TAMS 0x0000000084100000| PB 0x0000000084100000| Complete |  0
|   4|0x0000000084200000, 0x0000000084300000, 0x0000000084300000|100%| O|  |TAMS 0x0000000084200000| PB 0x0000000084200000| Untracked |  0
|   5|0x0000000084300000, 0x0000000084400000, 0x0000000084400000|100%| O|  |TAMS 0x0000000084300000| PB 0x0000000084300000| Untracked |  0
|   6|0x0000000084400000, 0x00000000844f3700, 0x0000000084500000| 95%| O|  |TAMS 0x0000000084400000| PB 0x0000000084400000| Untracked |  0
|   7|0x0000000084500000, 0x0000000084600000, 0x0000000084600000|100%| O|  |TAMS 0x0000000084500000| PB 0x0000000084500000| Untracked |  0
|   8|0x0000000084600000, 0x0000000084700000, 0x0000000084700000|100%| O|  |TAMS 0x0000000084600000| PB 0x0000000084600000| Untracked |  0
|   9|0x0000000084700000, 0x0000000084800000, 0x0000000084800000|100%| O|  |TAMS 0x0000000084700000| PB 0x0000000084700000| Untracked |  0
|  10|0x0000000084800000, 0x0000000084900000, 0x0000000084900000|100%| O|  |TAMS 0x0000000084800000| PB 0x0000000084800000| Untracked |  0
|  11|0x0000000084900000, 0x0000000084a00000, 0x0000000084a00000|100%|HS|  |TAMS 0x0000000084900000| PB 0x0000000084900000| Complete |  0
|  12|0x0000000084a00000, 0x0000000084b00000, 0x0000000084b00000|100%|HC|  |TAMS 0x0000000084a00000| PB 0x0000000084a00000| Complete |  0
|  13|0x0000000084b00000, 0x0000000084c00000, 0x0000000084c00000|100%| O|  |TAMS 0x0000000084b00000| PB 0x0000000084b00000| Untracked |  0
|  14|0x0000000084c00000, 0x0000000084d00000, 0x0000000084d00000|100%| O|  |TAMS 0x0000000084c00000| PB 0x0000000084c00000| Untracked |  0
|  15|0x0000000084d00000, 0x0000000084e00000, 0x0000000084e00000|100%| O|  |TAMS 0x0000000084d00000| PB 0x0000000084d00000| Untracked |  0
|  16|0x0000000084e00000, 0x0000000084f00000, 0x0000000084f00000|100%| O|  |TAMS 0x0000000084e00000| PB 0x0000000084e00000| Untracked |  0
|  17|0x0000000084f00000, 0x0000000085000000, 0x0000000085000000|100%| O|  |TAMS 0x0000000084f00000| PB 0x0000000084f00000| Untracked |  0
|  18|0x0000000085000000, 0x0000000085100000, 0x0000000085100000|100%| O|  |TAMS 0x0000000085000000| PB 0x0000000085000000| Untracked |  0
|  19|0x0000000085100000, 0x0000000085200000, 0x0000000085200000|100%| O|  |TAMS 0x0000000085100000| PB 0x0000000085100000| Untracked |  0
|  20|0x0000000085200000, 0x0000000085300000, 0x0000000085300000|100%| O|  |TAMS 0x0000000085200000| PB 0x0000000085200000| Untracked |  0
|  21|0x0000000085300000, 0x0000000085400000, 0x0000000085400000|100%| O|  |TAMS 0x0000000085300000| PB 0x0000000085300000| Untracked |  0
|  22|0x0000000085400000, 0x0000000085500000, 0x0000000085500000|100%| O|  |TAMS 0x0000000085400000| PB 0x0000000085400000| Untracked |  0
|  23|0x0000000085500000, 0x0000000085600000, 0x0000000085600000|100%| O|  |TAMS 0x0000000085500000| PB 0x0000000085500000| Untracked |  0
|  24|0x0000000085600000, 0x0000000085700000, 0x0000000085700000|100%| O|  |TAMS 0x0000000085600000| PB 0x0000000085600000| Untracked |  0
|  25|0x0000000085700000, 0x0000000085800000, 0x0000000085800000|100%| O|  |TAMS 0x0000000085700000| PB 0x0000000085700000| Untracked |  0
|  26|0x0000000085800000, 0x0000000085900000, 0x0000000085900000|100%| O|  |TAMS 0x0000000085800000| PB 0x0000000085800000| Untracked |  0
|  27|0x0000000085900000, 0x0000000085a00000, 0x0000000085a00000|100%| O|  |TAMS 0x0000000085900000| PB 0x0000000085900000| Untracked |  0
|  28|0x0000000085a00000, 0x0000000085b00000, 0x0000000085b00000|100%| O|  |TAMS 0x0000000085a00000| PB 0x0000000085a00000| Untracked |  0
|  29|0x0000000085b00000, 0x0000000085c00000, 0x0000000085c00000|100%| O|  |TAMS 0x0000000085b00000| PB 0x0000000085b00000| Untracked |  0
|  30|0x0000000085c00000, 0x0000000085d00000, 0x0000000085d00000|100%| O|  |TAMS 0x0000000085c00000| PB 0x0000000085c00000| Untracked |  0
|  31|0x0000000085d00000, 0x0000000085e00000, 0x0000000085e00000|100%| O|  |TAMS 0x0000000085d00000| PB 0x0000000085d00000| Untracked |  0
|  32|0x0000000085e00000, 0x0000000085f00000, 0x0000000085f00000|100%| O|  |TAMS 0x0000000085e00000| PB 0x0000000085e00000| Untracked |  0
|  33|0x0000000085f00000, 0x0000000086000000, 0x0000000086000000|100%| O|  |TAMS 0x0000000085f00000| PB 0x0000000085f00000| Untracked |  0
|  34|0x0000000086000000, 0x0000000086100000, 0x0000000086100000|100%| O|  |TAMS 0x0000000086000000| PB 0x0000000086000000| Untracked |  0
|  35|0x0000000086100000, 0x0000000086200000, 0x0000000086200000|100%| O|  |TAMS 0x0000000086100000| PB 0x0000000086100000| Untracked |  0
|  36|0x0000000086200000, 0x0000000086300000, 0x0000000086300000|100%| O|  |TAMS 0x0000000086200000| PB 0x0000000086200000| Untracked |  0
|  37|0x0000000086300000, 0x0000000086400000, 0x0000000086400000|100%| O|  |TAMS 0x0000000086300000| PB 0x0000000086300000| Untracked |  0
|  38|0x0000000086400000, 0x0000000086500000, 0x0000000086500000|100%| O|  |TAMS 0x0000000086400000| PB 0x0000000086400000| Untracked |  0
|  39|0x0000000086500000, 0x0000000086600000, 0x0000000086600000|100%| O|  |TAMS 0x0000000086500000| PB 0x0000000086500000| Untracked |  0
|  40|0x0000000086600000, 0x0000000086700000, 0x0000000086700000|100%| O|  |TAMS 0x0000000086600000| PB 0x0000000086600000| Untracked |  0
|  41|0x0000000086700000, 0x0000000086700000, 0x0000000086800000|  0%| F|  |TAMS 0x0000000086700000| PB 0x0000000086700000| Untracked |  0
|  42|0x0000000086800000, 0x0000000086900000, 0x0000000086900000|100%| O|  |TAMS 0x0000000086800000| PB 0x0000000086800000| Untracked |  0
|  43|0x0000000086900000, 0x0000000086a00000, 0x0000000086a00000|100%| O|  |TAMS 0x0000000086900000| PB 0x0000000086900000| Untracked |  0
|  44|0x0000000086a00000, 0x0000000086b00000, 0x0000000086b00000|100%| O|  |TAMS 0x0000000086a00000| PB 0x0000000086a00000| Untracked |  0
|  45|0x0000000086b00000, 0x0000000086c00000, 0x0000000086c00000|100%| O|  |TAMS 0x0000000086b00000| PB 0x0000000086b00000| Untracked |  0
|  46|0x0000000086c00000, 0x0000000086d00000, 0x0000000086d00000|100%| O|  |TAMS 0x0000000086c00000| PB 0x0000000086c00000| Untracked |  0
|  47|0x0000000086d00000, 0x0000000086e00000, 0x0000000086e00000|100%| O|  |TAMS 0x0000000086d00000| PB 0x0000000086d00000| Untracked |  0
|  48|0x0000000086e00000, 0x0000000086f00000, 0x0000000086f00000|100%| O|  |TAMS 0x0000000086e00000| PB 0x0000000086e00000| Untracked |  0
|  49|0x0000000086f00000, 0x0000000087000000, 0x0000000087000000|100%| O|  |TAMS 0x0000000086f00000| PB 0x0000000086f00000| Untracked |  0
|  50|0x0000000087000000, 0x0000000087100000, 0x0000000087100000|100%| O|  |TAMS 0x0000000087000000| PB 0x0000000087000000| Untracked |  0
|  51|0x0000000087100000, 0x0000000087200000, 0x0000000087200000|100%| O|  |TAMS 0x0000000087100000| PB 0x0000000087100000| Untracked |  0
|  52|0x0000000087200000, 0x0000000087300000, 0x0000000087300000|100%| O|  |TAMS 0x0000000087200000| PB 0x0000000087200000| Untracked |  0
|  53|0x0000000087300000, 0x0000000087400000, 0x0000000087400000|100%| O|  |TAMS 0x0000000087300000| PB 0x0000000087300000| Untracked |  0
|  54|0x0000000087400000, 0x0000000087500000, 0x0000000087500000|100%| O|  |TAMS 0x0000000087400000| PB 0x0000000087400000| Untracked |  0
|  55|0x0000000087500000, 0x0000000087600000, 0x0000000087600000|100%|HS|  |TAMS 0x0000000087500000| PB 0x0000000087500000| Complete |  0
|  56|0x0000000087600000, 0x0000000087700000, 0x0000000087700000|100%|HC|  |TAMS 0x0000000087600000| PB 0x0000000087600000| Complete |  0
|  57|0x0000000087700000, 0x0000000087700000, 0x0000000087800000|  0%| F|  |TAMS 0x0000000087700000| PB 0x0000000087700000| Untracked |  0
|  58|0x0000000087800000, 0x0000000087800000, 0x0000000087900000|  0%| F|  |TAMS 0x0000000087800000| PB 0x0000000087800000| Untracked |  0
|  59|0x0000000087900000, 0x0000000087900000, 0x0000000087a00000|  0%| F|  |TAMS 0x0000000087900000| PB 0x0000000087900000| Untracked |  0
|  60|0x0000000087a00000, 0x0000000087b00000, 0x0000000087b00000|100%| S|CS|TAMS 0x0000000087a00000| PB 0x0000000087a00000| Complete |  0
|  61|0x0000000087b00000, 0x0000000087c00000, 0x0000000087c00000|100%| S|CS|TAMS 0x0000000087b00000| PB 0x0000000087b00000| Complete |  0
|  62|0x0000000087c00000, 0x0000000087d00000, 0x0000000087d00000|100%| S|CS|TAMS 0x0000000087c00000| PB 0x0000000087c00000| Complete |  0
|  63|0x0000000087d00000, 0x0000000087e00000, 0x0000000087e00000|100%| S|CS|TAMS 0x0000000087d00000| PB 0x0000000087d00000| Complete |  0
|  64|0x0000000087e00000, 0x0000000087e00000, 0x0000000087f00000|  0%| F|  |TAMS 0x0000000087e00000| PB 0x0000000087e00000| Untracked |  0
|  65|0x0000000087f00000, 0x0000000087f00000, 0x0000000088000000|  0%| F|  |TAMS 0x0000000087f00000| PB 0x0000000087f00000| Untracked |  0
|  66|0x0000000088000000, 0x0000000088000000, 0x0000000088100000|  0%| F|  |TAMS 0x0000000088000000| PB 0x0000000088000000| Untracked |  0
|  67|0x0000000088100000, 0x0000000088100000, 0x0000000088200000|  0%| F|  |TAMS 0x0000000088100000| PB 0x0000000088100000| Untracked |  0
|  68|0x0000000088200000, 0x0000000088200000, 0x0000000088300000|  0%| F|  |TAMS 0x0000000088200000| PB 0x0000000088200000| Untracked |  0
|  69|0x0000000088300000, 0x0000000088300000, 0x0000000088400000|  0%| F|  |TAMS 0x0000000088300000| PB 0x0000000088300000| Untracked |  0
|  70|0x0000000088400000, 0x0000000088400000, 0x0000000088500000|  0%| F|  |TAMS 0x0000000088400000| PB 0x0000000088400000| Untracked |  0
|  71|0x0000000088500000, 0x0000000088500000, 0x0000000088600000|  0%| F|  |TAMS 0x0000000088500000| PB 0x0000000088500000| Untracked |  0
|  72|0x0000000088600000, 0x0000000088600000, 0x0000000088700000|  0%| F|  |TAMS 0x0000000088600000| PB 0x0000000088600000| Untracked |  0
|  73|0x0000000088700000, 0x0000000088700000, 0x0000000088800000|  0%| F|  |TAMS 0x0000000088700000| PB 0x0000000088700000| Untracked |  0
|  74|0x0000000088800000, 0x0000000088800000, 0x0000000088900000|  0%| F|  |TAMS 0x0000000088800000| PB 0x0000000088800000| Untracked |  0
|  75|0x0000000088900000, 0x0000000088900000, 0x0000000088a00000|  0%| F|  |TAMS 0x0000000088900000| PB 0x0000000088900000| Untracked |  0
|  76|0x0000000088a00000, 0x0000000088a00000, 0x0000000088b00000|  0%| F|  |TAMS 0x0000000088a00000| PB 0x0000000088a00000| Untracked |  0
|  77|0x0000000088b00000, 0x0000000088b00000, 0x0000000088c00000|  0%| F|  |TAMS 0x0000000088b00000| PB 0x0000000088b00000| Untracked |  0
|  78|0x0000000088c00000, 0x0000000088c00000, 0x0000000088d00000|  0%| F|  |TAMS 0x0000000088c00000| PB 0x0000000088c00000| Untracked |  0
|  79|0x0000000088d00000, 0x0000000088d00000, 0x0000000088e00000|  0%| F|  |TAMS 0x0000000088d00000| PB 0x0000000088d00000| Untracked |  0
|  80|0x0000000088e00000, 0x0000000088e00000, 0x0000000088f00000|  0%| F|  |TAMS 0x0000000088e00000| PB 0x0000000088e00000| Untracked |  0
|  81|0x0000000088f00000, 0x0000000088f00000, 0x0000000089000000|  0%| F|  |TAMS 0x0000000088f00000| PB 0x0000000088f00000| Untracked |  0
|  82|0x0000000089000000, 0x0000000089000000, 0x0000000089100000|  0%| F|  |TAMS 0x0000000089000000| PB 0x0000000089000000| Untracked |  0
|  83|0x0000000089100000, 0x0000000089100000, 0x0000000089200000|  0%| F|  |TAMS 0x0000000089100000| PB 0x0000000089100000| Untracked |  0
|  84|0x0000000089200000, 0x0000000089200000, 0x0000000089300000|  0%| F|  |TAMS 0x0000000089200000| PB 0x0000000089200000| Untracked |  0
|  85|0x0000000089300000, 0x0000000089300000, 0x0000000089400000|  0%| F|  |TAMS 0x0000000089300000| PB 0x0000000089300000| Untracked |  0
|  86|0x0000000089400000, 0x0000000089400000, 0x0000000089500000|  0%| F|  |TAMS 0x0000000089400000| PB 0x0000000089400000| Untracked |  0
|  87|0x0000000089500000, 0x0000000089500000, 0x0000000089600000|  0%| F|  |TAMS 0x0000000089500000| PB 0x0000000089500000| Untracked |  0
|  88|0x0000000089600000, 0x0000000089600000, 0x0000000089700000|  0%| F|  |TAMS 0x0000000089600000| PB 0x0000000089600000| Untracked |  0
|  89|0x0000000089700000, 0x0000000089700000, 0x0000000089800000|  0%| F|  |TAMS 0x0000000089700000| PB 0x0000000089700000| Untracked |  0
|  90|0x0000000089800000, 0x0000000089800000, 0x0000000089900000|  0%| F|  |TAMS 0x0000000089800000| PB 0x0000000089800000| Untracked |  0
|  91|0x0000000089900000, 0x0000000089900000, 0x0000000089a00000|  0%| F|  |TAMS 0x0000000089900000| PB 0x0000000089900000| Untracked |  0
|  92|0x0000000089a00000, 0x0000000089a00000, 0x0000000089b00000|  0%| F|  |TAMS 0x0000000089a00000| PB 0x0000000089a00000| Untracked |  0
|  93|0x0000000089b00000, 0x0000000089b00000, 0x0000000089c00000|  0%| F|  |TAMS 0x0000000089b00000| PB 0x0000000089b00000| Untracked |  0
|  94|0x0000000089c00000, 0x0000000089c00000, 0x0000000089d00000|  0%| F|  |TAMS 0x0000000089c00000| PB 0x0000000089c00000| Untracked |  0
|  95|0x0000000089d00000, 0x0000000089d00000, 0x0000000089e00000|  0%| F|  |TAMS 0x0000000089d00000| PB 0x0000000089d00000| Untracked |  0
|  96|0x0000000089e00000, 0x0000000089e00000, 0x0000000089f00000|  0%| F|  |TAMS 0x0000000089e00000| PB 0x0000000089e00000| Untracked |  0
|  97|0x0000000089f00000, 0x0000000089f00000, 0x000000008a000000|  0%| F|  |TAMS 0x0000000089f00000| PB 0x0000000089f00000| Untracked |  0
|  98|0x000000008a000000, 0x000000008a000000, 0x000000008a100000|  0%| F|  |TAMS 0x000000008a000000| PB 0x000000008a000000| Untracked |  0
|  99|0x000000008a100000, 0x000000008a100000, 0x000000008a200000|  0%| F|  |TAMS 0x000000008a100000| PB 0x000000008a100000| Untracked |  0
| 100|0x000000008a200000, 0x000000008a200000, 0x000000008a300000|  0%| F|  |TAMS 0x000000008a200000| PB 0x000000008a200000| Untracked |  0
| 101|0x000000008a300000, 0x000000008a300000, 0x000000008a400000|  0%| F|  |TAMS 0x000000008a300000| PB 0x000000008a300000| Untracked |  0
| 102|0x000000008a400000, 0x000000008a400000, 0x000000008a500000|  0%| F|  |TAMS 0x000000008a400000| PB 0x000000008a400000| Untracked |  0
| 103|0x000000008a500000, 0x000000008a500000, 0x000000008a600000|  0%| F|  |TAMS 0x000000008a500000| PB 0x000000008a500000| Untracked |  0
| 104|0x000000008a600000, 0x000000008a600000, 0x000000008a700000|  0%| F|  |TAMS 0x000000008a600000| PB 0x000000008a600000| Untracked |  0
| 105|0x000000008a700000, 0x000000008a700000, 0x000000008a800000|  0%| F|  |TAMS 0x000000008a700000| PB 0x000000008a700000| Untracked |  0
| 106|0x000000008a800000, 0x000000008a800000, 0x000000008a900000|  0%| F|  |TAMS 0x000000008a800000| PB 0x000000008a800000| Untracked |  0
| 107|0x000000008a900000, 0x000000008a900000, 0x000000008aa00000|  0%| F|  |TAMS 0x000000008a900000| PB 0x000000008a900000| Untracked |  0
| 108|0x000000008aa00000, 0x000000008aa00000, 0x000000008ab00000|  0%| F|  |TAMS 0x000000008aa00000| PB 0x000000008aa00000| Untracked |  0
| 109|0x000000008ab00000, 0x000000008ab00000, 0x000000008ac00000|  0%| F|  |TAMS 0x000000008ab00000| PB 0x000000008ab00000| Untracked |  0
| 110|0x000000008ac00000, 0x000000008ac00000, 0x000000008ad00000|  0%| F|  |TAMS 0x000000008ac00000| PB 0x000000008ac00000| Untracked |  0
| 111|0x000000008ad00000, 0x000000008ad00000, 0x000000008ae00000|  0%| F|  |TAMS 0x000000008ad00000| PB 0x000000008ad00000| Untracked |  0
| 112|0x000000008ae00000, 0x000000008ae00000, 0x000000008af00000|  0%| F|  |TAMS 0x000000008ae00000| PB 0x000000008ae00000| Untracked |  0
| 113|0x000000008af00000, 0x000000008af00000, 0x000000008b000000|  0%| F|  |TAMS 0x000000008af00000| PB 0x000000008af00000| Untracked |  0
| 114|0x000000008b000000, 0x000000008b000000, 0x000000008b100000|  0%| F|  |TAMS 0x000000008b000000| PB 0x000000008b000000| Untracked |  0
| 115|0x000000008b100000, 0x000000008b100000, 0x000000008b200000|  0%| F|  |TAMS 0x000000008b100000| PB 0x000000008b100000| Untracked |  0
| 116|0x000000008b200000, 0x000000008b200000, 0x000000008b300000|  0%| F|  |TAMS 0x000000008b200000| PB 0x000000008b200000| Untracked |  0
| 117|0x000000008b300000, 0x000000008b300000, 0x000000008b400000|  0%| F|  |TAMS 0x000000008b300000| PB 0x000000008b300000| Untracked |  0
| 118|0x000000008b400000, 0x000000008b400000, 0x000000008b500000|  0%| F|  |TAMS 0x000000008b400000| PB 0x000000008b400000| Untracked |  0
| 119|0x000000008b500000, 0x000000008b500000, 0x000000008b600000|  0%| F|  |TAMS 0x000000008b500000| PB 0x000000008b500000| Untracked |  0
| 120|0x000000008b600000, 0x000000008b600000, 0x000000008b700000|  0%| F|  |TAMS 0x000000008b600000| PB 0x000000008b600000| Untracked |  0
| 121|0x000000008b700000, 0x000000008b700000, 0x000000008b800000|  0%| F|  |TAMS 0x000000008b700000| PB 0x000000008b700000| Untracked |  0
| 122|0x000000008b800000, 0x000000008b800000, 0x000000008b900000|  0%| F|  |TAMS 0x000000008b800000| PB 0x000000008b800000| Untracked |  0
| 123|0x000000008b900000, 0x000000008b900000, 0x000000008ba00000|  0%| F|  |TAMS 0x000000008b900000| PB 0x000000008b900000| Untracked |  0
| 124|0x000000008ba00000, 0x000000008ba00000, 0x000000008bb00000|  0%| F|  |TAMS 0x000000008ba00000| PB 0x000000008ba00000| Untracked |  0
| 125|0x000000008bb00000, 0x000000008bb00000, 0x000000008bc00000|  0%| F|  |TAMS 0x000000008bb00000| PB 0x000000008bb00000| Untracked |  0
| 126|0x000000008bc00000, 0x000000008bc00000, 0x000000008bd00000|  0%| F|  |TAMS 0x000000008bc00000| PB 0x000000008bc00000| Untracked |  0
| 127|0x000000008bd00000, 0x000000008bd00000, 0x000000008be00000|  0%| F|  |TAMS 0x000000008bd00000| PB 0x000000008bd00000| Untracked |  0
| 128|0x000000008be00000, 0x000000008be00000, 0x000000008bf00000|  0%| F|  |TAMS 0x000000008be00000| PB 0x000000008be00000| Untracked |  0
| 129|0x000000008bf00000, 0x000000008bf00000, 0x000000008c000000|  0%| F|  |TAMS 0x000000008bf00000| PB 0x000000008bf00000| Untracked |  0
| 130|0x000000008c000000, 0x000000008c000000, 0x000000008c100000|  0%| F|  |TAMS 0x000000008c000000| PB 0x000000008c000000| Untracked |  0
| 131|0x000000008c100000, 0x000000008c100000, 0x000000008c200000|  0%| F|  |TAMS 0x000000008c100000| PB 0x000000008c100000| Untracked |  0
| 132|0x000000008c200000, 0x000000008c200000, 0x000000008c300000|  0%| F|  |TAMS 0x000000008c200000| PB 0x000000008c200000| Untracked |  0
| 133|0x000000008c300000, 0x000000008c300000, 0x000000008c400000|  0%| F|  |TAMS 0x000000008c300000| PB 0x000000008c300000| Untracked |  0
| 134|0x000000008c400000, 0x000000008c400000, 0x000000008c500000|  0%| F|  |TAMS 0x000000008c400000| PB 0x000000008c400000| Untracked |  0
| 135|0x000000008c500000, 0x000000008c57a598, 0x000000008c600000| 47%| E|  |TAMS 0x000000008c500000| PB 0x000000008c500000| Complete |  0
| 136|0x000000008c600000, 0x000000008c700000, 0x000000008c700000|100%| E|CS|TAMS 0x000000008c600000| PB 0x000000008c600000| Complete |  0
| 137|0x000000008c700000, 0x000000008c800000, 0x000000008c800000|100%| E|CS|TAMS 0x000000008c700000| PB 0x000000008c700000| Complete |  0
| 138|0x000000008c800000, 0x000000008c900000, 0x000000008c900000|100%| E|CS|TAMS 0x000000008c800000| PB 0x000000008c800000| Complete |  0
| 139|0x000000008c900000, 0x000000008ca00000, 0x000000008ca00000|100%| E|CS|TAMS 0x000000008c900000| PB 0x000000008c900000| Complete |  0
| 140|0x000000008ca00000, 0x000000008cb00000, 0x000000008cb00000|100%| E|CS|TAMS 0x000000008ca00000| PB 0x000000008ca00000| Complete |  0
| 141|0x000000008cb00000, 0x000000008cc00000, 0x000000008cc00000|100%| E|CS|TAMS 0x000000008cb00000| PB 0x000000008cb00000| Complete |  0
| 142|0x000000008cc00000, 0x000000008cd00000, 0x000000008cd00000|100%| E|CS|TAMS 0x000000008cc00000| PB 0x000000008cc00000| Complete |  0
| 143|0x000000008cd00000, 0x000000008ce00000, 0x000000008ce00000|100%| E|CS|TAMS 0x000000008cd00000| PB 0x000000008cd00000| Complete |  0
| 144|0x000000008ce00000, 0x000000008cf00000, 0x000000008cf00000|100%| E|CS|TAMS 0x000000008ce00000| PB 0x000000008ce00000| Complete |  0
| 145|0x000000008cf00000, 0x000000008d000000, 0x000000008d000000|100%| E|CS|TAMS 0x000000008cf00000| PB 0x000000008cf00000| Complete |  0
| 146|0x000000008d000000, 0x000000008d100000, 0x000000008d100000|100%| E|CS|TAMS 0x000000008d000000| PB 0x000000008d000000| Complete |  0
| 147|0x000000008d100000, 0x000000008d200000, 0x000000008d200000|100%| E|CS|TAMS 0x000000008d100000| PB 0x000000008d100000| Complete |  0
| 148|0x000000008d200000, 0x000000008d300000, 0x000000008d300000|100%| E|CS|TAMS 0x000000008d200000| PB 0x000000008d200000| Complete |  0
| 149|0x000000008d300000, 0x000000008d400000, 0x000000008d400000|100%| E|CS|TAMS 0x000000008d300000| PB 0x000000008d300000| Complete |  0
| 150|0x000000008d400000, 0x000000008d500000, 0x000000008d500000|100%| E|CS|TAMS 0x000000008d400000| PB 0x000000008d400000| Complete |  0
| 151|0x000000008d500000, 0x000000008d600000, 0x000000008d600000|100%| E|CS|TAMS 0x000000008d500000| PB 0x000000008d500000| Complete |  0
| 152|0x000000008d600000, 0x000000008d700000, 0x000000008d700000|100%| E|CS|TAMS 0x000000008d600000| PB 0x000000008d600000| Complete |  0
| 153|0x000000008d700000, 0x000000008d800000, 0x000000008d800000|100%| E|CS|TAMS 0x000000008d700000| PB 0x000000008d700000| Complete |  0
| 154|0x000000008d800000, 0x000000008d900000, 0x000000008d900000|100%| E|CS|TAMS 0x000000008d800000| PB 0x000000008d800000| Complete |  0
| 155|0x000000008d900000, 0x000000008da00000, 0x000000008da00000|100%| E|CS|TAMS 0x000000008d900000| PB 0x000000008d900000| Complete |  0
|1978|0x00000000ff800000, 0x00000000ff900000, 0x00000000ff900000|100%| E|CS|TAMS 0x00000000ff800000| PB 0x00000000ff800000| Complete |  0
|1979|0x00000000ff900000, 0x00000000ffa00000, 0x00000000ffa00000|100%| O|  |TAMS 0x00000000ff900000| PB 0x00000000ff900000| Untracked |  0
|1980|0x00000000ffa00000, 0x00000000ffb00000, 0x00000000ffb00000|100%| O|  |TAMS 0x00000000ffa00000| PB 0x00000000ffa00000| Untracked |  0
|1981|0x00000000ffb00000, 0x00000000ffc00000, 0x00000000ffc00000|100%| O|  |TAMS 0x00000000ffb00000| PB 0x00000000ffb00000| Untracked |  0
|1982|0x00000000ffc00000, 0x00000000ffd00000, 0x00000000ffd00000|100%| O|  |TAMS 0x00000000ffc00000| PB 0x00000000ffc00000| Untracked |  0
|1983|0x00000000ffd00000, 0x00000000ffe00000, 0x00000000ffe00000|100%| O|  |TAMS 0x00000000ffd00000| PB 0x00000000ffd00000| Untracked |  0
|1984|0x00000000ffe00000, 0x00000000fff00000, 0x00000000fff00000|100%| O|  |TAMS 0x00000000ffe00000| PB 0x00000000ffe00000| Untracked |  0
|1985|0x00000000fff00000, 0x0000000100000000, 0x0000000100000000|100%| O|  |TAMS 0x00000000fff00000| PB 0x00000000fff00000| Untracked |  0

Card table byte_map: [0x00000253e3370000,0x00000253e3760000] _byte_map_base: 0x00000253e2f51000

Marking Bits: (CMBitMap*) 0x00000253cb558530
 Bits: [0x00000253e3760000, 0x00000253e5668000)

Polling page: 0x00000253c9380000

Metaspace:

Usage:
  Non-class:     42.08 MB used.
      Class:      5.89 MB used.
       Both:     47.96 MB used.

Virtual space:
  Non-class space:       64.00 MB reserved,      42.50 MB ( 66%) committed,  1 nodes.
      Class space:        1.00 GB reserved,       6.25 MB ( <1%) committed,  1 nodes.
             Both:        1.06 GB reserved,      48.75 MB (  4%) committed. 

Chunk freelists:
   Non-Class:  4.80 MB
       Class:  9.57 MB
        Both:  14.37 MB

MaxMetaspaceSize: unlimited
CompressedClassSpaceSize: 1.00 GB
Initial GC threshold: 21.00 MB
Current GC threshold: 80.88 MB
CDS: on
 - commit_granule_bytes: 65536.
 - commit_granule_words: 8192.
 - virtual_space_node_default_size: 8388608.
 - enlarge_chunks_in_place: 1.
 - use_allocation_guard: 0.


Internal statistics:

num_allocs_failed_limit: 6.
num_arena_births: 1268.
num_arena_deaths: 0.
num_vsnodes_births: 2.
num_vsnodes_deaths: 0.
num_space_committed: 778.
num_space_uncommitted: 0.
num_chunks_returned_to_freelist: 6.
num_chunks_taken_from_freelist: 3209.
num_chunk_merges: 3.
num_chunk_splits: 2333.
num_chunks_enlarged: 1733.
num_inconsistent_stats: 0.

CodeHeap 'non-profiled nmethods': size=120064Kb used=3619Kb max_used=3629Kb free=116444Kb
 bounds [0x00000253db700000, 0x00000253dbaa0000, 0x00000253e2c40000]
CodeHeap 'profiled nmethods': size=120000Kb used=13356Kb max_used=14418Kb free=106643Kb
 bounds [0x00000253d3c40000, 0x00000253d4a60000, 0x00000253db170000]
CodeHeap 'non-nmethods': size=5696Kb used=1776Kb max_used=1795Kb free=3919Kb
 bounds [0x00000253db170000, 0x00000253db3e0000, 0x00000253db700000]
CodeCache: size=245760Kb, used=18751Kb, max_used=19842Kb, free=227006Kb
 total_blobs=8069, nmethods=7423, adapters=547, full_count=0
Compilation: enabled, stopped_count=0, restarted_count=0

Compilation events (20 events):
Event: 15.148 Thread 0x00000253e809f220 8820       1       org.jetbrains.kotlin.resolve.scopes.receivers.ClassQualifier::getReferenceExpression (5 bytes)
Event: 15.148 Thread 0x00000253e809f220 nmethod 8820 0x00000253dba41808 code [0x00000253dba41920, 0x00000253dba419e8]
Event: 15.150 Thread 0x00000253e809f220 8821       2       org.jetbrains.kotlin.resolve.calls.context.ResolutionContext::replaceDataFlowInfo (85 bytes)
Event: 15.150 Thread 0x00000253e809f220 nmethod 8821 0x00000253d3e43908 code [0x00000253d3e43a40, 0x00000253d3e43cc0]
Event: 15.150 Thread 0x00000253e809f220 8822       1       org.jetbrains.kotlin.resolve.calls.util.CallMaker$CallImpl::getCalleeExpression (5 bytes)
Event: 15.150 Thread 0x00000253e809f220 nmethod 8822 0x00000253dba48788 code [0x00000253dba488a0, 0x00000253dba48968]
Event: 15.150 Thread 0x00000253e809f220 8823       2       org.jetbrains.kotlin.descriptors.impl.PropertyAccessorDescriptorImpl::getCorrespondingProperty (14 bytes)
Event: 15.151 Thread 0x00000253e809f220 nmethod 8823 0x00000253d4336a88 code [0x00000253d4336ba0, 0x00000253d4336ce0]
Event: 15.152 Thread 0x00000253e809f220 8824       2       org.jetbrains.kotlin.resolve.calls.util.CallUtilKt::getCall (227 bytes)
Event: 15.155 Thread 0x00000253e809f220 nmethod 8824 0x00000253d4211708 code [0x00000253d4211ae0, 0x00000253d4212ee0]
Event: 15.155 Thread 0x00000253e809f220 8828       2       org.jetbrains.kotlin.resolve.calls.inference.model.NewConstraintSystemImpl::getHasContradiction (31 bytes)
Event: 15.156 Thread 0x00000253e809f220 nmethod 8828 0x00000253d4347688 code [0x00000253d43477c0, 0x00000253d4347950]
Event: 15.156 Thread 0x00000253e809f220 8829       2       org.jetbrains.kotlin.resolve.calls.inference.model.MutableConstraintStorage::getHasContradiction (92 bytes)
Event: 15.157 Thread 0x00000253e809f220 nmethod 8829 0x00000253d4221c08 code [0x00000253d4221de0, 0x00000253d4222448]
Event: 15.158 Thread 0x00000253e809f220 8825       1       org.jetbrains.kotlin.resolve.calls.model.KotlinCallComponents::getConstraintInjector (5 bytes)
Event: 15.158 Thread 0x00000253e809f220 nmethod 8825 0x00000253dba48488 code [0x00000253dba485a0, 0x00000253dba48668]
Event: 15.158 Thread 0x00000253e809f220 8826       1       org.jetbrains.kotlin.resolve.calls.model.KotlinCallComponents::getBuiltIns (5 bytes)
Event: 15.158 Thread 0x00000253e809f220 nmethod 8826 0x00000253dba48188 code [0x00000253dba482a0, 0x00000253dba48368]
Event: 15.159 Thread 0x00000253e809f220 8827       1       org.jetbrains.kotlin.resolve.calls.model.KotlinCallComponents::getKotlinTypeRefiner (5 bytes)
Event: 15.159 Thread 0x00000253e809f220 nmethod 8827 0x00000253dba47e88 code [0x00000253dba47fa0, 0x00000253dba48068]

GC Heap History (20 events):
Event: 9.361 GC heap before
{Heap before GC invocations=9 (full 0):
 garbage-first heap   total reserved 2033664K, committed 63488K, used 52589K [0x0000000083e00000, 0x0000000100000000)
  region size 1024K, 24 young (24576K), 4 survivors (4096K)
 Metaspace       used 43201K, committed 44032K, reserved 1114112K
  class space    used 5542K, committed 5952K, reserved 1048576K
}
Event: 9.381 GC heap after
{Heap after GC invocations=10 (full 0):
 garbage-first heap   total reserved 2033664K, committed 63488K, used 35584K [0x0000000083e00000, 0x0000000100000000)
  region size 1024K, 3 young (3072K), 3 survivors (3072K)
 Metaspace       used 43201K, committed 44032K, reserved 1114112K
  class space    used 5542K, committed 5952K, reserved 1048576K
}
Event: 9.530 GC heap before
{Heap before GC invocations=10 (full 0):
 garbage-first heap   total reserved 2033664K, committed 63488K, used 54016K [0x0000000083e00000, 0x0000000100000000)
  region size 1024K, 21 young (21504K), 3 survivors (3072K)
 Metaspace       used 43272K, committed 44096K, reserved 1114112K
  class space    used 5542K, committed 5952K, reserved 1048576K
}
Event: 9.540 GC heap after
{Heap after GC invocations=11 (full 0):
 garbage-first heap   total reserved 2033664K, committed 76800K, used 37159K [0x0000000083e00000, 0x0000000100000000)
  region size 1024K, 2 young (2048K), 2 survivors (2048K)
 Metaspace       used 43272K, committed 44096K, reserved 1114112K
  class space    used 5542K, committed 5952K, reserved 1048576K
}
Event: 11.057 GC heap before
{Heap before GC invocations=12 (full 0):
 garbage-first heap   total reserved 2033664K, committed 76800K, used 63783K [0x0000000083e00000, 0x0000000100000000)
  region size 1024K, 28 young (28672K), 2 survivors (2048K)
 Metaspace       used 46041K, committed 46848K, reserved 1114112K
  class space    used 5808K, committed 6208K, reserved 1048576K
}
Event: 11.071 GC heap after
{Heap after GC invocations=13 (full 0):
 garbage-first heap   total reserved 2033664K, committed 76800K, used 41209K [0x0000000083e00000, 0x0000000100000000)
  region size 1024K, 4 young (4096K), 4 survivors (4096K)
 Metaspace       used 46041K, committed 46848K, reserved 1114112K
  class space    used 5808K, committed 6208K, reserved 1048576K
}
Event: 12.223 GC heap before
{Heap before GC invocations=13 (full 0):
 garbage-first heap   total reserved 2033664K, committed 76800K, used 63737K [0x0000000083e00000, 0x0000000100000000)
  region size 1024K, 27 young (27648K), 4 survivors (4096K)
 Metaspace       used 47432K, committed 48192K, reserved 1114112K
  class space    used 5877K, committed 6272K, reserved 1048576K
}
Event: 12.251 GC heap after
{Heap after GC invocations=14 (full 0):
 garbage-first heap   total reserved 2033664K, committed 76800K, used 45355K [0x0000000083e00000, 0x0000000100000000)
  region size 1024K, 4 young (4096K), 4 survivors (4096K)
 Metaspace       used 47432K, committed 48192K, reserved 1114112K
  class space    used 5877K, committed 6272K, reserved 1048576K
}
Event: 12.939 GC heap before
{Heap before GC invocations=14 (full 0):
 garbage-first heap   total reserved 2033664K, committed 76800K, used 65835K [0x0000000083e00000, 0x0000000100000000)
  region size 1024K, 24 young (24576K), 4 survivors (4096K)
 Metaspace       used 48173K, committed 49024K, reserved 1114112K
  class space    used 5932K, committed 6336K, reserved 1048576K
}
Event: 12.961 GC heap after
{Heap after GC invocations=15 (full 0):
 garbage-first heap   total reserved 2033664K, committed 76800K, used 49513K [0x0000000083e00000, 0x0000000100000000)
  region size 1024K, 3 young (3072K), 3 survivors (3072K)
 Metaspace       used 48173K, committed 49024K, reserved 1114112K
  class space    used 5932K, committed 6336K, reserved 1048576K
}
Event: 13.345 GC heap before
{Heap before GC invocations=16 (full 0):
 garbage-first heap   total reserved 2033664K, committed 83968K, used 66921K [0x0000000083e00000, 0x0000000100000000)
  region size 1024K, 20 young (20480K), 3 survivors (3072K)
 Metaspace       used 48235K, committed 49088K, reserved 1114112K
  class space    used 5934K, committed 6336K, reserved 1048576K
}
Event: 13.364 GC heap after
{Heap after GC invocations=17 (full 0):
 garbage-first heap   total reserved 2033664K, committed 83968K, used 53091K [0x0000000083e00000, 0x0000000100000000)
  region size 1024K, 3 young (3072K), 3 survivors (3072K)
 Metaspace       used 48235K, committed 49088K, reserved 1114112K
  class space    used 5934K, committed 6336K, reserved 1048576K
}
Event: 13.668 GC heap before
{Heap before GC invocations=17 (full 0):
 garbage-first heap   total reserved 2033664K, committed 83968K, used 73571K [0x0000000083e00000, 0x0000000100000000)
  region size 1024K, 23 young (23552K), 3 survivors (3072K)
 Metaspace       used 48434K, committed 49216K, reserved 1114112K
  class space    used 5963K, committed 6336K, reserved 1048576K
}
Event: 13.692 GC heap after
{Heap after GC invocations=18 (full 0):
 garbage-first heap   total reserved 2033664K, committed 83968K, used 56619K [0x0000000083e00000, 0x0000000100000000)
  region size 1024K, 3 young (3072K), 3 survivors (3072K)
 Metaspace       used 48434K, committed 49216K, reserved 1114112K
  class space    used 5963K, committed 6336K, reserved 1048576K
}
Event: 14.186 GC heap before
{Heap before GC invocations=18 (full 0):
 garbage-first heap   total reserved 2033664K, committed 83968K, used 74027K [0x0000000083e00000, 0x0000000100000000)
  region size 1024K, 20 young (20480K), 3 survivors (3072K)
 Metaspace       used 48882K, committed 49664K, reserved 1114112K
  class space    used 6020K, committed 6400K, reserved 1048576K
}
Event: 14.203 GC heap after
{Heap after GC invocations=19 (full 0):
 garbage-first heap   total reserved 2033664K, committed 83968K, used 60123K [0x0000000083e00000, 0x0000000100000000)
  region size 1024K, 3 young (3072K), 3 survivors (3072K)
 Metaspace       used 48882K, committed 49664K, reserved 1114112K
  class space    used 6020K, committed 6400K, reserved 1048576K
}
Event: 14.526 GC heap before
{Heap before GC invocations=20 (full 0):
 garbage-first heap   total reserved 2033664K, committed 101376K, used 74459K [0x0000000083e00000, 0x0000000100000000)
  region size 1024K, 17 young (17408K), 3 survivors (3072K)
 Metaspace       used 48945K, committed 49728K, reserved 1114112K
  class space    used 6024K, committed 6400K, reserved 1048576K
}
Event: 14.543 GC heap after
{Heap after GC invocations=21 (full 0):
 garbage-first heap   total reserved 2033664K, committed 101376K, used 62938K [0x0000000083e00000, 0x0000000100000000)
  region size 1024K, 3 young (3072K), 3 survivors (3072K)
 Metaspace       used 48945K, committed 49728K, reserved 1114112K
  class space    used 6024K, committed 6400K, reserved 1048576K
}
Event: 14.880 GC heap before
{Heap before GC invocations=21 (full 0):
 garbage-first heap   total reserved 2033664K, committed 101376K, used 88538K [0x0000000083e00000, 0x0000000100000000)
  region size 1024K, 28 young (28672K), 3 survivors (3072K)
 Metaspace       used 49015K, committed 49792K, reserved 1114112K
  class space    used 6025K, committed 6400K, reserved 1048576K
}
Event: 14.901 GC heap after
{Heap after GC invocations=22 (full 0):
 garbage-first heap   total reserved 2033664K, committed 167936K, used 66509K [0x0000000083e00000, 0x0000000100000000)
  region size 1024K, 4 young (4096K), 4 survivors (4096K)
 Metaspace       used 49015K, committed 49792K, reserved 1114112K
  class space    used 6025K, committed 6400K, reserved 1048576K
}

Dll operation events (7 events):
Event: 0.023 Loaded shared library C:\Program Files\Java\jdk-23\bin\java.dll
Event: 0.183 Loaded shared library C:\Program Files\Java\jdk-23\bin\jsvml.dll
Event: 0.291 Loaded shared library C:\Program Files\Java\jdk-23\bin\net.dll
Event: 0.294 Loaded shared library C:\Program Files\Java\jdk-23\bin\nio.dll
Event: 0.346 Loaded shared library C:\Program Files\Java\jdk-23\bin\zip.dll
Event: 0.437 Loaded shared library C:\Program Files\Java\jdk-23\bin\jimage.dll
Event: 3.636 Loaded shared library C:\Program Files\Java\jdk-23\bin\verify.dll

Deoptimization events (20 events):
Event: 14.733 Thread 0x00000253cb5053b0 DEOPT PACKING pc=0x00000253dba825a8 sp=0x000000bb121fdda0
Event: 14.733 Thread 0x00000253cb5053b0 DEOPT UNPACKING pc=0x00000253db1c7982 sp=0x000000bb121fdda0 mode 2
Event: 14.821 Thread 0x00000253cb5053b0 DEOPT PACKING pc=0x00000253d42707bf sp=0x000000bb121fc8d0
Event: 14.821 Thread 0x00000253cb5053b0 DEOPT UNPACKING pc=0x00000253db1c84c2 sp=0x000000bb121fbd90 mode 0
Event: 14.867 Thread 0x00000253cb5053b0 Uncommon trap: trap_request=0xffffffde fr.pc=0x00000253db89d484 relative=0x0000000000001f04
Event: 14.867 Thread 0x00000253cb5053b0 Uncommon trap: reason=class_check action=maybe_recompile pc=0x00000253db89d484 method=org.jetbrains.kotlin.load.java.lazy.descriptors.LazyJavaScope.getContributedVariables(Lorg/jetbrains/kotlin/name/Name;Lorg/jetbrains/kotlin/incremental/components/Lookup
Event: 14.867 Thread 0x00000253cb5053b0 DEOPT PACKING pc=0x00000253db89d484 sp=0x000000bb121fe2a0
Event: 14.867 Thread 0x00000253cb5053b0 DEOPT UNPACKING pc=0x00000253db1c7982 sp=0x000000bb121fe220 mode 2
Event: 14.867 Thread 0x00000253cb5053b0 Uncommon trap: trap_request=0xffffffde fr.pc=0x00000253db89d484 relative=0x0000000000001f04
Event: 14.867 Thread 0x00000253cb5053b0 Uncommon trap: reason=class_check action=maybe_recompile pc=0x00000253db89d484 method=org.jetbrains.kotlin.load.java.lazy.descriptors.LazyJavaScope.getContributedVariables(Lorg/jetbrains/kotlin/name/Name;Lorg/jetbrains/kotlin/incremental/components/Lookup
Event: 14.867 Thread 0x00000253cb5053b0 DEOPT PACKING pc=0x00000253db89d484 sp=0x000000bb121fe2a0
Event: 14.867 Thread 0x00000253cb5053b0 DEOPT UNPACKING pc=0x00000253db1c7982 sp=0x000000bb121fe220 mode 2
Event: 14.867 Thread 0x00000253cb5053b0 Uncommon trap: trap_request=0xffffffde fr.pc=0x00000253db89d484 relative=0x0000000000001f04
Event: 14.867 Thread 0x00000253cb5053b0 Uncommon trap: reason=class_check action=maybe_recompile pc=0x00000253db89d484 method=org.jetbrains.kotlin.load.java.lazy.descriptors.LazyJavaScope.getContributedVariables(Lorg/jetbrains/kotlin/name/Name;Lorg/jetbrains/kotlin/incremental/components/Lookup
Event: 14.867 Thread 0x00000253cb5053b0 DEOPT PACKING pc=0x00000253db89d484 sp=0x000000bb121fe2a0
Event: 14.867 Thread 0x00000253cb5053b0 DEOPT UNPACKING pc=0x00000253db1c7982 sp=0x000000bb121fe220 mode 2
Event: 14.867 Thread 0x00000253cb5053b0 Uncommon trap: trap_request=0xffffffde fr.pc=0x00000253db89d484 relative=0x0000000000001f04
Event: 14.867 Thread 0x00000253cb5053b0 Uncommon trap: reason=class_check action=maybe_recompile pc=0x00000253db89d484 method=org.jetbrains.kotlin.load.java.lazy.descriptors.LazyJavaScope.getContributedVariables(Lorg/jetbrains/kotlin/name/Name;Lorg/jetbrains/kotlin/incremental/components/Lookup
Event: 14.867 Thread 0x00000253cb5053b0 DEOPT PACKING pc=0x00000253db89d484 sp=0x000000bb121fe2a0
Event: 14.867 Thread 0x00000253cb5053b0 DEOPT UNPACKING pc=0x00000253db1c7982 sp=0x000000bb121fe220 mode 2

Classes loaded (20 events):
Event: 7.476 Loading class java/util/stream/IntPipeline done
Event: 7.476 Loading class java/util/stream/IntPipeline$Head done
Event: 7.478 Loading class java/util/stream/IntPipeline$1
Event: 7.478 Loading class java/util/stream/IntPipeline$1 done
Event: 7.480 Loading class java/util/stream/IntPipeline$1$1
Event: 7.480 Loading class java/util/stream/Sink$ChainedInt
Event: 7.480 Loading class java/util/stream/Sink$OfInt
Event: 7.480 Loading class java/util/stream/Sink$OfInt done
Event: 7.480 Loading class java/util/stream/Sink$ChainedInt done
Event: 7.480 Loading class java/util/stream/IntPipeline$1$1 done
Event: 7.964 Loading class java/util/ComparableTimSort
Event: 7.964 Loading class java/util/ComparableTimSort done
Event: 10.849 Loading class java/util/stream/LongStream
Event: 10.850 Loading class java/util/stream/LongStream done
Event: 10.850 Loading class java/util/stream/DoubleStream
Event: 10.850 Loading class java/util/stream/DoubleStream done
Event: 10.850 Loading class java/util/HashMap$EntrySpliterator
Event: 10.851 Loading class java/util/HashMap$EntrySpliterator done
Event: 10.925 Loading class java/util/RegularEnumSet$EnumSetIterator
Event: 10.925 Loading class java/util/RegularEnumSet$EnumSetIterator done

Classes unloaded (0 events):
No events

Classes redefined (0 events):
No events

Internal exceptions (20 events):
Event: 6.099 Thread 0x00000253cb5053b0 Exception <a 'java/lang/NoSuchMethodError'{0x0000000088e49018}: 'java.lang.Object java.lang.invoke.DelegatingMethodHandle$Holder.reinvoke_L(java.lang.Object, java.lang.Object, java.lang.Object, java.lang.Object, java.lang.Object, java.lang.Object, java.lang.Object, java.lang.Object, java.lang.Object, java.lang.Object, java.lang.Object, java.lang.Object, java.lang.Object)'> (0x0000000088e49018) 
thrown [s\open\src\hotspot\share\interpreter\linkResolver.cpp, line 796]
Event: 6.481 Thread 0x00000253cb5053b0 Exception <a 'java/lang/NoSuchMethodError'{0x0000000085ffadd0}: 'java.lang.Object java.lang.invoke.DirectMethodHandle$Holder.newInvokeSpecial(java.lang.Object, java.lang.Object, int)'> (0x0000000085ffadd0) 
thrown [s\open\src\hotspot\share\interpreter\linkResolver.cpp, line 796]
Event: 6.555 Thread 0x00000253cb5053b0 Implicit null exception at 0x00000253db8185ca to 0x00000253db8186c8
Event: 6.928 Thread 0x00000253cb5053b0 Exception <a 'java/lang/NoSuchMethodError'{0x00000000855aad70}: 'java.lang.Object java.lang.invoke.DirectMethodHandle$Holder.newInvokeSpecial(java.lang.Object, java.lang.Object, java.lang.Object, int)'> (0x00000000855aad70) 
thrown [s\open\src\hotspot\share\interpreter\linkResolver.cpp, line 796]
Event: 6.928 Thread 0x00000253cb5053b0 Exception <a 'java/lang/NoSuchMethodError'{0x00000000855aeed8}: 'java.lang.Object java.lang.invoke.DirectMethodHandle$Holder.invokeSpecial(java.lang.Object, java.lang.Object, java.lang.Object, java.lang.Object, int)'> (0x00000000855aeed8) 
thrown [s\open\src\hotspot\share\interpreter\linkResolver.cpp, line 796]
Event: 6.928 Thread 0x00000253cb5053b0 Exception <a 'java/lang/NoSuchMethodError'{0x00000000855b2628}: 'java.lang.Object java.lang.invoke.Invokers$Holder.linkToTargetMethod(java.lang.Object, java.lang.Object, int, java.lang.Object)'> (0x00000000855b2628) 
thrown [s\open\src\hotspot\share\interpreter\linkResolver.cpp, line 796]
Event: 7.990 Thread 0x00000253cb5053b0 Exception <a 'java/lang/NoSuchMethodError'{0x0000000086480d58}: 'java.lang.Object java.lang.invoke.DirectMethodHandle$Holder.newInvokeSpecial(java.lang.Object, java.lang.Object, java.lang.Object, java.lang.Object, int)'> (0x0000000086480d58) 
thrown [s\open\src\hotspot\share\interpreter\linkResolver.cpp, line 796]
Event: 7.991 Thread 0x00000253cb5053b0 Exception <a 'java/lang/NoSuchMethodError'{0x0000000086484c68}: 'java.lang.Object java.lang.invoke.DirectMethodHandle$Holder.invokeSpecial(java.lang.Object, java.lang.Object, java.lang.Object, java.lang.Object, java.lang.Object, int)'> (0x0000000086484c68) 
thrown [s\open\src\hotspot\share\interpreter\linkResolver.cpp, line 796]
Event: 7.992 Thread 0x00000253cb5053b0 Exception <a 'java/lang/NoSuchMethodError'{0x0000000086488f00}: 'java.lang.Object java.lang.invoke.Invokers$Holder.linkToTargetMethod(java.lang.Object, java.lang.Object, java.lang.Object, int, java.lang.Object)'> (0x0000000086488f00) 
thrown [s\open\src\hotspot\share\interpreter\linkResolver.cpp, line 796]
Event: 8.123 Thread 0x00000253cb5053b0 Exception <a 'java/lang/NoSuchMethodError'{0x0000000086164518}: 'void java.lang.invoke.DirectMethodHandle$Holder.invokeSpecial(java.lang.Object, java.lang.Object, int, java.lang.Object)'> (0x0000000086164518) 
thrown [s\open\src\hotspot\share\interpreter\linkResolver.cpp, line 796]
Event: 10.023 Thread 0x00000253cb5053b0 Exception <a 'java/lang/NoSuchMethodError'{0x0000000087738218}: 'java.lang.Object java.lang.invoke.DirectMethodHandle$Holder.newInvokeSpecial(java.lang.Object, int, java.lang.Object)'> (0x0000000087738218) 
thrown [s\open\src\hotspot\share\interpreter\linkResolver.cpp, line 796]
Event: 10.024 Thread 0x00000253cb5053b0 Exception <a 'java/lang/NoSuchMethodError'{0x000000008773ded0}: 'int java.lang.invoke.DirectMethodHandle$Holder.invokeInterface(java.lang.Object, java.lang.Object)'> (0x000000008773ded0) 
thrown [s\open\src\hotspot\share\interpreter\linkResolver.cpp, line 796]
Event: 10.852 Thread 0x00000253cb5053b0 Exception <a 'java/lang/NoSuchMethodError'{0x0000000086b84e80}: 'void java.lang.invoke.DirectMethodHandle$Holder.invokeInterface(java.lang.Object, java.lang.Object)'> (0x0000000086b84e80) 
thrown [s\open\src\hotspot\share\interpreter\linkResolver.cpp, line 796]
Event: 11.692 Thread 0x00000253cb5053b0 Exception <a 'java/lang/IncompatibleClassChangeError'{0x00000000877440d0}: Found class java.lang.Object, but interface was expected> (0x00000000877440d0) 
thrown [s\open\src\hotspot\share\interpreter\linkResolver.cpp, line 863]
Event: 12.337 Thread 0x00000253cb5053b0 Implicit null exception at 0x00000253db981436 to 0x00000253db981e04
Event: 12.451 Thread 0x00000253cb5053b0 Exception <a 'java/lang/NoSuchMethodError'{0x0000000089113dd8}: 'java.lang.Object java.lang.invoke.DirectMethodHandle$Holder.invokeSpecial(java.lang.Object, java.lang.Object, java.lang.Object, java.lang.Object, java.lang.Object, java.lang.Object, int)'> (0x0000000089113dd8) 
thrown [s\open\src\hotspot\share\interpreter\linkResolver.cpp, line 796]
Event: 13.914 Thread 0x00000253cb5053b0 Exception <a 'java/lang/NoSuchMethodError'{0x000000008916d2f0}: 'java.lang.Object java.lang.invoke.DirectMethodHandle$Holder.newInvokeSpecial(java.lang.Object, int, java.lang.Object, java.lang.Object)'> (0x000000008916d2f0) 
thrown [s\open\src\hotspot\share\interpreter\linkResolver.cpp, line 796]
Event: 13.915 Thread 0x00000253cb5053b0 Exception <a 'java/lang/NoSuchMethodError'{0x0000000089171810}: 'java.lang.Object java.lang.invoke.DirectMethodHandle$Holder.invokeSpecial(java.lang.Object, java.lang.Object, int, java.lang.Object, java.lang.Object)'> (0x0000000089171810) 
thrown [s\open\src\hotspot\share\interpreter\linkResolver.cpp, line 796]
Event: 13.917 Thread 0x00000253cb5053b0 Implicit null exception at 0x00000253dba46b31 to 0x00000253dba46e4c
Event: 14.048 Thread 0x00000253cb5053b0 Exception <a 'java/lang/NoSuchMethodError'{0x0000000087d3ce18}: 'java.lang.Object java.lang.invoke.DirectMethodHandle$Holder.invokeStatic(java.lang.Object, int, java.lang.Object)'> (0x0000000087d3ce18) 
thrown [s\open\src\hotspot\share\interpreter\linkResolver.cpp, line 796]

VM Operations (20 events):
Event: 13.951 Executing VM operation: HandshakeAllThreads (Deoptimize)
Event: 13.951 Executing VM operation: HandshakeAllThreads (Deoptimize) done
Event: 14.029 Executing VM operation: HandshakeAllThreads (Deoptimize)
Event: 14.029 Executing VM operation: HandshakeAllThreads (Deoptimize) done
Event: 14.051 Executing VM operation: HandshakeAllThreads (Deoptimize)
Event: 14.052 Executing VM operation: HandshakeAllThreads (Deoptimize) done
Event: 14.075 Executing VM operation: HandshakeAllThreads (Deoptimize)
Event: 14.075 Executing VM operation: HandshakeAllThreads (Deoptimize) done
Event: 14.186 Executing VM operation: G1CollectForAllocation (G1 Evacuation Pause)
Event: 14.203 Executing VM operation: G1CollectForAllocation (G1 Evacuation Pause) done
Event: 14.279 Executing VM operation: HandshakeAllThreads (Deoptimize)
Event: 14.280 Executing VM operation: HandshakeAllThreads (Deoptimize) done
Event: 14.285 Executing VM operation: G1PauseRemark
Event: 14.301 Executing VM operation: G1PauseRemark done
Event: 14.329 Executing VM operation: G1PauseCleanup
Event: 14.329 Executing VM operation: G1PauseCleanup done
Event: 14.525 Executing VM operation: G1CollectForAllocation (G1 Evacuation Pause)
Event: 14.543 Executing VM operation: G1CollectForAllocation (G1 Evacuation Pause) done
Event: 14.880 Executing VM operation: G1CollectForAllocation (G1 Evacuation Pause)
Event: 14.902 Executing VM operation: G1CollectForAllocation (G1 Evacuation Pause) done

Memory protections (0 events):
No events

Nmethod flushes (20 events):
Event: 14.299 Thread 0x00000253e8078f10 flushing  nmethod 0x00000253d4389508
Event: 14.299 Thread 0x00000253e8078f10 flushing  nmethod 0x00000253d4389808
Event: 14.299 Thread 0x00000253e8078f10 flushing  nmethod 0x00000253d43d7188
Event: 14.299 Thread 0x00000253e8078f10 flushing  nmethod 0x00000253d43d7b88
Event: 14.299 Thread 0x00000253e8078f10 flushing  nmethod 0x00000253d43d9a88
Event: 14.299 Thread 0x00000253e8078f10 flushing  nmethod 0x00000253d43f5188
Event: 14.299 Thread 0x00000253e8078f10 flushing  nmethod 0x00000253d440e708
Event: 14.299 Thread 0x00000253e8078f10 flushing  nmethod 0x00000253d44c1f08
Event: 14.299 Thread 0x00000253e8078f10 flushing  nmethod 0x00000253d44c6988
Event: 14.299 Thread 0x00000253e8078f10 flushing  nmethod 0x00000253d44dc188
Event: 14.299 Thread 0x00000253e8078f10 flushing  nmethod 0x00000253d44df108
Event: 14.299 Thread 0x00000253e8078f10 flushing  nmethod 0x00000253d44df588
Event: 14.299 Thread 0x00000253e8078f10 flushing  nmethod 0x00000253d4576b88
Event: 14.299 Thread 0x00000253e8078f10 flushing  nmethod 0x00000253d457a508
Event: 14.299 Thread 0x00000253e8078f10 flushing  nmethod 0x00000253d467f088
Event: 14.299 Thread 0x00000253e8078f10 flushing  nmethod 0x00000253d46a4e08
Event: 14.299 Thread 0x00000253e8078f10 flushing  nmethod 0x00000253d4742988
Event: 14.299 Thread 0x00000253e8078f10 flushing  nmethod 0x00000253d47b7a08
Event: 14.299 Thread 0x00000253e8078f10 flushing  nmethod 0x00000253d47ca288
Event: 14.299 Thread 0x00000253e8078f10 flushing  nmethod 0x00000253d4826208

Events (19 events):
Event: 0.093 Thread 0x00000253cb5053b0 Thread added: 0x00000253cb5053b0
Event: 0.157 Thread 0x00000253cb5053b0 Thread added: 0x00000253e80959b0
Event: 0.158 Thread 0x00000253cb5053b0 Thread added: 0x00000253e80969c0
Event: 0.164 Thread 0x00000253cb5053b0 Thread added: 0x00000253e809b130
Event: 0.164 Thread 0x00000253cb5053b0 Thread added: 0x00000253e809c160
Event: 0.164 Thread 0x00000253cb5053b0 Thread added: 0x00000253e809ccb0
Event: 0.164 Thread 0x00000253cb5053b0 Thread added: 0x00000253e809d800
Event: 0.164 Thread 0x00000253cb5053b0 Thread added: 0x00000253e809e680
Event: 0.166 Thread 0x00000253cb5053b0 Thread added: 0x00000253e809f220
Event: 0.275 Thread 0x00000253cb5053b0 Thread added: 0x00000253c511aa70
Event: 0.282 Thread 0x00000253cb5053b0 Thread added: 0x00000253c511ff50
Event: 0.327 Thread 0x00000253e809e680 Thread added: 0x00000253c51d2b60
Event: 0.335 Thread 0x00000253e809e680 Thread added: 0x00000253c51d3220
Event: 0.883 Thread 0x00000253c51d3220 Thread exited: 0x00000253c51d3220
Event: 0.883 Thread 0x00000253c51d2b60 Thread exited: 0x00000253c51d2b60
Event: 3.908 Thread 0x00000253e809f220 Thread added: 0x00000253c5df4dc0
Event: 4.102 Thread 0x00000253c5df4dc0 Thread added: 0x00000253c64c3270
Event: 4.526 Thread 0x00000253c64c3270 Thread exited: 0x00000253c64c3270
Event: 6.129 Thread 0x00000253e809f220 Thread added: 0x00000253c6ff1860


Dynamic libraries:
0x00007ff7a3130000 - 0x00007ff7a3140000 	C:\Program Files\Java\jdk-23\bin\java.exe
0x00007ff8463f0000 - 0x00007ff846607000 	C:\WINDOWS\SYSTEM32\ntdll.dll
0x00007ff844eb0000 - 0x00007ff844f74000 	C:\WINDOWS\System32\KERNEL32.DLL
0x00007ff843950000 - 0x00007ff843d23000 	C:\WINDOWS\System32\KERNELBASE.dll
0x00007ff843650000 - 0x00007ff843761000 	C:\WINDOWS\System32\ucrtbase.dll
0x00007ff837a20000 - 0x00007ff837a3b000 	C:\Program Files\Java\jdk-23\bin\VCRUNTIME140.dll
0x00007ff837b00000 - 0x00007ff837b17000 	C:\Program Files\Java\jdk-23\bin\jli.dll
0x00007ff8461f0000 - 0x00007ff8463a1000 	C:\WINDOWS\System32\USER32.dll
0x00007ff843620000 - 0x00007ff843646000 	C:\WINDOWS\System32\win32u.dll
0x00007ff846090000 - 0x00007ff8460b9000 	C:\WINDOWS\System32\GDI32.dll
0x00007ff843500000 - 0x00007ff84361b000 	C:\WINDOWS\System32\gdi32full.dll
0x00007ff8437f0000 - 0x00007ff84388a000 	C:\WINDOWS\System32\msvcp_win.dll
0x00007ff822240000 - 0x00007ff8224d8000 	C:\WINDOWS\WinSxS\amd64_microsoft.windows.common-controls_6595b64144ccf1df_6.0.22621.5124_none_270e8f4f7386d69d\COMCTL32.dll
0x00007ff845620000 - 0x00007ff8456c7000 	C:\WINDOWS\System32\msvcrt.dll
0x00007ff844dc0000 - 0x00007ff844df1000 	C:\WINDOWS\System32\IMM32.DLL
0x00007ff82d4e0000 - 0x00007ff82d4ec000 	C:\Program Files\Java\jdk-23\bin\vcruntime140_1.dll
0x00007ffff74a0000 - 0x00007ffff752e000 	C:\Program Files\Java\jdk-23\bin\msvcp140.dll
0x00007fffb6ef0000 - 0x00007fffb7c40000 	C:\Program Files\Java\jdk-23\bin\server\jvm.dll
0x00007ff844ff0000 - 0x00007ff8450a1000 	C:\WINDOWS\System32\ADVAPI32.dll
0x00007ff844e00000 - 0x00007ff844ea8000 	C:\WINDOWS\System32\sechost.dll
0x00007ff843db0000 - 0x00007ff843dd8000 	C:\WINDOWS\System32\bcrypt.dll
0x00007ff844430000 - 0x00007ff844544000 	C:\WINDOWS\System32\RPCRT4.dll
0x00007ff846170000 - 0x00007ff8461e1000 	C:\WINDOWS\System32\WS2_32.dll
0x00007ff8433d0000 - 0x00007ff84341d000 	C:\WINDOWS\SYSTEM32\POWRPROF.dll
0x00007ff83ebd0000 - 0x00007ff83ec04000 	C:\WINDOWS\SYSTEM32\WINMM.dll
0x00007ff83ee90000 - 0x00007ff83ee9a000 	C:\WINDOWS\SYSTEM32\VERSION.dll
0x00007ff8433b0000 - 0x00007ff8433c3000 	C:\WINDOWS\SYSTEM32\UMPDC.dll
0x00007ff842530000 - 0x00007ff842548000 	C:\WINDOWS\SYSTEM32\kernel.appcore.dll
0x00007ff8247a0000 - 0x00007ff8247aa000 	C:\Program Files\Java\jdk-23\bin\jimage.dll
0x00007ff8409a0000 - 0x00007ff840bd2000 	C:\WINDOWS\SYSTEM32\DBGHELP.DLL
0x00007ff845280000 - 0x00007ff845612000 	C:\WINDOWS\System32\combase.dll
0x00007ff8449f0000 - 0x00007ff844ac7000 	C:\WINDOWS\System32\OLEAUT32.dll
0x00007ff821ba0000 - 0x00007ff821bd2000 	C:\WINDOWS\SYSTEM32\dbgcore.DLL
0x00007ff843770000 - 0x00007ff8437eb000 	C:\WINDOWS\System32\bcryptPrimitives.dll
0x00007ff823ce0000 - 0x00007ff823cfe000 	C:\Program Files\Java\jdk-23\bin\java.dll
0x00007ff844090000 - 0x00007ff844231000 	C:\WINDOWS\System32\ole32.dll
0x00007ff8456e0000 - 0x00007ff845f76000 	C:\WINDOWS\System32\SHELL32.dll
0x00007ff843f50000 - 0x00007ff84408f000 	C:\WINDOWS\System32\wintypes.dll
0x00007ff8413d0000 - 0x00007ff841cea000 	C:\WINDOWS\SYSTEM32\windows.storage.dll
0x00007ff844b30000 - 0x00007ff844c3a000 	C:\WINDOWS\System32\SHCORE.dll
0x00007ff844c60000 - 0x00007ff844cc3000 	C:\WINDOWS\System32\shlwapi.dll
0x00007ff843430000 - 0x00007ff84345b000 	C:\WINDOWS\SYSTEM32\profapi.dll
0x00007ffff3090000 - 0x00007ffff3167000 	C:\Program Files\Java\jdk-23\bin\jsvml.dll
0x00007ff824580000 - 0x00007ff824590000 	C:\Program Files\Java\jdk-23\bin\net.dll
0x00007ff8429b0000 - 0x00007ff842a1a000 	C:\WINDOWS\system32\mswsock.dll
0x00007ff823cc0000 - 0x00007ff823cd6000 	C:\Program Files\Java\jdk-23\bin\nio.dll
0x00007ff8234f0000 - 0x00007ff823507000 	C:\Program Files\Java\jdk-23\bin\zip.dll
0x00007ff823b80000 - 0x00007ff823b90000 	C:\Program Files\Java\jdk-23\bin\verify.dll

dbghelp: loaded successfully - version: 4.0.5 - missing functions: none
symbol engine: initialized successfully - sym options: 0x614 - pdb path: .;C:\Program Files\Java\jdk-23\bin;C:\WINDOWS\SYSTEM32;C:\WINDOWS\WinSxS\amd64_microsoft.windows.common-controls_6595b64144ccf1df_6.0.22621.5124_none_270e8f4f7386d69d;C:\Program Files\Java\jdk-23\bin\server

VM Arguments:
java_command: org.jetbrains.kotlin.cli.jvm.K2JVMCompiler @E:\JavaLearn\ExpenseTracker\node_modules\react-native-screens\android\build\20250511_6032919796566014739.compiler.options
java_class_path (initial): C:\Users\Ayush Kumar\.gradle\caches\modules-2\files-2.1\org.jetbrains.kotlin\kotlin-compiler-embeddable\1.9.25\6e698f23ca1f74d6672827f61e92c2fe015d1b88\kotlin-compiler-embeddable-1.9.25.jar;C:\Users\Ayush Kumar\.gradle\caches\modules-2\files-2.1\org.jetbrains.kotlin\kotlin-stdlib\1.9.25\f700a2f2b8f0d6d0fde48f56d894dc722fb029d7\kotlin-stdlib-1.9.25.jar;C:\Users\Ayush Kumar\.gradle\caches\modules-2\files-2.1\org.jetbrains.kotlin\kotlin-script-runtime\1.9.25\43cdc99e4582c67c2b60f609d0e4c015d33a8e89\kotlin-script-runtime-1.9.25.jar;C:\Users\Ayush Kumar\.gradle\caches\modules-2\files-2.1\org.jetbrains.kotlin\kotlin-reflect\1.6.10\1cbe9c92c12a94eea200d23c2bbaedaf3daf5132\kotlin-reflect-1.6.10.jar;C:\Users\Ayush Kumar\.gradle\caches\modules-2\files-2.1\org.jetbrains.kotlin\kotlin-daemon-embeddable\1.9.25\3a1ebb4f98ed480e4774f45e3be215626eb3ae02\kotlin-daemon-embeddable-1.9.25.jar;C:\Users\Ayush Kumar\.gradle\caches\modules-2\files-2.1\org.jetbrains.intellij.deps\trove4j\1.0.20200330\3afb14d5f9ceb459d724e907a21145e8ff394f02\trove4j-1.0.20200330.jar;C:\Users\Ayush Kumar\.gradle\caches\modules-2\files-2.1\org.jetbrains\annotations\13.0\919f0dfe192fb4e063e7dacadee7f8bb9a2672a9\annotations-13.0.jar
Launcher Type: SUN_STANDARD

[Global flags]
     intx CICompilerCount                          = 4                                         {product} {ergonomic}
     uint ConcGCThreads                            = 2                                         {product} {ergonomic}
     uint G1ConcRefinementThreads                  = 8                                         {product} {ergonomic}
   size_t G1HeapRegionSize                         = 1048576                                   {product} {ergonomic}
   size_t InitialHeapSize                          = 132120576                                 {product} {ergonomic}
   size_t MarkStackSize                            = 4194304                                   {product} {ergonomic}
   size_t MarkStackSizeMax                         = 536870912                                 {product} {ergonomic}
   size_t MaxHeapSize                              = 2082471936                                {product} {ergonomic}
   size_t MaxNewSize                               = 1248854016                                {product} {ergonomic}
   size_t MinHeapDeltaBytes                        = 1048576                                   {product} {ergonomic}
   size_t MinHeapSize                              = 8388608                                   {product} {ergonomic}
    uintx NonNMethodCodeHeapSize                   = 5832704                                {pd product} {ergonomic}
    uintx NonProfiledCodeHeapSize                  = 122945536                              {pd product} {ergonomic}
    uintx ProfiledCodeHeapSize                     = 122880000                              {pd product} {ergonomic}
    uintx ReservedCodeCacheSize                    = 251658240                              {pd product} {ergonomic}
     bool SegmentedCodeCache                       = true                                      {product} {ergonomic}
   size_t SoftMaxHeapSize                          = 2082471936                             {manageable} {ergonomic}
     bool UseCompressedOops                        = true                           {product lp64_product} {ergonomic}
     bool UseG1GC                                  = true                                      {product} {ergonomic}
     bool UseLargePagesIndividualAllocation        = false                                  {pd product} {ergonomic}

Logging:
Log output configuration:
 #0: stdout all=warning uptime,level,tags foldmultilines=false
 #1: stderr all=off uptime,level,tags foldmultilines=false

Environment Variables:
CLASSPATH=E:\JavaLearn\ExpenseTracker\android\\gradle\wrapper\gradle-wrapper.jar
PATH=E:\JavaLearn\ExpenseTracker\node_modules\.bin;E:\JavaLearn\ExpenseTracker\node_modules\.bin;E:\JavaLearn\node_modules\.bin;E:\node_modules\.bin;C:\Program Files\nodejs\node_modules\npm\node_modules\@npmcli\run-script\lib\node-gyp-bin;C:\Python312\Scripts\;C:\Python312\;C:\Program Files\Common Files\Oracle\Java\javapath;C:\WINDOWS\system32;C:\WINDOWS;C:\WINDOWS\System32\Wbem;C:\WINDOWS\System32\WindowsPowerShell\v1.0\;C:\WINDOWS\System32\OpenSSH\;C:\MinGW\bin;C:\TDM-GCC-64\bin;C:\Program Files\Microsoft SQL Server\120\Tools\Binn\;C:\Program Files\HP\HP One Agent;C:\Program Files\Git\cmd;C:\Program Files\nodejs\;C:\ProgramData\chocolatey\bin;C:\Program Files\Amazon\AWSCLIV2\;C:\Program Files\Java\jdk-23\bin;C:\Gradle\gradle-8.12.1\bin;C:\Program Files\Maven\apache-maven-3.9.9\bin;C:\Program Files\MySQL\MySQL Server 9.2\bin;C:\Program Files\PuTTY\;C:\Program Files\MySQL\MySQL Server 8.0\bin;C:\Program Files\Docker\Docker\resources\bin;C:\Users\Ayush Kumar\AppData\Local\Android\Sdk;C:\Users\Ayush Kumar\AppData\Local\Android\Sdk\platform-tools;C:\Users\Ayush Kumar\AppData\Local\Android\Sdk\tools;C:\Users\Ayush Kumar\AppData\Local\Android\Sdk\tools\bin;C:\Users\Ayush Kumar\AppData\Local\Android\Sdk\cmake\3.22.1\bin;C:\Program Files\MySQL\MySQL Shell 8.0\bin\;C:\Users\Ayush Kumar\AppData\Local\Programs\Python\Python310\Scripts\;C:\Users\Ayush Kumar\AppData\Local\Programs\Python\Python310\;C:\Users\Ayush Kumar\AppData\Local\Microsoft\WindowsApps;C:\Users\Ayush Kumar\AppData\Local\Programs\Microsoft VS Code\bin;C:\Users\Ayush Kumar\AppData\Roaming\npm;E:\Other Book\node-v20.15.0-x64.msi;E:\Program Files\mongosh-2.2.12-win32-x64\bin;C:\Users\Ayush Kumar\AppData\Local\Android\Sdk\cmake\3.22.1\bin;
USERNAME=Ayush Kumar
LANG=en_US.UTF-8
OS=Windows_NT
PROCESSOR_IDENTIFIER=Intel64 Family 6 Model 140 Stepping 2, GenuineIntel
TMP=C:\Users\AYUSHK~1\AppData\Local\Temp
TEMP=C:\Users\AYUSHK~1\AppData\Local\Temp




Periodic native trim disabled

---------------  S Y S T E M  ---------------

OS:
 Windows 11 , 64 bit Build 22621 (10.0.22621.5124)
OS uptime: 7 days 9:19 hours
Hyper-V role detected

CPU: total 8 (initial active 8) (4 cores per cpu, 2 threads per core) family 6 model 140 stepping 2 microcode 0x2c, cx8, cmov, fxsr, ht, mmx, 3dnowpref, sse, sse2, sse3, ssse3, sse4.1, sse4.2, popcnt, lzcnt, tsc, tscinvbit, avx, avx2, aes, erms, clmul, bmi1, bmi2, adx, avx512f, avx512dq, avx512cd, avx512bw, avx512vl, sha, fma, vzeroupper, avx512_vpopcntdq, avx512_vpclmulqdq, avx512_vaes, avx512_vnni, clflush, clflushopt, clwb, avx512_vbmi2, avx512_vbmi, hv, rdtscp, rdpid, fsrm, gfni, avx512_bitalg, f16c, cet_ibt, cet_ss, avx512_ifma
Processor Information for the first 8 processors :
  Max Mhz: 2496, Current Mhz: 2496, Mhz Limit: 2496

Memory: 4k page, system-wide physical 7941M (1006M free)
TotalPageFile size 24325M (AvailPageFile size 10M)
current process WorkingSet (physical memory assigned to process): 316M, peak: 324M
current process commit charge ("private bytes"): 399M, peak: 409M

vm_info: Java HotSpot(TM) 64-Bit Server VM (23.0.2+7-58) for windows-amd64 JRE (23.0.2+7-58), built on 2024-11-29T09:34:55Z with MS VC++ 17.6 (VS2022)

END.
