#
# There is insufficient memory for the Java Runtime Environment to continue.
# Native memory allocation (mmap) failed to map 65536 bytes. Error detail: Failed to commit metaspace.
# Possible reasons:
#   The system is out of physical RAM or swap space
#   This process is running with CompressedOops enabled, and the Java Heap may be blocking the growth of the native heap
# Possible solutions:
#   Reduce memory load on the system
#   Increase physical memory or swap space
#   Check if swap backing store is full
#   Decrease Java heap size (-Xmx/-Xms)
#   Decrease number of Java threads
#   Decrease Java thread stack sizes (-Xss)
#   Set larger code cache with -XX:ReservedCodeCacheSize=
#   JVM is running with Unscaled Compressed Oops mode in which the Java heap is
#     placed in the first 4GB address space. The Java Heap base address is the
#     maximum limit for the native heap growth. Please use -XX:HeapBaseMinAddress
#     to set the Java Heap base and to place the Java Heap above 4GB virtual address.
# This output file may be truncated or incomplete.
#
#  Out of Memory Error (virtualSpaceNode.cpp:113), pid=34216, tid=29420
#
# JRE version: Java(TM) SE Runtime Environment (23.0.2+7) (build 23.0.2+7-58)
# Java VM: Java HotSpot(TM) 64-Bit Server VM (23.0.2+7-58, mixed mode, tiered, compressed oops, compressed class ptrs, g1 gc, windows-amd64)
# No core dump will be written. Minidumps are not enabled by default on client versions of Windows
#

---------------  S U M M A R Y ------------

Command Line: com.google.prefab.cli.AppKt --build-system cmake --platform android --abi arm64-v8a --os-version 24 --stl c++_shared --ndk-version 26 --output C:\\Users\\AYUSHK~1\\AppData\\Local\\Temp\\agp-prefab-staging12223375113162361252\\staged-cli-output C:\\Users\\Ayush Kumar\\.gradle\\caches\\8.10.2\\transforms\\5bfdf811371c923347fe339a9da5996d\\transformed\\react-android-0.76.9-debug\\prefab E:\\JavaLearn\\ExpenseTracker\\android\\app\\build\\intermediates\\cxx\\refs\\react-native-reanimated\\5m5k4e63 C:\\Users\\Ayush Kumar\\.gradle\\caches\\8.10.2\\transforms\\29c3d96c9dc7a67f62fbcfaad336dc61\\transformed\\hermes-android-0.76.9-debug\\prefab C:\\Users\\Ayush Kumar\\.gradle\\caches\\8.10.2\\transforms\\ecaf85af74491e145fd7c1a1474ff70a\\transformed\\fbjni-0.6.0\\prefab

Host: 11th Gen Intel(R) Core(TM) i5-1155G7 @ 2.50GHz, 8 cores, 7G,  Windows 11 , 64 bit Build 22621 (10.0.22621.5124)
Time: Sun May 11 21:26:50 2025 India Standard Time elapsed time: 0.177392 seconds (0d 0h 0m 0s)

---------------  T H R E A D  ---------------

Current thread (0x00000263b02f67b0):  JavaThread "main"             [_thread_in_vm, id=29420, stack(0x000000b3c8c00000,0x000000b3c8d00000) (1024K)]

Stack: [0x000000b3c8c00000,0x000000b3c8d00000]
Native frames: (J=compiled Java code, j=interpreted, Vv=VM code, C=native code)
V  [jvm.dll+0x6e0b99]  (no source info available)
V  [jvm.dll+0x87e2b3]  (no source info available)
V  [jvm.dll+0x88073e]  (no source info available)
V  [jvm.dll+0x880e13]  (no source info available)
V  [jvm.dll+0x27b006]  (no source info available)
V  [jvm.dll+0x879ebe]  (no source info available)
V  [jvm.dll+0x6822f5]  (no source info available)
V  [jvm.dll+0x68235a]  (no source info available)
V  [jvm.dll+0x684b9a]  (no source info available)
V  [jvm.dll+0x221aec]  (no source info available)
V  [jvm.dll+0x682d0e]  (no source info available)
V  [jvm.dll+0x277cbd]  (no source info available)
V  [jvm.dll+0x278081]  (no source info available)
V  [jvm.dll+0x738d9f]  (no source info available)
V  [jvm.dll+0x739b8f]  (no source info available)
V  [jvm.dll+0x3c10f8]  (no source info available)
V  [jvm.dll+0x3bfef7]  (no source info available)
V  [jvm.dll+0x3bfe98]  (no source info available)
V  [jvm.dll+0x5e6279]  (no source info available)
V  [jvm.dll+0x5e51b4]  (no source info available)
V  [jvm.dll+0x3d5dbd]  (no source info available)
V  [jvm.dll+0x3d53bd]  (no source info available)
C  0x00000263c21ea571  (no source info available)

The last pc belongs to invokestatic (printed below).
Java frames: (J=compiled Java code, j=interpreted, Vv=VM code)
j  jdk.internal.loader.URLClassPath.toFileURL(Ljava/lang/String;)Ljava/net/URL;+13 java.base
j  jdk.internal.loader.URLClassPath.<init>(Ljava/lang/String;Z)V+96 java.base
j  jdk.internal.loader.ClassLoaders.<clinit>()V+153 java.base
v  ~StubRoutines::call_stub 0x00000263c21d0fcd
j  jdk.internal.loader.BootLoader.loadModule(Ljava/lang/module/ModuleReference;)V+0 java.base
j  jdk.internal.module.ModuleBootstrap.boot2()Ljava/lang/ModuleLayer;+358 java.base
j  jdk.internal.module.ModuleBootstrap.boot()Ljava/lang/ModuleLayer;+64 java.base
j  java.lang.System.initPhase2(ZZ)I+0 java.base
v  ~StubRoutines::call_stub 0x00000263c21d0fcd
Lock stack of current Java thread (top to bottom):
LockStack[0]: [I 
{0x000000008bb60aa8} - klass: {type array int}
 - length: 0

invokestatic  184 invokestatic  [0x00000263c21ea4c0, 0x00000263c21ea788]  712 bytes
[MachCode]
  0x00000263c21ea4c0: 4883 ec08 | c5fa 1104 | 24eb 1f48 | 83ec 10c5 | fb11 0424 | eb14 4883 | ec10 4889 | 0424 48c7 
  0x00000263c21ea4e0: 4424 0800 | 0000 00eb | 0150 488b | 4dd0 410f | b755 0148 | 8b49 306b | d218 488d | 4c11 080f 
  0x00000263c21ea500: b659 1681 | fbb8 0000 | 000f 84bd | 0000 00bb | b800 0000 | e805 0000 | 00e9 9900 | 0000 488b 
  0x00000263c21ea520: d348 8d44 | 2408 4c89 | 6dc0 498b | cfc5 f877 | 4989 afb0 | 0300 0049 | 8987 a003 | 0000 4883 
  0x00000263c21ea540: ec20 40f6 | c40f 0f84 | 1900 0000 | 4883 ec08 | 48b8 5053 | 2cb7 ff7f | 0000 ffd0 | 4883 c408 
  0x00000263c21ea560: e90c 0000 | 0048 b850 | 532c b7ff | 7f00 00ff | d048 83c4 | 2049 c787 | a003 0000 | 0000 0000 
  0x00000263c21ea580: 49c7 87b0 | 0300 0000 | 0000 0049 | c787 a803 | 0000 0000 | 0000 c5f8 | 7749 837f | 0800 0f84 
  0x00000263c21ea5a0: 0500 0000 | e917 69fe | ff4c 8b6d | c04c 8b75 | c84e 8d74 | f500 c348 | 8b4d d041 | 0fb7 5501 
  0x00000263c21ea5c0: 488b 4930 | 6bd2 1848 | 8d4c 1108 | 488b 1948 | 8b5b 0848 | 8b5b 0848 | 8b5b 1880 | bb31 0100 
  0x00000263c21ea5e0: 0004 0f84 | 0d00 0000 | 4c3b bb38 | 0100 000f | 851a ffff | ff0f b651 | 1548 8b19 | 4c89 6dc0 
  0x00000263c21ea600: 448b ea0f | b651 1449 | bae0 44b7 | b7ff 7f00 | 0049 8b14 | d252 418b | d54c 8b6d | c048 8b45 
  0x00000263c21ea620: d848 85c0 | 0f84 1200 | 0000 4883 | 4008 0148 | 8358 0800 | 4883 c010 | 4889 45d8 | 488b 45d8 
  0x00000263c21ea640: 4885 c00f | 8423 0100 | 0080 78f0 | 0a0f 8519 | 0100 0048 | 83c0 084c | 8b68 f841 | 83ed 0041 
  0x00000263c21ea660: 83fd 020f | 8cf8 0000 | 004c 8b6b | 0845 0fb7 | 6d2e 4c2b | 2841 83ed | 014e 8b6c | ec08 4d85 
  0x00000263c21ea680: ed75 0ef6 | 4008 0175 | 4bf0 4883 | 4808 01eb | 4345 8b6d | 084d 8bd5 | 4c33 6808 | 49f7 c5fc 
  0x00000263c21ea6a0: ffff ff74 | 2f41 f6c5 | 0275 2948 | 8378 0800 | 741e 4883 | 7808 0174 | 174d 8bea | 4c33 6808 
  0x00000263c21ea6c0: 49f7 c5fc | ffff ff74 | 0b48 8348 | 0802 eb04 | 4c89 6808 | 4883 c010 | 4c8b 68e8 | 4183 ed02 
  0x00000263c21ea6e0: 4183 fd02 | 0f8c 7700 | 0000 4c8b | 6b08 450f | b76d 2e4c | 2b28 4183 | ed01 4e8b | 6cec 084d 
  0x00000263c21ea700: 85ed 750e | f640 0801 | 754b f048 | 8348 0801 | eb43 458b | 6d08 4d8b | d54c 3368 | 0849 f7c5 
  0x00000263c21ea720: fcff ffff | 742f 41f6 | c502 7529 | 4883 7808 | 0074 1e48 | 8378 0801 | 7417 4d8b | ea4c 3368 
  0x00000263c21ea740: 0849 f7c5 | fcff ffff | 740b 4883 | 4808 02eb | 044c 8968 | 0848 83c0 | 104c 8b68 | d841 83ed 
  0x00000263c21ea760: 0441 c1e5 | 0349 03c5 | 4889 45d8 | 4c8d 6c24 | 0849 8bcd | 482b cd48 | c1f9 0348 | 894d f0ff 
  0x00000263c21ea780: 6350 660f | 1f44 0000 
[/MachCode]

---------------  P R O C E S S  ---------------

Threads class SMR info:
_java_thread_list=0x00000263cf1b2020, length=9, elements={
0x00000263b02f67b0, 0x00000263cf1b5270, 0x00000263cf1b7ce0, 0x00000263cf1b8f70,
0x00000263cf1b9ac0, 0x00000263cf1d1fc0, 0x00000263cf1c0640, 0x00000263cf1e0880,
0x00000263cf1e2080
}

Java Threads: ( => current thread )
=>0x00000263b02f67b0 JavaThread "main"                              [_thread_in_vm, id=29420, stack(0x000000b3c8c00000,0x000000b3c8d00000) (1024K)]
  0x00000263cf1b5270 JavaThread "Reference Handler"          daemon [_thread_blocked, id=27492, stack(0x000000b3c9400000,0x000000b3c9500000) (1024K)]
  0x00000263cf1b7ce0 JavaThread "Finalizer"                  daemon [_thread_blocked, id=17456, stack(0x000000b3c9500000,0x000000b3c9600000) (1024K)]
  0x00000263cf1b8f70 JavaThread "Signal Dispatcher"          daemon [_thread_blocked, id=19816, stack(0x000000b3c9600000,0x000000b3c9700000) (1024K)]
  0x00000263cf1b9ac0 JavaThread "Attach Listener"            daemon [_thread_blocked, id=18944, stack(0x000000b3c9700000,0x000000b3c9800000) (1024K)]
  0x00000263cf1d1fc0 JavaThread "Service Thread"             daemon [_thread_blocked, id=33852, stack(0x000000b3c9800000,0x000000b3c9900000) (1024K)]
  0x00000263cf1c0640 JavaThread "Monitor Deflation Thread"   daemon [_thread_blocked, id=7128, stack(0x000000b3c9900000,0x000000b3c9a00000) (1024K)]
  0x00000263cf1e0880 JavaThread "C2 CompilerThread0"         daemon [_thread_blocked, id=21724, stack(0x000000b3c9a00000,0x000000b3c9b00000) (1024K)]
  0x00000263cf1e2080 JavaThread "C1 CompilerThread0"         daemon [_thread_blocked, id=12824, stack(0x000000b3c9b00000,0x000000b3c9c00000) (1024K)]
Total: 9

Other Threads:
  0x00000263cf158690 VMThread "VM Thread"                           [id=21656, stack(0x000000b3c9300000,0x000000b3c9400000) (1024K)]
  0x00000263cf0cbc30 WatcherThread "VM Periodic Task Thread"        [id=6500, stack(0x000000b3c9200000,0x000000b3c9300000) (1024K)]
  0x00000263b25b9f90 WorkerThread "GC Thread#0"                     [id=26564, stack(0x000000b3c8d00000,0x000000b3c8e00000) (1024K)]
  0x00000263b25ce630 ConcurrentGCThread "G1 Main Marker"            [id=28816, stack(0x000000b3c8e00000,0x000000b3c8f00000) (1024K)]
  0x00000263b25cf2f0 WorkerThread "G1 Conc#0"                       [id=14800, stack(0x000000b3c8f00000,0x000000b3c9000000) (1024K)]
  0x00000263b261e260 ConcurrentGCThread "G1 Refine#0"               [id=34352, stack(0x000000b3c9000000,0x000000b3c9100000) (1024K)]
  0x00000263cefa3580 ConcurrentGCThread "G1 Service"                [id=24516, stack(0x000000b3c9100000,0x000000b3c9200000) (1024K)]
Total: 7

Threads with active compile tasks:
Total: 0

VM state: not at safepoint (normal execution)

VM Mutex/Monitor currently owned by a thread:  ([mutex/lock_event])
[0x00007fffb7b62888] Metaspace_lock - owner thread: 0x00000263b02f67b0

Heap address: 0x0000000083e00000, size: 1986 MB, Compressed Oops mode: 32-bit

CDS archive(s) not mapped
Compressed class space mapped at: 0x000000001d000000-0x000000005d000000, reserved size: 1073741824
Narrow klass base: 0x0000000000000000, Narrow klass shift: 0, Narrow klass range: 0x5d000000

GC Precious Log:
 CardTable entry size: 512
 Card Set container configuration: InlinePtr #cards 5 size 8 Array Of Cards #cards 10 size 36 Howl #buckets 4 coarsen threshold 1843 Howl Bitmap #cards 512 size 80 coarsen threshold 460 Card regions per heap region 1 cards per card region 2048
 CPUs: 8 total, 8 available
 Memory: 7941M
 Large Page Support: Disabled
 NUMA Support: Disabled
 Compressed Oops: Enabled (32-bit)
 Heap Region Size: 1M
 Heap Min Capacity: 8M
 Heap Initial Capacity: 126M
 Heap Max Capacity: 1986M
 Pre-touch: Disabled
 Parallel Workers: 8
 Concurrent Workers: 2
 Concurrent Refinement Workers: 8
 Periodic GC: Disabled

Heap:
 garbage-first heap   total reserved 2033664K, committed 129024K, used 0K [0x0000000083e00000, 0x0000000100000000)
  region size 1024K, 1 young (1024K), 0 survivors (0K)
 Metaspace       used 3753K, committed 3776K, reserved 1114112K
  class space    used 297K, committed 320K, reserved 1048576K

Heap Regions: E=young(eden), S=young(survivor), O=old, HS=humongous(starts), HC=humongous(continues), CS=collection set, F=free, TAMS=top-at-mark-start, PB=parsable bottom
|   0|0x0000000083e00000, 0x0000000083e00000, 0x0000000083f00000|  0%| F|  |TAMS 0x0000000083e00000| PB 0x0000000083e00000| Untracked |  0
|   1|0x0000000083f00000, 0x0000000083f00000, 0x0000000084000000|  0%| F|  |TAMS 0x0000000083f00000| PB 0x0000000083f00000| Untracked |  0
|   2|0x0000000084000000, 0x0000000084000000, 0x0000000084100000|  0%| F|  |TAMS 0x0000000084000000| PB 0x0000000084000000| Untracked |  0
|   3|0x0000000084100000, 0x0000000084100000, 0x0000000084200000|  0%| F|  |TAMS 0x0000000084100000| PB 0x0000000084100000| Untracked |  0
|   4|0x0000000084200000, 0x0000000084200000, 0x0000000084300000|  0%| F|  |TAMS 0x0000000084200000| PB 0x0000000084200000| Untracked |  0
|   5|0x0000000084300000, 0x0000000084300000, 0x0000000084400000|  0%| F|  |TAMS 0x0000000084300000| PB 0x0000000084300000| Untracked |  0
|   6|0x0000000084400000, 0x0000000084400000, 0x0000000084500000|  0%| F|  |TAMS 0x0000000084400000| PB 0x0000000084400000| Untracked |  0
|   7|0x0000000084500000, 0x0000000084500000, 0x0000000084600000|  0%| F|  |TAMS 0x0000000084500000| PB 0x0000000084500000| Untracked |  0
|   8|0x0000000084600000, 0x0000000084600000, 0x0000000084700000|  0%| F|  |TAMS 0x0000000084600000| PB 0x0000000084600000| Untracked |  0
|   9|0x0000000084700000, 0x0000000084700000, 0x0000000084800000|  0%| F|  |TAMS 0x0000000084700000| PB 0x0000000084700000| Untracked |  0
|  10|0x0000000084800000, 0x0000000084800000, 0x0000000084900000|  0%| F|  |TAMS 0x0000000084800000| PB 0x0000000084800000| Untracked |  0
|  11|0x0000000084900000, 0x0000000084900000, 0x0000000084a00000|  0%| F|  |TAMS 0x0000000084900000| PB 0x0000000084900000| Untracked |  0
|  12|0x0000000084a00000, 0x0000000084a00000, 0x0000000084b00000|  0%| F|  |TAMS 0x0000000084a00000| PB 0x0000000084a00000| Untracked |  0
|  13|0x0000000084b00000, 0x0000000084b00000, 0x0000000084c00000|  0%| F|  |TAMS 0x0000000084b00000| PB 0x0000000084b00000| Untracked |  0
|  14|0x0000000084c00000, 0x0000000084c00000, 0x0000000084d00000|  0%| F|  |TAMS 0x0000000084c00000| PB 0x0000000084c00000| Untracked |  0
|  15|0x0000000084d00000, 0x0000000084d00000, 0x0000000084e00000|  0%| F|  |TAMS 0x0000000084d00000| PB 0x0000000084d00000| Untracked |  0
|  16|0x0000000084e00000, 0x0000000084e00000, 0x0000000084f00000|  0%| F|  |TAMS 0x0000000084e00000| PB 0x0000000084e00000| Untracked |  0
|  17|0x0000000084f00000, 0x0000000084f00000, 0x0000000085000000|  0%| F|  |TAMS 0x0000000084f00000| PB 0x0000000084f00000| Untracked |  0
|  18|0x0000000085000000, 0x0000000085000000, 0x0000000085100000|  0%| F|  |TAMS 0x0000000085000000| PB 0x0000000085000000| Untracked |  0
|  19|0x0000000085100000, 0x0000000085100000, 0x0000000085200000|  0%| F|  |TAMS 0x0000000085100000| PB 0x0000000085100000| Untracked |  0
|  20|0x0000000085200000, 0x0000000085200000, 0x0000000085300000|  0%| F|  |TAMS 0x0000000085200000| PB 0x0000000085200000| Untracked |  0
|  21|0x0000000085300000, 0x0000000085300000, 0x0000000085400000|  0%| F|  |TAMS 0x0000000085300000| PB 0x0000000085300000| Untracked |  0
|  22|0x0000000085400000, 0x0000000085400000, 0x0000000085500000|  0%| F|  |TAMS 0x0000000085400000| PB 0x0000000085400000| Untracked |  0
|  23|0x0000000085500000, 0x0000000085500000, 0x0000000085600000|  0%| F|  |TAMS 0x0000000085500000| PB 0x0000000085500000| Untracked |  0
|  24|0x0000000085600000, 0x0000000085600000, 0x0000000085700000|  0%| F|  |TAMS 0x0000000085600000| PB 0x0000000085600000| Untracked |  0
|  25|0x0000000085700000, 0x0000000085700000, 0x0000000085800000|  0%| F|  |TAMS 0x0000000085700000| PB 0x0000000085700000| Untracked |  0
|  26|0x0000000085800000, 0x0000000085800000, 0x0000000085900000|  0%| F|  |TAMS 0x0000000085800000| PB 0x0000000085800000| Untracked |  0
|  27|0x0000000085900000, 0x0000000085900000, 0x0000000085a00000|  0%| F|  |TAMS 0x0000000085900000| PB 0x0000000085900000| Untracked |  0
|  28|0x0000000085a00000, 0x0000000085a00000, 0x0000000085b00000|  0%| F|  |TAMS 0x0000000085a00000| PB 0x0000000085a00000| Untracked |  0
|  29|0x0000000085b00000, 0x0000000085b00000, 0x0000000085c00000|  0%| F|  |TAMS 0x0000000085b00000| PB 0x0000000085b00000| Untracked |  0
|  30|0x0000000085c00000, 0x0000000085c00000, 0x0000000085d00000|  0%| F|  |TAMS 0x0000000085c00000| PB 0x0000000085c00000| Untracked |  0
|  31|0x0000000085d00000, 0x0000000085d00000, 0x0000000085e00000|  0%| F|  |TAMS 0x0000000085d00000| PB 0x0000000085d00000| Untracked |  0
|  32|0x0000000085e00000, 0x0000000085e00000, 0x0000000085f00000|  0%| F|  |TAMS 0x0000000085e00000| PB 0x0000000085e00000| Untracked |  0
|  33|0x0000000085f00000, 0x0000000085f00000, 0x0000000086000000|  0%| F|  |TAMS 0x0000000085f00000| PB 0x0000000085f00000| Untracked |  0
|  34|0x0000000086000000, 0x0000000086000000, 0x0000000086100000|  0%| F|  |TAMS 0x0000000086000000| PB 0x0000000086000000| Untracked |  0
|  35|0x0000000086100000, 0x0000000086100000, 0x0000000086200000|  0%| F|  |TAMS 0x0000000086100000| PB 0x0000000086100000| Untracked |  0
|  36|0x0000000086200000, 0x0000000086200000, 0x0000000086300000|  0%| F|  |TAMS 0x0000000086200000| PB 0x0000000086200000| Untracked |  0
|  37|0x0000000086300000, 0x0000000086300000, 0x0000000086400000|  0%| F|  |TAMS 0x0000000086300000| PB 0x0000000086300000| Untracked |  0
|  38|0x0000000086400000, 0x0000000086400000, 0x0000000086500000|  0%| F|  |TAMS 0x0000000086400000| PB 0x0000000086400000| Untracked |  0
|  39|0x0000000086500000, 0x0000000086500000, 0x0000000086600000|  0%| F|  |TAMS 0x0000000086500000| PB 0x0000000086500000| Untracked |  0
|  40|0x0000000086600000, 0x0000000086600000, 0x0000000086700000|  0%| F|  |TAMS 0x0000000086600000| PB 0x0000000086600000| Untracked |  0
|  41|0x0000000086700000, 0x0000000086700000, 0x0000000086800000|  0%| F|  |TAMS 0x0000000086700000| PB 0x0000000086700000| Untracked |  0
|  42|0x0000000086800000, 0x0000000086800000, 0x0000000086900000|  0%| F|  |TAMS 0x0000000086800000| PB 0x0000000086800000| Untracked |  0
|  43|0x0000000086900000, 0x0000000086900000, 0x0000000086a00000|  0%| F|  |TAMS 0x0000000086900000| PB 0x0000000086900000| Untracked |  0
|  44|0x0000000086a00000, 0x0000000086a00000, 0x0000000086b00000|  0%| F|  |TAMS 0x0000000086a00000| PB 0x0000000086a00000| Untracked |  0
|  45|0x0000000086b00000, 0x0000000086b00000, 0x0000000086c00000|  0%| F|  |TAMS 0x0000000086b00000| PB 0x0000000086b00000| Untracked |  0
|  46|0x0000000086c00000, 0x0000000086c00000, 0x0000000086d00000|  0%| F|  |TAMS 0x0000000086c00000| PB 0x0000000086c00000| Untracked |  0
|  47|0x0000000086d00000, 0x0000000086d00000, 0x0000000086e00000|  0%| F|  |TAMS 0x0000000086d00000| PB 0x0000000086d00000| Untracked |  0
|  48|0x0000000086e00000, 0x0000000086e00000, 0x0000000086f00000|  0%| F|  |TAMS 0x0000000086e00000| PB 0x0000000086e00000| Untracked |  0
|  49|0x0000000086f00000, 0x0000000086f00000, 0x0000000087000000|  0%| F|  |TAMS 0x0000000086f00000| PB 0x0000000086f00000| Untracked |  0
|  50|0x0000000087000000, 0x0000000087000000, 0x0000000087100000|  0%| F|  |TAMS 0x0000000087000000| PB 0x0000000087000000| Untracked |  0
|  51|0x0000000087100000, 0x0000000087100000, 0x0000000087200000|  0%| F|  |TAMS 0x0000000087100000| PB 0x0000000087100000| Untracked |  0
|  52|0x0000000087200000, 0x0000000087200000, 0x0000000087300000|  0%| F|  |TAMS 0x0000000087200000| PB 0x0000000087200000| Untracked |  0
|  53|0x0000000087300000, 0x0000000087300000, 0x0000000087400000|  0%| F|  |TAMS 0x0000000087300000| PB 0x0000000087300000| Untracked |  0
|  54|0x0000000087400000, 0x0000000087400000, 0x0000000087500000|  0%| F|  |TAMS 0x0000000087400000| PB 0x0000000087400000| Untracked |  0
|  55|0x0000000087500000, 0x0000000087500000, 0x0000000087600000|  0%| F|  |TAMS 0x0000000087500000| PB 0x0000000087500000| Untracked |  0
|  56|0x0000000087600000, 0x0000000087600000, 0x0000000087700000|  0%| F|  |TAMS 0x0000000087600000| PB 0x0000000087600000| Untracked |  0
|  57|0x0000000087700000, 0x0000000087700000, 0x0000000087800000|  0%| F|  |TAMS 0x0000000087700000| PB 0x0000000087700000| Untracked |  0
|  58|0x0000000087800000, 0x0000000087800000, 0x0000000087900000|  0%| F|  |TAMS 0x0000000087800000| PB 0x0000000087800000| Untracked |  0
|  59|0x0000000087900000, 0x0000000087900000, 0x0000000087a00000|  0%| F|  |TAMS 0x0000000087900000| PB 0x0000000087900000| Untracked |  0
|  60|0x0000000087a00000, 0x0000000087a00000, 0x0000000087b00000|  0%| F|  |TAMS 0x0000000087a00000| PB 0x0000000087a00000| Untracked |  0
|  61|0x0000000087b00000, 0x0000000087b00000, 0x0000000087c00000|  0%| F|  |TAMS 0x0000000087b00000| PB 0x0000000087b00000| Untracked |  0
|  62|0x0000000087c00000, 0x0000000087c00000, 0x0000000087d00000|  0%| F|  |TAMS 0x0000000087c00000| PB 0x0000000087c00000| Untracked |  0
|  63|0x0000000087d00000, 0x0000000087d00000, 0x0000000087e00000|  0%| F|  |TAMS 0x0000000087d00000| PB 0x0000000087d00000| Untracked |  0
|  64|0x0000000087e00000, 0x0000000087e00000, 0x0000000087f00000|  0%| F|  |TAMS 0x0000000087e00000| PB 0x0000000087e00000| Untracked |  0
|  65|0x0000000087f00000, 0x0000000087f00000, 0x0000000088000000|  0%| F|  |TAMS 0x0000000087f00000| PB 0x0000000087f00000| Untracked |  0
|  66|0x0000000088000000, 0x0000000088000000, 0x0000000088100000|  0%| F|  |TAMS 0x0000000088000000| PB 0x0000000088000000| Untracked |  0
|  67|0x0000000088100000, 0x0000000088100000, 0x0000000088200000|  0%| F|  |TAMS 0x0000000088100000| PB 0x0000000088100000| Untracked |  0
|  68|0x0000000088200000, 0x0000000088200000, 0x0000000088300000|  0%| F|  |TAMS 0x0000000088200000| PB 0x0000000088200000| Untracked |  0
|  69|0x0000000088300000, 0x0000000088300000, 0x0000000088400000|  0%| F|  |TAMS 0x0000000088300000| PB 0x0000000088300000| Untracked |  0
|  70|0x0000000088400000, 0x0000000088400000, 0x0000000088500000|  0%| F|  |TAMS 0x0000000088400000| PB 0x0000000088400000| Untracked |  0
|  71|0x0000000088500000, 0x0000000088500000, 0x0000000088600000|  0%| F|  |TAMS 0x0000000088500000| PB 0x0000000088500000| Untracked |  0
|  72|0x0000000088600000, 0x0000000088600000, 0x0000000088700000|  0%| F|  |TAMS 0x0000000088600000| PB 0x0000000088600000| Untracked |  0
|  73|0x0000000088700000, 0x0000000088700000, 0x0000000088800000|  0%| F|  |TAMS 0x0000000088700000| PB 0x0000000088700000| Untracked |  0
|  74|0x0000000088800000, 0x0000000088800000, 0x0000000088900000|  0%| F|  |TAMS 0x0000000088800000| PB 0x0000000088800000| Untracked |  0
|  75|0x0000000088900000, 0x0000000088900000, 0x0000000088a00000|  0%| F|  |TAMS 0x0000000088900000| PB 0x0000000088900000| Untracked |  0
|  76|0x0000000088a00000, 0x0000000088a00000, 0x0000000088b00000|  0%| F|  |TAMS 0x0000000088a00000| PB 0x0000000088a00000| Untracked |  0
|  77|0x0000000088b00000, 0x0000000088b00000, 0x0000000088c00000|  0%| F|  |TAMS 0x0000000088b00000| PB 0x0000000088b00000| Untracked |  0
|  78|0x0000000088c00000, 0x0000000088c00000, 0x0000000088d00000|  0%| F|  |TAMS 0x0000000088c00000| PB 0x0000000088c00000| Untracked |  0
|  79|0x0000000088d00000, 0x0000000088d00000, 0x0000000088e00000|  0%| F|  |TAMS 0x0000000088d00000| PB 0x0000000088d00000| Untracked |  0
|  80|0x0000000088e00000, 0x0000000088e00000, 0x0000000088f00000|  0%| F|  |TAMS 0x0000000088e00000| PB 0x0000000088e00000| Untracked |  0
|  81|0x0000000088f00000, 0x0000000088f00000, 0x0000000089000000|  0%| F|  |TAMS 0x0000000088f00000| PB 0x0000000088f00000| Untracked |  0
|  82|0x0000000089000000, 0x0000000089000000, 0x0000000089100000|  0%| F|  |TAMS 0x0000000089000000| PB 0x0000000089000000| Untracked |  0
|  83|0x0000000089100000, 0x0000000089100000, 0x0000000089200000|  0%| F|  |TAMS 0x0000000089100000| PB 0x0000000089100000| Untracked |  0
|  84|0x0000000089200000, 0x0000000089200000, 0x0000000089300000|  0%| F|  |TAMS 0x0000000089200000| PB 0x0000000089200000| Untracked |  0
|  85|0x0000000089300000, 0x0000000089300000, 0x0000000089400000|  0%| F|  |TAMS 0x0000000089300000| PB 0x0000000089300000| Untracked |  0
|  86|0x0000000089400000, 0x0000000089400000, 0x0000000089500000|  0%| F|  |TAMS 0x0000000089400000| PB 0x0000000089400000| Untracked |  0
|  87|0x0000000089500000, 0x0000000089500000, 0x0000000089600000|  0%| F|  |TAMS 0x0000000089500000| PB 0x0000000089500000| Untracked |  0
|  88|0x0000000089600000, 0x0000000089600000, 0x0000000089700000|  0%| F|  |TAMS 0x0000000089600000| PB 0x0000000089600000| Untracked |  0
|  89|0x0000000089700000, 0x0000000089700000, 0x0000000089800000|  0%| F|  |TAMS 0x0000000089700000| PB 0x0000000089700000| Untracked |  0
|  90|0x0000000089800000, 0x0000000089800000, 0x0000000089900000|  0%| F|  |TAMS 0x0000000089800000| PB 0x0000000089800000| Untracked |  0
|  91|0x0000000089900000, 0x0000000089900000, 0x0000000089a00000|  0%| F|  |TAMS 0x0000000089900000| PB 0x0000000089900000| Untracked |  0
|  92|0x0000000089a00000, 0x0000000089a00000, 0x0000000089b00000|  0%| F|  |TAMS 0x0000000089a00000| PB 0x0000000089a00000| Untracked |  0
|  93|0x0000000089b00000, 0x0000000089b00000, 0x0000000089c00000|  0%| F|  |TAMS 0x0000000089b00000| PB 0x0000000089b00000| Untracked |  0
|  94|0x0000000089c00000, 0x0000000089c00000, 0x0000000089d00000|  0%| F|  |TAMS 0x0000000089c00000| PB 0x0000000089c00000| Untracked |  0
|  95|0x0000000089d00000, 0x0000000089d00000, 0x0000000089e00000|  0%| F|  |TAMS 0x0000000089d00000| PB 0x0000000089d00000| Untracked |  0
|  96|0x0000000089e00000, 0x0000000089e00000, 0x0000000089f00000|  0%| F|  |TAMS 0x0000000089e00000| PB 0x0000000089e00000| Untracked |  0
|  97|0x0000000089f00000, 0x0000000089f00000, 0x000000008a000000|  0%| F|  |TAMS 0x0000000089f00000| PB 0x0000000089f00000| Untracked |  0
|  98|0x000000008a000000, 0x000000008a000000, 0x000000008a100000|  0%| F|  |TAMS 0x000000008a000000| PB 0x000000008a000000| Untracked |  0
|  99|0x000000008a100000, 0x000000008a100000, 0x000000008a200000|  0%| F|  |TAMS 0x000000008a100000| PB 0x000000008a100000| Untracked |  0
| 100|0x000000008a200000, 0x000000008a200000, 0x000000008a300000|  0%| F|  |TAMS 0x000000008a200000| PB 0x000000008a200000| Untracked |  0
| 101|0x000000008a300000, 0x000000008a300000, 0x000000008a400000|  0%| F|  |TAMS 0x000000008a300000| PB 0x000000008a300000| Untracked |  0
| 102|0x000000008a400000, 0x000000008a400000, 0x000000008a500000|  0%| F|  |TAMS 0x000000008a400000| PB 0x000000008a400000| Untracked |  0
| 103|0x000000008a500000, 0x000000008a500000, 0x000000008a600000|  0%| F|  |TAMS 0x000000008a500000| PB 0x000000008a500000| Untracked |  0
| 104|0x000000008a600000, 0x000000008a600000, 0x000000008a700000|  0%| F|  |TAMS 0x000000008a600000| PB 0x000000008a600000| Untracked |  0
| 105|0x000000008a700000, 0x000000008a700000, 0x000000008a800000|  0%| F|  |TAMS 0x000000008a700000| PB 0x000000008a700000| Untracked |  0
| 106|0x000000008a800000, 0x000000008a800000, 0x000000008a900000|  0%| F|  |TAMS 0x000000008a800000| PB 0x000000008a800000| Untracked |  0
| 107|0x000000008a900000, 0x000000008a900000, 0x000000008aa00000|  0%| F|  |TAMS 0x000000008a900000| PB 0x000000008a900000| Untracked |  0
| 108|0x000000008aa00000, 0x000000008aa00000, 0x000000008ab00000|  0%| F|  |TAMS 0x000000008aa00000| PB 0x000000008aa00000| Untracked |  0
| 109|0x000000008ab00000, 0x000000008ab00000, 0x000000008ac00000|  0%| F|  |TAMS 0x000000008ab00000| PB 0x000000008ab00000| Untracked |  0
| 110|0x000000008ac00000, 0x000000008ac00000, 0x000000008ad00000|  0%| F|  |TAMS 0x000000008ac00000| PB 0x000000008ac00000| Untracked |  0
| 111|0x000000008ad00000, 0x000000008ad00000, 0x000000008ae00000|  0%| F|  |TAMS 0x000000008ad00000| PB 0x000000008ad00000| Untracked |  0
| 112|0x000000008ae00000, 0x000000008ae00000, 0x000000008af00000|  0%| F|  |TAMS 0x000000008ae00000| PB 0x000000008ae00000| Untracked |  0
| 113|0x000000008af00000, 0x000000008af00000, 0x000000008b000000|  0%| F|  |TAMS 0x000000008af00000| PB 0x000000008af00000| Untracked |  0
| 114|0x000000008b000000, 0x000000008b000000, 0x000000008b100000|  0%| F|  |TAMS 0x000000008b000000| PB 0x000000008b000000| Untracked |  0
| 115|0x000000008b100000, 0x000000008b100000, 0x000000008b200000|  0%| F|  |TAMS 0x000000008b100000| PB 0x000000008b100000| Untracked |  0
| 116|0x000000008b200000, 0x000000008b200000, 0x000000008b300000|  0%| F|  |TAMS 0x000000008b200000| PB 0x000000008b200000| Untracked |  0
| 117|0x000000008b300000, 0x000000008b300000, 0x000000008b400000|  0%| F|  |TAMS 0x000000008b300000| PB 0x000000008b300000| Untracked |  0
| 118|0x000000008b400000, 0x000000008b400000, 0x000000008b500000|  0%| F|  |TAMS 0x000000008b400000| PB 0x000000008b400000| Untracked |  0
| 119|0x000000008b500000, 0x000000008b500000, 0x000000008b600000|  0%| F|  |TAMS 0x000000008b500000| PB 0x000000008b500000| Untracked |  0
| 120|0x000000008b600000, 0x000000008b600000, 0x000000008b700000|  0%| F|  |TAMS 0x000000008b600000| PB 0x000000008b600000| Untracked |  0
| 121|0x000000008b700000, 0x000000008b700000, 0x000000008b800000|  0%| F|  |TAMS 0x000000008b700000| PB 0x000000008b700000| Untracked |  0
| 122|0x000000008b800000, 0x000000008b800000, 0x000000008b900000|  0%| F|  |TAMS 0x000000008b800000| PB 0x000000008b800000| Untracked |  0
| 123|0x000000008b900000, 0x000000008b900000, 0x000000008ba00000|  0%| F|  |TAMS 0x000000008b900000| PB 0x000000008b900000| Untracked |  0
| 124|0x000000008ba00000, 0x000000008ba00000, 0x000000008bb00000|  0%| F|  |TAMS 0x000000008ba00000| PB 0x000000008ba00000| Untracked |  0
| 125|0x000000008bb00000, 0x000000008bc00000, 0x000000008bc00000|100%| E|  |TAMS 0x000000008bb00000| PB 0x000000008bb00000| Complete |  0

Card table byte_map: [0x00000263ca3c0000,0x00000263ca7b0000] _byte_map_base: 0x00000263c9fa1000

Marking Bits: (CMBitMap*) 0x00000263b25ba6a0
 Bits: [0x00000263ca7b0000, 0x00000263cc6b8000)

Polling page: 0x00000263b0400000

Metaspace:

Usage:
  Non-class:      3.37 MB used.
      Class:    297.96 KB used.
       Both:      3.67 MB used.

Virtual space:
  Non-class space:       64.00 MB reserved,       3.38 MB (  5%) committed,  1 nodes.
      Class space:        1.00 GB reserved,     320.00 KB ( <1%) committed,  1 nodes.
             Both:        1.06 GB reserved,       3.69 MB ( <1%) committed. 

Chunk freelists:
   Non-Class:  12.00 MB
       Class:  15.62 MB
        Both:  27.62 MB

MaxMetaspaceSize: unlimited
CompressedClassSpaceSize: 1.00 GB
Initial GC threshold: 21.00 MB
Current GC threshold: 21.00 MB
CDS: off
 - commit_granule_bytes: 65536.
 - commit_granule_words: 8192.
 - virtual_space_node_default_size: 8388608.
 - enlarge_chunks_in_place: 1.
 - use_allocation_guard: 0.


Internal statistics:

num_allocs_failed_limit: 0.
num_arena_births: 2.
num_arena_deaths: 0.
num_vsnodes_births: 2.
num_vsnodes_deaths: 0.
num_space_committed: 59.
num_space_uncommitted: 0.
num_chunks_returned_to_freelist: 0.
num_chunks_taken_from_freelist: 4.
num_chunk_merges: 0.
num_chunk_splits: 2.
num_chunks_enlarged: 0.
num_inconsistent_stats: 0.

CodeHeap 'non-profiled nmethods': size=120064Kb used=5Kb max_used=5Kb free=120058Kb
 bounds [0x00000263c2760000, 0x00000263c29d0000, 0x00000263c9ca0000]
CodeHeap 'profiled nmethods': size=120000Kb used=30Kb max_used=30Kb free=119969Kb
 bounds [0x00000263baca0000, 0x00000263baf10000, 0x00000263c21d0000]
CodeHeap 'non-nmethods': size=5696Kb used=1219Kb max_used=1229Kb free=4476Kb
 bounds [0x00000263c21d0000, 0x00000263c2440000, 0x00000263c2760000]
CodeCache: size=245760Kb, used=1254Kb, max_used=1264Kb, free=244503Kb
 total_blobs=327, nmethods=32, adapters=201, full_count=0
Compilation: enabled, stopped_count=0, restarted_count=0

Compilation events (20 events):
Event: 0.165 Thread 0x00000263cf1e2080 nmethod 23 0x00000263baca5a88 code [0x00000263baca5c40, 0x00000263baca6400]
Event: 0.166 Thread 0x00000263cf1e0880 nmethod 14 0x00000263c2760688 code [0x00000263c2760780, 0x00000263c2760938]
Event: 0.166 Thread 0x00000263cf1e0880   15       4       java.lang.Object::<init> (1 bytes)
Event: 0.167 Thread 0x00000263cf1e0880 nmethod 15 0x00000263c2760988 code [0x00000263c2760a80, 0x00000263c2760af8]
Event: 0.167 Thread 0x00000263cf1e2080   24       3       java.lang.String::coder (15 bytes)
Event: 0.167 Thread 0x00000263cf1e2080 nmethod 24 0x00000263baca6488 code [0x00000263baca65a0, 0x00000263baca66d8]
Event: 0.167 Thread 0x00000263cf1e2080   25       3       java.lang.String::length (11 bytes)
Event: 0.167 Thread 0x00000263cf1e2080 nmethod 25 0x00000263baca6788 code [0x00000263baca68a0, 0x00000263baca6a40]
Event: 0.167 Thread 0x00000263cf1e2080   26       1       java.lang.module.ModuleDescriptor::name (5 bytes)
Event: 0.167 Thread 0x00000263cf1e2080 nmethod 26 0x00000263c2761008 code [0x00000263c2761120, 0x00000263c27611e8]
Event: 0.168 Thread 0x00000263cf1e2080   28       3       java.lang.String::charAt (25 bytes)
Event: 0.168 Thread 0x00000263cf1e2080 nmethod 28 0x00000263baca6a88 code [0x00000263baca6c00, 0x00000263baca7138]
Event: 0.168 Thread 0x00000263cf1e2080   29       3       java.lang.StringLatin1::charAt (15 bytes)
Event: 0.168 Thread 0x00000263cf1e2080 nmethod 29 0x00000263baca7208 code [0x00000263baca7320, 0x00000263baca74e8]
Event: 0.168 Thread 0x00000263cf1e2080   30       3       java.lang.String::checkIndex (10 bytes)
Event: 0.168 Thread 0x00000263cf1e2080 nmethod 30 0x00000263baca7588 code [0x00000263baca76a0, 0x00000263baca77d8]
Event: 0.168 Thread 0x00000263cf1e2080   31       3       jdk.internal.util.Preconditions::checkIndex (18 bytes)
Event: 0.168 Thread 0x00000263cf1e2080 nmethod 31 0x00000263baca7888 code [0x00000263baca79a0, 0x00000263baca7b28]
Event: 0.168 Thread 0x00000263cf1e2080   32       1       java.lang.module.ModuleReference::descriptor (5 bytes)
Event: 0.168 Thread 0x00000263cf1e2080 nmethod 32 0x00000263c2761308 code [0x00000263c2761420, 0x00000263c27614e8]

GC Heap History (0 events):
No events

Dll operation events (2 events):
Event: 0.032 Loaded shared library C:\Program Files\Java\jdk-23\bin\java.dll
Event: 0.146 Loaded shared library C:\Program Files\Java\jdk-23\bin\jsvml.dll

Deoptimization events (0 events):
No events

Classes loaded (20 events):
Event: 0.172 Loading class jdk/internal/access/JavaSecurityAccess done
Event: 0.172 Loading class java/security/ProtectionDomain$JavaSecurityAccessImpl done
Event: 0.172 Loading class java/security/ProtectionDomain$Key
Event: 0.172 Loading class java/security/ProtectionDomain$Key done
Event: 0.172 Loading class java/security/Principal
Event: 0.172 Loading class java/security/Principal done
Event: 0.172 Loading class jdk/internal/loader/URLClassPath
Event: 0.172 Loading class jdk/internal/loader/URLClassPath done
Event: 0.172 Loading class java/net/URL$DefaultFactory
Event: 0.173 Loading class java/net/URLStreamHandlerFactory
Event: 0.173 Loading class java/net/URLStreamHandlerFactory done
Event: 0.173 Loading class java/net/URL$DefaultFactory done
Event: 0.173 Loading class java/net/URL$3
Event: 0.173 Loading class jdk/internal/access/JavaNetURLAccess
Event: 0.173 Loading class jdk/internal/access/JavaNetURLAccess done
Event: 0.173 Loading class java/net/URL$3 done
Event: 0.173 Loading class java/io/File$PathStatus
Event: 0.173 Loading class java/io/File$PathStatus done
Event: 0.175 Loading class sun/net/www/ParseUtil
Event: 0.175 Loading class sun/net/www/ParseUtil done

Classes unloaded (0 events):
No events

Classes redefined (0 events):
No events

Internal exceptions (0 events):
No events

VM Operations (0 events):
No events

Memory protections (0 events):
No events

Nmethod flushes (0 events):
No events

Events (9 events):
Event: 0.043 Thread 0x00000263b02f67b0 Thread added: 0x00000263b02f67b0
Event: 0.140 Thread 0x00000263b02f67b0 Thread added: 0x00000263cf1b5270
Event: 0.140 Thread 0x00000263b02f67b0 Thread added: 0x00000263cf1b7ce0
Event: 0.142 Thread 0x00000263b02f67b0 Thread added: 0x00000263cf1b8f70
Event: 0.142 Thread 0x00000263b02f67b0 Thread added: 0x00000263cf1b9ac0
Event: 0.142 Thread 0x00000263b02f67b0 Thread added: 0x00000263cf1d1fc0
Event: 0.142 Thread 0x00000263b02f67b0 Thread added: 0x00000263cf1c0640
Event: 0.142 Thread 0x00000263b02f67b0 Thread added: 0x00000263cf1e0880
Event: 0.142 Thread 0x00000263b02f67b0 Thread added: 0x00000263cf1e2080


Dynamic libraries:
0x00007ff7a3130000 - 0x00007ff7a3140000 	C:\Program Files\Java\jdk-23\bin\java.exe
0x00007ff8463f0000 - 0x00007ff846607000 	C:\WINDOWS\SYSTEM32\ntdll.dll
0x00007ff844eb0000 - 0x00007ff844f74000 	C:\WINDOWS\System32\KERNEL32.DLL
0x00007ff843950000 - 0x00007ff843d23000 	C:\WINDOWS\System32\KERNELBASE.dll
0x00007ff843650000 - 0x00007ff843761000 	C:\WINDOWS\System32\ucrtbase.dll
0x00007ff837b00000 - 0x00007ff837b17000 	C:\Program Files\Java\jdk-23\bin\jli.dll
0x00007ff837a20000 - 0x00007ff837a3b000 	C:\Program Files\Java\jdk-23\bin\VCRUNTIME140.dll
0x00007ff8461f0000 - 0x00007ff8463a1000 	C:\WINDOWS\System32\USER32.dll
0x00007ff843620000 - 0x00007ff843646000 	C:\WINDOWS\System32\win32u.dll
0x00007ff822240000 - 0x00007ff8224d8000 	C:\WINDOWS\WinSxS\amd64_microsoft.windows.common-controls_6595b64144ccf1df_6.0.22621.5124_none_270e8f4f7386d69d\COMCTL32.dll
0x00007ff846090000 - 0x00007ff8460b9000 	C:\WINDOWS\System32\GDI32.dll
0x00007ff845620000 - 0x00007ff8456c7000 	C:\WINDOWS\System32\msvcrt.dll
0x00007ff843500000 - 0x00007ff84361b000 	C:\WINDOWS\System32\gdi32full.dll
0x00007ff8437f0000 - 0x00007ff84388a000 	C:\WINDOWS\System32\msvcp_win.dll
0x00007ff844dc0000 - 0x00007ff844df1000 	C:\WINDOWS\System32\IMM32.DLL
0x00007ff82d4e0000 - 0x00007ff82d4ec000 	C:\Program Files\Java\jdk-23\bin\vcruntime140_1.dll
0x00007ffff74a0000 - 0x00007ffff752e000 	C:\Program Files\Java\jdk-23\bin\msvcp140.dll
0x00007fffb6ef0000 - 0x00007fffb7c40000 	C:\Program Files\Java\jdk-23\bin\server\jvm.dll
0x00007ff844ff0000 - 0x00007ff8450a1000 	C:\WINDOWS\System32\ADVAPI32.dll
0x00007ff844e00000 - 0x00007ff844ea8000 	C:\WINDOWS\System32\sechost.dll
0x00007ff843db0000 - 0x00007ff843dd8000 	C:\WINDOWS\System32\bcrypt.dll
0x00007ff844430000 - 0x00007ff844544000 	C:\WINDOWS\System32\RPCRT4.dll
0x00007ff846170000 - 0x00007ff8461e1000 	C:\WINDOWS\System32\WS2_32.dll
0x00007ff8433d0000 - 0x00007ff84341d000 	C:\WINDOWS\SYSTEM32\POWRPROF.dll
0x00007ff83ebd0000 - 0x00007ff83ec04000 	C:\WINDOWS\SYSTEM32\WINMM.dll
0x00007ff83ee90000 - 0x00007ff83ee9a000 	C:\WINDOWS\SYSTEM32\VERSION.dll
0x00007ff8433b0000 - 0x00007ff8433c3000 	C:\WINDOWS\SYSTEM32\UMPDC.dll
0x00007ff842530000 - 0x00007ff842548000 	C:\WINDOWS\SYSTEM32\kernel.appcore.dll
0x00007ff8247a0000 - 0x00007ff8247aa000 	C:\Program Files\Java\jdk-23\bin\jimage.dll
0x00007ff8409a0000 - 0x00007ff840bd2000 	C:\WINDOWS\SYSTEM32\DBGHELP.DLL
0x00007ff845280000 - 0x00007ff845612000 	C:\WINDOWS\System32\combase.dll
0x00007ff8449f0000 - 0x00007ff844ac7000 	C:\WINDOWS\System32\OLEAUT32.dll
0x00007ff821ba0000 - 0x00007ff821bd2000 	C:\WINDOWS\SYSTEM32\dbgcore.DLL
0x00007ff843770000 - 0x00007ff8437eb000 	C:\WINDOWS\System32\bcryptPrimitives.dll
0x00007ff823ce0000 - 0x00007ff823cfe000 	C:\Program Files\Java\jdk-23\bin\java.dll
0x00007ff844090000 - 0x00007ff844231000 	C:\WINDOWS\System32\ole32.dll
0x00007ff8456e0000 - 0x00007ff845f76000 	C:\WINDOWS\System32\SHELL32.dll
0x00007ff843f50000 - 0x00007ff84408f000 	C:\WINDOWS\System32\wintypes.dll
0x00007ff8413d0000 - 0x00007ff841cea000 	C:\WINDOWS\SYSTEM32\windows.storage.dll
0x00007ff844b30000 - 0x00007ff844c3a000 	C:\WINDOWS\System32\SHCORE.dll
0x00007ff844c60000 - 0x00007ff844cc3000 	C:\WINDOWS\System32\shlwapi.dll
0x00007ff843430000 - 0x00007ff84345b000 	C:\WINDOWS\SYSTEM32\profapi.dll
0x00007ffff3090000 - 0x00007ffff3167000 	C:\Program Files\Java\jdk-23\bin\jsvml.dll

dbghelp: loaded successfully - version: 4.0.5 - missing functions: none
symbol engine: initialized successfully - sym options: 0x614 - pdb path: .;C:\Program Files\Java\jdk-23\bin;C:\WINDOWS\SYSTEM32;C:\WINDOWS\WinSxS\amd64_microsoft.windows.common-controls_6595b64144ccf1df_6.0.22621.5124_none_270e8f4f7386d69d;C:\Program Files\Java\jdk-23\bin\server

VM Arguments:
java_command: com.google.prefab.cli.AppKt --build-system cmake --platform android --abi arm64-v8a --os-version 24 --stl c++_shared --ndk-version 26 --output C:\\Users\\AYUSHK~1\\AppData\\Local\\Temp\\agp-prefab-staging12223375113162361252\\staged-cli-output C:\\Users\\Ayush Kumar\\.gradle\\caches\\8.10.2\\transforms\\5bfdf811371c923347fe339a9da5996d\\transformed\\react-android-0.76.9-debug\\prefab E:\\JavaLearn\\ExpenseTracker\\android\\app\\build\\intermediates\\cxx\\refs\\react-native-reanimated\\5m5k4e63 C:\\Users\\Ayush Kumar\\.gradle\\caches\\8.10.2\\transforms\\29c3d96c9dc7a67f62fbcfaad336dc61\\transformed\\hermes-android-0.76.9-debug\\prefab C:\\Users\\Ayush Kumar\\.gradle\\caches\\8.10.2\\transforms\\ecaf85af74491e145fd7c1a1474ff70a\\transformed\\fbjni-0.6.0\\prefab
java_class_path (initial): C:\\Users\\Ayush Kumar\\.gradle\\caches\\modules-2\\files-2.1\\com.google.prefab\\cli\\2.1.0\\aa32fec809c44fa531f01dcfb739b5b3304d3050\\cli-2.1.0-all.jar
Launcher Type: SUN_STANDARD

[Global flags]
     intx CICompilerCount                          = 4                                         {product} {ergonomic}
     uint ConcGCThreads                            = 2                                         {product} {ergonomic}
     uint G1ConcRefinementThreads                  = 8                                         {product} {ergonomic}
   size_t G1HeapRegionSize                         = 1048576                                   {product} {ergonomic}
   size_t InitialHeapSize                          = 132120576                                 {product} {ergonomic}
   size_t MarkStackSize                            = 4194304                                   {product} {ergonomic}
   size_t MarkStackSizeMax                         = 536870912                                 {product} {ergonomic}
   size_t MaxHeapSize                              = 2082471936                                {product} {ergonomic}
   size_t MaxNewSize                               = 1248854016                                {product} {ergonomic}
   size_t MinHeapDeltaBytes                        = 1048576                                   {product} {ergonomic}
   size_t MinHeapSize                              = 8388608                                   {product} {ergonomic}
    uintx NonNMethodCodeHeapSize                   = 5832704                                {pd product} {ergonomic}
    uintx NonProfiledCodeHeapSize                  = 122945536                              {pd product} {ergonomic}
    uintx ProfiledCodeHeapSize                     = 122880000                              {pd product} {ergonomic}
    uintx ReservedCodeCacheSize                    = 251658240                              {pd product} {ergonomic}
     bool SegmentedCodeCache                       = true                                      {product} {ergonomic}
   size_t SoftMaxHeapSize                          = 2082471936                             {manageable} {ergonomic}
     bool UseCompressedOops                        = true                           {product lp64_product} {ergonomic}
     bool UseG1GC                                  = true                                      {product} {ergonomic}
     bool UseLargePagesIndividualAllocation        = false                                  {pd product} {ergonomic}

Logging:
Log output configuration:
 #0: stdout all=warning uptime,level,tags foldmultilines=false
 #1: stderr all=off uptime,level,tags foldmultilines=false

Environment Variables:
CLASSPATH=E:\JavaLearn\ExpenseTracker\android\\gradle\wrapper\gradle-wrapper.jar
PATH=E:\JavaLearn\ExpenseTracker\node_modules\.bin;E:\JavaLearn\ExpenseTracker\node_modules\.bin;E:\JavaLearn\node_modules\.bin;E:\node_modules\.bin;C:\Program Files\nodejs\node_modules\npm\node_modules\@npmcli\run-script\lib\node-gyp-bin;C:\Python312\Scripts\;C:\Python312\;C:\Program Files\Common Files\Oracle\Java\javapath;C:\WINDOWS\system32;C:\WINDOWS;C:\WINDOWS\System32\Wbem;C:\WINDOWS\System32\WindowsPowerShell\v1.0\;C:\WINDOWS\System32\OpenSSH\;C:\MinGW\bin;C:\TDM-GCC-64\bin;C:\Program Files\Microsoft SQL Server\120\Tools\Binn\;C:\Program Files\HP\HP One Agent;C:\Program Files\Git\cmd;C:\Program Files\nodejs\;C:\ProgramData\chocolatey\bin;C:\Program Files\Amazon\AWSCLIV2\;C:\Program Files\Java\jdk-23\bin;C:\Gradle\gradle-8.12.1\bin;C:\Program Files\Maven\apache-maven-3.9.9\bin;C:\Program Files\MySQL\MySQL Server 9.2\bin;C:\Program Files\PuTTY\;C:\Program Files\MySQL\MySQL Server 8.0\bin;C:\Program Files\Docker\Docker\resources\bin;C:\Users\Ayush Kumar\AppData\Local\Android\Sdk;C:\Users\Ayush Kumar\AppData\Local\Android\Sdk\platform-tools;C:\Users\Ayush Kumar\AppData\Local\Android\Sdk\tools;C:\Users\Ayush Kumar\AppData\Local\Android\Sdk\tools\bin;C:\Users\Ayush Kumar\AppData\Local\Android\Sdk\cmake\3.22.1\bin;C:\Program Files\MySQL\MySQL Shell 8.0\bin\;C:\Users\Ayush Kumar\AppData\Local\Programs\Python\Python310\Scripts\;C:\Users\Ayush Kumar\AppData\Local\Programs\Python\Python310\;C:\Users\Ayush Kumar\AppData\Local\Microsoft\WindowsApps;C:\Users\Ayush Kumar\AppData\Local\Programs\Microsoft VS Code\bin;C:\Users\Ayush Kumar\AppData\Roaming\npm;E:\Other Book\node-v20.15.0-x64.msi;E:\Program Files\mongosh-2.2.12-win32-x64\bin;C:\Users\Ayush Kumar\AppData\Local\Android\Sdk\cmake\3.22.1\bin;
USERNAME=Ayush Kumar
LANG=en_US.UTF-8
OS=Windows_NT
PROCESSOR_IDENTIFIER=Intel64 Family 6 Model 140 Stepping 2, GenuineIntel
TMP=C:\Users\AYUSHK~1\AppData\Local\Temp
TEMP=C:\Users\AYUSHK~1\AppData\Local\Temp




Periodic native trim disabled

---------------  S Y S T E M  ---------------

OS:
 Windows 11 , 64 bit Build 22621 (10.0.22621.5124)
OS uptime: 7 days 9:05 hours
Hyper-V role detected

CPU: total 8 (initial active 8) (4 cores per cpu, 2 threads per core) family 6 model 140 stepping 2 microcode 0x2c, cx8, cmov, fxsr, ht, mmx, 3dnowpref, sse, sse2, sse3, ssse3, sse4.1, sse4.2, popcnt, lzcnt, tsc, tscinvbit, avx, avx2, aes, erms, clmul, bmi1, bmi2, adx, avx512f, avx512dq, avx512cd, avx512bw, avx512vl, sha, fma, vzeroupper, avx512_vpopcntdq, avx512_vpclmulqdq, avx512_vaes, avx512_vnni, clflush, clflushopt, clwb, avx512_vbmi2, avx512_vbmi, hv, rdtscp, rdpid, fsrm, gfni, avx512_bitalg, f16c, cet_ibt, cet_ss, avx512_ifma
Processor Information for the first 8 processors :
  Max Mhz: 2496, Current Mhz: 2496, Mhz Limit: 2496

Memory: 4k page, system-wide physical 7941M (278M free)
TotalPageFile size 24325M (AvailPageFile size 0M)
current process WorkingSet (physical memory assigned to process): 27M, peak: 27M
current process commit charge ("private bytes"): 198M, peak: 198M

vm_info: Java HotSpot(TM) 64-Bit Server VM (23.0.2+7-58) for windows-amd64 JRE (23.0.2+7-58), built on 2024-11-29T09:34:55Z with MS VC++ 17.6 (VS2022)

END.
